****************************************************************************
sai_sdkapicnt techsupport dump begin at Mon 16 Mar 2026 06:07:28 AM GMT
****************************************************************************


--------------------------------------------------------------------
debugsh -p -b 16384 -c SYNCD -e show system internal sai sdk-api cnt
--------------------------------------------------------------------
==================================================
		BRCM SDK API Counter Stats:
==================================================


bcm_l3_egress_create                     : 9 
                                      Ok : 9 

-----------------------------------------------------------


bcm_l3_egress_create(REPLACE)            : 39 
                                      Ok : 39 

-----------------------------------------------------------


bcm_l3_egress_destroy                    : 0 

-----------------------------------------------------------


bcm_l3_route_add                         : 119 
                                      Ok : 119 

-----------------------------------------------------------


bcm_l3_route_add(REPLACE)                : 112 
                                      Ok : 112 

-----------------------------------------------------------


bcm_l3_route_delete                      : 100 
                                      Ok : 100 

-----------------------------------------------------------


bcm_l3_egress_ecmp_create                : 3 
                                      Ok : 3 

-----------------------------------------------------------


bcm_l3_egress_ecmp_create(REPLACE)       : 3 
                                      Ok : 3 

-----------------------------------------------------------


bcm_l3_egress_ecmp_destroy               : 2 
                                      Ok : 2 

-----------------------------------------------------------


bcm_l3_host_add                          : 13 
                                      Ok : 13 

-----------------------------------------------------------


bcm_l3_host_add(REPLACE)                 : 5 
                                      Ok : 5 

-----------------------------------------------------------


bcm_l3_host_delete                       : 0 

-----------------------------------------------------------


bcm_l2_addr_add                          : 10 
                                      Ok : 10 

-----------------------------------------------------------


bcm_l2_addr_add(REPLACE)                 : 0 

-----------------------------------------------------------


bcm_l2_addr_delete                       : 0 

-----------------------------------------------------------


bcm_l2_addr_flush                        : 0 

-----------------------------------------------------------

==================================================
*************** Profiling data ***************
End to End Execution time: 102.74 ms
Backend execution time: 0 ms
**********************************************


real	0m0.500s
user	0m0.315s
sys	0m0.027s





****************************************************************************
sai_sdkapicnt techsupport dump ended at Mon 16 Mar 2026 06:07:29 AM GMT
****************************************************************************
