****************************************************************************
sai_ipmcgrp techsupport dump begin at Mon 16 Mar 2026 06:07:29 AM GMT
****************************************************************************


--------------------------------------------------------------------
debugsh -p -b 16384 -c SYNCD -e show system internal sai ipmc group
--------------------------------------------------------------------
*************** Profiling data ***************
End to End Execution time: 305.28 ms
Backend execution time: 269 ms
**********************************************


real	0m0.665s
user	0m0.288s
sys	0m0.056s



--------------------------------------------------------------------
debugsh -p -b 16384 -c SYNCD -e show system internal sai ipmc group members
--------------------------------------------------------------------
GroupMbrId   Rif        NHid       GroupId    IpmcEgrGport
*************** Profiling data ***************
End to End Execution time: 609.78 ms
Backend execution time: 598 ms
**********************************************


real	0m0.985s
user	0m0.328s
sys	0m0.020s



--------------------------------------------------------------------
debugsh -p -b 16384 -c SYNCD -e show system internal sai ipmc group members nh-intf-db
--------------------------------------------------------------------
*************** Profiling data ***************
End to End Execution time: 205.32 ms
Backend execution time: 119 ms
**********************************************


real	0m0.686s
user	0m0.304s
sys	0m0.047s



--------------------------------------------------------------------
debugsh -p -b 16384 -c SYNCD -e show system internal sai ipmc group members nh-member-db
--------------------------------------------------------------------

*************** Profiling data ***************
End to End Execution time: 203.03 ms
Backend execution time: 0 ms
**********************************************


real	0m0.708s
user	0m0.305s
sys	0m0.093s





****************************************************************************
sai_ipmcgrp techsupport dump ended at Mon 16 Mar 2026 06:07:32 AM GMT
****************************************************************************
