****************************************************************************
sai_rififpdrop_counters2 techsupport dump begin at Mon 16 Mar 2026 06:03:40 AM GMT
****************************************************************************


--------------------------------------------------------------------
debugsh -p -b 16384 -c SYNCD -e show system internal sai vlan ifp drop counters
--------------------------------------------------------------------

|              Drop entry                    |   Counters  |
------------------------------------------------------------
|  DA = SystemMAC, Vlan = SAG-VSI            | 0 |
|  DA = SystemMAC, Vlan = MclagGW-VSI        | 0 |
|  MyStationHit, Vlan = L2-VSI               | 0 |
|  DA = MclagGW-MAC, Vlan = Non-MclagGw-VSI  | 0 |
*************** Profiling data ***************
End to End Execution time: 103.64 ms
Backend execution time: 0 ms
**********************************************


real	0m0.482s
user	0m0.302s
sys	0m0.040s





****************************************************************************
sai_rififpdrop_counters2 techsupport dump ended at Mon 16 Mar 2026 06:03:41 AM GMT
****************************************************************************
