****************************************************************************
sai_vlan techsupport dump begin at Mon 16 Mar 2026 06:07:09 AM GMT
****************************************************************************


--------------------------------------------------------------------
debugsh -p -b 16384 -c SYNCD -e show system internal sai vlan sw dump
--------------------------------------------------------------------

User Created Vlans
|Vlan|     VFI-MCG      |Member_Count|(type:tid : Bridge-Port-OID : Vlan-Member-OID :   VPort  )|

|   1|0x7001 -0xf000003 |        None|

| 677|0x72a5 -0xf000008 |           6|( ETH:0   :0x1003a00000000  :0x127000002a5    :0xb0000005)|
|                                    |( ETH:49  :0x1003a00000031  :0x310127000002a5 :0xb0000015)|
|                                    |( ETH:51  :0x1003a00000033  :0x330127000002a5 :0xb0000016)|
|                                    |( ETH:57  :0x1003a00000039  :0x390127000002a5 :0xb0000018)|
|                                    |( ETH:58  :0x1003a0000003a  :0x3a0127000002a5 :0xb0000019)|
|                                    |( LAG:1   :0x2003a00000001  :0x10227000002a5  :0xb000001a)|

| 678|0x72a6 -0xf000009 |           5|( ETH:0   :0x1003a00000000  :0x127000002a6    :0xb0000006)|
|                                    |( ETH:64  :0x1003a00000040  :0x400127000002a6 :0xb000001b)|
|                                    |( ETH:57  :0x1003a00000039  :0x390127000002a6 :0xb000001c)|
|                                    |( ETH:58  :0x1003a0000003a  :0x3a0127000002a6 :0xb000001d)|
|                                    |( LAG:1   :0x2003a00000001  :0x10227000002a6  :0xb000001e)|

| 802|0x7322 -0xf00000a |           3|( ETH:0   :0x1003a00000000  :0x12700000322    :0xb0000007)|
|                                    |( ETH:95  :0x1003a0000005f  :0x5f012700000322 :0xb000001f)|
|                                    |( LAG:1   :0x2003a00000001  :0x1022700000322  :0xb0000020)|

| 803|0x7323 -0xf00000b |           3|( ETH:0   :0x1003a00000000  :0x12700000323    :0xb0000008)|
|                                    |( ETH:97  :0x1003a00000061  :0x61012700000323 :0xb0000021)|
|                                    |( LAG:1   :0x2003a00000001  :0x1022700000323  :0xb0000022)|

| 809|0x7329 -0xf00000c |           3|( ETH:0   :0x1003a00000000  :0x12700000329    :0xb0000009)|
|                                    |( ETH:96  :0x1003a00000060  :0x60012700000329 :0xb0000023)|
|                                    |( LAG:1   :0x2003a00000001  :0x1022700000329  :0xb0000024)|

|1101|0x744d -0xf000004 |           4|( ETH:0   :0x1003a00000000  :0x1270000044d    :0xb0000001)|
|                                    |( ETH:49  :0x1003a00000031  :0x3101270000044d :0xb000000a)|
|                                    |( ETH:51  :0x1003a00000033  :0x3301270000044d :0xb000000b)|
|                                    |( LAG:1   :0x2003a00000001  :0x102270000044d  :0xb000000c)|

|1102|0x744e -0xf000005 |           5|( ETH:0   :0x1003a00000000  :0x1270000044e    :0xb0000002)|
|                                    |( ETH:49  :0x1003a00000031  :0x3101270000044e :0xb000000d)|
|                                    |( ETH:51  :0x1003a00000033  :0x3301270000044e :0xb000000f)|
|                                    |( ETH:16  :0x1003a00000010  :0x1001270000044e :0xb0000010)|
|                                    |( LAG:1   :0x2003a00000001  :0x102270000044e  :0xb0000011)|

|1120|0x7460 -0xf000006 |           3|( ETH:0   :0x1003a00000000  :0x12700000460    :0xb0000003)|
|                                    |( ETH:50  :0x1003a00000032  :0x32012700000460 :0xb0000012)|
|                                    |( ETH:52  :0x1003a00000034  :0x34012700000460 :0xb0000013)|

|2000|0x77d0 -0xf000007 |           2|( ETH:0   :0x1003a00000000  :0x127000007d0    :0xb0000004)|
|                                    |( LAG:1   :0x2003a00000001  :0x10227000007d0  :0xb0000014)|
System Internally Created Vlans
|Vlan|
*************** Profiling data ***************
End to End Execution time: 305.51 ms
Backend execution time: 249 ms
**********************************************


real	0m0.666s
user	0m0.300s
sys	0m0.044s



--------------------------------------------------------------------
debugsh -p -b 16384 -c SYNCD -e show system internal sai vlan hw dump
--------------------------------------------------------------------

|Vlan|Member_Count|(port_tid:Tag_type)|

|   1|        None|

| 677|           7|(       0:T       )|
|                 |(      49:T       )|
|                 |(      51:T       )|
|                 |(      57:T       )|
|                 |(      58:T       )|
|                 |(      71:T       )|
|                 |(     123:T       )|

| 678|           6|(       0:T       )|
|                 |(      57:T       )|
|                 |(      58:T       )|
|                 |(      64:U       )|
|                 |(      71:T       )|
|                 |(     123:T       )|

| 802|           4|(       0:T       )|
|                 |(      71:T       )|
|                 |(      95:U       )|
|                 |(     123:T       )|

| 803|           4|(       0:T       )|
|                 |(      71:T       )|
|                 |(      97:U       )|
|                 |(     123:T       )|

| 809|           4|(       0:T       )|
|                 |(      71:T       )|
|                 |(      96:U       )|
|                 |(     123:T       )|

|1101|           5|(       0:T       )|
|                 |(      49:T       )|
|                 |(      51:T       )|
|                 |(      71:T       )|
|                 |(     123:T       )|

|1102|           6|(       0:T       )|
|                 |(      16:U       )|
|                 |(      49:T       )|
|                 |(      51:T       )|
|                 |(      71:T       )|
|                 |(     123:T       )|

|1120|           3|(       0:T       )|
|                 |(      50:U       )|
|                 |(      52:U       )|

|2000|           3|(       0:T       )|
|                 |(      71:T       )|
|                 |(     123:T       )|

|4095|        None|
*************** Profiling data ***************
End to End Execution time: 102.48 ms
Backend execution time: 0 ms
**********************************************


real	0m0.469s
user	0m0.291s
sys	0m0.051s





****************************************************************************
sai_vlan techsupport dump ended at Mon 16 Mar 2026 06:07:10 AM GMT
****************************************************************************
