****************************************************************************
sai_isogrp techsupport dump begin at Mon 16 Mar 2026 06:07:13 AM GMT
****************************************************************************


--------------------------------------------------------------------
debugsh -p -b 16384 -c SYNCD -e show system internal sai iso-grp global
--------------------------------------------------------------------
---------- Isolation Group Global Data -----------
Field Group:-1
Total Isolation Groups:0
Total Isolation Group Members:0
*************** Profiling data ***************
End to End Execution time: 103.17 ms
Backend execution time: 0 ms
**********************************************


real	0m0.479s
user	0m0.285s
sys	0m0.059s



--------------------------------------------------------------------
debugsh -p -b 16384 -c SYNCD -e show system internal sai iso-grp groups
--------------------------------------------------------------------
---------------- Group Index 0 ----------------
Index:0 Valid:0 Type:0 Bindings:0 Members:0
Members List:
Binding List:
---------------- Group Index 1 ----------------
Index:0 Valid:0 Type:0 Bindings:0 Members:0
Members List:
Binding List:
---------------- Group Index 2 ----------------
Index:0 Valid:0 Type:0 Bindings:0 Members:0
Members List:
Binding List:
---------------- Group Index 3 ----------------
Index:0 Valid:0 Type:0 Bindings:0 Members:0
Members List:
Binding List:
---------------- Group Index 4 ----------------
Index:0 Valid:0 Type:0 Bindings:0 Members:0
Members List:
Binding List:
---------------- Group Index 5 ----------------
Index:0 Valid:0 Type:0 Bindings:0 Members:0
Members List:
Binding List:
---------------- Group Index 6 ----------------
Index:0 Valid:0 Type:0 Bindings:0 Members:0
Members List:
Binding List:
---------------- Group Index 7 ----------------
Index:0 Valid:0 Type:0 Bindings:0 Members:0
Members List:
Binding List:
---------------- Group Index 8 ----------------
Index:0 Valid:0 Type:0 Bindings:0 Members:0
Members List:
Binding List:
---------------- Group Index 9 ----------------
Index:0 Valid:0 Type:0 Bindings:0 Members:0
Members List:
Binding List:
---------------- Group Index 10 ----------------
Index:0 Valid:0 Type:0 Bindings:0 Members:0
Members List:
Binding List:
---------------- Group Index 11 ----------------
Index:0 Valid:0 Type:0 Bindings:0 Members:0
Members List:
Binding List:
---------------- Group Index 12 ----------------
Index:0 Valid:0 Type:0 Bindings:0 Members:0
Members List:
Binding List:
---------------- Group Index 13 ----------------
Index:0 Valid:0 Type:0 Bindings:0 Members:0
Members List:
Binding List:
---------------- Group Index 14 ----------------
Index:0 Valid:0 Type:0 Bindings:0 Members:0
Members List:
Binding List:
---------------- Group Index 15 ----------------
Index:0 Valid:0 Type:0 Bindings:0 Members:0
Members List:
Binding List:
---------------- Group Index 16 ----------------
Index:0 Valid:0 Type:0 Bindings:0 Members:0
Members List:
Binding List:
---------------- Group Index 17 ----------------
Index:0 Valid:0 Type:0 Bindings:0 Members:0
Members List:
Binding List:
---------------- Group Index 18 ----------------
Index:0 Valid:0 Type:0 Bindings:0 Members:0
Members List:
Binding List:
---------------- Group Index 19 ----------------
Index:0 Valid:0 Type:0 Bindings:0 Members:0
Members List:
Binding List:
---------------- Group Index 20 ----------------
Index:0 Valid:0 Type:0 Bindings:0 Members:0
Members List:
Binding List:
---------------- Group Index 21 ----------------
Index:0 Valid:0 Type:0 Bindings:0 Members:0
Members List:
Binding List:
---------------- Group Index 22 ----------------
Index:0 Valid:0 Type:0 Bindings:0 Members:0
Members List:
Binding List:
---------------- Group Index 23 ----------------
Index:0 Valid:0 Type:0 Bindings:0 Members:0
Members List:
Binding List:
---------------- Group Index 24 ----------------
Index:0 Valid:0 Type:0 Bindings:0 Members:0
Members List:
Binding List:
---------------- Group Index 25 ----------------
Index:0 Valid:0 Type:0 Bindings:0 Members:0
Members List:
Binding List:
---------------- Group Index 26 ----------------
Index:0 Valid:0 Type:0 Bindings:0 Members:0
Members List:
Binding List:
---------------- Group Index 27 ----------------
Index:0 Valid:0 Type:0 Bindings:0 Members:0
Members List:
Binding List:
---------------- Group Index 28 ----------------
Index:0 Valid:0 Type:0 Bindings:0 Members:0
Members List:
Binding List:
---------------- Group Index 29 ----------------
Index:0 Valid:0 Type:0 Bindings:0 Members:0
Members List:
Binding List:
---------------- Group Index 30 ----------------
Index:0 Valid:0 Type:0 Bindings:0 Members:0
Members List:
Binding List:
---------------- Group Index 31 ----------------
Index:0 Valid:0 Type:0 Bindings:0 Members:0
Members List:
Binding List:
---------------- Group Index 32 ----------------
Index:0 Valid:0 Type:0 Bindings:0 Members:0
Members List:
Binding List:
---------------- Group Index 33 ----------------
Index:0 Valid:0 Type:0 Bindings:0 Members:0
Members List:
Binding List:
---------------- Group Index 34 ----------------
Index:0 Valid:0 Type:0 Bindings:0 Members:0
Members List:
Binding List:
---------------- Group Index 35 ----------------
Index:0 Valid:0 Type:0 Bindings:0 Members:0
Members List:
Binding List:
---------------- Group Index 36 ----------------
Index:0 Valid:0 Type:0 Bindings:0 Members:0
Members List:
Binding List:
---------------- Group Index 37 ----------------
Index:0 Valid:0 Type:0 Bindings:0 Members:0
Members List:
Binding List:
---------------- Group Index 38 ----------------
Index:0 Valid:0 Type:0 Bindings:0 Members:0
Members List:
Binding List:
---------------- Group Index 39 ----------------
Index:0 Valid:0 Type:0 Bindings:0 Members:0
Members List:
Binding List:
---------------- Group Index 40 ----------------
Index:0 Valid:0 Type:0 Bindings:0 Members:0
Members List:
Binding List:
---------------- Group Index 41 ----------------
Index:0 Valid:0 Type:0 Bindings:0 Members:0
Members List:
Binding List:
---------------- Group Index 42 ----------------
Index:0 Valid:0 Type:0 Bindings:0 Members:0
Members List:
Binding List:
---------------- Group Index 43 ----------------
Index:0 Valid:0 Type:0 Bindings:0 Members:0
Members List:
Binding List:
---------------- Group Index 44 ----------------
Index:0 Valid:0 Type:0 Bindings:0 Members:0
Members List:
Binding List:
---------------- Group Index 45 ----------------
Index:0 Valid:0 Type:0 Bindings:0 Members:0
Members List:
Binding List:
---------------- Group Index 46 ----------------
Index:0 Valid:0 Type:0 Bindings:0 Members:0
Members List:
Binding List:
---------------- Group Index 47 ----------------
Index:0 Valid:0 Type:0 Bindings:0 Members:0
Members List:
Binding List:
---------------- Group Index 48 ----------------
Index:0 Valid:0 Type:0 Bindings:0 Members:0
Members List:
Binding List:
---------------- Group Index 49 ----------------
Index:0 Valid:0 Type:0 Bindings:0 Members:0
Members List:
Binding List:
---------------- Group Index 50 ----------------
Index:0 Valid:0 Type:0 Bindings:0 Members:0
Members List:
Binding List:
---------------- Group Index 51 ----------------
Index:0 Valid:0 Type:0 Bindings:0 Members:0
Members List:
Binding List:
---------------- Group Index 52 ----------------
Index:0 Valid:0 Type:0 Bindings:0 Members:0
Members List:
Binding List:
---------------- Group Index 53 ----------------
Index:0 Valid:0 Type:0 Bindings:0 Members:0
Members List:
Binding List:
---------------- Group Index 54 ----------------
Index:0 Valid:0 Type:0 Bindings:0 Members:0
Members List:
Binding List:
---------------- Group Index 55 ----------------
Index:0 Valid:0 Type:0 Bindings:0 Members:0
Members List:
Binding List:
---------------- Group Index 56 ----------------
Index:0 Valid:0 Type:0 Bindings:0 Members:0
Members List:
Binding List:
---------------- Group Index 57 ----------------
Index:0 Valid:0 Type:0 Bindings:0 Members:0
Members List:
Binding List:
---------------- Group Index 58 ----------------
Index:0 Valid:0 Type:0 Bindings:0 Members:0
Members List:
Binding List:
---------------- Group Index 59 ----------------
Index:0 Valid:0 Type:0 Bindings:0 Members:0
Members List:
Binding List:
---------------- Group Index 60 ----------------
Index:0 Valid:0 Type:0 Bindings:0 Members:0
Members List:
Binding List:
---------------- Group Index 61 ----------------
Index:0 Valid:0 Type:0 Bindings:0 Members:0
Members List:
Binding List:
---------------- Group Index 62 ----------------
Index:0 Valid:0 Type:0 Bindings:0 Members:0
Members List:
Binding List:
---------------- Group Index 63 ----------------
Index:0 Valid:0 Type:0 Bindings:0 Members:0
Members List:
Binding List:
---------------- Group Index 64 ----------------
Index:0 Valid:0 Type:0 Bindings:0 Members:0
Members List:
Binding List:
---------------- Group Index 65 ----------------
Index:0 Valid:0 Type:0 Bindings:0 Members:0
Members List:
Binding List:
---------------- Group Index 66 ----------------
Index:0 Valid:0 Type:0 Bindings:0 Members:0
Members List:
Binding List:
---------------- Group Index 67 ----------------
Index:0 Valid:0 Type:0 Bindings:0 Members:0
Members List:
Binding List:
---------------- Group Index 68 ----------------
Index:0 Valid:0 Type:0 Bindings:0 Members:0
Members List:
Binding List:
---------------- Group Index 69 ----------------
Index:0 Valid:0 Type:0 Bindings:0 Members:0
Members List:
Binding List:
---------------- Group Index 70 ----------------
Index:0 Valid:0 Type:0 Bindings:0 Members:0
Members List:
Binding List:
---------------- Group Index 71 ----------------
Index:0 Valid:0 Type:0 Bindings:0 Members:0
Members List:
Binding List:
---------------- Group Index 72 ----------------
Index:0 Valid:0 Type:0 Bindings:0 Members:0
Members List:
Binding List:
---------------- Group Index 73 ----------------
Index:0 Valid:0 Type:0 Bindings:0 Members:0
Members List:
Binding List:
---------------- Group Index 74 ----------------
Index:0 Valid:0 Type:0 Bindings:0 Members:0
Members List:
Binding List:
---------------- Group Index 75 ----------------
Index:0 Valid:0 Type:0 Bindings:0 Members:0
Members List:
Binding List:
---------------- Group Index 76 ----------------
Index:0 Valid:0 Type:0 Bindings:0 Members:0
Members List:
Binding List:
---------------- Group Index 77 ----------------
Index:0 Valid:0 Type:0 Bindings:0 Members:0
Members List:
Binding List:
---------------- Group Index 78 ----------------
Index:0 Valid:0 Type:0 Bindings:0 Members:0
Members List:
Binding List:
---------------- Group Index 79 ----------------
Index:0 Valid:0 Type:0 Bindings:0 Members:0
Members List:
Binding List:
---------------- Group Index 80 ----------------
Index:0 Valid:0 Type:0 Bindings:0 Members:0
Members List:
Binding List:
---------------- Group Index 81 ----------------
Index:0 Valid:0 Type:0 Bindings:0 Members:0
Members List:
Binding List:
---------------- Group Index 82 ----------------
Index:0 Valid:0 Type:0 Bindings:0 Members:0
Members List:
Binding List:
---------------- Group Index 83 ----------------
Index:0 Valid:0 Type:0 Bindings:0 Members:0
Members List:
Binding List:
---------------- Group Index 84 ----------------
Index:0 Valid:0 Type:0 Bindings:0 Members:0
Members List:
Binding List:
---------------- Group Index 85 ----------------
Index:0 Valid:0 Type:0 Bindings:0 Members:0
Members List:
Binding List:
---------------- Group Index 86 ----------------
Index:0 Valid:0 Type:0 Bindings:0 Members:0
Members List:
Binding List:
---------------- Group Index 87 ----------------
Index:0 Valid:0 Type:0 Bindings:0 Members:0
Members List:
Binding List:
---------------- Group Index 88 ----------------
Index:0 Valid:0 Type:0 Bindings:0 Members:0
Members List:
Binding List:
---------------- Group Index 89 ----------------
Index:0 Valid:0 Type:0 Bindings:0 Members:0
Members List:
Binding List:
---------------- Group Index 90 ----------------
Index:0 Valid:0 Type:0 Bindings:0 Members:0
Members List:
Binding List:
---------------- Group Index 91 ----------------
Index:0 Valid:0 Type:0 Bindings:0 Members:0
Members List:
Binding List:
---------------- Group Index 92 ----------------
Index:0 Valid:0 Type:0 Bindings:0 Members:0
Members List:
Binding List:
---------------- Group Index 93 ----------------
Index:0 Valid:0 Type:0 Bindings:0 Members:0
Members List:
Binding List:
---------------- Group Index 94 ----------------
Index:0 Valid:0 Type:0 Bindings:0 Members:0
Members List:
Binding List:
---------------- Group Index 95 ----------------
Index:0 Valid:0 Type:0 Bindings:0 Members:0
Members List:
Binding List:
---------------- Group Index 96 ----------------
Index:0 Valid:0 Type:0 Bindings:0 Members:0
Members List:
Binding List:
---------------- Group Index 97 ----------------
Index:0 Valid:0 Type:0 Bindings:0 Members:0
Members List:
Binding List:
---------------- Group Index 98 ----------------
Index:0 Valid:0 Type:0 Bindings:0 Members:0
Members List:
Binding List:
---------------- Group Index 99 ----------------
Index:0 Valid:0 Type:0 Bindings:0 Members:0
Members List:
Binding List:
---------------- Group Index 100 ----------------
Index:0 Valid:0 Type:0 Bindings:0 Members:0
Members List:
Binding List:
---------------- Group Index 101 ----------------
Index:0 Valid:0 Type:0 Bindings:0 Members:0
Members List:
Binding List:
---------------- Group Index 102 ----------------
Index:0 Valid:0 Type:0 Bindings:0 Members:0
Members List:
Binding List:
---------------- Group Index 103 ----------------
Index:0 Valid:0 Type:0 Bindings:0 Members:0
Members List:
Binding List:
---------------- Group Index 104 ----------------
Index:0 Valid:0 Type:0 Bindings:0 Members:0
Members List:
Binding List:
---------------- Group Index 105 ----------------
Index:0 Valid:0 Type:0 Bindings:0 Members:0
Members List:
Binding List:
---------------- Group Index 106 ----------------
Index:0 Valid:0 Type:0 Bindings:0 Members:0
Members List:
Binding List:
---------------- Group Index 107 ----------------
Index:0 Valid:0 Type:0 Bindings:0 Members:0
Members List:
Binding List:
---------------- Group Index 108 ----------------
Index:0 Valid:0 Type:0 Bindings:0 Members:0
Members List:
Binding List:
---------------- Group Index 109 ----------------
Index:0 Valid:0 Type:0 Bindings:0 Members:0
Members List:
Binding List:
---------------- Group Index 110 ----------------
Index:0 Valid:0 Type:0 Bindings:0 Members:0
Members List:
Binding List:
---------------- Group Index 111 ----------------
Index:0 Valid:0 Type:0 Bindings:0 Members:0
Members List:
Binding List:
---------------- Group Index 112 ----------------
Index:0 Valid:0 Type:0 Bindings:0 Members:0
Members List:
Binding List:
---------------- Group Index 113 ----------------
Index:0 Valid:0 Type:0 Bindings:0 Members:0
Members List:
Binding List:
---------------- Group Index 114 ----------------
Index:0 Valid:0 Type:0 Bindings:0 Members:0
Members List:
Binding List:
---------------- Group Index 115 ----------------
Index:0 Valid:0 Type:0 Bindings:0 Members:0
Members List:
Binding List:
---------------- Group Index 116 ----------------
Index:0 Valid:0 Type:0 Bindings:0 Members:0
Members List:
Binding List:
---------------- Group Index 117 ----------------
Index:0 Valid:0 Type:0 Bindings:0 Members:0
Members List:
Binding List:
---------------- Group Index 118 ----------------
Index:0 Valid:0 Type:0 Bindings:0 Members:0
Members List:
Binding List:
---------------- Group Index 119 ----------------
Index:0 Valid:0 Type:0 Bindings:0 Members:0
Members List:
Binding List:
---------------- Group Index 120 ----------------
Index:0 Valid:0 Type:0 Bindings:0 Members:0
Members List:
Binding List:
---------------- Group Index 121 ----------------
Index:0 Valid:0 Type:0 Bindings:0 Members:0
Members List:
Binding List:
---------------- Group Index 122 ----------------
Index:0 Valid:0 Type:0 Bindings:0 Members:0
Members List:
Binding List:
---------------- Group Index 123 ----------------
Index:0 Valid:0 Type:0 Bindings:0 Members:0
Members List:
Binding List:
---------------- Group Index 124 ----------------
Index:0 Valid:0 Type:0 Bindings:0 Members:0
Members List:
Binding List:
---------------- Group Index 125 ----------------
Index:0 Valid:0 Type:0 Bindings:0 Members:0
Members List:
Binding List:
---------------- Group Index 126 ----------------
Index:0 Valid:0 Type:0 Bindings:0 Members:0
Members List:
Binding List:
---------------- Group Index 127 ----------------
Index:0 Valid:0 Type:0 Bindings:0 Members:0
Members List:
Binding List:
---------------- Group Index 128 ----------------
Index:0 Valid:0 Type:0 Bindings:0 Members:0
Members List:
Binding List:
---------------- Group Index 129 ----------------
Index:0 Valid:0 Type:0 Bindings:0 Members:0
Members List:
Binding List:
---------------- Group Index 130 ----------------
Index:0 Valid:0 Type:0 Bindings:0 Members:0
Members List:
Binding List:
---------------- Group Index 131 ----------------
Index:0 Valid:0 Type:0 Bindings:0 Members:0
Members List:
Binding List:
---------------- Group Index 132 ----------------
Index:0 Valid:0 Type:0 Bindings:0 Members:0
Members List:
Binding List:
---------------- Group Index 133 ----------------
Index:0 Valid:0 Type:0 Bindings:0 Members:0
Members List:
Binding List:
---------------- Group Index 134 ----------------
Index:0 Valid:0 Type:0 Bindings:0 Members:0
Members List:
Binding List:
---------------- Group Index 135 ----------------
Index:0 Valid:0 Type:0 Bindings:0 Members:0
Members List:
Binding List:
---------------- Group Index 136 ----------------
Index:0 Valid:0 Type:0 Bindings:0 Members:0
Members List:
Binding List:
---------------- Group Index 137 ----------------
Index:0 Valid:0 Type:0 Bindings:0 Members:0
Members List:
Binding List:
---------------- Group Index 138 ----------------
Index:0 Valid:0 Type:0 Bindings:0 Members:0
Members List:
Binding List:
---------------- Group Index 139 ----------------
Index:0 Valid:0 Type:0 Bindings:0 Members:0
Members List:
Binding List:
---------------- Group Index 140 ----------------
Index:0 Valid:0 Type:0 Bindings:0 Members:0
Members List:
Binding List:
---------------- Group Index 141 ----------------
Index:0 Valid:0 Type:0 Bindings:0 Members:0
Members List:
Binding List:
---------------- Group Index 142 ----------------
Index:0 Valid:0 Type:0 Bindings:0 Members:0
Members List:
Binding List:
---------------- Group Index 143 ----------------
Index:0 Valid:0 Type:0 Bindings:0 Members:0
Members List:
Binding List:
---------------- Group Index 144 ----------------
Index:0 Valid:0 Type:0 Bindings:0 Members:0
Members List:
Binding List:
---------------- Group Index 145 ----------------
Index:0 Valid:0 Type:0 Bindings:0 Members:0
Members List:
Binding List:
---------------- Group Index 146 ----------------
Index:0 Valid:0 Type:0 Bindings:0 Members:0
Members List:
Binding List:
---------------- Group Index 147 ----------------
Index:0 Valid:0 Type:0 Bindings:0 Members:0
Members List:
Binding List:
---------------- Group Index 148 ----------------
Index:0 Valid:0 Type:0 Bindings:0 Members:0
Members List:
Binding List:
---------------- Group Index 149 ----------------
Index:0 Valid:0 Type:0 Bindings:0 Members:0
Members List:
Binding List:
---------------- Group Index 150 ----------------
Index:0 Valid:0 Type:0 Bindings:0 Members:0
Members List:
Binding List:
---------------- Group Index 151 ----------------
Index:0 Valid:0 Type:0 Bindings:0 Members:0
Members List:
Binding List:
---------------- Group Index 152 ----------------
Index:0 Valid:0 Type:0 Bindings:0 Members:0
Members List:
Binding List:
---------------- Group Index 153 ----------------
Index:0 Valid:0 Type:0 Bindings:0 Members:0
Members List:
Binding List:
---------------- Group Index 154 ----------------
Index:0 Valid:0 Type:0 Bindings:0 Members:0
Members List:
Binding List:
---------------- Group Index 155 ----------------
Index:0 Valid:0 Type:0 Bindings:0 Members:0
Members List:
Binding List:
---------------- Group Index 156 ----------------
Index:0 Valid:0 Type:0 Bindings:0 Members:0
Members List:
Binding List:
---------------- Group Index 157 ----------------
Index:0 Valid:0 Type:0 Bindings:0 Members:0
Members List:
Binding List:
---------------- Group Index 158 ----------------
Index:0 Valid:0 Type:0 Bindings:0 Members:0
Members List:
Binding List:
---------------- Group Index 159 ----------------
Index:0 Valid:0 Type:0 Bindings:0 Members:0
Members List:
Binding List:
---------------- Group Index 160 ----------------
Index:0 Valid:0 Type:0 Bindings:0 Members:0
Members List:
Binding List:
---------------- Group Index 161 ----------------
Index:0 Valid:0 Type:0 Bindings:0 Members:0
Members List:
Binding List:
---------------- Group Index 162 ----------------
Index:0 Valid:0 Type:0 Bindings:0 Members:0
Members List:
Binding List:
---------------- Group Index 163 ----------------
Index:0 Valid:0 Type:0 Bindings:0 Members:0
Members List:
Binding List:
---------------- Group Index 164 ----------------
Index:0 Valid:0 Type:0 Bindings:0 Members:0
Members List:
Binding List:
---------------- Group Index 165 ----------------
Index:0 Valid:0 Type:0 Bindings:0 Members:0
Members List:
Binding List:
---------------- Group Index 166 ----------------
Index:0 Valid:0 Type:0 Bindings:0 Members:0
Members List:
Binding List:
---------------- Group Index 167 ----------------
Index:0 Valid:0 Type:0 Bindings:0 Members:0
Members List:
Binding List:
---------------- Group Index 168 ----------------
Index:0 Valid:0 Type:0 Bindings:0 Members:0
Members List:
Binding List:
---------------- Group Index 169 ----------------
Index:0 Valid:0 Type:0 Bindings:0 Members:0
Members List:
Binding List:
---------------- Group Index 170 ----------------
Index:0 Valid:0 Type:0 Bindings:0 Members:0
Members List:
Binding List:
---------------- Group Index 171 ----------------
Index:0 Valid:0 Type:0 Bindings:0 Members:0
Members List:
Binding List:
---------------- Group Index 172 ----------------
Index:0 Valid:0 Type:0 Bindings:0 Members:0
Members List:
Binding List:
---------------- Group Index 173 ----------------
Index:0 Valid:0 Type:0 Bindings:0 Members:0
Members List:
Binding List:
---------------- Group Index 174 ----------------
Index:0 Valid:0 Type:0 Bindings:0 Members:0
Members List:
Binding List:
---------------- Group Index 175 ----------------
Index:0 Valid:0 Type:0 Bindings:0 Members:0
Members List:
Binding List:
---------------- Group Index 176 ----------------
Index:0 Valid:0 Type:0 Bindings:0 Members:0
Members List:
Binding List:
---------------- Group Index 177 ----------------
Index:0 Valid:0 Type:0 Bindings:0 Members:0
Members List:
Binding List:
---------------- Group Index 178 ----------------
Index:0 Valid:0 Type:0 Bindings:0 Members:0
Members List:
Binding List:
---------------- Group Index 179 ----------------
Index:0 Valid:0 Type:0 Bindings:0 Members:0
Members List:
Binding List:
---------------- Group Index 180 ----------------
Index:0 Valid:0 Type:0 Bindings:0 Members:0
Members List:
Binding List:
---------------- Group Index 181 ----------------
Index:0 Valid:0 Type:0 Bindings:0 Members:0
Members List:
Binding List:
---------------- Group Index 182 ----------------
Index:0 Valid:0 Type:0 Bindings:0 Members:0
Members List:
Binding List:
---------------- Group Index 183 ----------------
Index:0 Valid:0 Type:0 Bindings:0 Members:0
Members List:
Binding List:
---------------- Group Index 184 ----------------
Index:0 Valid:0 Type:0 Bindings:0 Members:0
Members List:
Binding List:
---------------- Group Index 185 ----------------
Index:0 Valid:0 Type:0 Bindings:0 Members:0
Members List:
Binding List:
---------------- Group Index 186 ----------------
Index:0 Valid:0 Type:0 Bindings:0 Members:0
Members List:
Binding List:
---------------- Group Index 187 ----------------
Index:0 Valid:0 Type:0 Bindings:0 Members:0
Members List:
Binding List:
---------------- Group Index 188 ----------------
Index:0 Valid:0 Type:0 Bindings:0 Members:0
Members List:
Binding List:
---------------- Group Index 189 ----------------
Index:0 Valid:0 Type:0 Bindings:0 Members:0
Members List:
Binding List:
---------------- Group Index 190 ----------------
Index:0 Valid:0 Type:0 Bindings:0 Members:0
Members List:
Binding List:
---------------- Group Index 191 ----------------
Index:0 Valid:0 Type:0 Bindings:0 Members:0
Members List:
Binding List:
---------------- Group Index 192 ----------------
Index:0 Valid:0 Type:0 Bindings:0 Members:0
Members List:
Binding List:
---------------- Group Index 193 ----------------
Index:0 Valid:0 Type:0 Bindings:0 Members:0
Members List:
Binding List:
---------------- Group Index 194 ----------------
Index:0 Valid:0 Type:0 Bindings:0 Members:0
Members List:
Binding List:
---------------- Group Index 195 ----------------
Index:0 Valid:0 Type:0 Bindings:0 Members:0
Members List:
Binding List:
---------------- Group Index 196 ----------------
Index:0 Valid:0 Type:0 Bindings:0 Members:0
Members List:
Binding List:
---------------- Group Index 197 ----------------
Index:0 Valid:0 Type:0 Bindings:0 Members:0
Members List:
Binding List:
---------------- Group Index 198 ----------------
Index:0 Valid:0 Type:0 Bindings:0 Members:0
Members List:
Binding List:
---------------- Group Index 199 ----------------
Index:0 Valid:0 Type:0 Bindings:0 Members:0
Members List:
Binding List:
---------------- Group Index 200 ----------------
Index:0 Valid:0 Type:0 Bindings:0 Members:0
Members List:
Binding List:
---------------- Group Index 201 ----------------
Index:0 Valid:0 Type:0 Bindings:0 Members:0
Members List:
Binding List:
---------------- Group Index 202 ----------------
Index:0 Valid:0 Type:0 Bindings:0 Members:0
Members List:
Binding List:
---------------- Group Index 203 ----------------
Index:0 Valid:0 Type:0 Bindings:0 Members:0
Members List:
Binding List:
---------------- Group Index 204 ----------------
Index:0 Valid:0 Type:0 Bindings:0 Members:0
Members List:
Binding List:
---------------- Group Index 205 ----------------
Index:0 Valid:0 Type:0 Bindings:0 Members:0
Members List:
Binding List:
---------------- Group Index 206 ----------------
Index:0 Valid:0 Type:0 Bindings:0 Members:0
Members List:
Binding List:
---------------- Group Index 207 ----------------
Index:0 Valid:0 Type:0 Bindings:0 Members:0
Members List:
Binding List:
---------------- Group Index 208 ----------------
Index:0 Valid:0 Type:0 Bindings:0 Members:0
Members List:
Binding List:
---------------- Group Index 209 ----------------
Index:0 Valid:0 Type:0 Bindings:0 Members:0
Members List:
Binding List:
---------------- Group Index 210 ----------------
Index:0 Valid:0 Type:0 Bindings:0 Members:0
Members List:
Binding List:
---------------- Group Index 211 ----------------
Index:0 Valid:0 Type:0 Bindings:0 Members:0
Members List:
Binding List:
---------------- Group Index 212 ----------------
Index:0 Valid:0 Type:0 Bindings:0 Members:0
Members List:
Binding List:
---------------- Group Index 213 ----------------
Index:0 Valid:0 Type:0 Bindings:0 Members:0
Members List:
Binding List:
---------------- Group Index 214 ----------------
Index:0 Valid:0 Type:0 Bindings:0 Members:0
Members List:
Binding List:
---------------- Group Index 215 ----------------
Index:0 Valid:0 Type:0 Bindings:0 Members:0
Members List:
Binding List:
---------------- Group Index 216 ----------------
Index:0 Valid:0 Type:0 Bindings:0 Members:0
Members List:
Binding List:
---------------- Group Index 217 ----------------
Index:0 Valid:0 Type:0 Bindings:0 Members:0
Members List:
Binding List:
---------------- Group Index 218 ----------------
Index:0 Valid:0 Type:0 Bindings:0 Members:0
Members List:
Binding List:
---------------- Group Index 219 ----------------
Index:0 Valid:0 Type:0 Bindings:0 Members:0
Members List:
Binding List:
---------------- Group Index 220 ----------------
Index:0 Valid:0 Type:0 Bindings:0 Members:0
Members List:
Binding List:
---------------- Group Index 221 ----------------
Index:0 Valid:0 Type:0 Bindings:0 Members:0
Members List:
Binding List:
---------------- Group Index 222 ----------------
Index:0 Valid:0 Type:0 Bindings:0 Members:0
Members List:
Binding List:
---------------- Group Index 223 ----------------
Index:0 Valid:0 Type:0 Bindings:0 Members:0
Members List:
Binding List:
---------------- Group Index 224 ----------------
Index:0 Valid:0 Type:0 Bindings:0 Members:0
Members List:
Binding List:
---------------- Group Index 225 ----------------
Index:0 Valid:0 Type:0 Bindings:0 Members:0
Members List:
Binding List:
---------------- Group Index 226 ----------------
Index:0 Valid:0 Type:0 Bindings:0 Members:0
Members List:
Binding List:
---------------- Group Index 227 ----------------
Index:0 Valid:0 Type:0 Bindings:0 Members:0
Members List:
Binding List:
---------------- Group Index 228 ----------------
Index:0 Valid:0 Type:0 Bindings:0 Members:0
Members List:
Binding List:
---------------- Group Index 229 ----------------
Index:0 Valid:0 Type:0 Bindings:0 Members:0
Members List:
Binding List:
---------------- Group Index 230 ----------------
Index:0 Valid:0 Type:0 Bindings:0 Members:0
Members List:
Binding List:
---------------- Group Index 231 ----------------
Index:0 Valid:0 Type:0 Bindings:0 Members:0
Members List:
Binding List:
---------------- Group Index 232 ----------------
Index:0 Valid:0 Type:0 Bindings:0 Members:0
Members List:
Binding List:
---------------- Group Index 233 ----------------
Index:0 Valid:0 Type:0 Bindings:0 Members:0
Members List:
Binding List:
---------------- Group Index 234 ----------------
Index:0 Valid:0 Type:0 Bindings:0 Members:0
Members List:
Binding List:
---------------- Group Index 235 ----------------
Index:0 Valid:0 Type:0 Bindings:0 Members:0
Members List:
Binding List:
---------------- Group Index 236 ----------------
Index:0 Valid:0 Type:0 Bindings:0 Members:0
Members List:
Binding List:
---------------- Group Index 237 ----------------
Index:0 Valid:0 Type:0 Bindings:0 Members:0
Members List:
Binding List:
---------------- Group Index 238 ----------------
Index:0 Valid:0 Type:0 Bindings:0 Members:0
Members List:
Binding List:
---------------- Group Index 239 ----------------
Index:0 Valid:0 Type:0 Bindings:0 Members:0
Members List:
Binding List:
---------------- Group Index 240 ----------------
Index:0 Valid:0 Type:0 Bindings:0 Members:0
Members List:
Binding List:
---------------- Group Index 241 ----------------
Index:0 Valid:0 Type:0 Bindings:0 Members:0
Members List:
Binding List:
---------------- Group Index 242 ----------------
Index:0 Valid:0 Type:0 Bindings:0 Members:0
Members List:
Binding List:
---------------- Group Index 243 ----------------
Index:0 Valid:0 Type:0 Bindings:0 Members:0
Members List:
Binding List:
---------------- Group Index 244 ----------------
Index:0 Valid:0 Type:0 Bindings:0 Members:0
Members List:
Binding List:
---------------- Group Index 245 ----------------
Index:0 Valid:0 Type:0 Bindings:0 Members:0
Members List:
Binding List:
---------------- Group Index 246 ----------------
Index:0 Valid:0 Type:0 Bindings:0 Members:0
Members List:
Binding List:
---------------- Group Index 247 ----------------
Index:0 Valid:0 Type:0 Bindings:0 Members:0
Members List:
Binding List:
---------------- Group Index 248 ----------------
Index:0 Valid:0 Type:0 Bindings:0 Members:0
Members List:
Binding List:
---------------- Group Index 249 ----------------
Index:0 Valid:0 Type:0 Bindings:0 Members:0
Members List:
Binding List:
---------------- Group Index 250 ----------------
Index:0 Valid:0 Type:0 Bindings:0 Members:0
Members List:
Binding List:
---------------- Group Index 251 ----------------
Index:0 Valid:0 Type:0 Bindings:0 Members:0
Members List:
Binding List:
---------------- Group Index 252 ----------------
Index:0 Valid:0 Type:0 Bindings:0 Members:0
Members List:
Binding List:
---------------- Group Index 253 ----------------
Index:0 Valid:0 Type:0 Bindings:0 Members:0
Members List:
Binding List:
---------------- Group Index 254 ----------------
Index:0 Valid:0 Type:0 Bindings:0 Members:0
Members List:
Binding List:
---------------- Group Index 255 ----------------
Index:0 Valid:0 Type:0 Bindings:0 Members:0
Members List:
Binding List:
---------------- Group Index 256 ----------------
Index:0 Valid:0 Type:0 Bindings:0 Members:0
Members List:
Binding List:
---------------- Group Index 257 ----------------
Index:0 Valid:0 Type:0 Bindings:0 Members:0
Members List:
Binding List:
---------------- Group Index 258 ----------------
Index:0 Valid:0 Type:0 Bindings:0 Members:0
Members List:
Binding List:
---------------- Group Index 259 ----------------
Index:0 Valid:0 Type:0 Bindings:0 Members:0
Members List:
Binding List:
---------------- Group Index 260 ----------------
Index:0 Valid:0 Type:0 Bindings:0 Members:0
Members List:
Binding List:
---------------- Group Index 261 ----------------
Index:0 Valid:0 Type:0 Bindings:0 Members:0
Members List:
Binding List:
---------------- Group Index 262 ----------------
Index:0 Valid:0 Type:0 Bindings:0 Members:0
Members List:
Binding List:
---------------- Group Index 263 ----------------
Index:0 Valid:0 Type:0 Bindings:0 Members:0
Members List:
Binding List:
---------------- Group Index 264 ----------------
Index:0 Valid:0 Type:0 Bindings:0 Members:0
Members List:
Binding List:
---------------- Group Index 265 ----------------
Index:0 Valid:0 Type:0 Bindings:0 Members:0
Members List:
Binding List:
---------------- Group Index 266 ----------------
Index:0 Valid:0 Type:0 Bindings:0 Members:0
Members List:
Binding List:
---------------- Group Index 267 ----------------
Index:0 Valid:0 Type:0 Bindings:0 Members:0
Members List:
Binding List:
---------------- Group Index 268 ----------------
Index:0 Valid:0 Type:0 Bindings:0 Members:0
Members List:
Binding List:
---------------- Group Index 269 ----------------
Index:0 Valid:0 Type:0 Bindings:0 Members:0
Members List:
Binding List:
---------------- Group Index 270 ----------------
Index:0 Valid:0 Type:0 Bindings:0 Members:0
Members List:
Binding List:
---------------- Group Index 271 ----------------
Index:0 Valid:0 Type:0 Bindings:0 Members:0
Members List:
Binding List:
---------------- Group Index 272 ----------------
Index:0 Valid:0 Type:0 Bindings:0 Members:0
Members List:
Binding List:
---------------- Group Index 273 ----------------
Index:0 Valid:0 Type:0 Bindings:0 Members:0
Members List:
Binding List:
---------------- Group Index 274 ----------------
Index:0 Valid:0 Type:0 Bindings:0 Members:0
Members List:
Binding List:
---------------- Group Index 275 ----------------
Index:0 Valid:0 Type:0 Bindings:0 Members:0
Members List:
Binding List:
---------------- Group Index 276 ----------------
Index:0 Valid:0 Type:0 Bindings:0 Members:0
Members List:
Binding List:
---------------- Group Index 277 ----------------
Index:0 Valid:0 Type:0 Bindings:0 Members:0
Members List:
Binding List:
---------------- Group Index 278 ----------------
Index:0 Valid:0 Type:0 Bindings:0 Members:0
Members List:
Binding List:
---------------- Group Index 279 ----------------
Index:0 Valid:0 Type:0 Bindings:0 Members:0
Members List:
Binding List:
---------------- Group Index 280 ----------------
Index:0 Valid:0 Type:0 Bindings:0 Members:0
Members List:
Binding List:
---------------- Group Index 281 ----------------
Index:0 Valid:0 Type:0 Bindings:0 Members:0
Members List:
Binding List:
---------------- Group Index 282 ----------------
Index:0 Valid:0 Type:0 Bindings:0 Members:0
Members List:
Binding List:
---------------- Group Index 283 ----------------
Index:0 Valid:0 Type:0 Bindings:0 Members:0
Members List:
Binding List:
---------------- Group Index 284 ----------------
Index:0 Valid:0 Type:0 Bindings:0 Members:0
Members List:
Binding List:
---------------- Group Index 285 ----------------
Index:0 Valid:0 Type:0 Bindings:0 Members:0
Members List:
Binding List:
---------------- Group Index 286 ----------------
Index:0 Valid:0 Type:0 Bindings:0 Members:0
Members List:
Binding List:
---------------- Group Index 287 ----------------
Index:0 Valid:0 Type:0 Bindings:0 Members:0
Members List:
Binding List:
---------------- Group Index 288 ----------------
Index:0 Valid:0 Type:0 Bindings:0 Members:0
Members List:
Binding List:
---------------- Group Index 289 ----------------
Index:0 Valid:0 Type:0 Bindings:0 Members:0
Members List:
Binding List:
---------------- Group Index 290 ----------------
Index:0 Valid:0 Type:0 Bindings:0 Members:0
Members List:
Binding List:
---------------- Group Index 291 ----------------
Index:0 Valid:0 Type:0 Bindings:0 Members:0
Members List:
Binding List:
---------------- Group Index 292 ----------------
Index:0 Valid:0 Type:0 Bindings:0 Members:0
Members List:
Binding List:
---------------- Group Index 293 ----------------
Index:0 Valid:0 Type:0 Bindings:0 Members:0
Members List:
Binding List:
---------------- Group Index 294 ----------------
Index:0 Valid:0 Type:0 Bindings:0 Members:0
Members List:
Binding List:
---------------- Group Index 295 ----------------
Index:0 Valid:0 Type:0 Bindings:0 Members:0
Members List:
Binding List:
---------------- Group Index 296 ----------------
Index:0 Valid:0 Type:0 Bindings:0 Members:0
Members List:
Binding List:
---------------- Group Index 297 ----------------
Index:0 Valid:0 Type:0 Bindings:0 Members:0
Members List:
Binding List:
---------------- Group Index 298 ----------------
Index:0 Valid:0 Type:0 Bindings:0 Members:0
Members List:
Binding List:
---------------- Group Index 299 ----------------
Index:0 Valid:0 Type:0 Bindings:0 Members:0
Members List:
Binding List:
---------------- Group Index 300 ----------------
Index:0 Valid:0 Type:0 Bindings:0 Members:0
Members List:
Binding List:
---------------- Group Index 301 ----------------
Index:0 Valid:0 Type:0 Bindings:0 Members:0
Members List:
Binding List:
---------------- Group Index 302 ----------------
Index:0 Valid:0 Type:0 Bindings:0 Members:0
Members List:
Binding List:
---------------- Group Index 303 ----------------
Index:0 Valid:0 Type:0 Bindings:0 Members:0
Members List:
Binding List:
---------------- Group Index 304 ----------------
Index:0 Valid:0 Type:0 Bindings:0 Members:0
Members List:
Binding List:
---------------- Group Index 305 ----------------
Index:0 Valid:0 Type:0 Bindings:0 Members:0
Members List:
Binding List:
---------------- Group Index 306 ----------------
Index:0 Valid:0 Type:0 Bindings:0 Members:0
Members List:
Binding List:
---------------- Group Index 307 ----------------
Index:0 Valid:0 Type:0 Bindings:0 Members:0
Members List:
Binding List:
---------------- Group Index 308 ----------------
Index:0 Valid:0 Type:0 Bindings:0 Members:0
Members List:
Binding List:
---------------- Group Index 309 ----------------
Index:0 Valid:0 Type:0 Bindings:0 Members:0
Members List:
Binding List:
---------------- Group Index 310 ----------------
Index:0 Valid:0 Type:0 Bindings:0 Members:0
Members List:
Binding List:
---------------- Group Index 311 ----------------
Index:0 Valid:0 Type:0 Bindings:0 Members:0
Members List:
Binding List:
---------------- Group Index 312 ----------------
Index:0 Valid:0 Type:0 Bindings:0 Members:0
Members List:
Binding List:
---------------- Group Index 313 ----------------
Index:0 Valid:0 Type:0 Bindings:0 Members:0
Members List:
Binding List:
---------------- Group Index 314 ----------------
Index:0 Valid:0 Type:0 Bindings:0 Members:0
Members List:
Binding List:
---------------- Group Index 315 ----------------
Index:0 Valid:0 Type:0 Bindings:0 Members:0
Members List:
Binding List:
---------------- Group Index 316 ----------------
Index:0 Valid:0 Type:0 Bindings:0 Members:0
Members List:
Binding List:
---------------- Group Index 317 ----------------
Index:0 Valid:0 Type:0 Bindings:0 Members:0
Members List:
Binding List:
---------------- Group Index 318 ----------------
Index:0 Valid:0 Type:0 Bindings:0 Members:0
Members List:
Binding List:
---------------- Group Index 319 ----------------
Index:0 Valid:0 Type:0 Bindings:0 Members:0
Members List:
Binding List:
---------------- Group Index 320 ----------------
Index:0 Valid:0 Type:0 Bindings:0 Members:0
Members List:
Binding List:
---------------- Group Index 321 ----------------
Index:0 Valid:0 Type:0 Bindings:0 Members:0
Members List:
Binding List:
---------------- Group Index 322 ----------------
Index:0 Valid:0 Type:0 Bindings:0 Members:0
Members List:
Binding List:
---------------- Group Index 323 ----------------
Index:0 Valid:0 Type:0 Bindings:0 Members:0
Members List:
Binding List:
---------------- Group Index 324 ----------------
Index:0 Valid:0 Type:0 Bindings:0 Members:0
Members List:
Binding List:
---------------- Group Index 325 ----------------
Index:0 Valid:0 Type:0 Bindings:0 Members:0
Members List:
Binding List:
---------------- Group Index 326 ----------------
Index:0 Valid:0 Type:0 Bindings:0 Members:0
Members List:
Binding List:
---------------- Group Index 327 ----------------
Index:0 Valid:0 Type:0 Bindings:0 Members:0
Members List:
Binding List:
---------------- Group Index 328 ----------------
Index:0 Valid:0 Type:0 Bindings:0 Members:0
Members List:
Binding List:
---------------- Group Index 329 ----------------
Index:0 Valid:0 Type:0 Bindings:0 Members:0
Members List:
Binding List:
---------------- Group Index 330 ----------------
Index:0 Valid:0 Type:0 Bindings:0 Members:0
Members List:
Binding List:
---------------- Group Index 331 ----------------
Index:0 Valid:0 Type:0 Bindings:0 Members:0
Members List:
Binding List:
---------------- Group Index 332 ----------------
Index:0 Valid:0 Type:0 Bindings:0 Members:0
Members List:
Binding List:
---------------- Group Index 333 ----------------
Index:0 Valid:0 Type:0 Bindings:0 Members:0
Members List:
Binding List:
---------------- Group Index 334 ----------------
Index:0 Valid:0 Type:0 Bindings:0 Members:0
Members List:
Binding List:
---------------- Group Index 335 ----------------
Index:0 Valid:0 Type:0 Bindings:0 Members:0
Members List:
Binding List:
---------------- Group Index 336 ----------------
Index:0 Valid:0 Type:0 Bindings:0 Members:0
Members List:
Binding List:
---------------- Group Index 337 ----------------
Index:0 Valid:0 Type:0 Bindings:0 Members:0
Members List:
Binding List:
---------------- Group Index 338 ----------------
Index:0 Valid:0 Type:0 Bindings:0 Members:0
Members List:
Binding List:
---------------- Group Index 339 ----------------
Index:0 Valid:0 Type:0 Bindings:0 Members:0
Members List:
Binding List:
---------------- Group Index 340 ----------------
Index:0 Valid:0 Type:0 Bindings:0 Members:0
Members List:
Binding List:
---------------- Group Index 341 ----------------
Index:0 Valid:0 Type:0 Bindings:0 Members:0
Members List:
Binding List:
---------------- Group Index 342 ----------------
Index:0 Valid:0 Type:0 Bindings:0 Members:0
Members List:
Binding List:
---------------- Group Index 343 ----------------
Index:0 Valid:0 Type:0 Bindings:0 Members:0
Members List:
Binding List:
---------------- Group Index 344 ----------------
Index:0 Valid:0 Type:0 Bindings:0 Members:0
Members List:
Binding List:
---------------- Group Index 345 ----------------
Index:0 Valid:0 Type:0 Bindings:0 Members:0
Members List:
Binding List:
---------------- Group Index 346 ----------------
Index:0 Valid:0 Type:0 Bindings:0 Members:0
Members List:
Binding List:
---------------- Group Index 347 ----------------
Index:0 Valid:0 Type:0 Bindings:0 Members:0
Members List:
Binding List:
---------------- Group Index 348 ----------------
Index:0 Valid:0 Type:0 Bindings:0 Members:0
Members List:
Binding List:
---------------- Group Index 349 ----------------
Index:0 Valid:0 Type:0 Bindings:0 Members:0
Members List:
Binding List:
---------------- Group Index 350 ----------------
Index:0 Valid:0 Type:0 Bindings:0 Members:0
Members List:
Binding List:
---------------- Group Index 351 ----------------
Index:0 Valid:0 Type:0 Bindings:0 Members:0
Members List:
Binding List:
---------------- Group Index 352 ----------------
Index:0 Valid:0 Type:0 Bindings:0 Members:0
Members List:
Binding List:
---------------- Group Index 353 ----------------
Index:0 Valid:0 Type:0 Bindings:0 Members:0
Members List:
Binding List:
---------------- Group Index 354 ----------------
Index:0 Valid:0 Type:0 Bindings:0 Members:0
Members List:
Binding List:
---------------- Group Index 355 ----------------
Index:0 Valid:0 Type:0 Bindings:0 Members:0
Members List:
Binding List:
---------------- Group Index 356 ----------------
Index:0 Valid:0 Type:0 Bindings:0 Members:0
Members List:
Binding List:
---------------- Group Index 357 ----------------
Index:0 Valid:0 Type:0 Bindings:0 Members:0
Members List:
Binding List:
---------------- Group Index 358 ----------------
Index:0 Valid:0 Type:0 Bindings:0 Members:0
Members List:
Binding List:
---------------- Group Index 359 ----------------
Index:0 Valid:0 Type:0 Bindings:0 Members:0
Members List:
Binding List:
---------------- Group Index 360 ----------------
Index:0 Valid:0 Type:0 Bindings:0 Members:0
Members List:
Binding List:
---------------- Group Index 361 ----------------
Index:0 Valid:0 Type:0 Bindings:0 Members:0
Members List:
Binding List:
---------------- Group Index 362 ----------------
Index:0 Valid:0 Type:0 Bindings:0 Members:0
Members List:
Binding List:
---------------- Group Index 363 ----------------
Index:0 Valid:0 Type:0 Bindings:0 Members:0
Members List:
Binding List:
---------------- Group Index 364 ----------------
Index:0 Valid:0 Type:0 Bindings:0 Members:0
Members List:
Binding List:
---------------- Group Index 365 ----------------
Index:0 Valid:0 Type:0 Bindings:0 Members:0
Members List:
Binding List:
---------------- Group Index 366 ----------------
Index:0 Valid:0 Type:0 Bindings:0 Members:0
Members List:
Binding List:
---------------- Group Index 367 ----------------
Index:0 Valid:0 Type:0 Bindings:0 Members:0
Members List:
Binding List:
---------------- Group Index 368 ----------------
Index:0 Valid:0 Type:0 Bindings:0 Members:0
Members List:
Binding List:
---------------- Group Index 369 ----------------
Index:0 Valid:0 Type:0 Bindings:0 Members:0
Members List:
Binding List:
---------------- Group Index 370 ----------------
Index:0 Valid:0 Type:0 Bindings:0 Members:0
Members List:
Binding List:
---------------- Group Index 371 ----------------
Index:0 Valid:0 Type:0 Bindings:0 Members:0
Members List:
Binding List:
---------------- Group Index 372 ----------------
Index:0 Valid:0 Type:0 Bindings:0 Members:0
Members List:
Binding List:
---------------- Group Index 373 ----------------
Index:0 Valid:0 Type:0 Bindings:0 Members:0
Members List:
Binding List:
---------------- Group Index 374 ----------------
Index:0 Valid:0 Type:0 Bindings:0 Members:0
Members List:
Binding List:
---------------- Group Index 375 ----------------
Index:0 Valid:0 Type:0 Bindings:0 Members:0
Members List:
Binding List:
---------------- Group Index 376 ----------------
Index:0 Valid:0 Type:0 Bindings:0 Members:0
Members List:
Binding List:
---------------- Group Index 377 ----------------
Index:0 Valid:0 Type:0 Bindings:0 Members:0
Members List:
Binding List:
---------------- Group Index 378 ----------------
Index:0 Valid:0 Type:0 Bindings:0 Members:0
Members List:
Binding List:
---------------- Group Index 379 ----------------
Index:0 Valid:0 Type:0 Bindings:0 Members:0
Members List:
Binding List:
---------------- Group Index 380 ----------------
Index:0 Valid:0 Type:0 Bindings:0 Members:0
Members List:
Binding List:
---------------- Group Index 381 ----------------
Index:0 Valid:0 Type:0 Bindings:0 Members:0
Members List:
Binding List:
---------------- Group Index 382 ----------------
Index:0 Valid:0 Type:0 Bindings:0 Members:0
Members List:
Binding List:
---------------- Group Index 383 ----------------
Index:0 Valid:0 Type:0 Bindings:0 Members:0
Members List:
Binding List:
---------------- Group Index 384 ----------------
Index:0 Valid:0 Type:0 Bindings:0 Members:0
Members List:
Binding List:
---------------- Group Index 385 ----------------
Index:0 Valid:0 Type:0 Bindings:0 Members:0
Members List:
Binding List:
---------------- Group Index 386 ----------------
Index:0 Valid:0 Type:0 Bindings:0 Members:0
Members List:
Binding List:
---------------- Group Index 387 ----------------
Index:0 Valid:0 Type:0 Bindings:0 Members:0
Members List:
Binding List:
---------------- Group Index 388 ----------------
Index:0 Valid:0 Type:0 Bindings:0 Members:0
Members List:
Binding List:
---------------- Group Index 389 ----------------
Index:0 Valid:0 Type:0 Bindings:0 Members:0
Members List:
Binding List:
---------------- Group Index 390 ----------------
Index:0 Valid:0 Type:0 Bindings:0 Members:0
Members List:
Binding List:
---------------- Group Index 391 ----------------
Index:0 Valid:0 Type:0 Bindings:0 Members:0
Members List:
Binding List:
---------------- Group Index 392 ----------------
Index:0 Valid:0 Type:0 Bindings:0 Members:0
Members List:
Binding List:
---------------- Group Index 393 ----------------
Index:0 Valid:0 Type:0 Bindings:0 Members:0
Members List:
Binding List:
---------------- Group Index 394 ----------------
Index:0 Valid:0 Type:0 Bindings:0 Members:0
Members List:
Binding List:
---------------- Group Index 395 ----------------
Index:0 Valid:0 Type:0 Bindings:0 Members:0
Members List:
Binding List:
---------------- Group Index 396 ----------------
Index:0 Valid:0 Type:0 Bindings:0 Members:0
Members List:
Binding List:
---------------- Group Index 397 ----------------
Index:0 Valid:0 Type:0 Bindings:0 Members:0
Members List:
Binding List:
---------------- Group Index 398 ----------------
Index:0 Valid:0 Type:0 Bindings:0 Members:0
Members List:
Binding List:
---------------- Group Index 399 ----------------
Index:0 Valid:0 Type:0 Bindings:0 Members:0
Members List:
Binding List:
---------------- Group Index 400 ----------------
Index:0 Valid:0 Type:0 Bindings:0 Members:0
Members List:
Binding List:
---------------- Group Index 401 ----------------
Index:0 Valid:0 Type:0 Bindings:0 Members:0
Members List:
Binding List:
---------------- Group Index 402 ----------------
Index:0 Valid:0 Type:0 Bindings:0 Members:0
Members List:
Binding List:
---------------- Group Index 403 ----------------
Index:0 Valid:0 Type:0 Bindings:0 Members:0
Members List:
Binding List:
---------------- Group Index 404 ----------------
Index:0 Valid:0 Type:0 Bindings:0 Members:0
Members List:
Binding List:
---------------- Group Index 405 ----------------
Index:0 Valid:0 Type:0 Bindings:0 Members:0
Members List:
Binding List:
---------------- Group Index 406 ----------------
Index:0 Valid:0 Type:0 Bindings:0 Members:0
Members List:
Binding List:
---------------- Group Index 407 ----------------
Index:0 Valid:0 Type:0 Bindings:0 Members:0
Members List:
Binding List:
---------------- Group Index 408 ----------------
Index:0 Valid:0 Type:0 Bindings:0 Members:0
Members List:
Binding List:
---------------- Group Index 409 ----------------
Index:0 Valid:0 Type:0 Bindings:0 Members:0
Members List:
Binding List:
---------------- Group Index 410 ----------------
Index:0 Valid:0 Type:0 Bindings:0 Members:0
Members List:
Binding List:
---------------- Group Index 411 ----------------
Index:0 Valid:0 Type:0 Bindings:0 Members:0
Members List:
Binding List:
---------------- Group Index 412 ----------------
Index:0 Valid:0 Type:0 Bindings:0 Members:0
Members List:
Binding List:
---------------- Group Index 413 ----------------
Index:0 Valid:0 Type:0 Bindings:0 Members:0
Members List:
Binding List:
---------------- Group Index 414 ----------------
Index:0 Valid:0 Type:0 Bindings:0 Members:0
Members List:
Binding List:
---------------- Group Index 415 ----------------
Index:0 Valid:0 Type:0 Bindings:0 Members:0
Members List:
Binding List:
---------------- Group Index 416 ----------------
Index:0 Valid:0 Type:0 Bindings:0 Members:0
Members List:
Binding List:
---------------- Group Index 417 ----------------
Index:0 Valid:0 Type:0 Bindings:0 Members:0
Members List:
Binding List:
---------------- Group Index 418 ----------------
Index:0 Valid:0 Type:0 Bindings:0 Members:0
Members List:
Binding List:
---------------- Group Index 419 ----------------
Index:0 Valid:0 Type:0 Bindings:0 Members:0
Members List:
Binding List:
---------------- Group Index 420 ----------------
Index:0 Valid:0 Type:0 Bindings:0 Members:0
Members List:
Binding List:
---------------- Group Index 421 ----------------
Index:0 Valid:0 Type:0 Bindings:0 Members:0
Members List:
Binding List:
---------------- Group Index 422 ----------------
Index:0 Valid:0 Type:0 Bindings:0 Members:0
Members List:
Binding List:
---------------- Group Index 423 ----------------
Index:0 Valid:0 Type:0 Bindings:0 Members:0
Members List:
Binding List:
---------------- Group Index 424 ----------------
Index:0 Valid:0 Type:0 Bindings:0 Members:0
Members List:
Binding List:
---------------- Group Index 425 ----------------
Index:0 Valid:0 Type:0 Bindings:0 Members:0
Members List:
Binding List:
---------------- Group Index 426 ----------------
Index:0 Valid:0 Type:0 Bindings:0 Members:0
Members List:
Binding List:
---------------- Group Index 427 ----------------
Index:0 Valid:0 Type:0 Bindings:0 Members:0
Members List:
Binding List:
---------------- Group Index 428 ----------------
Index:0 Valid:0 Type:0 Bindings:0 Members:0
Members List:
Binding List:
---------------- Group Index 429 ----------------
Index:0 Valid:0 Type:0 Bindings:0 Members:0
Members List:
Binding List:
---------------- Group Index 430 ----------------
Index:0 Valid:0 Type:0 Bindings:0 Members:0
Members List:
Binding List:
---------------- Group Index 431 ----------------
Index:0 Valid:0 Type:0 Bindings:0 Members:0
Members List:
Binding List:
---------------- Group Index 432 ----------------
Index:0 Valid:0 Type:0 Bindings:0 Members:0
Members List:
Binding List:
---------------- Group Index 433 ----------------
Index:0 Valid:0 Type:0 Bindings:0 Members:0
Members List:
Binding List:
---------------- Group Index 434 ----------------
Index:0 Valid:0 Type:0 Bindings:0 Members:0
Members List:
Binding List:
---------------- Group Index 435 ----------------
Index:0 Valid:0 Type:0 Bindings:0 Members:0
Members List:
Binding List:
---------------- Group Index 436 ----------------
Index:0 Valid:0 Type:0 Bindings:0 Members:0
Members List:
Binding List:
---------------- Group Index 437 ----------------
Index:0 Valid:0 Type:0 Bindings:0 Members:0
Members List:
Binding List:
---------------- Group Index 438 ----------------
Index:0 Valid:0 Type:0 Bindings:0 Members:0
Members List:
Binding List:
---------------- Group Index 439 ----------------
Index:0 Valid:0 Type:0 Bindings:0 Members:0
Members List:
Binding List:
---------------- Group Index 440 ----------------
Index:0 Valid:0 Type:0 Bindings:0 Members:0
Members List:
Binding List:
---------------- Group Index 441 ----------------
Index:0 Valid:0 Type:0 Bindings:0 Members:0
Members List:
Binding List:
---------------- Group Index 442 ----------------
Index:0 Valid:0 Type:0 Bindings:0 Members:0
Members List:
Binding List:
---------------- Group Index 443 ----------------
Index:0 Valid:0 Type:0 Bindings:0 Members:0
Members List:
Binding List:
---------------- Group Index 444 ----------------
Index:0 Valid:0 Type:0 Bindings:0 Members:0
Members List:
Binding List:
---------------- Group Index 445 ----------------
Index:0 Valid:0 Type:0 Bindings:0 Members:0
Members List:
Binding List:
---------------- Group Index 446 ----------------
Index:0 Valid:0 Type:0 Bindings:0 Members:0
Members List:
Binding List:
---------------- Group Index 447 ----------------
Index:0 Valid:0 Type:0 Bindings:0 Members:0
Members List:
Binding List:
---------------- Group Index 448 ----------------
Index:0 Valid:0 Type:0 Bindings:0 Members:0
Members List:
Binding List:
---------------- Group Index 449 ----------------
Index:0 Valid:0 Type:0 Bindings:0 Members:0
Members List:
Binding List:
---------------- Group Index 450 ----------------
Index:0 Valid:0 Type:0 Bindings:0 Members:0
Members List:
Binding List:
---------------- Group Index 451 ----------------
Index:0 Valid:0 Type:0 Bindings:0 Members:0
Members List:
Binding List:
---------------- Group Index 452 ----------------
Index:0 Valid:0 Type:0 Bindings:0 Members:0
Members List:
Binding List:
---------------- Group Index 453 ----------------
Index:0 Valid:0 Type:0 Bindings:0 Members:0
Members List:
Binding List:
---------------- Group Index 454 ----------------
Index:0 Valid:0 Type:0 Bindings:0 Members:0
Members List:
Binding List:
---------------- Group Index 455 ----------------
Index:0 Valid:0 Type:0 Bindings:0 Members:0
Members List:
Binding List:
---------------- Group Index 456 ----------------
Index:0 Valid:0 Type:0 Bindings:0 Members:0
Members List:
Binding List:
---------------- Group Index 457 ----------------
Index:0 Valid:0 Type:0 Bindings:0 Members:0
Members List:
Binding List:
---------------- Group Index 458 ----------------
Index:0 Valid:0 Type:0 Bindings:0 Members:0
Members List:
Binding List:
---------------- Group Index 459 ----------------
Index:0 Valid:0 Type:0 Bindings:0 Members:0
Members List:
Binding List:
---------------- Group Index 460 ----------------
Index:0 Valid:0 Type:0 Bindings:0 Members:0
Members List:
Binding List:
---------------- Group Index 461 ----------------
Index:0 Valid:0 Type:0 Bindings:0 Members:0
Members List:
Binding List:
---------------- Group Index 462 ----------------
Index:0 Valid:0 Type:0 Bindings:0 Members:0
Members List:
Binding List:
---------------- Group Index 463 ----------------
Index:0 Valid:0 Type:0 Bindings:0 Members:0
Members List:
Binding List:
---------------- Group Index 464 ----------------
Index:0 Valid:0 Type:0 Bindings:0 Members:0
Members List:
Binding List:
---------------- Group Index 465 ----------------
Index:0 Valid:0 Type:0 Bindings:0 Members:0
Members List:
Binding List:
---------------- Group Index 466 ----------------
Index:0 Valid:0 Type:0 Bindings:0 Members:0
Members List:
Binding List:
---------------- Group Index 467 ----------------
Index:0 Valid:0 Type:0 Bindings:0 Members:0
Members List:
Binding List:
---------------- Group Index 468 ----------------
Index:0 Valid:0 Type:0 Bindings:0 Members:0
Members List:
Binding List:
---------------- Group Index 469 ----------------
Index:0 Valid:0 Type:0 Bindings:0 Members:0
Members List:
Binding List:
---------------- Group Index 470 ----------------
Index:0 Valid:0 Type:0 Bindings:0 Members:0
Members List:
Binding List:
---------------- Group Index 471 ----------------
Index:0 Valid:0 Type:0 Bindings:0 Members:0
Members List:
Binding List:
---------------- Group Index 472 ----------------
Index:0 Valid:0 Type:0 Bindings:0 Members:0
Members List:
Binding List:
---------------- Group Index 473 ----------------
Index:0 Valid:0 Type:0 Bindings:0 Members:0
Members List:
Binding List:
---------------- Group Index 474 ----------------
Index:0 Valid:0 Type:0 Bindings:0 Members:0
Members List:
Binding List:
---------------- Group Index 475 ----------------
Index:0 Valid:0 Type:0 Bindings:0 Members:0
Members List:
Binding List:
---------------- Group Index 476 ----------------
Index:0 Valid:0 Type:0 Bindings:0 Members:0
Members List:
Binding List:
---------------- Group Index 477 ----------------
Index:0 Valid:0 Type:0 Bindings:0 Members:0
Members List:
Binding List:
---------------- Group Index 478 ----------------
Index:0 Valid:0 Type:0 Bindings:0 Members:0
Members List:
Binding List:
---------------- Group Index 479 ----------------
Index:0 Valid:0 Type:0 Bindings:0 Members:0
Members List:
Binding List:
---------------- Group Index 480 ----------------
Index:0 Valid:0 Type:0 Bindings:0 Members:0
Members List:
Binding List:
---------------- Group Index 481 ----------------
Index:0 Valid:0 Type:0 Bindings:0 Members:0
Members List:
Binding List:
---------------- Group Index 482 ----------------
Index:0 Valid:0 Type:0 Bindings:0 Members:0
Members List:
Binding List:
---------------- Group Index 483 ----------------
Index:0 Valid:0 Type:0 Bindings:0 Members:0
Members List:
Binding List:
---------------- Group Index 484 ----------------
Index:0 Valid:0 Type:0 Bindings:0 Members:0
Members List:
Binding List:
---------------- Group Index 485 ----------------
Index:0 Valid:0 Type:0 Bindings:0 Members:0
Members List:
Binding List:
---------------- Group Index 486 ----------------
Index:0 Valid:0 Type:0 Bindings:0 Members:0
Members List:
Binding List:
---------------- Group Index 487 ----------------
Index:0 Valid:0 Type:0 Bindings:0 Members:0
Members List:
Binding List:
---------------- Group Index 488 ----------------
Index:0 Valid:0 Type:0 Bindings:0 Members:0
Members List:
Binding List:
---------------- Group Index 489 ----------------
Index:0 Valid:0 Type:0 Bindings:0 Members:0
Members List:
Binding List:
---------------- Group Index 490 ----------------
Index:0 Valid:0 Type:0 Bindings:0 Members:0
Members List:
Binding List:
---------------- Group Index 491 ----------------
Index:0 Valid:0 Type:0 Bindings:0 Members:0
Members List:
Binding List:
---------------- Group Index 492 ----------------
Index:0 Valid:0 Type:0 Bindings:0 Members:0
Members List:
Binding List:
---------------- Group Index 493 ----------------
Index:0 Valid:0 Type:0 Bindings:0 Members:0
Members List:
Binding List:
---------------- Group Index 494 ----------------
Index:0 Valid:0 Type:0 Bindings:0 Members:0
Members List:
Binding List:
---------------- Group Index 495 ----------------
Index:0 Valid:0 Type:0 Bindings:0 Members:0
Members List:
Binding List:
---------------- Group Index 496 ----------------
Index:0 Valid:0 Type:0 Bindings:0 Members:0
Members List:
Binding List:
---------------- Group Index 497 ----------------
Index:0 Valid:0 Type:0 Bindings:0 Members:0
Members List:
Binding List:
---------------- Group Index 498 ----------------
Index:0 Valid:0 Type:0 Bindings:0 Members:0
Members List:
Binding List:
---------------- Group Index 499 ----------------
Index:0 Valid:0 Type:0 Bindings:0 Members:0
Members List:
Binding List:
---------------- Group Index 500 ----------------
Index:0 Valid:0 Type:0 Bindings:0 Members:0
Members List:
Binding List:
---------------- Group Index 501 ----------------
Index:0 Valid:0 Type:0 Bindings:0 Members:0
Members List:
Binding List:
---------------- Group Index 502 ----------------
Index:0 Valid:0 Type:0 Bindings:0 Members:0
Members List:
Binding List:
---------------- Group Index 503 ----------------
Index:0 Valid:0 Type:0 Bindings:0 Members:0
Members List:
Binding List:
---------------- Group Index 504 ----------------
Index:0 Valid:0 Type:0 Bindings:0 Members:0
Members List:
Binding List:
---------------- Group Index 505 ----------------
Index:0 Valid:0 Type:0 Bindings:0 Members:0
Members List:
Binding List:
---------------- Group Index 506 ----------------
Index:0 Valid:0 Type:0 Bindings:0 Members:0
Members List:
Binding List:
---------------- Group Index 507 ----------------
Index:0 Valid:0 Type:0 Bindings:0 Members:0
Members List:
Binding List:
---------------- Group Index 508 ----------------
Index:0 Valid:0 Type:0 Bindings:0 Members:0
Members List:
Binding List:
---------------- Group Index 509 ----------------
Index:0 Valid:0 Type:0 Bindings:0 Members:0
Members List:
Binding List:
---------------- Group Index 510 ----------------
Index:0 Valid:0 Type:0 Bindings:0 Members:0
Members List:
Binding List:
---------------- Group Index 511 ----------------
Index:0 Valid:0 Type:0 Bindings:0 Members:0
Members List:
Binding List:
---------------- Group Index 512 ----------------
Index:0 Valid:0 Type:0 Bindings:0 Members:0
Members List:
Binding List:
---------------- Group Index 513 ----------------
Index:0 Valid:0 Type:0 Bindings:0 Members:0
Members List:
Binding List:
---------------- Group Index 514 ----------------
Index:0 Valid:0 Type:0 Bindings:0 Members:0
Members List:
Binding List:
---------------- Group Index 515 ----------------
Index:0 Valid:0 Type:0 Bindings:0 Members:0
Members List:
Binding List:
---------------- Group Index 516 ----------------
Index:0 Valid:0 Type:0 Bindings:0 Members:0
Members List:
Binding List:
---------------- Group Index 517 ----------------
Index:0 Valid:0 Type:0 Bindings:0 Members:0
Members List:
Binding List:
---------------- Group Index 518 ----------------
Index:0 Valid:0 Type:0 Bindings:0 Members:0
Members List:
Binding List:
---------------- Group Index 519 ----------------
Index:0 Valid:0 Type:0 Bindings:0 Members:0
Members List:
Binding List:
---------------- Group Index 520 ----------------
Index:0 Valid:0 Type:0 Bindings:0 Members:0
Members List:
Binding List:
---------------- Group Index 521 ----------------
Index:0 Valid:0 Type:0 Bindings:0 Members:0
Members List:
Binding List:
---------------- Group Index 522 ----------------
Index:0 Valid:0 Type:0 Bindings:0 Members:0
Members List:
Binding List:
---------------- Group Index 523 ----------------
Index:0 Valid:0 Type:0 Bindings:0 Members:0
Members List:
Binding List:
---------------- Group Index 524 ----------------
Index:0 Valid:0 Type:0 Bindings:0 Members:0
Members List:
Binding List:
---------------- Group Index 525 ----------------
Index:0 Valid:0 Type:0 Bindings:0 Members:0
Members List:
Binding List:
---------------- Group Index 526 ----------------
Index:0 Valid:0 Type:0 Bindings:0 Members:0
Members List:
Binding List:
---------------- Group Index 527 ----------------
Index:0 Valid:0 Type:0 Bindings:0 Members:0
Members List:
Binding List:
---------------- Group Index 528 ----------------
Index:0 Valid:0 Type:0 Bindings:0 Members:0
Members List:
Binding List:
---------------- Group Index 529 ----------------
Index:0 Valid:0 Type:0 Bindings:0 Members:0
Members List:
Binding List:
---------------- Group Index 530 ----------------
Index:0 Valid:0 Type:0 Bindings:0 Members:0
Members List:
Binding List:
---------------- Group Index 531 ----------------
Index:0 Valid:0 Type:0 Bindings:0 Members:0
Members List:
Binding List:
---------------- Group Index 532 ----------------
Index:0 Valid:0 Type:0 Bindings:0 Members:0
Members List:
Binding List:
---------------- Group Index 533 ----------------
Index:0 Valid:0 Type:0 Bindings:0 Members:0
Members List:
Binding List:
---------------- Group Index 534 ----------------
Index:0 Valid:0 Type:0 Bindings:0 Members:0
Members List:
Binding List:
---------------- Group Index 535 ----------------
Index:0 Valid:0 Type:0 Bindings:0 Members:0
Members List:
Binding List:
---------------- Group Index 536 ----------------
Index:0 Valid:0 Type:0 Bindings:0 Members:0
Members List:
Binding List:
---------------- Group Index 537 ----------------
Index:0 Valid:0 Type:0 Bindings:0 Members:0
Members List:
Binding List:
---------------- Group Index 538 ----------------
Index:0 Valid:0 Type:0 Bindings:0 Members:0
Members List:
Binding List:
---------------- Group Index 539 ----------------
Index:0 Valid:0 Type:0 Bindings:0 Members:0
Members List:
Binding List:
---------------- Group Index 540 ----------------
Index:0 Valid:0 Type:0 Bindings:0 Members:0
Members List:
Binding List:
---------------- Group Index 541 ----------------
Index:0 Valid:0 Type:0 Bindings:0 Members:0
Members List:
Binding List:
---------------- Group Index 542 ----------------
Index:0 Valid:0 Type:0 Bindings:0 Members:0
Members List:
Binding List:
---------------- Group Index 543 ----------------
Index:0 Valid:0 Type:0 Bindings:0 Members:0
Members List:
Binding List:
---------------- Group Index 544 ----------------
Index:0 Valid:0 Type:0 Bindings:0 Members:0
Members List:
Binding List:
---------------- Group Index 545 ----------------
Index:0 Valid:0 Type:0 Bindings:0 Members:0
Members List:
Binding List:
---------------- Group Index 546 ----------------
Index:0 Valid:0 Type:0 Bindings:0 Members:0
Members List:
Binding List:
---------------- Group Index 547 ----------------
Index:0 Valid:0 Type:0 Bindings:0 Members:0
Members List:
Binding List:
---------------- Group Index 548 ----------------
Index:0 Valid:0 Type:0 Bindings:0 Members:0
Members List:
Binding List:
---------------- Group Index 549 ----------------
Index:0 Valid:0 Type:0 Bindings:0 Members:0
Members List:
Binding List:
---------------- Group Index 550 ----------------
Index:0 Valid:0 Type:0 Bindings:0 Members:0
Members List:
Binding List:
---------------- Group Index 551 ----------------
Index:0 Valid:0 Type:0 Bindings:0 Members:0
Members List:
Binding List:
---------------- Group Index 552 ----------------
Index:0 Valid:0 Type:0 Bindings:0 Members:0
Members List:
Binding List:
---------------- Group Index 553 ----------------
Index:0 Valid:0 Type:0 Bindings:0 Members:0
Members List:
Binding List:
---------------- Group Index 554 ----------------
Index:0 Valid:0 Type:0 Bindings:0 Members:0
Members List:
Binding List:
---------------- Group Index 555 ----------------
Index:0 Valid:0 Type:0 Bindings:0 Members:0
Members List:
Binding List:
---------------- Group Index 556 ----------------
Index:0 Valid:0 Type:0 Bindings:0 Members:0
Members List:
Binding List:
---------------- Group Index 557 ----------------
Index:0 Valid:0 Type:0 Bindings:0 Members:0
Members List:
Binding List:
---------------- Group Index 558 ----------------
Index:0 Valid:0 Type:0 Bindings:0 Members:0
Members List:
Binding List:
---------------- Group Index 559 ----------------
Index:0 Valid:0 Type:0 Bindings:0 Members:0
Members List:
Binding List:
---------------- Group Index 560 ----------------
Index:0 Valid:0 Type:0 Bindings:0 Members:0
Members List:
Binding List:
---------------- Group Index 561 ----------------
Index:0 Valid:0 Type:0 Bindings:0 Members:0
Members List:
Binding List:
---------------- Group Index 562 ----------------
Index:0 Valid:0 Type:0 Bindings:0 Members:0
Members List:
Binding List:
---------------- Group Index 563 ----------------
Index:0 Valid:0 Type:0 Bindings:0 Members:0
Members List:
Binding List:
---------------- Group Index 564 ----------------
Index:0 Valid:0 Type:0 Bindings:0 Members:0
Members List:
Binding List:
---------------- Group Index 565 ----------------
Index:0 Valid:0 Type:0 Bindings:0 Members:0
Members List:
Binding List:
---------------- Group Index 566 ----------------
Index:0 Valid:0 Type:0 Bindings:0 Members:0
Members List:
Binding List:
---------------- Group Index 567 ----------------
Index:0 Valid:0 Type:0 Bindings:0 Members:0
Members List:
Binding List:
---------------- Group Index 568 ----------------
Index:0 Valid:0 Type:0 Bindings:0 Members:0
Members List:
Binding List:
---------------- Group Index 569 ----------------
Index:0 Valid:0 Type:0 Bindings:0 Members:0
Members List:
Binding List:
---------------- Group Index 570 ----------------
Index:0 Valid:0 Type:0 Bindings:0 Members:0
Members List:
Binding List:
---------------- Group Index 571 ----------------
Index:0 Valid:0 Type:0 Bindings:0 Members:0
Members List:
Binding List:
---------------- Group Index 572 ----------------
Index:0 Valid:0 Type:0 Bindings:0 Members:0
Members List:
Binding List:
---------------- Group Index 573 ----------------
Index:0 Valid:0 Type:0 Bindings:0 Members:0
Members List:
Binding List:
---------------- Group Index 574 ----------------
Index:0 Valid:0 Type:0 Bindings:0 Members:0
Members List:
Binding List:
---------------- Group Index 575 ----------------
Index:0 Valid:0 Type:0 Bindings:0 Members:0
Members List:
Binding List:
---------------- Group Index 576 ----------------
Index:0 Valid:0 Type:0 Bindings:0 Members:0
Members List:
Binding List:
*************** Profiling data ***************
End to End Execution time: 109.11 ms
Backend execution time: 12 ms
**********************************************


real	0m0.458s
user	0m0.303s
sys	0m0.041s



--------------------------------------------------------------------
debugsh -p -b 16384 -c SYNCD -e show system internal sai iso-grp members
--------------------------------------------------------------------
%Error: No data received from backend in the last 5 seconds.


real	0m5.451s
user	0m0.321s
sys	0m0.036s





****************************************************************************
sai_isogrp techsupport dump ended at Mon 16 Mar 2026 06:07:19 AM GMT
****************************************************************************
