****************************************************************************
sai_mptnl techsupport dump begin at Mon 16 Mar 2026 06:07:04 AM GMT
****************************************************************************


--------------------------------------------------------------------
debugsh -p -b 16384 -c SYNCD -e show system internal sai mptnl tnlmap detail
--------------------------------------------------------------------

 Tunnel Map Information
=======================================================

 Total Map Count: 0
=======================================================
*************** Profiling data ***************
End to End Execution time: 102.42 ms
Backend execution time: 2 ms
**********************************************


real	0m0.452s
user	0m0.301s
sys	0m0.045s



--------------------------------------------------------------------
debugsh -p -b 16384 -c SYNCD -e show system internal sai mptnl mapentry detail
--------------------------------------------------------------------

 Tunnel Map Entry Information
=======================================================

 Total Map Entry Count: 0
=======================================================
*************** Profiling data ***************
End to End Execution time: 102.47 ms
Backend execution time: 0 ms
**********************************************


real	0m0.452s
user	0m0.312s
sys	0m0.024s



--------------------------------------------------------------------
debugsh -p -b 16384 -c SYNCD -e show system internal sai mptnl dvnimapentry detail
--------------------------------------------------------------------

 Tunnel DVNI Map Entry Information
=======================================================

 Total DVNI Map Entry Count: 0
=======================================================
*************** Profiling data ***************
End to End Execution time: 102.67 ms
Backend execution time: 0 ms
**********************************************


real	0m0.440s
user	0m0.282s
sys	0m0.052s



--------------------------------------------------------------------
debugsh -p -b 16384 -c SYNCD -e show system internal sai mptnl cmntnl detail
--------------------------------------------------------------------

 Tunnel Index Information
=======================================================

 Total Tnl Count: 0
=======================================================
*************** Profiling data ***************
End to End Execution time: 102.57 ms
Backend execution time: 78 ms
**********************************************


real	0m0.462s
user	0m0.283s
sys	0m0.059s



--------------------------------------------------------------------
debugsh -p -b 16384 -c SYNCD -e show system internal sai mptnl nh detail
--------------------------------------------------------------------

 Tunnel NH Information
=======================================================

 Total NH Count(0)

 LAG based NH List Count(0)

=======================================================
*************** Profiling data ***************
End to End Execution time: 102.45 ms
Backend execution time: 0 ms
**********************************************


real	0m0.453s
user	0m0.283s
sys	0m0.056s



--------------------------------------------------------------------
debugsh -p -b 16384 -c SYNCD -e show system internal sai mptnl sip detail
--------------------------------------------------------------------

 Tunnel SIP Information
=======================================================
*************** Profiling data ***************
End to End Execution time: 102.46 ms
Backend execution time: 0 ms
**********************************************


real	0m0.467s
user	0m0.305s
sys	0m0.035s



--------------------------------------------------------------------
debugsh -p -b 16384 -c SYNCD -e show system internal sai mptnl dip detail
--------------------------------------------------------------------

 Tunnel DIP Information
=======================================================

 Total DIP Count(0)

=======================================================
*************** Profiling data ***************
End to End Execution time: 102.71 ms
Backend execution time: 0 ms
**********************************************


real	0m0.508s
user	0m0.280s
sys	0m0.065s



--------------------------------------------------------------------
debugsh -p -b 16384 -c SYNCD -e show system internal sai mptnl route detail
--------------------------------------------------------------------

 Route Tunnel Information
=======================================================
 Total Route Count(0)
=======================================================
*************** Profiling data ***************
End to End Execution time: 102.51 ms
Backend execution time: 0 ms
**********************************************


real	0m0.464s
user	0m0.291s
sys	0m0.051s



--------------------------------------------------------------------
debugsh -p -b 16384 -c SYNCD -e show system internal sai mptnl global detail
--------------------------------------------------------------------

 Tunnel Global Information

 Configuration Information:
VxLAN BUM Bit Enable:No

 Capability Information:
VxLAN:Yes IPinIP/GRE:Yes VxLAN_Decap_Only:Yes VxLAN_L3VNI_Only:No

 vxlan_flow_handle(1) vxlan_rsvd_vpn(45055) tnl_l3_rif(8192) def_vni(0)
 vxlan_drop_nh(132768) ipip_drop_nh(132769) ifp_misc_group_dscp_to_tc(0)
 bcm_vxlan_ing_stat_pool_id(0x0) bcm_vxlan_egr_stat_pool_id(0x0)
 route_mode(Any prefix) ecmp_sharing_mode(No Sharing) acc_mode(1) lag_nh_del_track_cnt(0)       nh_hwid_mismatch(0) uniform_decap_qos_map(3072)

 Scaling Information:
 tnl(curr:0::max:1026) vxlan(curr:0::max:513) ipip(curr:0::max:513) tnl_ul_max_path(2)
 tnlmap(max(24576) vlan(curr:0::max:20480) vrf(curr:0::max:4096) lpbk(curr:0::max:5))

 Lock Information:
 Global acquire(total:736) release(total:736::normal:736::api:0)

 ctx(     vlan_add) acquire(total:0) release(total:0::normal:0::api:0)
 ctx(     vlan_del) acquire(total:0) release(total:0::normal:0::api:0)
 ctx(    get_by_id) acquire(total:71) release(total:71::normal:71::api:0)
 ctx(    get_by_ip) acquire(total:0) release(total:0::normal:0::api:0)
 ctx( get_vlan_vni) acquire(total:0) release(total:0::normal:0::api:0)
 ctx(       rt_add) acquire(total:0) release(total:0::normal:0::api:0)
 ctx(       rt_del) acquire(total:0) release(total:0::normal:0::api:0)
 ctx(  trk_mem_evt) acquire(total:2) release(total:2::normal:2::api:0)
 ctx(  sai_map_cre) acquire(total:0) release(total:0::normal:0::api:0)
 ctx(  sai_map_del) acquire(total:0) release(total:0::normal:0::api:0)
 ctx(  sai_tnl_cre) acquire(total:0) release(total:0::normal:0::api:0)
 ctx(  sai_tnl_del) acquire(total:0) release(total:0::normal:0::api:0)
 ctx( sai_term_cre) acquire(total:0) release(total:0::normal:0::api:0)
 ctx( sai_term_del) acquire(total:0) release(total:0::normal:0::api:0)
 ctx( sai_ment_cre) acquire(total:0) release(total:0::normal:0::api:0)
 ctx( sai_ment_del) acquire(total:0) release(total:0::normal:0::api:0)
 ctx(sai_port_lag_event) acquire(total:72) release(total:72::normal:72::api:0)
 ctx(   ext_module) acquire(total:559) release(total:559::normal:559::api:0)
 ctx(          cli) acquire(total:32) release(total:32::normal:32::api:0)
 ctx(      Unknown) acquire(total:0) release(total:0::normal:0::api:0)
 Ext Ctx Counters
 ext_ctx(ext_nhop_event) acquire(total:510) release(total:510::normal:510::api:0)

 Debug Counters
 Generic type(    vni_map_entry) (crea_succ:0::crea_fail:0::del_succ:0::del_fail:0)
 Generic type(   vlan_map_entry) (crea_succ:0::crea_fail:0::del_succ:0::del_fail:0)
 Generic type(    vrf_map_entry) (crea_succ:0::crea_fail:0::del_succ:0::del_fail:0)
 Generic type(      route_entry) (crea_succ:0::crea_fail:0::del_succ:0::del_fail:0)
 Generic type(    route_dip_tnl) (crea_succ:0::crea_fail:0::del_succ:0::del_fail:0)
 Generic type(  term_terminator) (crea_succ:0::crea_fail:0::del_succ:0::del_fail:0)
 Generic type(   term_flow_port) (crea_succ:0::crea_fail:0::del_succ:0::del_fail:0)
 Generic type(        term_ecmp) (crea_succ:0::crea_fail:0::del_succ:0::del_fail:0)
 Generic type(     term_ecmp_nh) (crea_succ:0::crea_fail:0::del_succ:0::del_fail:0)
 Generic type(       term_encap) (crea_succ:0::crea_fail:0::del_succ:0::del_fail:0)
 Generic type(  term_flow_match) (crea_succ:0::crea_fail:0::del_succ:0::del_fail:0)
 Generic type(   term_vp_member) (crea_succ:0::crea_fail:0::del_succ:0::del_fail:0)
 Generic type(   term_initiator) (crea_succ:0::crea_fail:0::del_succ:0::del_fail:0)
 Generic type(       vxlan_port) (crea_succ:0::crea_fail:0::del_succ:0::del_fail:0)
 Generic type(       sipdip vfp) (crea_succ:0::crea_fail:0::del_succ:0::del_fail:0)
 Generic type(  sipdip internal) (crea_succ:0::crea_fail:0::del_succ:0::del_fail:0)
     SIP type(     sip_tnl_term) (crea_succ:0::crea_fail:0::del_succ:0::del_fail:0)
     SIP type(  sip_tnl_l3_intf) (crea_succ:0::crea_fail:0::del_succ:0::del_fail:0)
     SIP type(sip_tnl_ing_stats) (crea_succ:0::crea_fail:0::del_succ:0::del_fail:0)
      NH type(            uc_nh) (crea_succ:0::crea_fail:0::del_succ:0::del_fail:0)
     DIP type(     dip_tnl_init) (crea_succ:0::crea_fail:0::del_succ:0::del_fail:0)
     DIP type(     dip_tnl_term) (crea_succ:0::crea_fail:0::del_succ:0::del_fail:0)
     DIP type(     dip_tnl_ecmp) (crea_succ:0::crea_fail:0::del_succ:0::del_fail:0)
     DIP type(    dip_tnl_encap) (crea_succ:0::crea_fail:0::del_succ:0::del_fail:0)
     DIP type(dip_tnl_flow_port) (crea_succ:0::crea_fail:0::del_succ:0::del_fail:0)
     DIP type(    dip_tnl_mc_nh) (crea_succ:0::crea_fail:0::del_succ:0::del_fail:0)
     DIP type(  dip_tnl_ecmp_nh) (crea_succ:0::crea_fail:0::del_succ:0::del_fail:0)
     DIP type(     dip_tnl_vlan) (crea_succ:0::crea_fail:0::del_succ:0::del_fail:0)
     DIP type(      dip_tnl_rif) (crea_succ:0::crea_fail:0::del_succ:0::del_fail:0)
     DIP type(       dip_tnl_nh) (crea_succ:0::crea_fail:0::del_succ:0::del_fail:0)
     DIP type(dip_tnl_ing_stats) (crea_succ:0::crea_fail:0::del_succ:0::del_fail:0)
     DIP type(dip_tnl_egr_stats) (crea_succ:0::crea_fail:0::del_succ:0::del_fail:0)
     DIP type( dip_tnl_nh_stats) (crea_succ:0::crea_fail:0::del_succ:0::del_fail:0)
     DIP type(dip_tnl_encap_tc_to_queue) (crea_succ:0::crea_fail:0::del_succ:0::del_fail:0)
     DIP type(dip_tnl_encap_tc_to_dscp) (crea_succ:0::crea_fail:0::del_succ:0::del_fail:0)
     DIP type(dip_tnl_decap_dscp_to_tc) (crea_succ:0::crea_fail:0::del_succ:0::del_fail:0)
     DIP type(dip_tnl_ipmc_nh_add) (crea_succ:0::crea_fail:0::del_succ:0::del_fail:0)
     DIP type(dip_tnl_ipmc_nh_del) (crea_succ:0::crea_fail:0::del_succ:0::del_fail:0)
     TERM type(    term_tnl_term) (crea_succ:0::crea_fail:0::del_succ:0::del_fail:0)
     TERM type( term_tnl_l3_intf) (crea_succ:0::crea_fail:0::del_succ:0::del_fail:0)
     TERM type(term_tnl_ing_stats) (crea_succ:0::crea_fail:0::del_succ:0::del_fail:0)
     TERM type(term_decap_tc_to_pg) (crea_succ:0::crea_fail:0::del_succ:0::del_fail:0)
=======================================================

 VLAN Tunnel membership debug counters
    VLAN type(    vlan_phy_port) (crea_succ:0::crea_fail:0::del_succ:0::del_fail:0)
    VLAN type(   vlan_trunk_mbr) (crea_succ:0::crea_fail:0::del_succ:0::del_fail:0)
    VLAN type(  vlan_cre_add_nh) (crea_succ:0::crea_fail:0::del_succ:0::del_fail:0)
    VLAN type(  vlan_del_rem_nh) (crea_succ:0::crea_fail:0::del_succ:0::del_fail:0)
    VLAN type(  vlan_cre_rem_nh) (crea_succ:0::crea_fail:0::del_succ:0::del_fail:0)
    VLAN type( vlan_cre_add_vid) (crea_succ:0::crea_fail:0::del_succ:0::del_fail:0)
    VLAN type( vlan_del_rem_vid) (crea_succ:0::crea_fail:0::del_succ:0::del_fail:0)
    VLAN type(  vlan_cre_upd_nh) (crea_succ:0::crea_fail:0::del_succ:0::del_fail:0)
    VLAN type(  vlan_del_upd_nh) (crea_succ:0::crea_fail:0::del_succ:0::del_fail:0)
    VLAN type(   vlan_cre_up_nh) (crea_succ:0::crea_fail:0::del_succ:0::del_fail:0)
    VLAN type( vlan_del_down_nh) (crea_succ:0::crea_fail:0::del_succ:0::del_fail:0)
=======================================================
*************** Profiling data ***************
End to End Execution time: 103.00 ms
Backend execution time: 1 ms
**********************************************


real	0m0.496s
user	0m0.311s
sys	0m0.028s





****************************************************************************
sai_mptnl techsupport dump ended at Mon 16 Mar 2026 06:07:08 AM GMT
****************************************************************************
