****************************************************************************
sai_acl techsupport dump begin at Mon 16 Mar 2026 06:07:25 AM GMT
****************************************************************************


--------------------------------------------------------------------
debugsh -p -b 16384 -c SYNCD -e show system internal sai acl egress port groups
--------------------------------------------------------------------
0   Index:0   Valid:0 Trunk:0   Entries:0
1   Index:0   Valid:0 Trunk:0   Entries:0
2   Index:0   Valid:0 Trunk:0   Entries:0
3   Index:0   Valid:0 Trunk:0   Entries:0
4   Index:0   Valid:0 Trunk:0   Entries:0
5   Index:0   Valid:0 Trunk:0   Entries:0
6   Index:0   Valid:0 Trunk:0   Entries:0
7   Index:0   Valid:0 Trunk:0   Entries:0
8   Index:0   Valid:0 Trunk:0   Entries:0
9   Index:0   Valid:0 Trunk:0   Entries:0
10  Index:0   Valid:0 Trunk:0   Entries:0
11  Index:0   Valid:0 Trunk:0   Entries:0
12  Index:0   Valid:0 Trunk:0   Entries:0
13  Index:0   Valid:0 Trunk:0   Entries:0
14  Index:0   Valid:0 Trunk:0   Entries:0
15  Index:0   Valid:0 Trunk:0   Entries:0
16  Index:0   Valid:0 Trunk:0   Entries:0
17  Index:0   Valid:0 Trunk:0   Entries:0
18  Index:0   Valid:0 Trunk:0   Entries:0
19  Index:0   Valid:0 Trunk:0   Entries:0
20  Index:0   Valid:0 Trunk:0   Entries:0
21  Index:0   Valid:0 Trunk:0   Entries:0
22  Index:0   Valid:0 Trunk:0   Entries:0
23  Index:0   Valid:0 Trunk:0   Entries:0
24  Index:0   Valid:0 Trunk:0   Entries:0
25  Index:0   Valid:0 Trunk:0   Entries:0
26  Index:0   Valid:0 Trunk:0   Entries:0
27  Index:0   Valid:0 Trunk:0   Entries:0
28  Index:0   Valid:0 Trunk:0   Entries:0
29  Index:0   Valid:0 Trunk:0   Entries:0
30  Index:0   Valid:0 Trunk:0   Entries:0
31  Index:0   Valid:0 Trunk:0   Entries:0
32  Index:0   Valid:0 Trunk:0   Entries:0
33  Index:0   Valid:0 Trunk:0   Entries:0
34  Index:0   Valid:0 Trunk:0   Entries:0
35  Index:0   Valid:0 Trunk:0   Entries:0
36  Index:0   Valid:0 Trunk:0   Entries:0
37  Index:0   Valid:0 Trunk:0   Entries:0
38  Index:0   Valid:0 Trunk:0   Entries:0
39  Index:0   Valid:0 Trunk:0   Entries:0
40  Index:0   Valid:0 Trunk:0   Entries:0
41  Index:0   Valid:0 Trunk:0   Entries:0
42  Index:0   Valid:0 Trunk:0   Entries:0
43  Index:0   Valid:0 Trunk:0   Entries:0
44  Index:0   Valid:0 Trunk:0   Entries:0
45  Index:0   Valid:0 Trunk:0   Entries:0
46  Index:0   Valid:0 Trunk:0   Entries:0
47  Index:0   Valid:0 Trunk:0   Entries:0
48  Index:0   Valid:0 Trunk:0   Entries:0
49  Index:0   Valid:0 Trunk:0   Entries:0
50  Index:0   Valid:0 Trunk:0   Entries:0
51  Index:0   Valid:0 Trunk:0   Entries:0
52  Index:0   Valid:0 Trunk:0   Entries:0
53  Index:0   Valid:0 Trunk:0   Entries:0
54  Index:0   Valid:0 Trunk:0   Entries:0
55  Index:0   Valid:0 Trunk:0   Entries:0
56  Index:0   Valid:0 Trunk:0   Entries:0
57  Index:0   Valid:0 Trunk:0   Entries:0
58  Index:0   Valid:0 Trunk:0   Entries:0
59  Index:0   Valid:0 Trunk:0   Entries:0
60  Index:0   Valid:0 Trunk:0   Entries:0
61  Index:0   Valid:0 Trunk:0   Entries:0
62  Index:0   Valid:0 Trunk:0   Entries:0
63  Index:0   Valid:0 Trunk:0   Entries:0
64  Index:0   Valid:0 Trunk:0   Entries:0
65  Index:0   Valid:0 Trunk:0   Entries:0
66  Index:0   Valid:0 Trunk:0   Entries:0
67  Index:0   Valid:0 Trunk:0   Entries:0
68  Index:0   Valid:0 Trunk:0   Entries:0
69  Index:0   Valid:0 Trunk:0   Entries:0
70  Index:0   Valid:0 Trunk:0   Entries:0
71  Index:0   Valid:0 Trunk:0   Entries:0
72  Index:0   Valid:0 Trunk:0   Entries:0
73  Index:0   Valid:0 Trunk:0   Entries:0
74  Index:0   Valid:0 Trunk:0   Entries:0
75  Index:0   Valid:0 Trunk:0   Entries:0
76  Index:0   Valid:0 Trunk:0   Entries:0
77  Index:0   Valid:0 Trunk:0   Entries:0
78  Index:0   Valid:0 Trunk:0   Entries:0
79  Index:0   Valid:0 Trunk:0   Entries:0
80  Index:0   Valid:0 Trunk:0   Entries:0
81  Index:0   Valid:0 Trunk:0   Entries:0
82  Index:0   Valid:0 Trunk:0   Entries:0
83  Index:0   Valid:0 Trunk:0   Entries:0
84  Index:0   Valid:0 Trunk:0   Entries:0
85  Index:0   Valid:0 Trunk:0   Entries:0
86  Index:0   Valid:0 Trunk:0   Entries:0
87  Index:0   Valid:0 Trunk:0   Entries:0
88  Index:0   Valid:0 Trunk:0   Entries:0
89  Index:0   Valid:0 Trunk:0   Entries:0
90  Index:0   Valid:0 Trunk:0   Entries:0
91  Index:0   Valid:0 Trunk:0   Entries:0
92  Index:0   Valid:0 Trunk:0   Entries:0
93  Index:0   Valid:0 Trunk:0   Entries:0
94  Index:0   Valid:0 Trunk:0   Entries:0
95  Index:0   Valid:0 Trunk:0   Entries:0
96  Index:0   Valid:0 Trunk:0   Entries:0
97  Index:0   Valid:0 Trunk:0   Entries:0
98  Index:0   Valid:0 Trunk:0   Entries:0
99  Index:0   Valid:0 Trunk:0   Entries:0
100 Index:0   Valid:0 Trunk:0   Entries:0
101 Index:0   Valid:0 Trunk:0   Entries:0
102 Index:0   Valid:0 Trunk:0   Entries:0
103 Index:0   Valid:0 Trunk:0   Entries:0
104 Index:0   Valid:0 Trunk:0   Entries:0
105 Index:0   Valid:0 Trunk:0   Entries:0
106 Index:0   Valid:0 Trunk:0   Entries:0
107 Index:0   Valid:0 Trunk:0   Entries:0
108 Index:0   Valid:0 Trunk:0   Entries:0
109 Index:0   Valid:0 Trunk:0   Entries:0
110 Index:0   Valid:0 Trunk:0   Entries:0
111 Index:0   Valid:0 Trunk:0   Entries:0
112 Index:0   Valid:0 Trunk:0   Entries:0
113 Index:0   Valid:0 Trunk:0   Entries:0
114 Index:0   Valid:0 Trunk:0   Entries:0
115 Index:0   Valid:0 Trunk:0   Entries:0
116 Index:0   Valid:0 Trunk:0   Entries:0
117 Index:0   Valid:0 Trunk:0   Entries:0
118 Index:0   Valid:0 Trunk:0   Entries:0
119 Index:0   Valid:0 Trunk:0   Entries:0
120 Index:0   Valid:0 Trunk:0   Entries:0
121 Index:0   Valid:0 Trunk:0   Entries:0
122 Index:0   Valid:0 Trunk:0   Entries:0
123 Index:0   Valid:0 Trunk:0   Entries:0
124 Index:0   Valid:0 Trunk:0   Entries:0
125 Index:0   Valid:0 Trunk:0   Entries:0
126 Index:0   Valid:0 Trunk:0   Entries:0
127 Index:0   Valid:0 Trunk:0   Entries:0
128 Index:0   Valid:0 Trunk:0   Entries:0
129 Index:0   Valid:0 Trunk:0   Entries:0
130 Index:0   Valid:0 Trunk:0   Entries:0
131 Index:0   Valid:0 Trunk:0   Entries:0
132 Index:0   Valid:0 Trunk:0   Entries:0
133 Index:0   Valid:0 Trunk:0   Entries:0
134 Index:0   Valid:0 Trunk:0   Entries:0
135 Index:0   Valid:0 Trunk:0   Entries:0
136 Index:0   Valid:0 Trunk:0   Entries:0
137 Index:0   Valid:0 Trunk:0   Entries:0
138 Index:0   Valid:0 Trunk:0   Entries:0
139 Index:0   Valid:0 Trunk:0   Entries:0
140 Index:0   Valid:0 Trunk:0   Entries:0
141 Index:0   Valid:0 Trunk:0   Entries:0
142 Index:0   Valid:0 Trunk:0   Entries:0
143 Index:0   Valid:0 Trunk:0   Entries:0
144 Index:0   Valid:0 Trunk:0   Entries:0
145 Index:0   Valid:0 Trunk:0   Entries:0
146 Index:0   Valid:0 Trunk:0   Entries:0
147 Index:0   Valid:0 Trunk:0   Entries:0
148 Index:0   Valid:0 Trunk:0   Entries:0
149 Index:0   Valid:0 Trunk:0   Entries:0
150 Index:0   Valid:0 Trunk:0   Entries:0
151 Index:0   Valid:0 Trunk:0   Entries:0
152 Index:0   Valid:0 Trunk:0   Entries:0
153 Index:0   Valid:0 Trunk:0   Entries:0
154 Index:0   Valid:0 Trunk:0   Entries:0
155 Index:0   Valid:0 Trunk:0   Entries:0
156 Index:0   Valid:0 Trunk:0   Entries:0
157 Index:0   Valid:0 Trunk:0   Entries:0
158 Index:0   Valid:0 Trunk:0   Entries:0
159 Index:0   Valid:0 Trunk:0   Entries:0
160 Index:0   Valid:0 Trunk:0   Entries:0
161 Index:0   Valid:0 Trunk:0   Entries:0
162 Index:0   Valid:0 Trunk:0   Entries:0
163 Index:0   Valid:0 Trunk:0   Entries:0
164 Index:0   Valid:0 Trunk:0   Entries:0
165 Index:0   Valid:0 Trunk:0   Entries:0
166 Index:0   Valid:0 Trunk:0   Entries:0
167 Index:0   Valid:0 Trunk:0   Entries:0
168 Index:0   Valid:0 Trunk:0   Entries:0
169 Index:0   Valid:0 Trunk:0   Entries:0
170 Index:0   Valid:0 Trunk:0   Entries:0
171 Index:0   Valid:0 Trunk:0   Entries:0
172 Index:0   Valid:0 Trunk:0   Entries:0
173 Index:0   Valid:0 Trunk:0   Entries:0
174 Index:0   Valid:0 Trunk:0   Entries:0
175 Index:0   Valid:0 Trunk:0   Entries:0
176 Index:0   Valid:0 Trunk:0   Entries:0
177 Index:0   Valid:0 Trunk:0   Entries:0
178 Index:0   Valid:0 Trunk:0   Entries:0
179 Index:0   Valid:0 Trunk:0   Entries:0
180 Index:0   Valid:0 Trunk:0   Entries:0
181 Index:0   Valid:0 Trunk:0   Entries:0
182 Index:0   Valid:0 Trunk:0   Entries:0
183 Index:0   Valid:0 Trunk:0   Entries:0
184 Index:0   Valid:0 Trunk:0   Entries:0
185 Index:0   Valid:0 Trunk:0   Entries:0
186 Index:0   Valid:0 Trunk:0   Entries:0
187 Index:0   Valid:0 Trunk:0   Entries:0
188 Index:0   Valid:0 Trunk:0   Entries:0
189 Index:0   Valid:0 Trunk:0   Entries:0
190 Index:0   Valid:0 Trunk:0   Entries:0
191 Index:0   Valid:0 Trunk:0   Entries:0
192 Index:0   Valid:0 Trunk:0   Entries:0
193 Index:0   Valid:0 Trunk:0   Entries:0
194 Index:0   Valid:0 Trunk:0   Entries:0
195 Index:0   Valid:0 Trunk:0   Entries:0
196 Index:0   Valid:0 Trunk:0   Entries:0
197 Index:0   Valid:0 Trunk:0   Entries:0
198 Index:0   Valid:0 Trunk:0   Entries:0
199 Index:0   Valid:0 Trunk:0   Entries:0
200 Index:0   Valid:0 Trunk:0   Entries:0
201 Index:0   Valid:0 Trunk:0   Entries:0
202 Index:0   Valid:0 Trunk:0   Entries:0
203 Index:0   Valid:0 Trunk:0   Entries:0
204 Index:0   Valid:0 Trunk:0   Entries:0
205 Index:0   Valid:0 Trunk:0   Entries:0
206 Index:0   Valid:0 Trunk:0   Entries:0
207 Index:0   Valid:0 Trunk:0   Entries:0
208 Index:0   Valid:0 Trunk:0   Entries:0
209 Index:0   Valid:0 Trunk:0   Entries:0
210 Index:0   Valid:0 Trunk:0   Entries:0
211 Index:0   Valid:0 Trunk:0   Entries:0
212 Index:0   Valid:0 Trunk:0   Entries:0
213 Index:0   Valid:0 Trunk:0   Entries:0
214 Index:0   Valid:0 Trunk:0   Entries:0
215 Index:0   Valid:0 Trunk:0   Entries:0
216 Index:0   Valid:0 Trunk:0   Entries:0
217 Index:0   Valid:0 Trunk:0   Entries:0
218 Index:0   Valid:0 Trunk:0   Entries:0
219 Index:0   Valid:0 Trunk:0   Entries:0
220 Index:0   Valid:0 Trunk:0   Entries:0
221 Index:0   Valid:0 Trunk:0   Entries:0
222 Index:0   Valid:0 Trunk:0   Entries:0
223 Index:0   Valid:0 Trunk:0   Entries:0
224 Index:0   Valid:0 Trunk:0   Entries:0
225 Index:0   Valid:0 Trunk:0   Entries:0
226 Index:0   Valid:0 Trunk:0   Entries:0
227 Index:0   Valid:0 Trunk:0   Entries:0
228 Index:0   Valid:0 Trunk:0   Entries:0
229 Index:0   Valid:0 Trunk:0   Entries:0
230 Index:0   Valid:0 Trunk:0   Entries:0
231 Index:0   Valid:0 Trunk:0   Entries:0
232 Index:0   Valid:0 Trunk:0   Entries:0
233 Index:0   Valid:0 Trunk:0   Entries:0
234 Index:0   Valid:0 Trunk:0   Entries:0
235 Index:0   Valid:0 Trunk:0   Entries:0
236 Index:0   Valid:0 Trunk:0   Entries:0
237 Index:0   Valid:0 Trunk:0   Entries:0
238 Index:0   Valid:0 Trunk:0   Entries:0
239 Index:0   Valid:0 Trunk:0   Entries:0
240 Index:0   Valid:0 Trunk:0   Entries:0
241 Index:0   Valid:0 Trunk:0   Entries:0
242 Index:0   Valid:0 Trunk:0   Entries:0
243 Index:0   Valid:0 Trunk:0   Entries:0
244 Index:0   Valid:0 Trunk:0   Entries:0
245 Index:0   Valid:0 Trunk:0   Entries:0
246 Index:0   Valid:0 Trunk:0   Entries:0
247 Index:0   Valid:0 Trunk:0   Entries:0
248 Index:0   Valid:0 Trunk:0   Entries:0
249 Index:0   Valid:0 Trunk:0   Entries:0
250 Index:0   Valid:0 Trunk:0   Entries:0
251 Index:0   Valid:0 Trunk:0   Entries:0
252 Index:0   Valid:0 Trunk:0   Entries:0
253 Index:0   Valid:0 Trunk:0   Entries:0
254 Index:0   Valid:0 Trunk:0   Entries:0
255 Index:0   Valid:0 Trunk:0   Entries:0
*************** Profiling data ***************
End to End Execution time: 1624.92 ms
Backend execution time: 15 ms
**********************************************


real	0m2.156s
user	0m0.303s
sys	0m0.068s



--------------------------------------------------------------------
debugsh -p -b 16384 -c SYNCD -e show system internal sai acl egress port groups detail
--------------------------------------------------------------------
*************** Profiling data ***************
End to End Execution time: 108.22 ms
Backend execution time: 9 ms
**********************************************


real	0m0.601s
user	0m0.292s
sys	0m0.058s



--------------------------------------------------------------------
debugsh -p -b 16384 -c SYNCD -e show system internal sai acl egress port info
--------------------------------------------------------------------
Port:1 EgrGrpId:0
Port:5 EgrGrpId:0
Port:13 EgrGrpId:0
Port:14 EgrGrpId:0
Port:15 EgrGrpId:0
Port:16 EgrGrpId:0
Port:21 EgrGrpId:0
Port:22 EgrGrpId:0
Port:23 EgrGrpId:0
Port:24 EgrGrpId:0
Port:29 EgrGrpId:0
Port:30 EgrGrpId:0
Port:31 EgrGrpId:0
Port:32 EgrGrpId:0
Port:33 EgrGrpId:0
Port:41 EgrGrpId:0
Port:49 EgrGrpId:0
Port:50 EgrGrpId:0
Port:51 EgrGrpId:0
Port:52 EgrGrpId:0
Port:57 EgrGrpId:0
Port:58 EgrGrpId:0
Port:59 EgrGrpId:0
Port:60 EgrGrpId:0
Port:61 EgrGrpId:0
Port:62 EgrGrpId:0
Port:63 EgrGrpId:0
Port:64 EgrGrpId:0
Port:67 EgrGrpId:0
Port:71 EgrGrpId:0
Port:79 EgrGrpId:0
Port:80 EgrGrpId:0
Port:81 EgrGrpId:0
Port:82 EgrGrpId:0
Port:87 EgrGrpId:0
Port:88 EgrGrpId:0
Port:89 EgrGrpId:0
Port:90 EgrGrpId:0
Port:95 EgrGrpId:0
Port:96 EgrGrpId:0
Port:97 EgrGrpId:0
Port:98 EgrGrpId:0
Port:99 EgrGrpId:0
Port:100 EgrGrpId:0
Port:101 EgrGrpId:0
Port:102 EgrGrpId:0
Port:107 EgrGrpId:0
Port:108 EgrGrpId:0
Port:109 EgrGrpId:0
Port:110 EgrGrpId:0
Port:115 EgrGrpId:0
Port:116 EgrGrpId:0
Port:117 EgrGrpId:0
Port:118 EgrGrpId:0
Port:123 EgrGrpId:0
Port:127 EgrGrpId:0
*************** Profiling data ***************
End to End Execution time: 103.23 ms
Backend execution time: 0 ms
**********************************************


real	0m0.466s
user	0m0.304s
sys	0m0.040s





****************************************************************************
sai_acl techsupport dump ended at Mon 16 Mar 2026 06:07:28 AM GMT
****************************************************************************
