2026-04-24 14:06:46,028 - automatic_knowledge_integrator - INFO - Background processors started
2026-04-24 14:06:46,030 - automatic_knowledge_integrator - INFO - Automatic Knowledge Integrator initialized
2026-04-24 14:06:46,030 - workspace_skill_hooks - INFO - Workspace Skill Hook System initialized
2026-04-24 14:06:46,030 - workspace_skill_hooks - INFO - Import hook installed
2026-04-24 14:06:46,035 - workspace_skill_hooks - INFO - Wrapped function: builtins.RuntimeError
2026-04-24 14:06:46,035 - workspace_skill_hooks - INFO - Wrapped function: builtins.RuntimeWarning
2026-04-24 14:06:46,035 - workspace_skill_hooks - INFO - Wrapped function: builtins.ChildProcessError
2026-04-24 14:06:46,036 - workspace_skill_hooks - INFO - Wrapped function: builtins.ProcessLookupError
2026-04-24 14:06:46,036 - workspace_skill_hooks - INFO - Hooked module: builtins
2026-04-24 14:06:46,037 - workspace_skill_hooks - INFO - Wrapped function: nt.startfile
2026-04-24 14:06:46,039 - workspace_skill_hooks - INFO - Wrapped function: nt.write
2026-04-24 14:06:46,039 - workspace_skill_hooks - INFO - Wrapped function: nt.ftruncate
2026-04-24 14:06:46,039 - workspace_skill_hooks - INFO - Wrapped function: nt.truncate
2026-04-24 14:06:46,039 - workspace_skill_hooks - INFO - Wrapped function: nt.get_handle_inheritable
2026-04-24 14:06:46,040 - workspace_skill_hooks - INFO - Wrapped function: nt.set_handle_inheritable
2026-04-24 14:06:46,040 - workspace_skill_hooks - INFO - Hooked module: nt
2026-04-24 14:06:46,041 - workspace_skill_hooks - INFO - Wrapped function: time.process_time
2026-04-24 14:06:46,041 - workspace_skill_hooks - INFO - Wrapped function: time.process_time_ns
2026-04-24 14:06:46,041 - workspace_skill_hooks - INFO - Hooked module: time
2026-04-24 14:06:46,042 - workspace_skill_hooks - INFO - Wrapped function: _winapi.CloseHandle
2026-04-24 14:06:46,042 - workspace_skill_hooks - INFO - Wrapped function: _winapi.CreateProcess
2026-04-24 14:06:46,042 - workspace_skill_hooks - INFO - Wrapped function: _winapi.DuplicateHandle
2026-04-24 14:06:46,042 - workspace_skill_hooks - INFO - Wrapped function: _winapi.ExitProcess
2026-04-24 14:06:46,042 - workspace_skill_hooks - INFO - Wrapped function: _winapi.GetCurrentProcess
2026-04-24 14:06:46,042 - workspace_skill_hooks - INFO - Wrapped function: _winapi.GetExitCodeProcess
2026-04-24 14:06:46,042 - workspace_skill_hooks - INFO - Wrapped function: _winapi.GetStdHandle
2026-04-24 14:06:46,042 - workspace_skill_hooks - INFO - Wrapped function: _winapi.OpenProcess
2026-04-24 14:06:46,044 - workspace_skill_hooks - INFO - Wrapped function: _winapi.SetNamedPipeHandleState
2026-04-24 14:06:46,044 - workspace_skill_hooks - INFO - Wrapped function: _winapi.TerminateProcess
2026-04-24 14:06:46,044 - workspace_skill_hooks - ERROR - Failed to auto-activate hooks: dictionary changed size during iteration
2026-04-24 14:10:13,968 - automatic_knowledge_integrator - INFO - Background processors started
2026-04-24 14:10:13,968 - automatic_knowledge_integrator - INFO - Automatic Knowledge Integrator initialized
2026-04-24 14:10:13,968 - workspace_skill_hooks - INFO - Workspace Skill Hook System initialized
2026-04-24 14:10:13,968 - workspace_skill_hooks - INFO - Import hook installed
2026-04-24 14:10:13,975 - workspace_skill_hooks - INFO - Wrapped function: builtins.RuntimeError
2026-04-24 14:10:13,975 - workspace_skill_hooks - INFO - Wrapped function: builtins.RuntimeWarning
2026-04-24 14:10:13,975 - workspace_skill_hooks - INFO - Wrapped function: builtins.ChildProcessError
2026-04-24 14:10:13,975 - workspace_skill_hooks - INFO - Wrapped function: builtins.ProcessLookupError
2026-04-24 14:10:13,976 - workspace_skill_hooks - INFO - Hooked module: builtins
2026-04-24 14:10:13,978 - workspace_skill_hooks - INFO - Wrapped function: nt.startfile
2026-04-24 14:10:13,978 - workspace_skill_hooks - INFO - Wrapped function: nt.write
2026-04-24 14:10:13,978 - workspace_skill_hooks - INFO - Wrapped function: nt.ftruncate
2026-04-24 14:10:13,978 - workspace_skill_hooks - INFO - Wrapped function: nt.truncate
2026-04-24 14:10:13,980 - workspace_skill_hooks - INFO - Wrapped function: nt.get_handle_inheritable
2026-04-24 14:10:13,980 - workspace_skill_hooks - INFO - Wrapped function: nt.set_handle_inheritable
2026-04-24 14:10:13,980 - workspace_skill_hooks - INFO - Hooked module: nt
2026-04-24 14:10:13,980 - workspace_skill_hooks - INFO - Wrapped function: time.process_time
2026-04-24 14:10:13,980 - workspace_skill_hooks - INFO - Wrapped function: time.process_time_ns
2026-04-24 14:10:13,980 - workspace_skill_hooks - INFO - Hooked module: time
2026-04-24 14:10:13,981 - workspace_skill_hooks - INFO - Wrapped function: _winapi.CloseHandle
2026-04-24 14:10:13,982 - workspace_skill_hooks - INFO - Wrapped function: _winapi.CreateProcess
2026-04-24 14:10:13,982 - workspace_skill_hooks - INFO - Wrapped function: _winapi.DuplicateHandle
2026-04-24 14:10:13,982 - workspace_skill_hooks - INFO - Wrapped function: _winapi.ExitProcess
2026-04-24 14:10:13,982 - workspace_skill_hooks - INFO - Wrapped function: _winapi.GetCurrentProcess
2026-04-24 14:10:13,982 - workspace_skill_hooks - INFO - Wrapped function: _winapi.GetExitCodeProcess
2026-04-24 14:10:13,982 - workspace_skill_hooks - INFO - Wrapped function: _winapi.GetStdHandle
2026-04-24 14:10:13,982 - workspace_skill_hooks - INFO - Wrapped function: _winapi.OpenProcess
2026-04-24 14:10:13,983 - workspace_skill_hooks - INFO - Wrapped function: _winapi.SetNamedPipeHandleState
2026-04-24 14:10:13,983 - workspace_skill_hooks - INFO - Wrapped function: _winapi.TerminateProcess
2026-04-24 14:10:13,983 - workspace_skill_hooks - ERROR - Failed to auto-activate hooks: dictionary changed size during iteration
2026-04-24 14:10:13,995 - workspace_skill_hooks - INFO - Wrapped function: os.startfile
2026-04-24 14:10:13,995 - workspace_skill_hooks - INFO - Wrapped function: os.write
2026-04-24 14:10:13,995 - workspace_skill_hooks - INFO - Wrapped function: os.ftruncate
2026-04-24 14:10:13,995 - workspace_skill_hooks - INFO - Wrapped function: os.truncate
2026-04-24 14:10:13,996 - workspace_skill_hooks - INFO - Wrapped function: os.get_handle_inheritable
2026-04-24 14:10:13,996 - workspace_skill_hooks - INFO - Wrapped function: os.set_handle_inheritable
2026-04-24 14:10:13,996 - workspace_skill_hooks - INFO - Wrapped function: os._Environ
2026-04-24 14:10:13,996 - workspace_skill_hooks - INFO - Hooked module: os
2026-04-24 14:10:13,999 - workspace_skill_hooks - INFO - Wrapped function: typing.runtime_checkable
2026-04-24 14:10:14,000 - workspace_skill_hooks - INFO - Hooked module: typing
2026-04-24 14:10:14,000 - workspace_skill_hooks - INFO - Wrapped function: dataclasses._process_class
2026-04-24 14:10:14,000 - workspace_skill_hooks - INFO - Hooked module: dataclasses
2026-04-24 14:10:14,043 - workspace_skill_hooks - INFO - Hooked module: automatic_skill_file_updater
2026-04-24 14:10:41,965 - automatic_knowledge_integrator - INFO - Background processors started
2026-04-24 14:10:41,965 - automatic_knowledge_integrator - INFO - Automatic Knowledge Integrator initialized
2026-04-24 14:10:41,965 - workspace_skill_hooks - INFO - Workspace Skill Hook System initialized
2026-04-24 14:10:41,965 - workspace_skill_hooks - INFO - Import hook installed
2026-04-24 14:10:41,967 - workspace_skill_hooks - INFO - Wrapped function: builtins.RuntimeError
2026-04-24 14:10:41,967 - workspace_skill_hooks - INFO - Wrapped function: builtins.RuntimeWarning
2026-04-24 14:10:41,967 - workspace_skill_hooks - INFO - Wrapped function: builtins.ChildProcessError
2026-04-24 14:10:41,967 - workspace_skill_hooks - INFO - Wrapped function: builtins.ProcessLookupError
2026-04-24 14:10:41,967 - workspace_skill_hooks - INFO - Hooked module: builtins
2026-04-24 14:10:41,971 - workspace_skill_hooks - INFO - Wrapped function: nt.startfile
2026-04-24 14:10:41,972 - workspace_skill_hooks - INFO - Wrapped function: nt.write
2026-04-24 14:10:41,972 - workspace_skill_hooks - INFO - Wrapped function: nt.ftruncate
2026-04-24 14:10:41,973 - workspace_skill_hooks - INFO - Wrapped function: nt.truncate
2026-04-24 14:10:41,973 - workspace_skill_hooks - INFO - Wrapped function: nt.get_handle_inheritable
2026-04-24 14:10:41,973 - workspace_skill_hooks - INFO - Wrapped function: nt.set_handle_inheritable
2026-04-24 14:10:41,973 - workspace_skill_hooks - INFO - Hooked module: nt
2026-04-24 14:10:41,973 - workspace_skill_hooks - INFO - Wrapped function: time.process_time
2026-04-24 14:10:41,973 - workspace_skill_hooks - INFO - Wrapped function: time.process_time_ns
2026-04-24 14:10:41,973 - workspace_skill_hooks - INFO - Hooked module: time
2026-04-24 14:10:41,973 - workspace_skill_hooks - INFO - Wrapped function: _winapi.CloseHandle
2026-04-24 14:10:41,973 - workspace_skill_hooks - INFO - Wrapped function: _winapi.CreateProcess
2026-04-24 14:10:41,976 - workspace_skill_hooks - INFO - Wrapped function: _winapi.DuplicateHandle
2026-04-24 14:10:41,976 - workspace_skill_hooks - INFO - Wrapped function: _winapi.ExitProcess
2026-04-24 14:10:41,976 - workspace_skill_hooks - INFO - Wrapped function: _winapi.GetCurrentProcess
2026-04-24 14:10:41,976 - workspace_skill_hooks - INFO - Wrapped function: _winapi.GetExitCodeProcess
2026-04-24 14:10:41,976 - workspace_skill_hooks - INFO - Wrapped function: _winapi.GetStdHandle
2026-04-24 14:10:41,976 - workspace_skill_hooks - INFO - Wrapped function: _winapi.OpenProcess
2026-04-24 14:10:41,976 - workspace_skill_hooks - INFO - Wrapped function: _winapi.SetNamedPipeHandleState
2026-04-24 14:10:41,976 - workspace_skill_hooks - INFO - Wrapped function: _winapi.TerminateProcess
2026-04-24 14:10:41,976 - workspace_skill_hooks - ERROR - Failed to auto-activate hooks: dictionary changed size during iteration
2026-04-24 14:10:41,980 - workspace_skill_hooks - INFO - Wrapped function: os.startfile
2026-04-24 14:10:41,980 - workspace_skill_hooks - INFO - Wrapped function: os.write
2026-04-24 14:10:41,980 - workspace_skill_hooks - INFO - Wrapped function: os.ftruncate
2026-04-24 14:10:41,980 - workspace_skill_hooks - INFO - Wrapped function: os.truncate
2026-04-24 14:10:41,981 - workspace_skill_hooks - INFO - Wrapped function: os.get_handle_inheritable
2026-04-24 14:10:41,981 - workspace_skill_hooks - INFO - Wrapped function: os.set_handle_inheritable
2026-04-24 14:10:41,981 - workspace_skill_hooks - INFO - Wrapped function: os._Environ
2026-04-24 14:10:41,981 - workspace_skill_hooks - INFO - Hooked module: os
2026-04-24 14:10:41,983 - workspace_skill_hooks - INFO - Wrapped function: typing.runtime_checkable
2026-04-24 14:10:41,985 - workspace_skill_hooks - INFO - Hooked module: typing
2026-04-24 14:10:41,985 - workspace_skill_hooks - INFO - Wrapped function: dataclasses._process_class
2026-04-24 14:10:41,985 - workspace_skill_hooks - INFO - Hooked module: dataclasses
2026-04-24 14:10:42,004 - workspace_skill_hooks - INFO - Hooked module: automatic_skill_file_updater
2026-04-24 14:10:42,020 - workspace_skill_hooks - INFO - Wrapped function: math.trunc
2026-04-24 14:10:42,022 - workspace_skill_hooks - INFO - Hooked module: math
2026-04-24 14:10:42,028 - workspace_skill_hooks - INFO - Wrapped function: warnings._processoptions
2026-04-24 14:10:42,028 - workspace_skill_hooks - INFO - Hooked module: warnings
2026-04-24 14:10:42,030 - workspace_skill_hooks - INFO - Wrapped function: subprocess.SubprocessError
2026-04-24 14:10:42,030 - workspace_skill_hooks - INFO - Wrapped function: subprocess.CalledProcessError
2026-04-24 14:10:42,030 - workspace_skill_hooks - INFO - Wrapped function: subprocess.STARTUPINFO
2026-04-24 14:10:42,030 - workspace_skill_hooks - INFO - Wrapped function: subprocess.Handle
2026-04-24 14:10:42,030 - workspace_skill_hooks - INFO - Wrapped function: subprocess.CompletedProcess
2026-04-24 14:10:42,030 - workspace_skill_hooks - INFO - Wrapped function: subprocess.run
2026-04-24 14:10:42,030 - workspace_skill_hooks - INFO - Hooked module: subprocess
2026-04-24 14:10:42,033 - workspace_skill_hooks - INFO - Wrapped function: psutil._common.NoSuchProcess
2026-04-24 14:10:42,033 - workspace_skill_hooks - INFO - Wrapped function: psutil._common.ZombieProcess
2026-04-24 14:10:42,034 - workspace_skill_hooks - INFO - Wrapped function: psutil._common.parse_environ_block
2026-04-24 14:10:42,034 - workspace_skill_hooks - INFO - Hooked module: _common
2026-04-24 14:10:42,039 - workspace_skill_hooks - INFO - Wrapped function: psutil.NoSuchProcess
2026-04-24 14:10:42,039 - workspace_skill_hooks - INFO - Wrapped function: psutil.ZombieProcess
2026-04-24 14:10:42,039 - workspace_skill_hooks - INFO - Hooked module: 
2026-04-24 14:10:42,100 - workspace_skill_hooks - INFO - Wrapped function: psutil._pswindows.NoSuchProcess
2026-04-24 14:10:42,100 - workspace_skill_hooks - INFO - Wrapped function: psutil._pswindows.Process
2026-04-24 14:10:42,100 - workspace_skill_hooks - INFO - Hooked module: _pswindows
2026-04-24 14:10:42,102 - workspace_skill_hooks - INFO - Wrapped function: psutil.NoSuchProcess
2026-04-24 14:10:42,102 - workspace_skill_hooks - INFO - Wrapped function: psutil.ZombieProcess
2026-04-24 14:10:42,102 - workspace_skill_hooks - INFO - Wrapped function: psutil.Process
2026-04-24 14:10:42,102 - workspace_skill_hooks - INFO - Wrapped function: psutil.process_iter
2026-04-24 14:10:42,102 - workspace_skill_hooks - INFO - Hooked module: psutil
2026-04-24 14:10:42,104 - knowledge_integration_monitor - INFO - Knowledge Integration Monitor initialized
2026-04-24 14:10:42,105 - knowledge_integration_monitor - INFO - Monitoring started with 60s interval
2026-04-24 14:10:42,105 - knowledge_integration_monitor - INFO - Knowledge monitoring auto-started
