****************************************************************************
acllib techsupport dump begin at Mon 16 Mar 2026 06:07:02 AM GMT
****************************************************************************


--------------------------------------------------------------------
debugsh -p -b 16384 -c ACLLIB_PAC -e show system internal acl-lib pac acl table
--------------------------------------------------------------------
%Error: No handlers for command show system internal acl-lib pac acl table
*************** Profiling data ***************
End to End Execution time: 1.31 ms
Backend execution time: 0 ms
**********************************************


real	0m0.410s
user	0m0.278s
sys	0m0.060s



--------------------------------------------------------------------
debugsh -p -b 16384 -c ACLLIB_PAC -e show system internal acl-lib pac acl entries
--------------------------------------------------------------------
%Error: No handlers for command show system internal acl-lib pac acl entries
*************** Profiling data ***************
End to End Execution time: 1.22 ms
Backend execution time: 0 ms
**********************************************


real	0m0.354s
user	0m0.268s
sys	0m0.069s



--------------------------------------------------------------------
debugsh -p -b 16384 -c ACLLIB_PAC -e show system internal acl-lib pac acl bindings
--------------------------------------------------------------------
%Error: No handlers for command show system internal acl-lib pac acl bindings
*************** Profiling data ***************
End to End Execution time: 1.27 ms
Backend execution time: 0 ms
**********************************************


real	0m0.344s
user	0m0.273s
sys	0m0.064s



--------------------------------------------------------------------
debugsh -p -b 16384 -c ACLLIB_PAC -e show system internal acl-lib pac allocation ids
--------------------------------------------------------------------
%Error: No handlers for command show system internal acl-lib pac allocation ids
*************** Profiling data ***************
End to End Execution time: 1.25 ms
Backend execution time: 0 ms
**********************************************


real	0m0.335s
user	0m0.304s
sys	0m0.028s



--------------------------------------------------------------------
debugsh -p -b 16384 -c ACLLIB_PAC -e show system internal acl-lib pac memory
--------------------------------------------------------------------
%Error: No handlers for command show system internal acl-lib pac memory
*************** Profiling data ***************
End to End Execution time: 1.25 ms
Backend execution time: 0 ms
**********************************************


real	0m0.353s
user	0m0.308s
sys	0m0.028s



--------------------------------------------------------------------
debugsh -p -b 16384 -c ACLLIB_PAC -e show system internal acl-lib pac sip-obj-groups
--------------------------------------------------------------------
%Error: No handlers for command show system internal acl-lib pac sip-obj-groups
*************** Profiling data ***************
End to End Execution time: 1.32 ms
Backend execution time: 0 ms
**********************************************


real	0m0.357s
user	0m0.272s
sys	0m0.067s



--------------------------------------------------------------------
debugsh -p -b 16384 -c ACLLIB_PAC -e show system internal acl-lib pac vlan-classifiers
--------------------------------------------------------------------
%Error: No handlers for command show system internal acl-lib pac vlan-classifiers
*************** Profiling data ***************
End to End Execution time: 1.25 ms
Backend execution time: 0 ms
**********************************************


real	0m0.361s
user	0m0.296s
sys	0m0.042s





****************************************************************************
acllib techsupport dump ended at Mon 16 Mar 2026 06:07:04 AM GMT
****************************************************************************
