****************************************************************************
acllogd techsupport dump begin at Mon 16 Mar 2026 06:07:00 AM GMT
****************************************************************************


--------------------------------------------------------------------
debugsh -p -b 16384 -c ACLLOGD -e show system internal acllogd cache
--------------------------------------------------------------------
  Idx Bkt                        Interface VLAN OthIf OthAc    Count  Data
*************** Profiling data ***************
End to End Execution time: 102.40 ms
Backend execution time: 0 ms
**********************************************


real	0m0.473s
user	0m0.307s
sys	0m0.029s



--------------------------------------------------------------------
debugsh -p -b 16384 -c ACLLOGD -e show system internal acllogd memory
--------------------------------------------------------------------
===========================================================================================
                         Memory utilization of ACL Logging Daemon
===========================================================================================
   Created   Destroyed       Alive  Name
-------------------------------------------------------------------------------------------
         0           0           0  AclLogCacheData
         0           0           0  ACLPacket
         0           0           0  ACLLogSocket
*************** Profiling data ***************
End to End Execution time: 102.56 ms
Backend execution time: 0 ms
**********************************************


real	0m0.490s
user	0m0.300s
sys	0m0.043s



--------------------------------------------------------------------
debugsh -p -b 16384 -c ACLLOGD -e show system internal acllogd metadata
--------------------------------------------------------------------
============================================================================
                    ACL log metadata ID to data map
============================================================================
ID        Action          
----------------------------------------------------------------------------

============================================================================
                    ACL log metadata data to ID map
============================================================================
Action            ID      
----------------------------------------------------------------------------
*************** Profiling data ***************
End to End Execution time: 102.91 ms
Backend execution time: 0 ms
**********************************************


real	0m0.478s
user	0m0.299s
sys	0m0.046s



--------------------------------------------------------------------
debugsh -p -b 16384 -c ACLLOGD -e show system internal acllogd state
--------------------------------------------------------------------
Logging enabled: 0
Timer started: 0
Current bucket location: 0
Bucket sizes:
     0         0
     1         0
     2         0
     3         0
     4         0
     5         0
     6         0
     7         0
     8         0
     9         0

Current cache size: 0
Max flows: 2048
Logging interval: 10
*************** Profiling data ***************
End to End Execution time: 102.51 ms
Backend execution time: 0 ms
**********************************************


real	0m0.462s
user	0m0.311s
sys	0m0.033s





****************************************************************************
acllogd techsupport dump ended at Mon 16 Mar 2026 06:07:02 AM GMT
****************************************************************************
