****************************************************************************
dhcprelaymgrd techsupport dump begin at Mon 16 Mar 2026 06:07:49 AM GMT
****************************************************************************


--------------------------------------------------------------------
debugsh -p -b 16384 -c DHCPRELAYMGRD -e show system internal dhcprelaymgr global
--------------------------------------------------------------------
Dumping DhcpRelayMgr debug info

==============================================
m_dhcpsMaxDynamicBindings................12288
==============================================
m_ipInterfaceInfo
==============================================
Interface.............. Vlan1120
IP.............. 10.90.30.177
Interface.............. Vlan2000
IP.............. 10.90.30.159
Interface.............. Vlan802
IP.............. 10.99.100.132
Interface.............. Vlan803
IP.............. 10.92.30.67
Interface.............. Vlan809
IP.............. 10.92.30.235
Interface.............. eth0
IP.............. 10.92.56.60
==============================================
m_ipv6InterfaceInfo
==============================================
==============================================
m_serverInfo
==============================================
==============================================
m_v6serverInfo
==============================================
==============================================
m_ifIndexToNameMap
==============================================
==============================================
m_ifNameToIndexMap
==============================================
==============================================
m_v4HopCount
==============================================
==============================================
m_v6HopCount
==============================================
==============================================
m_v4SrcIntf
==============================================
==============================================
m_v6SrcIntf
==============================================
==============================================
m_unnumberedInfs
==============================================
==============================================
m_smartRelayInfo
==============================================
==============================================
m_v4ServerVrfInfo
==============================================
==============================================
m_v6ServerVrfInfo
==============================================
==============================================
m_stateVrfTable
==============================================
mgmt
==============================================
m_vrfSet
==============================================
mgmt
*************** Profiling data ***************
End to End Execution time: 102.70 ms
Backend execution time: 0 ms
**********************************************


real	0m0.445s
user	0m0.267s
sys	0m0.068s





****************************************************************************
dhcprelaymgrd techsupport dump ended at Mon 16 Mar 2026 06:07:49 AM GMT
****************************************************************************
