****************************************************************************
fdbsyncd techsupport dump begin at Mon 16 Mar 2026 06:06:43 AM GMT
****************************************************************************


--------------------------------------------------------------------
debugsh -p -b 16384 -c FDBSYNCD -e show system internal fdbsync counter
--------------------------------------------------------------------
=========================================================================
Show All the counter:
IMET Add: 0
IMET Del: 0
IMET Update: 0
Vxlan FDB Add: 0
Vxlan FDB Del: 0
Local FDB Add: 250
Local FDB Del: 236
Error in Kernel FDB Add: 0
Error in Kernel FDB Del: 0
Vlan Vni Mapping Counter: 0
Global Vlan Vni Mapping set: 0
FDB REFRESH: 0
Processing Timer expired: 1390102
Free Map: 10
Pending Msg: 0
Detail debug status: 0
Nbr Msg Process in the thread: 18
IMET Process in the thread: 0
MAC Process in the thread: 0
Local FDB event 486
Local SAG Intf event 0
IMET bucket size: 1 size: 0 max_load_factor: 1.000000 load_factor: 0.000000
Remote MAC bucket size: 1 size: 0 max_load_factor: 1.000000 load_factor: 0.000000
Local MAC bucket size: 29 size: 22 max_load_factor: 1.000000 load_factor: 0.758621
=========================================================================

NHG DB Add: 0
NHG DB Del: 0
Free Nhg Map: 0
NHG Msg Process in the thread: 0
=========================================================================
Current System State

Total IMET in system: 0
Total Vxlan FDB in system: 0
Total Local FDB in system: 22
=========================================================================
=========================================================================
System allocator statistics:
  Total heap allocated:  788 KiB
  Holding block headers: 0 bytes
  Used small blocks:     0 bytes
  Used ordinary blocks:  330 KiB
  Free small blocks:     1680 bytes
  Free ordinary blocks:  458 KiB
  Ordinary blocks:       65
  Small blocks:          32
  Holding blocks:        0
(see system documentation for 'mallinfo' for meaning)

=========================================================================
*************** Profiling data ***************
End to End Execution time: 102.73 ms
Backend execution time: 0 ms
**********************************************


real	0m0.469s
user	0m0.294s
sys	0m0.046s



--------------------------------------------------------------------
debugsh -p -b 16384 -c FDBSYNCD -e show system internal fdbsync vxlan_fdb
--------------------------------------------------------------------
=========================================================================
Show Vxlan FDB Msg
Total Vxlan FDB Add: 0
Total Vxlan FDB Del: 0

Vxlan FDB Counter: 0
*************** Profiling data ***************
End to End Execution time: 102.78 ms
Backend execution time: 0 ms
**********************************************


real	0m0.455s
user	0m0.288s
sys	0m0.049s



--------------------------------------------------------------------
debugsh -p -b 16384 -c FDBSYNCD -e show system internal fdbsync local_fdb
--------------------------------------------------------------------
=========================================================================
Show Local FDB Msg
Total Local FDB Add: 250
Total Local FDB Del: 236
Key:Vlan1102:d4:c1:c8:96:16:50 Best:None Kernel:0
Key:Vlan678:28:de:e5:62:5d:42 Best:None Kernel:0
LOCAL: port_name:Ethernet11 Type:dynamic Override:0 Change:0
Key:Vlan1120:00:50:56:bb:5e:5e Best:None Kernel:0
LOCAL: port_name:Ethernet3 Type:dynamic Override:0 Change:0
Key:Vlan809:b4:0c:25:e0:c0:53 Best:None Kernel:0
LOCAL: port_name:PortChannel100 Type:dynamic Override:0 Change:0
Key:Vlan1101:00:50:56:bb:33:96 Best:None Kernel:0
Key:Vlan802:b4:0c:25:e0:c0:45 Best:None Kernel:0
LOCAL: port_name:PortChannel100 Type:dynamic Override:0 Change:0
Key:Vlan677:00:50:56:bb:1e:bb Best:None Kernel:0
Key:Vlan677:00:50:56:bb:79:ea Best:None Kernel:0
Key:Vlan2000:b4:e9:b8:e7:cd:02 Best:None Kernel:0
LOCAL: port_name:PortChannel100 Type:dynamic Override:0 Change:0
Key:Vlan677:00:50:56:bb:da:29 Best:None Kernel:0
Key:Vlan677:00:50:56:bb:7c:a6 Best:None Kernel:0
Key:Vlan1101:20:37:06:84:e2:40 Best:None Kernel:0
Key:Vlan678:00:50:56:bb:da:29 Best:None Kernel:0
LOCAL: port_name:PortChannel100 Type:dynamic Override:0 Change:0
Key:Vlan677:44:64:3c:b5:27:81 Best:None Kernel:0
LOCAL: port_name:PortChannel100 Type:dynamic Override:0 Change:0
Key:Vlan809:b4:e9:b8:e7:cd:02 Best:None Kernel:0
LOCAL: port_name:PortChannel100 Type:dynamic Override:0 Change:0
Key:Vlan809:b4:0c:25:e0:c0:41 Best:None Kernel:0
Key:Vlan1120:00:50:56:bb:48:95 Best:None Kernel:0
LOCAL: port_name:Ethernet1 Type:dynamic Override:0 Change:0
Key:Vlan803:b4:0c:25:e0:40:4f Best:None Kernel:0
LOCAL: port_name:PortChannel100 Type:dynamic Override:0 Change:0
Key:Vlan678:00:50:56:bb:79:ea Best:None Kernel:0
LOCAL: port_name:PortChannel100 Type:dynamic Override:0 Change:0
Key:Vlan803:b4:e9:b8:e7:cd:02 Best:None Kernel:0
LOCAL: port_name:PortChannel100 Type:dynamic Override:0 Change:0
Key:Vlan802:b4:e9:b8:e7:cd:02 Best:None Kernel:0
LOCAL: port_name:PortChannel100 Type:dynamic Override:0 Change:0
Key:Vlan803:00:00:5e:00:01:53 Best:None Kernel:0
LOCAL: port_name:PortChannel100 Type:dynamic Override:0 Change:0

Local FDB Counter: 22
*************** Profiling data ***************
End to End Execution time: 103.24 ms
Backend execution time: 0 ms
**********************************************


real	0m0.453s
user	0m0.294s
sys	0m0.043s



--------------------------------------------------------------------
debugsh -p -b 16384 -c FDBSYNCD -e show system internal fdbsync imet
--------------------------------------------------------------------
=========================================================================
Show IMET Msg
Total IMET Add: 0
Total IMET Del: 0
Total IMET update: 0

IMET Counter: 0
*************** Profiling data ***************
End to End Execution time: 102.51 ms
Backend execution time: 0 ms
**********************************************


real	0m0.442s
user	0m0.304s
sys	0m0.032s



--------------------------------------------------------------------
debugsh -p -b 16384 -c FDBSYNCD -e show system internal fdbsync netlink counter
--------------------------------------------------------------------
=========================================================================
Netlink Msg Stats:
 Netlink Msg received: 51
 Netlink Msg for unsubscribed netlink_type: 0

 Netlink Msg(Link): 13
 Netlink Msg(Link) for Used Vxlan interface including duplicate: 6
 Netlink Msg(Link) for Vxlan interface: 5
 Netlink Msg(Link) for non-Vxlan interface: 7
 Netlink Msg(Link) for Vxlan interface with no vni: 0
 Netlink Msg(Link) for not used other: 0

 Netlink Msg(Neighbor): 38
 Netlink Msg(Neighbor) Used: 38
 Netlink Msg(Neighbor) for non Bridge: 0
 Netlink Msg(Neighbor) non vxlan interface: 38
 Netlink Msg(Neighbor) non vxlan non permanent: 0
 Netlink Msg(Neighbor) check for refresh: 14
 Netlink Msg(Neighbor) without Vtep: 0
 Fdb Map Allocation Counter: 10
 Kernel FDB Entry Counter: 0
 Nbr Msg Process in the thread: 18
 IMET Process in the thread: 0
 MAC Process in the thread: 18

 Nhg Map Allocation Counter: 0
 Kernel NHG Entry Counter: 0
 Nhg Msg Process in the thread: 0
*************** Profiling data ***************
End to End Execution time: 102.33 ms
Backend execution time: 0 ms
**********************************************


real	0m0.443s
user	0m0.279s
sys	0m0.056s





****************************************************************************
fdbsyncd techsupport dump ended at Mon 16 Mar 2026 06:06:46 AM GMT
****************************************************************************
