****************************************************************************
mclag techsupport dump begin at Mon 16 Mar 2026 06:07:32 AM GMT
****************************************************************************


mclag not configured
--------------------------------------------------------------------
debugsh -p -b 16384 -c ORCHAGENT -e show system internal orchagent mlag global
--------------------------------------------------------------------
Delay retore timeout: 300 (secs)
Isolation group name: MCLAG_ISO_GRP(not created)
ICCP controls isolation group: no
MlagOrch attaches to isolation group: no
Isolation group attach count: 0
Isolation group detach count: 0
Isolation group add error count: 0
Isolation group delete error count: 0
Isolation group update error count: 0

MLAG interfaces: 0
*************** Profiling data ***************
End to End Execution time: 102.33 ms
Backend execution time: 0 ms
**********************************************


real	0m0.444s
user	0m0.308s
sys	0m0.028s





****************************************************************************
mclag techsupport dump ended at Mon 16 Mar 2026 06:07:33 AM GMT
****************************************************************************
