****************************************************************************
nbrmgrd techsupport dump begin at Mon 16 Mar 2026 06:07:42 AM GMT
****************************************************************************


--------------------------------------------------------------------
debugsh -p -b 16384 -c NBRMGRD -e show system internal nbrmgrd global
--------------------------------------------------------------------
System mac b4:e9:b8:e7:ce:02, sag mac 00:00:00:00:00:00 

Timeout: FDB(600), ARP(1800), ND(1800) 

Socket: ARP(62), NS(63), ICMPv6Echo(64) 

IntfsTable Cnt: 5, NeighCache Cnt: 7 
*************** Profiling data ***************
End to End Execution time: 102.54 ms
Backend execution time: 0 ms
**********************************************


real	0m0.454s
user	0m0.297s
sys	0m0.045s



--------------------------------------------------------------------
debugsh -p -b 16384 -c NBRMGRD -e show system internal nbrmgrd interface
--------------------------------------------------------------------

========Intfs Table  Start ======= 
Total: (5) 
Flags: v6:Ipv6 Enabled, S:Sag, U:IPUnnumbered 
IP                        Ifname         MAC                IPCnt         Flags 

10.90.30.177/28           Vlan1120       00:00:00:00:00:00  v4(1),v6(0)     
10.90.30.159/31           Vlan2000       00:00:00:00:00:00  v4(1),v6(0)     
10.99.100.132/28          Vlan802        00:00:00:00:00:00  v4(1),v6(0)     
10.92.30.67/29            Vlan803        00:00:00:00:00:00  v4(1),v6(0)     
10.92.30.235/29           Vlan809        00:00:00:00:00:00  v4(1),v6(0)     
======== End ======= 

*************** Profiling data ***************
End to End Execution time: 102.38 ms
Backend execution time: 0 ms
**********************************************


real	0m0.449s
user	0m0.286s
sys	0m0.049s



--------------------------------------------------------------------
debugsh -p -b 16384 -c NBRMGRD -e show system internal nbrmgrd neighCache
--------------------------------------------------------------------

======== NeighCache Start ======= 

Total: 7
Neighbor                                 Interface       MAC               state  protocol num_sent  isFdb  numFdbRef  NxtRefresh(ms)  last_upd                     last_ref                   
---------------------------------------------------------------------------------------------------------
10.92.30.68                              Vlan803         b4:0c:25:e0:40:4f  2       0      2209       1       0       242951          2026-03-08.05:01:22.559252   2026-03-16.06:04:17.275458 
10.99.100.130                            Vlan802         b4:0c:25:e0:c0:45  2       0      2201       1       0       322062          2026-03-08.05:01:16.303808   2026-03-16.06:06:17.279618 
10.99.100.131                            Vlan802         b4:e9:b8:e7:cd:02  2       0      2196       1       0       321030          2026-03-08.05:01:17.118078   2026-03-16.06:06:47.281556 
10.90.30.158                             Vlan2000        b4:e9:b8:e7:cd:02  2       0      2199       1       0       365797          2026-03-08.05:01:17.121261   2026-03-16.06:06:47.281689 
10.90.30.178                             Vlan1120        00:50:56:bb:48:95  2       0      2206       1       0       186480          2026-03-08.05:01:47.640202   2026-03-16.06:06:17.279730 
10.90.30.179                             Vlan1120        00:50:56:bb:5e:5e  2       0      2181       1       0       323722          2026-03-08.05:01:48.664435   2026-03-16.06:04:17.275699 
10.92.30.236                             Vlan809         b4:0c:25:e0:c0:53  2       0      2201       1       0       412172          2026-03-08.05:14:08.247170   2026-03-16.06:03:17.270956 

======== NeighCache End ======= 


======== Unresolved Nhop Neigh Cache Start ======= 

Total: 0
Neighbor                                 Interface      
--------------------------------------------------

======== PreNeighbor table Start ======= 

Total: 0
Neighbor                                 Interface        State 
--------------------------------------------------
*************** Profiling data ***************
End to End Execution time: 102.63 ms
Backend execution time: 0 ms
**********************************************


real	0m0.445s
user	0m0.297s
sys	0m0.040s



--------------------------------------------------------------------
debugsh -p -b 16384 -c NBRMGRD -e show system internal nbrmgrd staticNeighCache
--------------------------------------------------------------------

======== Static Nbr Map Start ======= 

Interface        Neighbor                     Mac                      

======== Static Nbr Map End ======= 

*************** Profiling data ***************
End to End Execution time: 102.23 ms
Backend execution time: 0 ms
**********************************************


real	0m0.438s
user	0m0.288s
sys	0m0.044s





****************************************************************************
nbrmgrd techsupport dump ended at Mon 16 Mar 2026 06:07:44 AM GMT
****************************************************************************
