****************************************************************************
neighsyncd techsupport dump begin at Mon 16 Mar 2026 06:07:33 AM GMT
****************************************************************************


--------------------------------------------------------------------
debugsh -p -b 16384 -c NEIGHSYNCD -e show system internal neighsyncd global
--------------------------------------------------------------------

Global Neighsyncd Info:
*************** Profiling data ***************
End to End Execution time: 102.89 ms
Backend execution time: 0 ms
**********************************************


real	0m0.455s
user	0m0.310s
sys	0m0.029s



--------------------------------------------------------------------
debugsh -p -b 16384 -c NEIGHSYNCD -e show system internal neighsyncd interface
--------------------------------------------------------------------
%Error: No handler found in the backend.
*************** Profiling data ***************
End to End Execution time: 102.36 ms
Backend execution time: 0 ms
**********************************************


real	0m0.448s
user	0m0.302s
sys	0m0.036s



--------------------------------------------------------------------
debugsh -p -b 16384 -c NEIGHSYNCD -e show system internal neighsyncd neighCache
--------------------------------------------------------------------

Neighbor Cache:
Address                                   Mac                Interface        State    Flags     
10.90.30.179                              00:50:56:bb:5e:5e  Vlan1120         0x2      0x0       
10.90.30.158                              b4:e9:b8:e7:cd:02  Vlan2000         0x2      0x0       
10.90.30.178                              00:50:56:bb:48:95  Vlan1120         0x2      0x0       
10.99.100.131                             b4:e9:b8:e7:cd:02  Vlan802          0x2      0x0       
10.92.56.1                                00:00:00:10:1f:00  eth0             0x2      0x0       
10.90.30.177                              ff:ff:ff:ff:ff:ff  Vlan1120         0x80     0x0       
10.99.100.132                             ff:ff:ff:ff:ff:ff  Vlan802          0x80     0x0       
10.90.30.159                              ff:ff:ff:ff:ff:ff  Vlan2000         0x80     0x0       
10.92.30.235                              ff:ff:ff:ff:ff:ff  Vlan809          0x80     0x0       
10.92.30.67                               ff:ff:ff:ff:ff:ff  Vlan803          0x80     0x0       
10.92.30.236                              b4:0c:25:e0:c0:53  Vlan809          0x2      0x0       
10.92.30.68                               b4:0c:25:e0:40:4f  Vlan803          0x2      0x0       
10.99.100.130                             b4:0c:25:e0:c0:45  Vlan802          0x2      0x0       
fe80::16a9:d0ff:fec0:e619                 14:a9:d0:c0:e6:19  eth0             0x4      0x0       
fe80::2466:1dff:fed2:d3cc                 14:a9:d0:c0:e6:19  eth0             0x4      0x0       
fe80::5c0a:beff:fe84:3c95                 5e:0a:be:84:3c:95  eth0             0x4      0x0       
fe80::d246:cff:fe1d:1f90                  d0:46:0c:1d:1f:90  eth0             0x2      0x0       
fe80::ea65:5fff:fe0d:c500                 e8:65:5f:0d:c5:00  eth0             0x4      0x0       
fe80::213:c6ff:fe0c:9bf9                  00:13:c6:0c:9b:f9  eth0             0x4      0x0       
fe80::ea65:5fff:fe0d:8b00                 e8:65:5f:0d:8b:00  eth0             0x4      0x0       
fe80::b1:42ff:fe95:269c                   14:a9:d0:c0:e8:19  eth0             0x4      0x0       
fe80::213:c6ff:fe0c:a1f4                  00:13:c6:0c:a1:f4  eth0             0x4      0x0       
fe80::16a9:d0ff:fec0:e819                 14:a9:d0:c0:e8:19  eth0             0x4      0x0       
fe80::ce16:7eff:fe29:b72f                 cc:16:7e:29:b7:2f  eth0             0x4      0x0       
fe80::d246:cff:fe1d:2290                  d0:46:0c:1d:22:90  eth0             0x4      0x0       
fe80::213:c6ff:fe0c:a204                  00:13:c6:0c:a2:04  eth0             0x4      0x0       
fe80::2288:10ff:fe00:d300                 20:88:10:00:d3:00  eth0             0x2      0x80      
fe80::213:c6ff:fe08:4b7a                  00:13:c6:08:4b:7a  eth0             0x4      0x0       
fe80::aa2b:b5ff:fe3a:2f3c                 a8:2b:b5:3a:2f:3c  eth0             0x4      0x0       
fe80::2288:10ff:fe00:db00                 20:88:10:00:db:00  eth0             0x4      0x80      
fe80::213:c6ff:fe0c:9b71                  00:13:c6:0c:9b:71  eth0             0x4      0x0       
fe80::987d:5eff:fefa:e8de                 9a:7d:5e:fa:e8:de  eth0             0x4      0x0       
*************** Profiling data ***************
End to End Execution time: 102.50 ms
Backend execution time: 0 ms
**********************************************


real	0m0.442s
user	0m0.294s
sys	0m0.044s



--------------------------------------------------------------------
debugsh -p -b 16384 -c NEIGHSYNCD -e show system internal neighsyncd counters
--------------------------------------------------------------------
%Error: No handler found in the backend.
*************** Profiling data ***************
End to End Execution time: 102.40 ms
Backend execution time: 0 ms
**********************************************


real	0m0.479s
user	0m0.321s
sys	0m0.025s



--------------------------------------------------------------------
debugsh -p -b 16384 -c NEIGHSYNCD -e show system internal neighsyncd fdbCache
--------------------------------------------------------------------
%Error: No handler found in the backend.
*************** Profiling data ***************
End to End Execution time: 102.43 ms
Backend execution time: 0 ms
**********************************************


real	0m0.442s
user	0m0.303s
sys	0m0.033s



--------------------------------------------------------------------
debugsh -p -b 16384 -c NEIGHSYNCD -e show system internal neighsyncd fdbNeighRefresh
--------------------------------------------------------------------
%Error: No handler found in the backend.
*************** Profiling data ***************
End to End Execution time: 102.13 ms
Backend execution time: 0 ms
**********************************************


real	0m0.457s
user	0m0.307s
sys	0m0.036s





****************************************************************************
neighsyncd techsupport dump ended at Mon 16 Mar 2026 06:07:36 AM GMT
****************************************************************************
