****************************************************************************
stpmgrd techsupport dump begin at Mon 16 Mar 2026 05:59:23 AM GMT
****************************************************************************


--------------------------------------------------------------------
debugsh -p -b 16384 -c STPMGRD -e show system internal stpmgr global
--------------------------------------------------------------------
-------------------------------------
VLAN members DB:
VLAN: 1
VLAN: 2
VLAN: 3
VLAN: 4
VLAN: 5
VLAN: 6
VLAN: 7
VLAN: 8
VLAN: 9
VLAN: 10
VLAN: 11
VLAN: 12
VLAN: 13
VLAN: 14
VLAN: 15
VLAN: 16
VLAN: 17
VLAN: 18
VLAN: 19
VLAN: 20
VLAN: 21
VLAN: 22
VLAN: 23
VLAN: 24
VLAN: 25
VLAN: 26
VLAN: 27
VLAN: 28
VLAN: 29
VLAN: 30
VLAN: 31
VLAN: 32
VLAN: 33
VLAN: 34
VLAN: 35
VLAN: 36
VLAN: 37
VLAN: 38
VLAN: 39
VLAN: 40
VLAN: 41
VLAN: 42
VLAN: 43
VLAN: 44
VLAN: 45
VLAN: 46
VLAN: 47
VLAN: 48
VLAN: 49
VLAN: 50
VLAN: 51
VLAN: 52
VLAN: 53
VLAN: 54
VLAN: 55
VLAN: 56
VLAN: 57
VLAN: 58
VLAN: 59
VLAN: 60
VLAN: 61
VLAN: 62
VLAN: 63
VLAN: 64
VLAN: 65
VLAN: 66
VLAN: 67
VLAN: 68
VLAN: 69
VLAN: 70
VLAN: 71
VLAN: 72
VLAN: 73
VLAN: 74
VLAN: 75
VLAN: 76
VLAN: 77
VLAN: 78
VLAN: 79
VLAN: 80
VLAN: 81
VLAN: 82
VLAN: 83
VLAN: 84
VLAN: 85
VLAN: 86
VLAN: 87
VLAN: 88
VLAN: 89
VLAN: 90
VLAN: 91
VLAN: 92
VLAN: 93
VLAN: 94
VLAN: 95
VLAN: 96
VLAN: 97
VLAN: 98
VLAN: 99
VLAN: 100
VLAN: 101
VLAN: 102
VLAN: 103
VLAN: 104
VLAN: 105
VLAN: 106
VLAN: 107
VLAN: 108
VLAN: 109
VLAN: 110
VLAN: 111
VLAN: 112
VLAN: 113
VLAN: 114
VLAN: 115
VLAN: 116
VLAN: 117
VLAN: 118
VLAN: 119
VLAN: 120
VLAN: 121
VLAN: 122
VLAN: 123
VLAN: 124
VLAN: 125
VLAN: 126
VLAN: 127
VLAN: 128
VLAN: 129
VLAN: 130
VLAN: 131
VLAN: 132
VLAN: 133
VLAN: 134
VLAN: 135
VLAN: 136
VLAN: 137
VLAN: 138
VLAN: 139
VLAN: 140
VLAN: 141
VLAN: 142
VLAN: 143
VLAN: 144
VLAN: 145
VLAN: 146
VLAN: 147
VLAN: 148
VLAN: 149
VLAN: 150
VLAN: 151
VLAN: 152
VLAN: 153
VLAN: 154
VLAN: 155
VLAN: 156
VLAN: 157
VLAN: 158
VLAN: 159
VLAN: 160
VLAN: 161
VLAN: 162
VLAN: 163
VLAN: 164
VLAN: 165
VLAN: 166
VLAN: 167
VLAN: 168
VLAN: 169
VLAN: 170
VLAN: 171
VLAN: 172
VLAN: 173
VLAN: 174
VLAN: 175
VLAN: 176
VLAN: 177
VLAN: 178
VLAN: 179
VLAN: 180
VLAN: 181
VLAN: 182
VLAN: 183
VLAN: 184
VLAN: 185
VLAN: 186
VLAN: 187
VLAN: 188
VLAN: 189
VLAN: 190
VLAN: 191
VLAN: 192
VLAN: 193
VLAN: 194
VLAN: 195
VLAN: 196
VLAN: 197
VLAN: 198
VLAN: 199
VLAN: 200
VLAN: 201
VLAN: 202
VLAN: 203
VLAN: 204
VLAN: 205
VLAN: 206
VLAN: 207
VLAN: 208
VLAN: 209
VLAN: 210
VLAN: 211
VLAN: 212
VLAN: 213
VLAN: 214
VLAN: 215
VLAN: 216
VLAN: 217
VLAN: 218
VLAN: 219
VLAN: 220
VLAN: 221
VLAN: 222
VLAN: 223
VLAN: 224
VLAN: 225
VLAN: 226
VLAN: 227
VLAN: 228
VLAN: 229
VLAN: 230
VLAN: 231
VLAN: 232
VLAN: 233
VLAN: 234
VLAN: 235
VLAN: 236
VLAN: 237
VLAN: 238
VLAN: 239
VLAN: 240
VLAN: 241
VLAN: 242
VLAN: 243
VLAN: 244
VLAN: 245
VLAN: 246
VLAN: 247
VLAN: 248
VLAN: 249
VLAN: 250
VLAN: 251
VLAN: 252
VLAN: 253
VLAN: 254
VLAN: 255
VLAN: 256
VLAN: 257
VLAN: 258
VLAN: 259
VLAN: 260
VLAN: 261
VLAN: 262
VLAN: 263
VLAN: 264
VLAN: 265
VLAN: 266
VLAN: 267
VLAN: 268
VLAN: 269
VLAN: 270
VLAN: 271
VLAN: 272
VLAN: 273
VLAN: 274
VLAN: 275
VLAN: 276
VLAN: 277
VLAN: 278
VLAN: 279
VLAN: 280
VLAN: 281
VLAN: 282
VLAN: 283
VLAN: 284
VLAN: 285
VLAN: 286
VLAN: 287
VLAN: 288
VLAN: 289
VLAN: 290
VLAN: 291
VLAN: 292
VLAN: 293
VLAN: 294
VLAN: 295
VLAN: 296
VLAN: 297
VLAN: 298
VLAN: 299
VLAN: 300
VLAN: 301
VLAN: 302
VLAN: 303
VLAN: 304
VLAN: 305
VLAN: 306
VLAN: 307
VLAN: 308
VLAN: 309
VLAN: 310
VLAN: 311
VLAN: 312
VLAN: 313
VLAN: 314
VLAN: 315
VLAN: 316
VLAN: 317
VLAN: 318
VLAN: 319
VLAN: 320
VLAN: 321
VLAN: 322
VLAN: 323
VLAN: 324
VLAN: 325
VLAN: 326
VLAN: 327
VLAN: 328
VLAN: 329
VLAN: 330
VLAN: 331
VLAN: 332
VLAN: 333
VLAN: 334
VLAN: 335
VLAN: 336
VLAN: 337
VLAN: 338
VLAN: 339
VLAN: 340
VLAN: 341
VLAN: 342
VLAN: 343
VLAN: 344
VLAN: 345
VLAN: 346
VLAN: 347
VLAN: 348
VLAN: 349
VLAN: 350
VLAN: 351
VLAN: 352
VLAN: 353
VLAN: 354
VLAN: 355
VLAN: 356
VLAN: 357
VLAN: 358
VLAN: 359
VLAN: 360
VLAN: 361
VLAN: 362
VLAN: 363
VLAN: 364
VLAN: 365
VLAN: 366
VLAN: 367
VLAN: 368
VLAN: 369
VLAN: 370
VLAN: 371
VLAN: 372
VLAN: 373
VLAN: 374
VLAN: 375
VLAN: 376
VLAN: 377
VLAN: 378
VLAN: 379
VLAN: 380
VLAN: 381
VLAN: 382
VLAN: 383
VLAN: 384
VLAN: 385
VLAN: 386
VLAN: 387
VLAN: 388
VLAN: 389
VLAN: 390
VLAN: 391
VLAN: 392
VLAN: 393
VLAN: 394
VLAN: 395
VLAN: 396
VLAN: 397
VLAN: 398
VLAN: 399
VLAN: 400
VLAN: 401
VLAN: 402
VLAN: 403
VLAN: 404
VLAN: 405
VLAN: 406
VLAN: 407
VLAN: 408
VLAN: 409
VLAN: 410
VLAN: 411
VLAN: 412
VLAN: 413
VLAN: 414
VLAN: 415
VLAN: 416
VLAN: 417
VLAN: 418
VLAN: 419
VLAN: 420
VLAN: 421
VLAN: 422
VLAN: 423
VLAN: 424
VLAN: 425
VLAN: 426
VLAN: 427
VLAN: 428
VLAN: 429
VLAN: 430
VLAN: 431
VLAN: 432
VLAN: 433
VLAN: 434
VLAN: 435
VLAN: 436
VLAN: 437
VLAN: 438
VLAN: 439
VLAN: 440
VLAN: 441
VLAN: 442
VLAN: 443
VLAN: 444
VLAN: 445
VLAN: 446
VLAN: 447
VLAN: 448
VLAN: 449
VLAN: 450
VLAN: 451
VLAN: 452
VLAN: 453
VLAN: 454
VLAN: 455
VLAN: 456
VLAN: 457
VLAN: 458
VLAN: 459
VLAN: 460
VLAN: 461
VLAN: 462
VLAN: 463
VLAN: 464
VLAN: 465
VLAN: 466
VLAN: 467
VLAN: 468
VLAN: 469
VLAN: 470
VLAN: 471
VLAN: 472
VLAN: 473
VLAN: 474
VLAN: 475
VLAN: 476
VLAN: 477
VLAN: 478
VLAN: 479
VLAN: 480
VLAN: 481
VLAN: 482
VLAN: 483
VLAN: 484
VLAN: 485
VLAN: 486
VLAN: 487
VLAN: 488
VLAN: 489
VLAN: 490
VLAN: 491
VLAN: 492
VLAN: 493
VLAN: 494
VLAN: 495
VLAN: 496
VLAN: 497
VLAN: 498
VLAN: 499
VLAN: 500
VLAN: 501
VLAN: 502
VLAN: 503
VLAN: 504
VLAN: 505
VLAN: 506
VLAN: 507
VLAN: 508
VLAN: 509
VLAN: 510
VLAN: 511
VLAN: 512
VLAN: 513
VLAN: 514
VLAN: 515
VLAN: 516
VLAN: 517
VLAN: 518
VLAN: 519
VLAN: 520
VLAN: 521
VLAN: 522
VLAN: 523
VLAN: 524
VLAN: 525
VLAN: 526
VLAN: 527
VLAN: 528
VLAN: 529
VLAN: 530
VLAN: 531
VLAN: 532
VLAN: 533
VLAN: 534
VLAN: 535
VLAN: 536
VLAN: 537
VLAN: 538
VLAN: 539
VLAN: 540
VLAN: 541
VLAN: 542
VLAN: 543
VLAN: 544
VLAN: 545
VLAN: 546
VLAN: 547
VLAN: 548
VLAN: 549
VLAN: 550
VLAN: 551
VLAN: 552
VLAN: 553
VLAN: 554
VLAN: 555
VLAN: 556
VLAN: 557
VLAN: 558
VLAN: 559
VLAN: 560
VLAN: 561
VLAN: 562
VLAN: 563
VLAN: 564
VLAN: 565
VLAN: 566
VLAN: 567
VLAN: 568
VLAN: 569
VLAN: 570
VLAN: 571
VLAN: 572
VLAN: 573
VLAN: 574
VLAN: 575
VLAN: 576
VLAN: 577
VLAN: 578
VLAN: 579
VLAN: 580
VLAN: 581
VLAN: 582
VLAN: 583
VLAN: 584
VLAN: 585
VLAN: 586
VLAN: 587
VLAN: 588
VLAN: 589
VLAN: 590
VLAN: 591
VLAN: 592
VLAN: 593
VLAN: 594
VLAN: 595
VLAN: 596
VLAN: 597
VLAN: 598
VLAN: 599
VLAN: 600
VLAN: 601
VLAN: 602
VLAN: 603
VLAN: 604
VLAN: 605
VLAN: 606
VLAN: 607
VLAN: 608
VLAN: 609
VLAN: 610
VLAN: 611
VLAN: 612
VLAN: 613
VLAN: 614
VLAN: 615
VLAN: 616
VLAN: 617
VLAN: 618
VLAN: 619
VLAN: 620
VLAN: 621
VLAN: 622
VLAN: 623
VLAN: 624
VLAN: 625
VLAN: 626
VLAN: 627
VLAN: 628
VLAN: 629
VLAN: 630
VLAN: 631
VLAN: 632
VLAN: 633
VLAN: 634
VLAN: 635
VLAN: 636
VLAN: 637
VLAN: 638
VLAN: 639
VLAN: 640
VLAN: 641
VLAN: 642
VLAN: 643
VLAN: 644
VLAN: 645
VLAN: 646
VLAN: 647
VLAN: 648
VLAN: 649
VLAN: 650
VLAN: 651
VLAN: 652
VLAN: 653
VLAN: 654
VLAN: 655
VLAN: 656
VLAN: 657
VLAN: 658
VLAN: 659
VLAN: 660
VLAN: 661
VLAN: 662
VLAN: 663
VLAN: 664
VLAN: 665
VLAN: 666
VLAN: 667
VLAN: 668
VLAN: 669
VLAN: 670
VLAN: 671
VLAN: 672
VLAN: 673
VLAN: 674
VLAN: 675
VLAN: 676
VLAN: 677
    Intf: Ethernet0 - Mode: Tagged
    Intf: Ethernet2 - Mode: Tagged
    Intf: Ethernet4 - Mode: Tagged
    Intf: Ethernet5 - Mode: Tagged
    Intf: PortChannel100 - Mode: Tagged
VLAN: 678
    Intf: Ethernet11 - Mode: Untagged
    Intf: Ethernet4 - Mode: Tagged
    Intf: Ethernet5 - Mode: Tagged
    Intf: PortChannel100 - Mode: Tagged
VLAN: 679
VLAN: 680
VLAN: 681
VLAN: 682
VLAN: 683
VLAN: 684
VLAN: 685
VLAN: 686
VLAN: 687
VLAN: 688
VLAN: 689
VLAN: 690
VLAN: 691
VLAN: 692
VLAN: 693
VLAN: 694
VLAN: 695
VLAN: 696
VLAN: 697
VLAN: 698
VLAN: 699
VLAN: 700
VLAN: 701
VLAN: 702
VLAN: 703
VLAN: 704
VLAN: 705
VLAN: 706
VLAN: 707
VLAN: 708
VLAN: 709
VLAN: 710
VLAN: 711
VLAN: 712
VLAN: 713
VLAN: 714
VLAN: 715
VLAN: 716
VLAN: 717
VLAN: 718
VLAN: 719
VLAN: 720
VLAN: 721
VLAN: 722
VLAN: 723
VLAN: 724
VLAN: 725
VLAN: 726
VLAN: 727
VLAN: 728
VLAN: 729
VLAN: 730
VLAN: 731
VLAN: 732
VLAN: 733
VLAN: 734
VLAN: 735
VLAN: 736
VLAN: 737
VLAN: 738
VLAN: 739
VLAN: 740
VLAN: 741
VLAN: 742
VLAN: 743
VLAN: 744
VLAN: 745
VLAN: 746
VLAN: 747
VLAN: 748
VLAN: 749
VLAN: 750
VLAN: 751
VLAN: 752
VLAN: 753
VLAN: 754
VLAN: 755
VLAN: 756
VLAN: 757
VLAN: 758
VLAN: 759
VLAN: 760
VLAN: 761
VLAN: 762
VLAN: 763
VLAN: 764
VLAN: 765
VLAN: 766
VLAN: 767
VLAN: 768
VLAN: 769
VLAN: 770
VLAN: 771
VLAN: 772
VLAN: 773
VLAN: 774
VLAN: 775
VLAN: 776
VLAN: 777
VLAN: 778
VLAN: 779
VLAN: 780
VLAN: 781
VLAN: 782
VLAN: 783
VLAN: 784
VLAN: 785
VLAN: 786
VLAN: 787
VLAN: 788
VLAN: 789
VLAN: 790
VLAN: 791
VLAN: 792
VLAN: 793
VLAN: 794
VLAN: 795
VLAN: 796
VLAN: 797
VLAN: 798
VLAN: 799
VLAN: 800
VLAN: 801
VLAN: 802
    Intf: Ethernet20 - Mode: Untagged
    Intf: PortChannel100 - Mode: Tagged
VLAN: 803
    Intf: Ethernet22 - Mode: Untagged
    Intf: PortChannel100 - Mode: Tagged
VLAN: 804
VLAN: 805
VLAN: 806
VLAN: 807
VLAN: 808
VLAN: 809
    Intf: Ethernet21 - Mode: Untagged
    Intf: PortChannel100 - Mode: Tagged
VLAN: 810
VLAN: 811
VLAN: 812
VLAN: 813
VLAN: 814
VLAN: 815
VLAN: 816
VLAN: 817
VLAN: 818
VLAN: 819
VLAN: 820
VLAN: 821
VLAN: 822
VLAN: 823
VLAN: 824
VLAN: 825
VLAN: 826
VLAN: 827
VLAN: 828
VLAN: 829
VLAN: 830
VLAN: 831
VLAN: 832
VLAN: 833
VLAN: 834
VLAN: 835
VLAN: 836
VLAN: 837
VLAN: 838
VLAN: 839
VLAN: 840
VLAN: 841
VLAN: 842
VLAN: 843
VLAN: 844
VLAN: 845
VLAN: 846
VLAN: 847
VLAN: 848
VLAN: 849
VLAN: 850
VLAN: 851
VLAN: 852
VLAN: 853
VLAN: 854
VLAN: 855
VLAN: 856
VLAN: 857
VLAN: 858
VLAN: 859
VLAN: 860
VLAN: 861
VLAN: 862
VLAN: 863
VLAN: 864
VLAN: 865
VLAN: 866
VLAN: 867
VLAN: 868
VLAN: 869
VLAN: 870
VLAN: 871
VLAN: 872
VLAN: 873
VLAN: 874
VLAN: 875
VLAN: 876
VLAN: 877
VLAN: 878
VLAN: 879
VLAN: 880
VLAN: 881
VLAN: 882
VLAN: 883
VLAN: 884
VLAN: 885
VLAN: 886
VLAN: 887
VLAN: 888
VLAN: 889
VLAN: 890
VLAN: 891
VLAN: 892
VLAN: 893
VLAN: 894
VLAN: 895
VLAN: 896
VLAN: 897
VLAN: 898
VLAN: 899
VLAN: 900
VLAN: 901
VLAN: 902
VLAN: 903
VLAN: 904
VLAN: 905
VLAN: 906
VLAN: 907
VLAN: 908
VLAN: 909
VLAN: 910
VLAN: 911
VLAN: 912
VLAN: 913
VLAN: 914
VLAN: 915
VLAN: 916
VLAN: 917
VLAN: 918
VLAN: 919
VLAN: 920
VLAN: 921
VLAN: 922
VLAN: 923
VLAN: 924
VLAN: 925
VLAN: 926
VLAN: 927
VLAN: 928
VLAN: 929
VLAN: 930
VLAN: 931
VLAN: 932
VLAN: 933
VLAN: 934
VLAN: 935
VLAN: 936
VLAN: 937
VLAN: 938
VLAN: 939
VLAN: 940
VLAN: 941
VLAN: 942
VLAN: 943
VLAN: 944
VLAN: 945
VLAN: 946
VLAN: 947
VLAN: 948
VLAN: 949
VLAN: 950
VLAN: 951
VLAN: 952
VLAN: 953
VLAN: 954
VLAN: 955
VLAN: 956
VLAN: 957
VLAN: 958
VLAN: 959
VLAN: 960
VLAN: 961
VLAN: 962
VLAN: 963
VLAN: 964
VLAN: 965
VLAN: 966
VLAN: 967
VLAN: 968
VLAN: 969
VLAN: 970
VLAN: 971
VLAN: 972
VLAN: 973
VLAN: 974
VLAN: 975
VLAN: 976
VLAN: 977
VLAN: 978
VLAN: 979
VLAN: 980
VLAN: 981
VLAN: 982
VLAN: 983
VLAN: 984
VLAN: 985
VLAN: 986
VLAN: 987
VLAN: 988
VLAN: 989
VLAN: 990
VLAN: 991
VLAN: 992
VLAN: 993
VLAN: 994
VLAN: 995
VLAN: 996
VLAN: 997
VLAN: 998
VLAN: 999
VLAN: 1000
VLAN: 1001
VLAN: 1002
VLAN: 1003
VLAN: 1004
VLAN: 1005
VLAN: 1006
VLAN: 1007
VLAN: 1008
VLAN: 1009
VLAN: 1010
VLAN: 1011
VLAN: 1012
VLAN: 1013
VLAN: 1014
VLAN: 1015
VLAN: 1016
VLAN: 1017
VLAN: 1018
VLAN: 1019
VLAN: 1020
VLAN: 1021
VLAN: 1022
VLAN: 1023
VLAN: 1024
VLAN: 1025
VLAN: 1026
VLAN: 1027
VLAN: 1028
VLAN: 1029
VLAN: 1030
VLAN: 1031
VLAN: 1032
VLAN: 1033
VLAN: 1034
VLAN: 1035
VLAN: 1036
VLAN: 1037
VLAN: 1038
VLAN: 1039
VLAN: 1040
VLAN: 1041
VLAN: 1042
VLAN: 1043
VLAN: 1044
VLAN: 1045
VLAN: 1046
VLAN: 1047
VLAN: 1048
VLAN: 1049
VLAN: 1050
VLAN: 1051
VLAN: 1052
VLAN: 1053
VLAN: 1054
VLAN: 1055
VLAN: 1056
VLAN: 1057
VLAN: 1058
VLAN: 1059
VLAN: 1060
VLAN: 1061
VLAN: 1062
VLAN: 1063
VLAN: 1064
VLAN: 1065
VLAN: 1066
VLAN: 1067
VLAN: 1068
VLAN: 1069
VLAN: 1070
VLAN: 1071
VLAN: 1072
VLAN: 1073
VLAN: 1074
VLAN: 1075
VLAN: 1076
VLAN: 1077
VLAN: 1078
VLAN: 1079
VLAN: 1080
VLAN: 1081
VLAN: 1082
VLAN: 1083
VLAN: 1084
VLAN: 1085
VLAN: 1086
VLAN: 1087
VLAN: 1088
VLAN: 1089
VLAN: 1090
VLAN: 1091
VLAN: 1092
VLAN: 1093
VLAN: 1094
VLAN: 1095
VLAN: 1096
VLAN: 1097
VLAN: 1098
VLAN: 1099
VLAN: 1100
VLAN: 1101
    Intf: Ethernet0 - Mode: Tagged
    Intf: Ethernet2 - Mode: Tagged
    Intf: PortChannel100 - Mode: Tagged
VLAN: 1102
    Intf: Ethernet0 - Mode: Tagged
    Intf: Ethernet2 - Mode: Tagged
    Intf: Ethernet27 - Mode: Untagged
    Intf: PortChannel100 - Mode: Tagged
VLAN: 1103
VLAN: 1104
VLAN: 1105
VLAN: 1106
VLAN: 1107
VLAN: 1108
VLAN: 1109
VLAN: 1110
VLAN: 1111
VLAN: 1112
VLAN: 1113
VLAN: 1114
VLAN: 1115
VLAN: 1116
VLAN: 1117
VLAN: 1118
VLAN: 1119
VLAN: 1120
    Intf: Ethernet1 - Mode: Untagged
    Intf: Ethernet3 - Mode: Untagged
VLAN: 1121
VLAN: 1122
VLAN: 1123
VLAN: 1124
VLAN: 1125
VLAN: 1126
VLAN: 1127
VLAN: 1128
VLAN: 1129
VLAN: 1130
VLAN: 1131
VLAN: 1132
VLAN: 1133
VLAN: 1134
VLAN: 1135
VLAN: 1136
VLAN: 1137
VLAN: 1138
VLAN: 1139
VLAN: 1140
VLAN: 1141
VLAN: 1142
VLAN: 1143
VLAN: 1144
VLAN: 1145
VLAN: 1146
VLAN: 1147
VLAN: 1148
VLAN: 1149
VLAN: 1150
VLAN: 1151
VLAN: 1152
VLAN: 1153
VLAN: 1154
VLAN: 1155
VLAN: 1156
VLAN: 1157
VLAN: 1158
VLAN: 1159
VLAN: 1160
VLAN: 1161
VLAN: 1162
VLAN: 1163
VLAN: 1164
VLAN: 1165
VLAN: 1166
VLAN: 1167
VLAN: 1168
VLAN: 1169
VLAN: 1170
VLAN: 1171
VLAN: 1172
VLAN: 1173
VLAN: 1174
VLAN: 1175
VLAN: 1176
VLAN: 1177
VLAN: 1178
VLAN: 1179
VLAN: 1180
VLAN: 1181
VLAN: 1182
VLAN: 1183
VLAN: 1184
VLAN: 1185
VLAN: 1186
VLAN: 1187
VLAN: 1188
VLAN: 1189
VLAN: 1190
VLAN: 1191
VLAN: 1192
VLAN: 1193
VLAN: 1194
VLAN: 1195
VLAN: 1196
VLAN: 1197
VLAN: 1198
VLAN: 1199
VLAN: 1200
VLAN: 1201
VLAN: 1202
VLAN: 1203
VLAN: 1204
VLAN: 1205
VLAN: 1206
VLAN: 1207
VLAN: 1208
VLAN: 1209
VLAN: 1210
VLAN: 1211
VLAN: 1212
VLAN: 1213
VLAN: 1214
VLAN: 1215
VLAN: 1216
VLAN: 1217
VLAN: 1218
VLAN: 1219
VLAN: 1220
VLAN: 1221
VLAN: 1222
VLAN: 1223
VLAN: 1224
VLAN: 1225
VLAN: 1226
VLAN: 1227
VLAN: 1228
VLAN: 1229
VLAN: 1230
VLAN: 1231
VLAN: 1232
VLAN: 1233
VLAN: 1234
VLAN: 1235
VLAN: 1236
VLAN: 1237
VLAN: 1238
VLAN: 1239
VLAN: 1240
VLAN: 1241
VLAN: 1242
VLAN: 1243
VLAN: 1244
VLAN: 1245
VLAN: 1246
VLAN: 1247
VLAN: 1248
VLAN: 1249
VLAN: 1250
VLAN: 1251
VLAN: 1252
VLAN: 1253
VLAN: 1254
VLAN: 1255
VLAN: 1256
VLAN: 1257
VLAN: 1258
VLAN: 1259
VLAN: 1260
VLAN: 1261
VLAN: 1262
VLAN: 1263
VLAN: 1264
VLAN: 1265
VLAN: 1266
VLAN: 1267
VLAN: 1268
VLAN: 1269
VLAN: 1270
VLAN: 1271
VLAN: 1272
VLAN: 1273
VLAN: 1274
VLAN: 1275
VLAN: 1276
VLAN: 1277
VLAN: 1278
VLAN: 1279
VLAN: 1280
VLAN: 1281
VLAN: 1282
VLAN: 1283
VLAN: 1284
VLAN: 1285
VLAN: 1286
VLAN: 1287
VLAN: 1288
VLAN: 1289
VLAN: 1290
VLAN: 1291
VLAN: 1292
VLAN: 1293
VLAN: 1294
VLAN: 1295
VLAN: 1296
VLAN: 1297
VLAN: 1298
VLAN: 1299
VLAN: 1300
VLAN: 1301
VLAN: 1302
VLAN: 1303
VLAN: 1304
VLAN: 1305
VLAN: 1306
VLAN: 1307
VLAN: 1308
VLAN: 1309
VLAN: 1310
VLAN: 1311
VLAN: 1312
VLAN: 1313
VLAN: 1314
VLAN: 1315
VLAN: 1316
VLAN: 1317
VLAN: 1318
VLAN: 1319
VLAN: 1320
VLAN: 1321
VLAN: 1322
VLAN: 1323
VLAN: 1324
VLAN: 1325
VLAN: 1326
VLAN: 1327
VLAN: 1328
VLAN: 1329
VLAN: 1330
VLAN: 1331
VLAN: 1332
VLAN: 1333
VLAN: 1334
VLAN: 1335
VLAN: 1336
VLAN: 1337
VLAN: 1338
VLAN: 1339
VLAN: 1340
VLAN: 1341
VLAN: 1342
VLAN: 1343
VLAN: 1344
VLAN: 1345
VLAN: 1346
VLAN: 1347
VLAN: 1348
VLAN: 1349
VLAN: 1350
VLAN: 1351
VLAN: 1352
VLAN: 1353
VLAN: 1354
VLAN: 1355
VLAN: 1356
VLAN: 1357
VLAN: 1358
VLAN: 1359
VLAN: 1360
VLAN: 1361
VLAN: 1362
VLAN: 1363
VLAN: 1364
VLAN: 1365
VLAN: 1366
VLAN: 1367
VLAN: 1368
VLAN: 1369
VLAN: 1370
VLAN: 1371
VLAN: 1372
VLAN: 1373
VLAN: 1374
VLAN: 1375
VLAN: 1376
VLAN: 1377
VLAN: 1378
VLAN: 1379
VLAN: 1380
VLAN: 1381
VLAN: 1382
VLAN: 1383
VLAN: 1384
VLAN: 1385
VLAN: 1386
VLAN: 1387
VLAN: 1388
VLAN: 1389
VLAN: 1390
VLAN: 1391
VLAN: 1392
VLAN: 1393
VLAN: 1394
VLAN: 1395
VLAN: 1396
VLAN: 1397
VLAN: 1398
VLAN: 1399
VLAN: 1400
VLAN: 1401
VLAN: 1402
VLAN: 1403
VLAN: 1404
VLAN: 1405
VLAN: 1406
VLAN: 1407
VLAN: 1408
VLAN: 1409
VLAN: 1410
VLAN: 1411
VLAN: 1412
VLAN: 1413
VLAN: 1414
VLAN: 1415
VLAN: 1416
VLAN: 1417
VLAN: 1418
VLAN: 1419
VLAN: 1420
VLAN: 1421
VLAN: 1422
VLAN: 1423
VLAN: 1424
VLAN: 1425
VLAN: 1426
VLAN: 1427
VLAN: 1428
VLAN: 1429
VLAN: 1430
VLAN: 1431
VLAN: 1432
VLAN: 1433
VLAN: 1434
VLAN: 1435
VLAN: 1436
VLAN: 1437
VLAN: 1438
VLAN: 1439
VLAN: 1440
VLAN: 1441
VLAN: 1442
VLAN: 1443
VLAN: 1444
VLAN: 1445
VLAN: 1446
VLAN: 1447
VLAN: 1448
VLAN: 1449
VLAN: 1450
VLAN: 1451
VLAN: 1452
VLAN: 1453
VLAN: 1454
VLAN: 1455
VLAN: 1456
VLAN: 1457
VLAN: 1458
VLAN: 1459
VLAN: 1460
VLAN: 1461
VLAN: 1462
VLAN: 1463
VLAN: 1464
VLAN: 1465
VLAN: 1466
VLAN: 1467
VLAN: 1468
VLAN: 1469
VLAN: 1470
VLAN: 1471
VLAN: 1472
VLAN: 1473
VLAN: 1474
VLAN: 1475
VLAN: 1476
VLAN: 1477
VLAN: 1478
VLAN: 1479
VLAN: 1480
VLAN: 1481
VLAN: 1482
VLAN: 1483
VLAN: 1484
VLAN: 1485
VLAN: 1486
VLAN: 1487
VLAN: 1488
VLAN: 1489
VLAN: 1490
VLAN: 1491
VLAN: 1492
VLAN: 1493
VLAN: 1494
VLAN: 1495
VLAN: 1496
VLAN: 1497
VLAN: 1498
VLAN: 1499
VLAN: 1500
VLAN: 1501
VLAN: 1502
VLAN: 1503
VLAN: 1504
VLAN: 1505
VLAN: 1506
VLAN: 1507
VLAN: 1508
VLAN: 1509
VLAN: 1510
VLAN: 1511
VLAN: 1512
VLAN: 1513
VLAN: 1514
VLAN: 1515
VLAN: 1516
VLAN: 1517
VLAN: 1518
VLAN: 1519
VLAN: 1520
VLAN: 1521
VLAN: 1522
VLAN: 1523
VLAN: 1524
VLAN: 1525
VLAN: 1526
VLAN: 1527
VLAN: 1528
VLAN: 1529
VLAN: 1530
VLAN: 1531
VLAN: 1532
VLAN: 1533
VLAN: 1534
VLAN: 1535
VLAN: 1536
VLAN: 1537
VLAN: 1538
VLAN: 1539
VLAN: 1540
VLAN: 1541
VLAN: 1542
VLAN: 1543
VLAN: 1544
VLAN: 1545
VLAN: 1546
VLAN: 1547
VLAN: 1548
VLAN: 1549
VLAN: 1550
VLAN: 1551
VLAN: 1552
VLAN: 1553
VLAN: 1554
VLAN: 1555
VLAN: 1556
VLAN: 1557
VLAN: 1558
VLAN: 1559
VLAN: 1560
VLAN: 1561
VLAN: 1562
VLAN: 1563
VLAN: 1564
VLAN: 1565
VLAN: 1566
VLAN: 1567
VLAN: 1568
VLAN: 1569
VLAN: 1570
VLAN: 1571
VLAN: 1572
VLAN: 1573
VLAN: 1574
VLAN: 1575
VLAN: 1576
VLAN: 1577
VLAN: 1578
VLAN: 1579
VLAN: 1580
VLAN: 1581
VLAN: 1582
VLAN: 1583
VLAN: 1584
VLAN: 1585
VLAN: 1586
VLAN: 1587
VLAN: 1588
VLAN: 1589
VLAN: 1590
VLAN: 1591
VLAN: 1592
VLAN: 1593
VLAN: 1594
VLAN: 1595
VLAN: 1596
VLAN: 1597
VLAN: 1598
VLAN: 1599
VLAN: 1600
VLAN: 1601
VLAN: 1602
VLAN: 1603
VLAN: 1604
VLAN: 1605
VLAN: 1606
VLAN: 1607
VLAN: 1608
VLAN: 1609
VLAN: 1610
VLAN: 1611
VLAN: 1612
VLAN: 1613
VLAN: 1614
VLAN: 1615
VLAN: 1616
VLAN: 1617
VLAN: 1618
VLAN: 1619
VLAN: 1620
VLAN: 1621
VLAN: 1622
VLAN: 1623
VLAN: 1624
VLAN: 1625
VLAN: 1626
VLAN: 1627
VLAN: 1628
VLAN: 1629
VLAN: 1630
VLAN: 1631
VLAN: 1632
VLAN: 1633
VLAN: 1634
VLAN: 1635
VLAN: 1636
VLAN: 1637
VLAN: 1638
VLAN: 1639
VLAN: 1640
VLAN: 1641
VLAN: 1642
VLAN: 1643
VLAN: 1644
VLAN: 1645
VLAN: 1646
VLAN: 1647
VLAN: 1648
VLAN: 1649
VLAN: 1650
VLAN: 1651
VLAN: 1652
VLAN: 1653
VLAN: 1654
VLAN: 1655
VLAN: 1656
VLAN: 1657
VLAN: 1658
VLAN: 1659
VLAN: 1660
VLAN: 1661
VLAN: 1662
VLAN: 1663
VLAN: 1664
VLAN: 1665
VLAN: 1666
VLAN: 1667
VLAN: 1668
VLAN: 1669
VLAN: 1670
VLAN: 1671
VLAN: 1672
VLAN: 1673
VLAN: 1674
VLAN: 1675
VLAN: 1676
VLAN: 1677
VLAN: 1678
VLAN: 1679
VLAN: 1680
VLAN: 1681
VLAN: 1682
VLAN: 1683
VLAN: 1684
VLAN: 1685
VLAN: 1686
VLAN: 1687
VLAN: 1688
VLAN: 1689
VLAN: 1690
VLAN: 1691
VLAN: 1692
VLAN: 1693
VLAN: 1694
VLAN: 1695
VLAN: 1696
VLAN: 1697
VLAN: 1698
VLAN: 1699
VLAN: 1700
VLAN: 1701
VLAN: 1702
VLAN: 1703
VLAN: 1704
VLAN: 1705
VLAN: 1706
VLAN: 1707
VLAN: 1708
VLAN: 1709
VLAN: 1710
VLAN: 1711
VLAN: 1712
VLAN: 1713
VLAN: 1714
VLAN: 1715
VLAN: 1716
VLAN: 1717
VLAN: 1718
VLAN: 1719
VLAN: 1720
VLAN: 1721
VLAN: 1722
VLAN: 1723
VLAN: 1724
VLAN: 1725
VLAN: 1726
VLAN: 1727
VLAN: 1728
VLAN: 1729
VLAN: 1730
VLAN: 1731
VLAN: 1732
VLAN: 1733
VLAN: 1734
VLAN: 1735
VLAN: 1736
VLAN: 1737
VLAN: 1738
VLAN: 1739
VLAN: 1740
VLAN: 1741
VLAN: 1742
VLAN: 1743
VLAN: 1744
VLAN: 1745
VLAN: 1746
VLAN: 1747
VLAN: 1748
VLAN: 1749
VLAN: 1750
VLAN: 1751
VLAN: 1752
VLAN: 1753
VLAN: 1754
VLAN: 1755
VLAN: 1756
VLAN: 1757
VLAN: 1758
VLAN: 1759
VLAN: 1760
VLAN: 1761
VLAN: 1762
VLAN: 1763
VLAN: 1764
VLAN: 1765
VLAN: 1766
VLAN: 1767
VLAN: 1768
VLAN: 1769
VLAN: 1770
VLAN: 1771
VLAN: 1772
VLAN: 1773
VLAN: 1774
VLAN: 1775
VLAN: 1776
VLAN: 1777
VLAN: 1778
VLAN: 1779
VLAN: 1780
VLAN: 1781
VLAN: 1782
VLAN: 1783
VLAN: 1784
VLAN: 1785
VLAN: 1786
VLAN: 1787
VLAN: 1788
VLAN: 1789
VLAN: 1790
VLAN: 1791
VLAN: 1792
VLAN: 1793
VLAN: 1794
VLAN: 1795
VLAN: 1796
VLAN: 1797
VLAN: 1798
VLAN: 1799
VLAN: 1800
VLAN: 1801
VLAN: 1802
VLAN: 1803
VLAN: 1804
VLAN: 1805
VLAN: 1806
VLAN: 1807
VLAN: 1808
VLAN: 1809
VLAN: 1810
VLAN: 1811
VLAN: 1812
VLAN: 1813
VLAN: 1814
VLAN: 1815
VLAN: 1816
VLAN: 1817
VLAN: 1818
VLAN: 1819
VLAN: 1820
VLAN: 1821
VLAN: 1822
VLAN: 1823
VLAN: 1824
VLAN: 1825
VLAN: 1826
VLAN: 1827
VLAN: 1828
VLAN: 1829
VLAN: 1830
VLAN: 1831
VLAN: 1832
VLAN: 1833
VLAN: 1834
VLAN: 1835
VLAN: 1836
VLAN: 1837
VLAN: 1838
VLAN: 1839
VLAN: 1840
VLAN: 1841
VLAN: 1842
VLAN: 1843
VLAN: 1844
VLAN: 1845
VLAN: 1846
VLAN: 1847
VLAN: 1848
VLAN: 1849
VLAN: 1850
VLAN: 1851
VLAN: 1852
VLAN: 1853
VLAN: 1854
VLAN: 1855
VLAN: 1856
VLAN: 1857
VLAN: 1858
VLAN: 1859
VLAN: 1860
VLAN: 1861
VLAN: 1862
VLAN: 1863
VLAN: 1864
VLAN: 1865
VLAN: 1866
VLAN: 1867
VLAN: 1868
VLAN: 1869
VLAN: 1870
VLAN: 1871
VLAN: 1872
VLAN: 1873
VLAN: 1874
VLAN: 1875
VLAN: 1876
VLAN: 1877
VLAN: 1878
VLAN: 1879
VLAN: 1880
VLAN: 1881
VLAN: 1882
VLAN: 1883
VLAN: 1884
VLAN: 1885
VLAN: 1886
VLAN: 1887
VLAN: 1888
VLAN: 1889
VLAN: 1890
VLAN: 1891
VLAN: 1892
VLAN: 1893
VLAN: 1894
VLAN: 1895
VLAN: 1896
VLAN: 1897
VLAN: 1898
VLAN: 1899
VLAN: 1900
VLAN: 1901
VLAN: 1902
VLAN: 1903
VLAN: 1904
VLAN: 1905
VLAN: 1906
VLAN: 1907
VLAN: 1908
VLAN: 1909
VLAN: 1910
VLAN: 1911
VLAN: 1912
VLAN: 1913
VLAN: 1914
VLAN: 1915
VLAN: 1916
VLAN: 1917
VLAN: 1918
VLAN: 1919
VLAN: 1920
VLAN: 1921
VLAN: 1922
VLAN: 1923
VLAN: 1924
VLAN: 1925
VLAN: 1926
VLAN: 1927
VLAN: 1928
VLAN: 1929
VLAN: 1930
VLAN: 1931
VLAN: 1932
VLAN: 1933
VLAN: 1934
VLAN: 1935
VLAN: 1936
VLAN: 1937
VLAN: 1938
VLAN: 1939
VLAN: 1940
VLAN: 1941
VLAN: 1942
VLAN: 1943
VLAN: 1944
VLAN: 1945
VLAN: 1946
VLAN: 1947
VLAN: 1948
VLAN: 1949
VLAN: 1950
VLAN: 1951
VLAN: 1952
VLAN: 1953
VLAN: 1954
VLAN: 1955
VLAN: 1956
VLAN: 1957
VLAN: 1958
VLAN: 1959
VLAN: 1960
VLAN: 1961
VLAN: 1962
VLAN: 1963
VLAN: 1964
VLAN: 1965
VLAN: 1966
VLAN: 1967
VLAN: 1968
VLAN: 1969
VLAN: 1970
VLAN: 1971
VLAN: 1972
VLAN: 1973
VLAN: 1974
VLAN: 1975
VLAN: 1976
VLAN: 1977
VLAN: 1978
VLAN: 1979
VLAN: 1980
VLAN: 1981
VLAN: 1982
VLAN: 1983
VLAN: 1984
VLAN: 1985
VLAN: 1986
VLAN: 1987
VLAN: 1988
VLAN: 1989
VLAN: 1990
VLAN: 1991
VLAN: 1992
VLAN: 1993
VLAN: 1994
VLAN: 1995
VLAN: 1996
VLAN: 1997
VLAN: 1998
VLAN: 1999
VLAN: 2000
    Intf: PortChannel100 - Mode: Tagged
VLAN: 2001
VLAN: 2002
VLAN: 2003
VLAN: 2004
VLAN: 2005
VLAN: 2006
VLAN: 2007
VLAN: 2008
VLAN: 2009
VLAN: 2010
VLAN: 2011
VLAN: 2012
VLAN: 2013
VLAN: 2014
VLAN: 2015
VLAN: 2016
VLAN: 2017
VLAN: 2018
VLAN: 2019
VLAN: 2020
VLAN: 2021
VLAN: 2022
VLAN: 2023
VLAN: 2024
VLAN: 2025
VLAN: 2026
VLAN: 2027
VLAN: 2028
VLAN: 2029
VLAN: 2030
VLAN: 2031
VLAN: 2032
VLAN: 2033
VLAN: 2034
VLAN: 2035
VLAN: 2036
VLAN: 2037
VLAN: 2038
VLAN: 2039
VLAN: 2040
VLAN: 2041
VLAN: 2042
VLAN: 2043
VLAN: 2044
VLAN: 2045
VLAN: 2046
VLAN: 2047
VLAN: 2048
VLAN: 2049
VLAN: 2050
VLAN: 2051
VLAN: 2052
VLAN: 2053
VLAN: 2054
VLAN: 2055
VLAN: 2056
VLAN: 2057
VLAN: 2058
VLAN: 2059
VLAN: 2060
VLAN: 2061
VLAN: 2062
VLAN: 2063
VLAN: 2064
VLAN: 2065
VLAN: 2066
VLAN: 2067
VLAN: 2068
VLAN: 2069
VLAN: 2070
VLAN: 2071
VLAN: 2072
VLAN: 2073
VLAN: 2074
VLAN: 2075
VLAN: 2076
VLAN: 2077
VLAN: 2078
VLAN: 2079
VLAN: 2080
VLAN: 2081
VLAN: 2082
VLAN: 2083
VLAN: 2084
VLAN: 2085
VLAN: 2086
VLAN: 2087
VLAN: 2088
VLAN: 2089
VLAN: 2090
VLAN: 2091
VLAN: 2092
VLAN: 2093
VLAN: 2094
VLAN: 2095
VLAN: 2096
VLAN: 2097
VLAN: 2098
VLAN: 2099
VLAN: 2100
VLAN: 2101
VLAN: 2102
VLAN: 2103
VLAN: 2104
VLAN: 2105
VLAN: 2106
VLAN: 2107
VLAN: 2108
VLAN: 2109
VLAN: 2110
VLAN: 2111
VLAN: 2112
VLAN: 2113
VLAN: 2114
VLAN: 2115
VLAN: 2116
VLAN: 2117
VLAN: 2118
VLAN: 2119
VLAN: 2120
VLAN: 2121
VLAN: 2122
VLAN: 2123
VLAN: 2124
VLAN: 2125
VLAN: 2126
VLAN: 2127
VLAN: 2128
VLAN: 2129
VLAN: 2130
VLAN: 2131
VLAN: 2132
VLAN: 2133
VLAN: 2134
VLAN: 2135
VLAN: 2136
VLAN: 2137
VLAN: 2138
VLAN: 2139
VLAN: 2140
VLAN: 2141
VLAN: 2142
VLAN: 2143
VLAN: 2144
VLAN: 2145
VLAN: 2146
VLAN: 2147
VLAN: 2148
VLAN: 2149
VLAN: 2150
VLAN: 2151
VLAN: 2152
VLAN: 2153
VLAN: 2154
VLAN: 2155
VLAN: 2156
VLAN: 2157
VLAN: 2158
VLAN: 2159
VLAN: 2160
VLAN: 2161
VLAN: 2162
VLAN: 2163
VLAN: 2164
VLAN: 2165
VLAN: 2166
VLAN: 2167
VLAN: 2168
VLAN: 2169
VLAN: 2170
VLAN: 2171
VLAN: 2172
VLAN: 2173
VLAN: 2174
VLAN: 2175
VLAN: 2176
VLAN: 2177
VLAN: 2178
VLAN: 2179
VLAN: 2180
VLAN: 2181
VLAN: 2182
VLAN: 2183
VLAN: 2184
VLAN: 2185
VLAN: 2186
VLAN: 2187
VLAN: 2188
VLAN: 2189
VLAN: 2190
VLAN: 2191
VLAN: 2192
VLAN: 2193
VLAN: 2194
VLAN: 2195
VLAN: 2196
VLAN: 2197
VLAN: 2198
VLAN: 2199
VLAN: 2200
VLAN: 2201
VLAN: 2202
VLAN: 2203
VLAN: 2204
VLAN: 2205
VLAN: 2206
VLAN: 2207
VLAN: 2208
VLAN: 2209
VLAN: 2210
VLAN: 2211
VLAN: 2212
VLAN: 2213
VLAN: 2214
VLAN: 2215
VLAN: 2216
VLAN: 2217
VLAN: 2218
VLAN: 2219
VLAN: 2220
VLAN: 2221
VLAN: 2222
VLAN: 2223
VLAN: 2224
VLAN: 2225
VLAN: 2226
VLAN: 2227
VLAN: 2228
VLAN: 2229
VLAN: 2230
VLAN: 2231
VLAN: 2232
VLAN: 2233
VLAN: 2234
VLAN: 2235
VLAN: 2236
VLAN: 2237
VLAN: 2238
VLAN: 2239
VLAN: 2240
VLAN: 2241
VLAN: 2242
VLAN: 2243
VLAN: 2244
VLAN: 2245
VLAN: 2246
VLAN: 2247
VLAN: 2248
VLAN: 2249
VLAN: 2250
VLAN: 2251
VLAN: 2252
VLAN: 2253
VLAN: 2254
VLAN: 2255
VLAN: 2256
VLAN: 2257
VLAN: 2258
VLAN: 2259
VLAN: 2260
VLAN: 2261
VLAN: 2262
VLAN: 2263
VLAN: 2264
VLAN: 2265
VLAN: 2266
VLAN: 2267
VLAN: 2268
VLAN: 2269
VLAN: 2270
VLAN: 2271
VLAN: 2272
VLAN: 2273
VLAN: 2274
VLAN: 2275
VLAN: 2276
VLAN: 2277
VLAN: 2278
VLAN: 2279
VLAN: 2280
VLAN: 2281
VLAN: 2282
VLAN: 2283
VLAN: 2284
VLAN: 2285
VLAN: 2286
VLAN: 2287
VLAN: 2288
VLAN: 2289
VLAN: 2290
VLAN: 2291
VLAN: 2292
VLAN: 2293
VLAN: 2294
VLAN: 2295
VLAN: 2296
VLAN: 2297
VLAN: 2298
VLAN: 2299
VLAN: 2300
VLAN: 2301
VLAN: 2302
VLAN: 2303
VLAN: 2304
VLAN: 2305
VLAN: 2306
VLAN: 2307
VLAN: 2308
VLAN: 2309
VLAN: 2310
VLAN: 2311
VLAN: 2312
VLAN: 2313
VLAN: 2314
VLAN: 2315
VLAN: 2316
VLAN: 2317
VLAN: 2318
VLAN: 2319
VLAN: 2320
VLAN: 2321
VLAN: 2322
VLAN: 2323
VLAN: 2324
VLAN: 2325
VLAN: 2326
VLAN: 2327
VLAN: 2328
VLAN: 2329
VLAN: 2330
VLAN: 2331
VLAN: 2332
VLAN: 2333
VLAN: 2334
VLAN: 2335
VLAN: 2336
VLAN: 2337
VLAN: 2338
VLAN: 2339
VLAN: 2340
VLAN: 2341
VLAN: 2342
VLAN: 2343
VLAN: 2344
VLAN: 2345
VLAN: 2346
VLAN: 2347
VLAN: 2348
VLAN: 2349
VLAN: 2350
VLAN: 2351
VLAN: 2352
VLAN: 2353
VLAN: 2354
VLAN: 2355
VLAN: 2356
VLAN: 2357
VLAN: 2358
VLAN: 2359
VLAN: 2360
VLAN: 2361
VLAN: 2362
VLAN: 2363
VLAN: 2364
VLAN: 2365
VLAN: 2366
VLAN: 2367
VLAN: 2368
VLAN: 2369
VLAN: 2370
VLAN: 2371
VLAN: 2372
VLAN: 2373
VLAN: 2374
VLAN: 2375
VLAN: 2376
VLAN: 2377
VLAN: 2378
VLAN: 2379
VLAN: 2380
VLAN: 2381
VLAN: 2382
VLAN: 2383
VLAN: 2384
VLAN: 2385
VLAN: 2386
VLAN: 2387
VLAN: 2388
VLAN: 2389
VLAN: 2390
VLAN: 2391
VLAN: 2392
VLAN: 2393
VLAN: 2394
VLAN: 2395
VLAN: 2396
VLAN: 2397
VLAN: 2398
VLAN: 2399
VLAN: 2400
VLAN: 2401
VLAN: 2402
VLAN: 2403
VLAN: 2404
VLAN: 2405
VLAN: 2406
VLAN: 2407
VLAN: 2408
VLAN: 2409
VLAN: 2410
VLAN: 2411
VLAN: 2412
VLAN: 2413
VLAN: 2414
VLAN: 2415
VLAN: 2416
VLAN: 2417
VLAN: 2418
VLAN: 2419
VLAN: 2420
VLAN: 2421
VLAN: 2422
VLAN: 2423
VLAN: 2424
VLAN: 2425
VLAN: 2426
VLAN: 2427
VLAN: 2428
VLAN: 2429
VLAN: 2430
VLAN: 2431
VLAN: 2432
VLAN: 2433
VLAN: 2434
VLAN: 2435
VLAN: 2436
VLAN: 2437
VLAN: 2438
VLAN: 2439
VLAN: 2440
VLAN: 2441
VLAN: 2442
VLAN: 2443
VLAN: 2444
VLAN: 2445
VLAN: 2446
VLAN: 2447
VLAN: 2448
VLAN: 2449
VLAN: 2450
VLAN: 2451
VLAN: 2452
VLAN: 2453
VLAN: 2454
VLAN: 2455
VLAN: 2456
VLAN: 2457
VLAN: 2458
VLAN: 2459
VLAN: 2460
VLAN: 2461
VLAN: 2462
VLAN: 2463
VLAN: 2464
VLAN: 2465
VLAN: 2466
VLAN: 2467
VLAN: 2468
VLAN: 2469
VLAN: 2470
VLAN: 2471
VLAN: 2472
VLAN: 2473
VLAN: 2474
VLAN: 2475
VLAN: 2476
VLAN: 2477
VLAN: 2478
VLAN: 2479
VLAN: 2480
VLAN: 2481
VLAN: 2482
VLAN: 2483
VLAN: 2484
VLAN: 2485
VLAN: 2486
VLAN: 2487
VLAN: 2488
VLAN: 2489
VLAN: 2490
VLAN: 2491
VLAN: 2492
VLAN: 2493
VLAN: 2494
VLAN: 2495
VLAN: 2496
VLAN: 2497
VLAN: 2498
VLAN: 2499
VLAN: 2500
VLAN: 2501
VLAN: 2502
VLAN: 2503
VLAN: 2504
VLAN: 2505
VLAN: 2506
VLAN: 2507
VLAN: 2508
VLAN: 2509
VLAN: 2510
VLAN: 2511
VLAN: 2512
VLAN: 2513
VLAN: 2514
VLAN: 2515
VLAN: 2516
VLAN: 2517
VLAN: 2518
VLAN: 2519
VLAN: 2520
VLAN: 2521
VLAN: 2522
VLAN: 2523
VLAN: 2524
VLAN: 2525
VLAN: 2526
VLAN: 2527
VLAN: 2528
VLAN: 2529
VLAN: 2530
VLAN: 2531
VLAN: 2532
VLAN: 2533
VLAN: 2534
VLAN: 2535
VLAN: 2536
VLAN: 2537
VLAN: 2538
VLAN: 2539
VLAN: 2540
VLAN: 2541
VLAN: 2542
VLAN: 2543
VLAN: 2544
VLAN: 2545
VLAN: 2546
VLAN: 2547
VLAN: 2548
VLAN: 2549
VLAN: 2550
VLAN: 2551
VLAN: 2552
VLAN: 2553
VLAN: 2554
VLAN: 2555
VLAN: 2556
VLAN: 2557
VLAN: 2558
VLAN: 2559
VLAN: 2560
VLAN: 2561
VLAN: 2562
VLAN: 2563
VLAN: 2564
VLAN: 2565
VLAN: 2566
VLAN: 2567
VLAN: 2568
VLAN: 2569
VLAN: 2570
VLAN: 2571
VLAN: 2572
VLAN: 2573
VLAN: 2574
VLAN: 2575
VLAN: 2576
VLAN: 2577
VLAN: 2578
VLAN: 2579
VLAN: 2580
VLAN: 2581
VLAN: 2582
VLAN: 2583
VLAN: 2584
VLAN: 2585
VLAN: 2586
VLAN: 2587
VLAN: 2588
VLAN: 2589
VLAN: 2590
VLAN: 2591
VLAN: 2592
VLAN: 2593
VLAN: 2594
VLAN: 2595
VLAN: 2596
VLAN: 2597
VLAN: 2598
VLAN: 2599
VLAN: 2600
VLAN: 2601
VLAN: 2602
VLAN: 2603
VLAN: 2604
VLAN: 2605
VLAN: 2606
VLAN: 2607
VLAN: 2608
VLAN: 2609
VLAN: 2610
VLAN: 2611
VLAN: 2612
VLAN: 2613
VLAN: 2614
VLAN: 2615
VLAN: 2616
VLAN: 2617
VLAN: 2618
VLAN: 2619
VLAN: 2620
VLAN: 2621
VLAN: 2622
VLAN: 2623
VLAN: 2624
VLAN: 2625
VLAN: 2626
VLAN: 2627
VLAN: 2628
VLAN: 2629
VLAN: 2630
VLAN: 2631
VLAN: 2632
VLAN: 2633
VLAN: 2634
VLAN: 2635
VLAN: 2636
VLAN: 2637
VLAN: 2638
VLAN: 2639
VLAN: 2640
VLAN: 2641
VLAN: 2642
VLAN: 2643
VLAN: 2644
VLAN: 2645
VLAN: 2646
VLAN: 2647
VLAN: 2648
VLAN: 2649
VLAN: 2650
VLAN: 2651
VLAN: 2652
VLAN: 2653
VLAN: 2654
VLAN: 2655
VLAN: 2656
VLAN: 2657
VLAN: 2658
VLAN: 2659
VLAN: 2660
VLAN: 2661
VLAN: 2662
VLAN: 2663
VLAN: 2664
VLAN: 2665
VLAN: 2666
VLAN: 2667
VLAN: 2668
VLAN: 2669
VLAN: 2670
VLAN: 2671
VLAN: 2672
VLAN: 2673
VLAN: 2674
VLAN: 2675
VLAN: 2676
VLAN: 2677
VLAN: 2678
VLAN: 2679
VLAN: 2680
VLAN: 2681
VLAN: 2682
VLAN: 2683
VLAN: 2684
VLAN: 2685
VLAN: 2686
VLAN: 2687
VLAN: 2688
VLAN: 2689
VLAN: 2690
VLAN: 2691
VLAN: 2692
VLAN: 2693
VLAN: 2694
VLAN: 2695
VLAN: 2696
VLAN: 2697
VLAN: 2698
VLAN: 2699
VLAN: 2700
VLAN: 2701
VLAN: 2702
VLAN: 2703
VLAN: 2704
VLAN: 2705
VLAN: 2706
VLAN: 2707
VLAN: 2708
VLAN: 2709
VLAN: 2710
VLAN: 2711
VLAN: 2712
VLAN: 2713
VLAN: 2714
VLAN: 2715
VLAN: 2716
VLAN: 2717
VLAN: 2718
VLAN: 2719
VLAN: 2720
VLAN: 2721
VLAN: 2722
VLAN: 2723
VLAN: 2724
VLAN: 2725
VLAN: 2726
VLAN: 2727
VLAN: 2728
VLAN: 2729
VLAN: 2730
VLAN: 2731
VLAN: 2732
VLAN: 2733
VLAN: 2734
VLAN: 2735
VLAN: 2736
VLAN: 2737
VLAN: 2738
VLAN: 2739
VLAN: 2740
VLAN: 2741
VLAN: 2742
VLAN: 2743
VLAN: 2744
VLAN: 2745
VLAN: 2746
VLAN: 2747
VLAN: 2748
VLAN: 2749
VLAN: 2750
VLAN: 2751
VLAN: 2752
VLAN: 2753
VLAN: 2754
VLAN: 2755
VLAN: 2756
VLAN: 2757
VLAN: 2758
VLAN: 2759
VLAN: 2760
VLAN: 2761
VLAN: 2762
VLAN: 2763
VLAN: 2764
VLAN: 2765
VLAN: 2766
VLAN: 2767
VLAN: 2768
VLAN: 2769
VLAN: 2770
VLAN: 2771
VLAN: 2772
VLAN: 2773
VLAN: 2774
VLAN: 2775
VLAN: 2776
VLAN: 2777
VLAN: 2778
VLAN: 2779
VLAN: 2780
VLAN: 2781
VLAN: 2782
VLAN: 2783
VLAN: 2784
VLAN: 2785
VLAN: 2786
VLAN: 2787
VLAN: 2788
VLAN: 2789
VLAN: 2790
VLAN: 2791
VLAN: 2792
VLAN: 2793
VLAN: 2794
VLAN: 2795
VLAN: 2796
VLAN: 2797
VLAN: 2798
VLAN: 2799
VLAN: 2800
VLAN: 2801
VLAN: 2802
VLAN: 2803
VLAN: 2804
VLAN: 2805
VLAN: 2806
VLAN: 2807
VLAN: 2808
VLAN: 2809
VLAN: 2810
VLAN: 2811
VLAN: 2812
VLAN: 2813
VLAN: 2814
VLAN: 2815
VLAN: 2816
VLAN: 2817
VLAN: 2818
VLAN: 2819
VLAN: 2820
VLAN: 2821
VLAN: 2822
VLAN: 2823
VLAN: 2824
VLAN: 2825
VLAN: 2826
VLAN: 2827
VLAN: 2828
VLAN: 2829
VLAN: 2830
VLAN: 2831
VLAN: 2832
VLAN: 2833
VLAN: 2834
VLAN: 2835
VLAN: 2836
VLAN: 2837
VLAN: 2838
VLAN: 2839
VLAN: 2840
VLAN: 2841
VLAN: 2842
VLAN: 2843
VLAN: 2844
VLAN: 2845
VLAN: 2846
VLAN: 2847
VLAN: 2848
VLAN: 2849
VLAN: 2850
VLAN: 2851
VLAN: 2852
VLAN: 2853
VLAN: 2854
VLAN: 2855
VLAN: 2856
VLAN: 2857
VLAN: 2858
VLAN: 2859
VLAN: 2860
VLAN: 2861
VLAN: 2862
VLAN: 2863
VLAN: 2864
VLAN: 2865
VLAN: 2866
VLAN: 2867
VLAN: 2868
VLAN: 2869
VLAN: 2870
VLAN: 2871
VLAN: 2872
VLAN: 2873
VLAN: 2874
VLAN: 2875
VLAN: 2876
VLAN: 2877
VLAN: 2878
VLAN: 2879
VLAN: 2880
VLAN: 2881
VLAN: 2882
VLAN: 2883
VLAN: 2884
VLAN: 2885
VLAN: 2886
VLAN: 2887
VLAN: 2888
VLAN: 2889
VLAN: 2890
VLAN: 2891
VLAN: 2892
VLAN: 2893
VLAN: 2894
VLAN: 2895
VLAN: 2896
VLAN: 2897
VLAN: 2898
VLAN: 2899
VLAN: 2900
VLAN: 2901
VLAN: 2902
VLAN: 2903
VLAN: 2904
VLAN: 2905
VLAN: 2906
VLAN: 2907
VLAN: 2908
VLAN: 2909
VLAN: 2910
VLAN: 2911
VLAN: 2912
VLAN: 2913
VLAN: 2914
VLAN: 2915
VLAN: 2916
VLAN: 2917
VLAN: 2918
VLAN: 2919
VLAN: 2920
VLAN: 2921
VLAN: 2922
VLAN: 2923
VLAN: 2924
VLAN: 2925
VLAN: 2926
VLAN: 2927
VLAN: 2928
VLAN: 2929
VLAN: 2930
VLAN: 2931
VLAN: 2932
VLAN: 2933
VLAN: 2934
VLAN: 2935
VLAN: 2936
VLAN: 2937
VLAN: 2938
VLAN: 2939
VLAN: 2940
VLAN: 2941
VLAN: 2942
VLAN: 2943
VLAN: 2944
VLAN: 2945
VLAN: 2946
VLAN: 2947
VLAN: 2948
VLAN: 2949
VLAN: 2950
VLAN: 2951
VLAN: 2952
VLAN: 2953
VLAN: 2954
VLAN: 2955
VLAN: 2956
VLAN: 2957
VLAN: 2958
VLAN: 2959
VLAN: 2960
VLAN: 2961
VLAN: 2962
VLAN: 2963
VLAN: 2964
VLAN: 2965
VLAN: 2966
VLAN: 2967
VLAN: 2968
VLAN: 2969
VLAN: 2970
VLAN: 2971
VLAN: 2972
VLAN: 2973
VLAN: 2974
VLAN: 2975
VLAN: 2976
VLAN: 2977
VLAN: 2978
VLAN: 2979
VLAN: 2980
VLAN: 2981
VLAN: 2982
VLAN: 2983
VLAN: 2984
VLAN: 2985
VLAN: 2986
VLAN: 2987
VLAN: 2988
VLAN: 2989
VLAN: 2990
VLAN: 2991
VLAN: 2992
VLAN: 2993
VLAN: 2994
VLAN: 2995
VLAN: 2996
VLAN: 2997
VLAN: 2998
VLAN: 2999
VLAN: 3000
VLAN: 3001
VLAN: 3002
VLAN: 3003
VLAN: 3004
VLAN: 3005
VLAN: 3006
VLAN: 3007
VLAN: 3008
VLAN: 3009
VLAN: 3010
VLAN: 3011
VLAN: 3012
VLAN: 3013
VLAN: 3014
VLAN: 3015
VLAN: 3016
VLAN: 3017
VLAN: 3018
VLAN: 3019
VLAN: 3020
VLAN: 3021
VLAN: 3022
VLAN: 3023
VLAN: 3024
VLAN: 3025
VLAN: 3026
VLAN: 3027
VLAN: 3028
VLAN: 3029
VLAN: 3030
VLAN: 3031
VLAN: 3032
VLAN: 3033
VLAN: 3034
VLAN: 3035
VLAN: 3036
VLAN: 3037
VLAN: 3038
VLAN: 3039
VLAN: 3040
VLAN: 3041
VLAN: 3042
VLAN: 3043
VLAN: 3044
VLAN: 3045
VLAN: 3046
VLAN: 3047
VLAN: 3048
VLAN: 3049
VLAN: 3050
VLAN: 3051
VLAN: 3052
VLAN: 3053
VLAN: 3054
VLAN: 3055
VLAN: 3056
VLAN: 3057
VLAN: 3058
VLAN: 3059
VLAN: 3060
VLAN: 3061
VLAN: 3062
VLAN: 3063
VLAN: 3064
VLAN: 3065
VLAN: 3066
VLAN: 3067
VLAN: 3068
VLAN: 3069
VLAN: 3070
VLAN: 3071
VLAN: 3072
VLAN: 3073
VLAN: 3074
VLAN: 3075
VLAN: 3076
VLAN: 3077
VLAN: 3078
VLAN: 3079
VLAN: 3080
VLAN: 3081
VLAN: 3082
VLAN: 3083
VLAN: 3084
VLAN: 3085
VLAN: 3086
VLAN: 3087
VLAN: 3088
VLAN: 3089
VLAN: 3090
VLAN: 3091
VLAN: 3092
VLAN: 3093
VLAN: 3094
VLAN: 3095
VLAN: 3096
VLAN: 3097
VLAN: 3098
VLAN: 3099
VLAN: 3100
VLAN: 3101
VLAN: 3102
VLAN: 3103
VLAN: 3104
VLAN: 3105
VLAN: 3106
VLAN: 3107
VLAN: 3108
VLAN: 3109
VLAN: 3110
VLAN: 3111
VLAN: 3112
VLAN: 3113
VLAN: 3114
VLAN: 3115
VLAN: 3116
VLAN: 3117
VLAN: 3118
VLAN: 3119
VLAN: 3120
VLAN: 3121
VLAN: 3122
VLAN: 3123
VLAN: 3124
VLAN: 3125
VLAN: 3126
VLAN: 3127
VLAN: 3128
VLAN: 3129
VLAN: 3130
VLAN: 3131
VLAN: 3132
VLAN: 3133
VLAN: 3134
VLAN: 3135
VLAN: 3136
VLAN: 3137
VLAN: 3138
VLAN: 3139
VLAN: 3140
VLAN: 3141
VLAN: 3142
VLAN: 3143
VLAN: 3144
VLAN: 3145
VLAN: 3146
VLAN: 3147
VLAN: 3148
VLAN: 3149
VLAN: 3150
VLAN: 3151
VLAN: 3152
VLAN: 3153
VLAN: 3154
VLAN: 3155
VLAN: 3156
VLAN: 3157
VLAN: 3158
VLAN: 3159
VLAN: 3160
VLAN: 3161
VLAN: 3162
VLAN: 3163
VLAN: 3164
VLAN: 3165
VLAN: 3166
VLAN: 3167
VLAN: 3168
VLAN: 3169
VLAN: 3170
VLAN: 3171
VLAN: 3172
VLAN: 3173
VLAN: 3174
VLAN: 3175
VLAN: 3176
VLAN: 3177
VLAN: 3178
VLAN: 3179
VLAN: 3180
VLAN: 3181
VLAN: 3182
VLAN: 3183
VLAN: 3184
VLAN: 3185
VLAN: 3186
VLAN: 3187
VLAN: 3188
VLAN: 3189
VLAN: 3190
VLAN: 3191
VLAN: 3192
VLAN: 3193
VLAN: 3194
VLAN: 3195
VLAN: 3196
VLAN: 3197
VLAN: 3198
VLAN: 3199
VLAN: 3200
VLAN: 3201
VLAN: 3202
VLAN: 3203
VLAN: 3204
VLAN: 3205
VLAN: 3206
VLAN: 3207
VLAN: 3208
VLAN: 3209
VLAN: 3210
VLAN: 3211
VLAN: 3212
VLAN: 3213
VLAN: 3214
VLAN: 3215
VLAN: 3216
VLAN: 3217
VLAN: 3218
VLAN: 3219
VLAN: 3220
VLAN: 3221
VLAN: 3222
VLAN: 3223
VLAN: 3224
VLAN: 3225
VLAN: 3226
VLAN: 3227
VLAN: 3228
VLAN: 3229
VLAN: 3230
VLAN: 3231
VLAN: 3232
VLAN: 3233
VLAN: 3234
VLAN: 3235
VLAN: 3236
VLAN: 3237
VLAN: 3238
VLAN: 3239
VLAN: 3240
VLAN: 3241
VLAN: 3242
VLAN: 3243
VLAN: 3244
VLAN: 3245
VLAN: 3246
VLAN: 3247
VLAN: 3248
VLAN: 3249
VLAN: 3250
VLAN: 3251
VLAN: 3252
VLAN: 3253
VLAN: 3254
VLAN: 3255
VLAN: 3256
VLAN: 3257
VLAN: 3258
VLAN: 3259
VLAN: 3260
VLAN: 3261
VLAN: 3262
VLAN: 3263
VLAN: 3264
VLAN: 3265
VLAN: 3266
VLAN: 3267
VLAN: 3268
VLAN: 3269
VLAN: 3270
VLAN: 3271
VLAN: 3272
VLAN: 3273
VLAN: 3274
VLAN: 3275
VLAN: 3276
VLAN: 3277
VLAN: 3278
VLAN: 3279
VLAN: 3280
VLAN: 3281
VLAN: 3282
VLAN: 3283
VLAN: 3284
VLAN: 3285
VLAN: 3286
VLAN: 3287
VLAN: 3288
VLAN: 3289
VLAN: 3290
VLAN: 3291
VLAN: 3292
VLAN: 3293
VLAN: 3294
VLAN: 3295
VLAN: 3296
VLAN: 3297
VLAN: 3298
VLAN: 3299
VLAN: 3300
VLAN: 3301
VLAN: 3302
VLAN: 3303
VLAN: 3304
VLAN: 3305
VLAN: 3306
VLAN: 3307
VLAN: 3308
VLAN: 3309
VLAN: 3310
VLAN: 3311
VLAN: 3312
VLAN: 3313
VLAN: 3314
VLAN: 3315
VLAN: 3316
VLAN: 3317
VLAN: 3318
VLAN: 3319
VLAN: 3320
VLAN: 3321
VLAN: 3322
VLAN: 3323
VLAN: 3324
VLAN: 3325
VLAN: 3326
VLAN: 3327
VLAN: 3328
VLAN: 3329
VLAN: 3330
VLAN: 3331
VLAN: 3332
VLAN: 3333
VLAN: 3334
VLAN: 3335
VLAN: 3336
VLAN: 3337
VLAN: 3338
VLAN: 3339
VLAN: 3340
VLAN: 3341
VLAN: 3342
VLAN: 3343
VLAN: 3344
VLAN: 3345
VLAN: 3346
VLAN: 3347
VLAN: 3348
VLAN: 3349
VLAN: 3350
VLAN: 3351
VLAN: 3352
VLAN: 3353
VLAN: 3354
VLAN: 3355
VLAN: 3356
VLAN: 3357
VLAN: 3358
VLAN: 3359
VLAN: 3360
VLAN: 3361
VLAN: 3362
VLAN: 3363
VLAN: 3364
VLAN: 3365
VLAN: 3366
VLAN: 3367
VLAN: 3368
VLAN: 3369
VLAN: 3370
VLAN: 3371
VLAN: 3372
VLAN: 3373
VLAN: 3374
VLAN: 3375
VLAN: 3376
VLAN: 3377
VLAN: 3378
VLAN: 3379
VLAN: 3380
VLAN: 3381
VLAN: 3382
VLAN: 3383
VLAN: 3384
VLAN: 3385
VLAN: 3386
VLAN: 3387
VLAN: 3388
VLAN: 3389
VLAN: 3390
VLAN: 3391
VLAN: 3392
VLAN: 3393
VLAN: 3394
VLAN: 3395
VLAN: 3396
VLAN: 3397
VLAN: 3398
VLAN: 3399
VLAN: 3400
VLAN: 3401
VLAN: 3402
VLAN: 3403
VLAN: 3404
VLAN: 3405
VLAN: 3406
VLAN: 3407
VLAN: 3408
VLAN: 3409
VLAN: 3410
VLAN: 3411
VLAN: 3412
VLAN: 3413
VLAN: 3414
VLAN: 3415
VLAN: 3416
VLAN: 3417
VLAN: 3418
VLAN: 3419
VLAN: 3420
VLAN: 3421
VLAN: 3422
VLAN: 3423
VLAN: 3424
VLAN: 3425
VLAN: 3426
VLAN: 3427
VLAN: 3428
VLAN: 3429
VLAN: 3430
VLAN: 3431
VLAN: 3432
VLAN: 3433
VLAN: 3434
VLAN: 3435
VLAN: 3436
VLAN: 3437
VLAN: 3438
VLAN: 3439
VLAN: 3440
VLAN: 3441
VLAN: 3442
VLAN: 3443
VLAN: 3444
VLAN: 3445
VLAN: 3446
VLAN: 3447
VLAN: 3448
VLAN: 3449
VLAN: 3450
VLAN: 3451
VLAN: 3452
VLAN: 3453
VLAN: 3454
VLAN: 3455
VLAN: 3456
VLAN: 3457
VLAN: 3458
VLAN: 3459
VLAN: 3460
VLAN: 3461
VLAN: 3462
VLAN: 3463
VLAN: 3464
VLAN: 3465
VLAN: 3466
VLAN: 3467
VLAN: 3468
VLAN: 3469
VLAN: 3470
VLAN: 3471
VLAN: 3472
VLAN: 3473
VLAN: 3474
VLAN: 3475
VLAN: 3476
VLAN: 3477
VLAN: 3478
VLAN: 3479
VLAN: 3480
VLAN: 3481
VLAN: 3482
VLAN: 3483
VLAN: 3484
VLAN: 3485
VLAN: 3486
VLAN: 3487
VLAN: 3488
VLAN: 3489
VLAN: 3490
VLAN: 3491
VLAN: 3492
VLAN: 3493
VLAN: 3494
VLAN: 3495
VLAN: 3496
VLAN: 3497
VLAN: 3498
VLAN: 3499
VLAN: 3500
VLAN: 3501
VLAN: 3502
VLAN: 3503
VLAN: 3504
VLAN: 3505
VLAN: 3506
VLAN: 3507
VLAN: 3508
VLAN: 3509
VLAN: 3510
VLAN: 3511
VLAN: 3512
VLAN: 3513
VLAN: 3514
VLAN: 3515
VLAN: 3516
VLAN: 3517
VLAN: 3518
VLAN: 3519
VLAN: 3520
VLAN: 3521
VLAN: 3522
VLAN: 3523
VLAN: 3524
VLAN: 3525
VLAN: 3526
VLAN: 3527
VLAN: 3528
VLAN: 3529
VLAN: 3530
VLAN: 3531
VLAN: 3532
VLAN: 3533
VLAN: 3534
VLAN: 3535
VLAN: 3536
VLAN: 3537
VLAN: 3538
VLAN: 3539
VLAN: 3540
VLAN: 3541
VLAN: 3542
VLAN: 3543
VLAN: 3544
VLAN: 3545
VLAN: 3546
VLAN: 3547
VLAN: 3548
VLAN: 3549
VLAN: 3550
VLAN: 3551
VLAN: 3552
VLAN: 3553
VLAN: 3554
VLAN: 3555
VLAN: 3556
VLAN: 3557
VLAN: 3558
VLAN: 3559
VLAN: 3560
VLAN: 3561
VLAN: 3562
VLAN: 3563
VLAN: 3564
VLAN: 3565
VLAN: 3566
VLAN: 3567
VLAN: 3568
VLAN: 3569
VLAN: 3570
VLAN: 3571
VLAN: 3572
VLAN: 3573
VLAN: 3574
VLAN: 3575
VLAN: 3576
VLAN: 3577
VLAN: 3578
VLAN: 3579
VLAN: 3580
VLAN: 3581
VLAN: 3582
VLAN: 3583
VLAN: 3584
VLAN: 3585
VLAN: 3586
VLAN: 3587
VLAN: 3588
VLAN: 3589
VLAN: 3590
VLAN: 3591
VLAN: 3592
VLAN: 3593
VLAN: 3594
VLAN: 3595
VLAN: 3596
VLAN: 3597
VLAN: 3598
VLAN: 3599
VLAN: 3600
VLAN: 3601
VLAN: 3602
VLAN: 3603
VLAN: 3604
VLAN: 3605
VLAN: 3606
VLAN: 3607
VLAN: 3608
VLAN: 3609
VLAN: 3610
VLAN: 3611
VLAN: 3612
VLAN: 3613
VLAN: 3614
VLAN: 3615
VLAN: 3616
VLAN: 3617
VLAN: 3618
VLAN: 3619
VLAN: 3620
VLAN: 3621
VLAN: 3622
VLAN: 3623
VLAN: 3624
VLAN: 3625
VLAN: 3626
VLAN: 3627
VLAN: 3628
VLAN: 3629
VLAN: 3630
VLAN: 3631
VLAN: 3632
VLAN: 3633
VLAN: 3634
VLAN: 3635
VLAN: 3636
VLAN: 3637
VLAN: 3638
VLAN: 3639
VLAN: 3640
VLAN: 3641
VLAN: 3642
VLAN: 3643
VLAN: 3644
VLAN: 3645
VLAN: 3646
VLAN: 3647
VLAN: 3648
VLAN: 3649
VLAN: 3650
VLAN: 3651
VLAN: 3652
VLAN: 3653
VLAN: 3654
VLAN: 3655
VLAN: 3656
VLAN: 3657
VLAN: 3658
VLAN: 3659
VLAN: 3660
VLAN: 3661
VLAN: 3662
VLAN: 3663
VLAN: 3664
VLAN: 3665
VLAN: 3666
VLAN: 3667
VLAN: 3668
VLAN: 3669
VLAN: 3670
VLAN: 3671
VLAN: 3672
VLAN: 3673
VLAN: 3674
VLAN: 3675
VLAN: 3676
VLAN: 3677
VLAN: 3678
VLAN: 3679
VLAN: 3680
VLAN: 3681
VLAN: 3682
VLAN: 3683
VLAN: 3684
VLAN: 3685
VLAN: 3686
VLAN: 3687
VLAN: 3688
VLAN: 3689
VLAN: 3690
VLAN: 3691
VLAN: 3692
VLAN: 3693
VLAN: 3694
VLAN: 3695
VLAN: 3696
VLAN: 3697
VLAN: 3698
VLAN: 3699
VLAN: 3700
VLAN: 3701
VLAN: 3702
VLAN: 3703
VLAN: 3704
VLAN: 3705
VLAN: 3706
VLAN: 3707
VLAN: 3708
VLAN: 3709
VLAN: 3710
VLAN: 3711
VLAN: 3712
VLAN: 3713
VLAN: 3714
VLAN: 3715
VLAN: 3716
VLAN: 3717
VLAN: 3718
VLAN: 3719
VLAN: 3720
VLAN: 3721
VLAN: 3722
VLAN: 3723
VLAN: 3724
VLAN: 3725
VLAN: 3726
VLAN: 3727
VLAN: 3728
VLAN: 3729
VLAN: 3730
VLAN: 3731
VLAN: 3732
VLAN: 3733
VLAN: 3734
VLAN: 3735
VLAN: 3736
VLAN: 3737
VLAN: 3738
VLAN: 3739
VLAN: 3740
VLAN: 3741
VLAN: 3742
VLAN: 3743
VLAN: 3744
VLAN: 3745
VLAN: 3746
VLAN: 3747
VLAN: 3748
VLAN: 3749
VLAN: 3750
VLAN: 3751
VLAN: 3752
VLAN: 3753
VLAN: 3754
VLAN: 3755
VLAN: 3756
VLAN: 3757
VLAN: 3758
VLAN: 3759
VLAN: 3760
VLAN: 3761
VLAN: 3762
VLAN: 3763
VLAN: 3764
VLAN: 3765
VLAN: 3766
VLAN: 3767
VLAN: 3768
VLAN: 3769
VLAN: 3770
VLAN: 3771
VLAN: 3772
VLAN: 3773
VLAN: 3774
VLAN: 3775
VLAN: 3776
VLAN: 3777
VLAN: 3778
VLAN: 3779
VLAN: 3780
VLAN: 3781
VLAN: 3782
VLAN: 3783
VLAN: 3784
VLAN: 3785
VLAN: 3786
VLAN: 3787
VLAN: 3788
VLAN: 3789
VLAN: 3790
VLAN: 3791
VLAN: 3792
VLAN: 3793
VLAN: 3794
VLAN: 3795
VLAN: 3796
VLAN: 3797
VLAN: 3798
VLAN: 3799
VLAN: 3800
VLAN: 3801
VLAN: 3802
VLAN: 3803
VLAN: 3804
VLAN: 3805
VLAN: 3806
VLAN: 3807
VLAN: 3808
VLAN: 3809
VLAN: 3810
VLAN: 3811
VLAN: 3812
VLAN: 3813
VLAN: 3814
VLAN: 3815
VLAN: 3816
VLAN: 3817
VLAN: 3818
VLAN: 3819
VLAN: 3820
VLAN: 3821
VLAN: 3822
VLAN: 3823
VLAN: 3824
VLAN: 3825
VLAN: 3826
VLAN: 3827
VLAN: 3828
VLAN: 3829
VLAN: 3830
VLAN: 3831
VLAN: 3832
VLAN: 3833
VLAN: 3834
VLAN: 3835
VLAN: 3836
VLAN: 3837
VLAN: 3838
VLAN: 3839
VLAN: 3840
VLAN: 3841
VLAN: 3842
VLAN: 3843
VLAN: 3844
VLAN: 3845
VLAN: 3846
VLAN: 3847
VLAN: 3848
VLAN: 3849
VLAN: 3850
VLAN: 3851
VLAN: 3852
VLAN: 3853
VLAN: 3854
VLAN: 3855
VLAN: 3856
VLAN: 3857
VLAN: 3858
VLAN: 3859
VLAN: 3860
VLAN: 3861
VLAN: 3862
VLAN: 3863
VLAN: 3864
VLAN: 3865
VLAN: 3866
VLAN: 3867
VLAN: 3868
VLAN: 3869
VLAN: 3870
VLAN: 3871
VLAN: 3872
VLAN: 3873
VLAN: 3874
VLAN: 3875
VLAN: 3876
VLAN: 3877
VLAN: 3878
VLAN: 3879
VLAN: 3880
VLAN: 3881
VLAN: 3882
VLAN: 3883
VLAN: 3884
VLAN: 3885
VLAN: 3886
VLAN: 3887
VLAN: 3888
VLAN: 3889
VLAN: 3890
VLAN: 3891
VLAN: 3892
VLAN: 3893
VLAN: 3894
VLAN: 3895
VLAN: 3896
VLAN: 3897
VLAN: 3898
VLAN: 3899
VLAN: 3900
VLAN: 3901
VLAN: 3902
VLAN: 3903
VLAN: 3904
VLAN: 3905
VLAN: 3906
VLAN: 3907
VLAN: 3908
VLAN: 3909
VLAN: 3910
VLAN: 3911
VLAN: 3912
VLAN: 3913
VLAN: 3914
VLAN: 3915
VLAN: 3916
VLAN: 3917
VLAN: 3918
VLAN: 3919
VLAN: 3920
VLAN: 3921
VLAN: 3922
VLAN: 3923
VLAN: 3924
VLAN: 3925
VLAN: 3926
VLAN: 3927
VLAN: 3928
VLAN: 3929
VLAN: 3930
VLAN: 3931
VLAN: 3932
VLAN: 3933
VLAN: 3934
VLAN: 3935
VLAN: 3936
VLAN: 3937
VLAN: 3938
VLAN: 3939
VLAN: 3940
VLAN: 3941
VLAN: 3942
VLAN: 3943
VLAN: 3944
VLAN: 3945
VLAN: 3946
VLAN: 3947
VLAN: 3948
VLAN: 3949
VLAN: 3950
VLAN: 3951
VLAN: 3952
VLAN: 3953
VLAN: 3954
VLAN: 3955
VLAN: 3956
VLAN: 3957
VLAN: 3958
VLAN: 3959
VLAN: 3960
VLAN: 3961
VLAN: 3962
VLAN: 3963
VLAN: 3964
VLAN: 3965
VLAN: 3966
-------------------------------------
Port VLAN members DB:
Interface: Ethernet0
    VLAN: 677 - Mode: Tagged
    VLAN: 1101 - Mode: Tagged
    VLAN: 1102 - Mode: Tagged
Interface: Ethernet1
    VLAN: 1120 - Mode: Untagged
Interface: Ethernet10
Interface: Ethernet11
    VLAN: 678 - Mode: Untagged
Interface: Ethernet2
    VLAN: 677 - Mode: Tagged
    VLAN: 1101 - Mode: Tagged
    VLAN: 1102 - Mode: Tagged
Interface: Ethernet20
    VLAN: 802 - Mode: Untagged
Interface: Ethernet21
    VLAN: 809 - Mode: Untagged
Interface: Ethernet22
    VLAN: 803 - Mode: Untagged
Interface: Ethernet27
    VLAN: 1102 - Mode: Untagged
Interface: Ethernet3
    VLAN: 1120 - Mode: Untagged
Interface: Ethernet39
Interface: Ethernet4
    VLAN: 677 - Mode: Tagged
    VLAN: 678 - Mode: Tagged
Interface: Ethernet5
    VLAN: 677 - Mode: Tagged
    VLAN: 678 - Mode: Tagged
Interface: PortChannel100
    VLAN: 677 - Mode: Tagged
    VLAN: 678 - Mode: Tagged
    VLAN: 802 - Mode: Tagged
    VLAN: 803 - Mode: Tagged
    VLAN: 809 - Mode: Tagged
    VLAN: 1101 - Mode: Tagged
    VLAN: 1102 - Mode: Tagged
    VLAN: 2000 - Mode: Tagged
-------------------------------------
LAG map DB:
PO: PortChannel100 Mem Count: 2
-------------------------------------
*************** Profiling data ***************
End to End Execution time: 110.98 ms
Backend execution time: 2 ms
**********************************************


real	0m0.475s
user	0m0.292s
sys	0m0.055s





****************************************************************************
stpmgrd techsupport dump ended at Mon 16 Mar 2026 05:59:24 AM GMT
****************************************************************************
