****************************************************************************
teammgrd techsupport dump begin at Mon 16 Mar 2026 06:07:45 AM GMT
****************************************************************************


--------------------------------------------------------------------
debugsh -p -b 16384 -c TEAMMGRD -e show system internal teammgr global
--------------------------------------------------------------------
Dumping Teammgr debug info

==============================================
PortChannel100:
==============================================
lag_description.............. DEL::POC::MYBLE01-DC-0408-SI01::Po100
lag_admin_status............. up
lag_learn_mode............... 
lacp_fast_rate............... false
gshut_mode................... 
static_lag................... false
fallback_enabled............. false
lag_mtu...................... 9100
min_links.................... 1
speed........................ 21872
pid.......................... 96
state ok..................... 1
system_mac................... 
lacp_individual.............. disable
lacp_individual_timeout...... 3
Members...................... Ethernet48, Ethernet56,
==============================================

isCleanupDone...........0
*************** Profiling data ***************
End to End Execution time: 102.33 ms
Backend execution time: 0 ms
**********************************************


real	0m0.454s
user	0m0.275s
sys	0m0.063s





****************************************************************************
teammgrd techsupport dump ended at Mon 16 Mar 2026 06:07:46 AM GMT
****************************************************************************
