****************************************************************************
sai_rififpdrop_counters1 techsupport dump begin at Wed 04 Mar 2026 11:25:14 AM +04
****************************************************************************


--------------------------------------------------------------------
debugsh -p -b 16384 -c SYNCD -e show system internal sai vlan ifp drop counters
--------------------------------------------------------------------

|              Drop entry                    |   Counters  |
------------------------------------------------------------
|  DA = SystemMAC, Vlan = SAG-VSI            | 0 |
|  DA = SystemMAC, Vlan = MclagGW-VSI        | 0 |
|  MyStationHit, Vlan = L2-VSI               | 0 |
|  DA = MclagGW-MAC, Vlan = Non-MclagGw-VSI  | 0 |
*************** Profiling data ***************
End to End Execution time: 102.39 ms
Backend execution time: 0 ms
**********************************************


real	0m0.512s
user	0m0.300s
sys	0m0.072s





****************************************************************************
sai_rififpdrop_counters1 techsupport dump ended at Wed 04 Mar 2026 11:25:15 AM +04
****************************************************************************
