****************************************************************************
vlanmgrd techsupport dump begin at Mon 16 Mar 2026 06:07:46 AM GMT
****************************************************************************


--------------------------------------------------------------------
debugsh -p -b 16384 -c VLANMGRD -e show system internal vlanmgr stacking
--------------------------------------------------------------------
*************** Profiling data ***************
End to End Execution time: 102.79 ms
Backend execution time: 0 ms
**********************************************


real	0m0.483s
user	0m0.295s
sys	0m0.052s



--------------------------------------------------------------------
debugsh -p -b 16384 -c VLANMGRD -e show system internal vlanmgr translation
--------------------------------------------------------------------
*************** Profiling data ***************
End to End Execution time: 102.33 ms
Backend execution time: 0 ms
**********************************************


real	0m0.449s
user	0m0.291s
sys	0m0.046s





****************************************************************************
vlanmgrd techsupport dump ended at Mon 16 Mar 2026 06:07:47 AM GMT
****************************************************************************
