sonic-platform package not installed, attempting to install...
Error: Unable to locate /usr/share/sonic/platform/sonic_platform-1.0-py2-none-any.whl
sonic-platform package not installed, attempting to install...
Processing /usr/share/sonic/platform/sonic_platform-1.0-py3-none-any.whl
Installing collected packages: sonic-platform
Successfully installed sonic-platform-1.0
[33mWARNING: Running pip as the 'root' user can result in broken permissions and conflicting behaviour with the system package manager, possibly rendering your system unusable. It is recommended to use a virtual environment instead: https://pip.pypa.io/warnings/venv. Use the --root-user-action option if you know what you are doing and want to suppress this warning.[0m[33m
[0mSuccessfully installed /usr/share/sonic/platform/sonic_platform-1.0-py3-none-any.whl
/usr/local/lib/python3.9/dist-packages/supervisor/options.py:473: UserWarning: Supervisord is running as root and it is searching for its configuration file in default locations (including its current working directory); you probably want to specify a "-c" argument specifying an absolute path to a configuration file for improved security.
  self.warnings.warn(
2026-01-12 10:25:21,285 INFO Included extra file "/etc/supervisor/conf.d/supervisor-rsyslogd.conf" during parsing
2026-01-12 10:25:21,286 INFO Included extra file "/etc/supervisor/conf.d/supervisord.conf" during parsing
2026-01-12 10:25:21,286 INFO Set uid to user 0 succeeded
2026-01-12 10:25:21,660 INFO RPC interface 'supervisor' initialized
2026-01-12 10:25:21,670 CRIT Server 'unix_http_server' running without any HTTP authentication checking
2026-01-12 10:25:21,670 INFO supervisord started with pid 1
2026-01-12 10:25:22,673 INFO spawned: 'dependent-startup' with pid 34
2026-01-12 10:25:22,682 INFO spawned: 'supervisor-proc-exit-listener' with pid 35
2026-01-12 10:25:22,987 INFO success: dependent-startup entered RUNNING state, process has stayed up for > than 0 seconds (startsecs)
2026-01-12 10:25:23,988 INFO success: supervisor-proc-exit-listener entered RUNNING state, process has stayed up for > than 1 seconds (startsecs)
2026-01-12 10:25:24,509 INFO spawned: 'rsyslogd' with pid 81
2026-01-12 10:25:25,501 INFO success: rsyslogd entered RUNNING state, process has stayed up for > than 1 seconds (startsecs)
2026-01-12 10:25:26,156 INFO spawned: 'locatorledd' with pid 85
2026-01-12 10:25:26,161 INFO success: locatorledd entered RUNNING state, process has stayed up for > than 0 seconds (startsecs)
2026-01-12 10:25:26,285 INFO spawned: 'xcvrd' with pid 86
2026-01-12 10:25:26,310 INFO success: xcvrd entered RUNNING state, process has stayed up for > than 0 seconds (startsecs)
2026-01-12 10:25:26,486 INFO spawned: 'psud' with pid 87
2026-01-12 10:25:26,492 INFO success: psud entered RUNNING state, process has stayed up for > than 0 seconds (startsecs)
2026-01-12 10:25:26,603 INFO spawned: 'ipmievd' with pid 88
2026-01-12 10:25:26,620 INFO success: ipmievd entered RUNNING state, process has stayed up for > than 0 seconds (startsecs)
2026-01-12 10:25:26,798 INFO spawned: 'syseepromd' with pid 89
2026-01-12 10:25:27,044 INFO spawned: 'thermalctld' with pid 90
2026-01-12 10:25:27,233 INFO spawned: 'i2cstatsd' with pid 91
2026-01-12 10:25:27,284 INFO success: i2cstatsd entered RUNNING state, process has stayed up for > than 0 seconds (startsecs)
2026-01-12 10:25:27,387 INFO spawned: 'pcied' with pid 92
2026-01-12 10:25:27,478 INFO exited: ipmievd (exit status 0; expected)
2026-01-12 10:25:27,560 INFO spawned: 'monitpmon' with pid 95
2026-01-12 10:25:27,673 INFO success: monitpmon entered RUNNING state, process has stayed up for > than 0 seconds (startsecs)
2026-01-12 10:25:27,795 INFO spawned: 'ssdhealthd' with pid 99
2026-01-12 10:25:27,864 INFO success: ssdhealthd entered RUNNING state, process has stayed up for > than 0 seconds (startsecs)
2026-01-12 10:25:29,116 INFO spawned: 'ipmievd' with pid 121
2026-01-12 10:25:29,130 INFO success: ipmievd entered RUNNING state, process has stayed up for > than 0 seconds (startsecs)
2026-01-12 10:25:29,781 INFO exited: ipmievd (exit status 1; not expected)
2026-01-12 10:25:31,121 INFO spawned: 'ipmievd' with pid 122
2026-01-12 10:25:31,122 INFO success: ipmievd entered RUNNING state, process has stayed up for > than 0 seconds (startsecs)
2026-01-12 10:25:32,044 INFO exited: ipmievd (exit status 1; not expected)
2026-01-12 10:25:32,407 INFO spawned: 'ipmievd' with pid 123
2026-01-12 10:25:32,407 INFO success: ipmievd entered RUNNING state, process has stayed up for > than 0 seconds (startsecs)
2026-01-12 10:25:33,064 INFO exited: ipmievd (exit status 1; not expected)
2026-01-12 10:25:33,289 INFO spawned: 'ipmievd' with pid 124
2026-01-12 10:25:33,408 INFO success: ipmievd entered RUNNING state, process has stayed up for > than 0 seconds (startsecs)
2026-01-12 10:25:33,994 INFO exited: ipmievd (exit status 1; not expected)
2026-01-12 10:25:34,556 INFO spawned: 'ipmievd' with pid 125
2026-01-12 10:25:34,559 INFO success: ipmievd entered RUNNING state, process has stayed up for > than 0 seconds (startsecs)
2026-01-12 10:25:35,617 INFO exited: ipmievd (exit status 1; not expected)
2026-01-12 10:25:36,838 INFO success: syseepromd entered RUNNING state, process has stayed up for > than 10 seconds (startsecs)
2026-01-12 10:25:37,093 INFO success: thermalctld entered RUNNING state, process has stayed up for > than 10 seconds (startsecs)
2026-01-12 10:25:37,458 INFO success: pcied entered RUNNING state, process has stayed up for > than 10 seconds (startsecs)
2026-01-12 10:25:48,701 INFO exited: i2cstatsd (exit status 2; expected)
2026-01-12 10:25:57,383 INFO exited: dependent-startup (exit status 0; expected)
2026-01-12 10:26:27,579 INFO exited: syseepromd (exit status 0; expected)
2026-03-08 04:37:55,780 WARN received SIGTERM indicating exit request
2026-03-08 04:37:55,780 INFO waiting for supervisor-proc-exit-listener, rsyslogd, locatorledd, xcvrd, psud, thermalctld, pcied, monitpmon, ssdhealthd to die
2026-03-08 04:37:56,891 INFO stopped: ssdhealthd (exit status 0)
2026-03-08 04:37:57,858 INFO stopped: monitpmon (terminated by SIGTERM)
2026-03-08 04:37:57,859 INFO reaped unknown pid 605999 (exit status 0)
2026-03-08 04:37:57,964 INFO stopped: pcied (exit status 143)
2026-03-08 04:37:58,966 INFO waiting for supervisor-proc-exit-listener, rsyslogd, locatorledd, xcvrd, psud, thermalctld to die
2026-03-08 04:38:00,175 INFO stopped: thermalctld (exit status 143)
2026-03-08 04:38:02,178 INFO waiting for supervisor-proc-exit-listener, rsyslogd, locatorledd, xcvrd, psud to die
2026-03-08 04:38:03,297 INFO stopped: psud (exit status 143)
2026-03-08 04:38:03,297 INFO reaped unknown pid 606046 (exit status 0)
2026-03-08 04:38:05,299 INFO waiting for supervisor-proc-exit-listener, rsyslogd, locatorledd, xcvrd to die
sonic-platform package not installed, attempting to install...
Error: Unable to locate /usr/share/sonic/platform/sonic_platform-1.0-py2-none-any.whl
/usr/local/lib/python3.9/dist-packages/supervisor/options.py:473: UserWarning: Supervisord is running as root and it is searching for its configuration file in default locations (including its current working directory); you probably want to specify a "-c" argument specifying an absolute path to a configuration file for improved security.
  self.warnings.warn(
2026-03-08 04:41:03,011 INFO Included extra file "/etc/supervisor/conf.d/supervisor-rsyslogd.conf" during parsing
2026-03-08 04:41:03,013 INFO Included extra file "/etc/supervisor/conf.d/supervisord.conf" during parsing
2026-03-08 04:41:03,013 INFO Set uid to user 0 succeeded
Unlinking stale socket /var/run/supervisor.sock
2026-03-08 04:41:03,336 INFO RPC interface 'supervisor' initialized
2026-03-08 04:41:03,336 CRIT Server 'unix_http_server' running without any HTTP authentication checking
2026-03-08 04:41:03,336 INFO supervisord started with pid 1
2026-03-08 04:41:04,339 INFO spawned: 'dependent-startup' with pid 21
2026-03-08 04:41:04,343 INFO spawned: 'supervisor-proc-exit-listener' with pid 22
2026-03-08 04:41:04,694 INFO success: dependent-startup entered RUNNING state, process has stayed up for > than 0 seconds (startsecs)
2026-03-08 04:41:05,697 INFO success: supervisor-proc-exit-listener entered RUNNING state, process has stayed up for > than 1 seconds (startsecs)
2026-03-08 04:41:06,407 INFO spawned: 'rsyslogd' with pid 68
2026-03-08 04:41:08,075 INFO success: rsyslogd entered RUNNING state, process has stayed up for > than 1 seconds (startsecs)
2026-03-08 04:41:09,222 INFO spawned: 'locatorledd' with pid 72
2026-03-08 04:41:09,223 INFO success: locatorledd entered RUNNING state, process has stayed up for > than 0 seconds (startsecs)
2026-03-08 04:41:09,283 INFO spawned: 'xcvrd' with pid 73
2026-03-08 04:41:09,284 INFO success: xcvrd entered RUNNING state, process has stayed up for > than 0 seconds (startsecs)
2026-03-08 04:41:09,337 INFO spawned: 'psud' with pid 74
2026-03-08 04:41:09,338 INFO success: psud entered RUNNING state, process has stayed up for > than 0 seconds (startsecs)
2026-03-08 04:41:09,416 INFO spawned: 'ipmievd' with pid 75
2026-03-08 04:41:09,462 INFO success: ipmievd entered RUNNING state, process has stayed up for > than 0 seconds (startsecs)
2026-03-08 04:41:09,618 INFO spawned: 'syseepromd' with pid 82
2026-03-08 04:41:09,955 INFO spawned: 'thermalctld' with pid 86
2026-03-08 04:41:09,988 INFO exited: ipmievd (exit status 0; expected)
2026-03-08 04:41:10,292 INFO spawned: 'i2cstatsd' with pid 93
2026-03-08 04:41:10,292 INFO success: i2cstatsd entered RUNNING state, process has stayed up for > than 0 seconds (startsecs)
2026-03-08 04:41:10,567 INFO spawned: 'pcied' with pid 95
2026-03-08 04:41:11,126 INFO spawned: 'monitpmon' with pid 102
2026-03-08 04:41:11,134 INFO success: monitpmon entered RUNNING state, process has stayed up for > than 0 seconds (startsecs)
2026-03-08 04:41:11,340 INFO spawned: 'ssdhealthd' with pid 109
2026-03-08 04:41:11,521 INFO success: ssdhealthd entered RUNNING state, process has stayed up for > than 0 seconds (startsecs)
2026-03-08 04:41:13,412 INFO spawned: 'ipmievd' with pid 116
2026-03-08 04:41:13,412 INFO success: ipmievd entered RUNNING state, process has stayed up for > than 0 seconds (startsecs)
2026-03-08 04:41:14,998 INFO exited: ipmievd (exit status 1; not expected)
2026-03-08 04:41:18,059 INFO spawned: 'ipmievd' with pid 117
2026-03-08 04:41:18,060 INFO success: ipmievd entered RUNNING state, process has stayed up for > than 0 seconds (startsecs)
2026-03-08 04:41:19,385 INFO exited: ipmievd (exit status 1; not expected)
2026-03-08 04:41:19,598 INFO success: syseepromd entered RUNNING state, process has stayed up for > than 10 seconds (startsecs)
2026-03-08 04:41:20,043 INFO success: thermalctld entered RUNNING state, process has stayed up for > than 10 seconds (startsecs)
2026-03-08 04:41:20,606 INFO success: pcied entered RUNNING state, process has stayed up for > than 10 seconds (startsecs)
2026-03-08 04:41:21,002 INFO spawned: 'ipmievd' with pid 118
2026-03-08 04:41:21,017 INFO success: ipmievd entered RUNNING state, process has stayed up for > than 0 seconds (startsecs)
2026-03-08 04:41:22,341 INFO exited: ipmievd (exit status 1; not expected)
2026-03-08 04:41:24,148 INFO spawned: 'ipmievd' with pid 119
2026-03-08 04:41:24,182 INFO success: ipmievd entered RUNNING state, process has stayed up for > than 0 seconds (startsecs)
2026-03-08 04:41:24,875 INFO exited: ipmievd (exit status 1; not expected)
2026-03-08 04:41:26,790 INFO spawned: 'restart-rsyslogd' with pid 134
2026-03-08 04:41:26,841 INFO success: restart-rsyslogd entered RUNNING state, process has stayed up for > than 0 seconds (startsecs)
2026-03-08 04:41:29,179 INFO exited: i2cstatsd (exit status 2; expected)
2026-03-08 04:41:45,204 INFO exited: dependent-startup (exit status 0; expected)
2026-03-08 04:41:48,031 INFO waiting for rsyslogd to stop
2026-03-08 04:41:48,034 INFO stopped: rsyslogd (exit status 0)
2026-03-08 04:41:48,041 INFO spawned: 'rsyslogd' with pid 424
2026-03-08 04:41:49,051 INFO success: rsyslogd entered RUNNING state, process has stayed up for > than 1 seconds (startsecs)
2026-03-08 04:41:49,103 INFO exited: restart-rsyslogd (exit status 0; expected)
2026-03-08 04:42:17,545 INFO exited: syseepromd (exit status 0; expected)
sonic-platform package not installed, attempting to install...
Error: Unable to locate /usr/share/sonic/platform/sonic_platform-1.0-py2-none-any.whl
/usr/local/lib/python3.9/dist-packages/supervisor/options.py:473: UserWarning: Supervisord is running as root and it is searching for its configuration file in default locations (including its current working directory); you probably want to specify a "-c" argument specifying an absolute path to a configuration file for improved security.
  self.warnings.warn(
2026-03-08 05:00:18,126 INFO Included extra file "/etc/supervisor/conf.d/supervisor-rsyslogd.conf" during parsing
2026-03-08 05:00:18,134 INFO Included extra file "/etc/supervisor/conf.d/supervisord.conf" during parsing
2026-03-08 05:00:18,134 INFO Set uid to user 0 succeeded
Unlinking stale socket /var/run/supervisor.sock
2026-03-08 05:00:18,456 INFO RPC interface 'supervisor' initialized
2026-03-08 05:00:18,456 CRIT Server 'unix_http_server' running without any HTTP authentication checking
2026-03-08 05:00:18,457 INFO supervisord started with pid 1
2026-03-08 05:00:19,461 INFO spawned: 'dependent-startup' with pid 20
2026-03-08 05:00:19,464 INFO spawned: 'supervisor-proc-exit-listener' with pid 21
2026-03-08 05:00:19,818 INFO success: dependent-startup entered RUNNING state, process has stayed up for > than 0 seconds (startsecs)
2026-03-08 05:00:20,377 INFO spawned: 'rsyslogd' with pid 67
2026-03-08 05:00:20,475 INFO success: supervisor-proc-exit-listener entered RUNNING state, process has stayed up for > than 1 seconds (startsecs)
2026-03-08 05:00:22,060 INFO success: rsyslogd entered RUNNING state, process has stayed up for > than 1 seconds (startsecs)
2026-03-08 05:00:23,244 INFO spawned: 'locatorledd' with pid 71
2026-03-08 05:00:23,253 INFO success: locatorledd entered RUNNING state, process has stayed up for > than 0 seconds (startsecs)
2026-03-08 05:00:23,292 INFO spawned: 'xcvrd' with pid 72
2026-03-08 05:00:23,303 INFO success: xcvrd entered RUNNING state, process has stayed up for > than 0 seconds (startsecs)
2026-03-08 05:00:23,412 INFO spawned: 'psud' with pid 73
2026-03-08 05:00:23,416 INFO success: psud entered RUNNING state, process has stayed up for > than 0 seconds (startsecs)
2026-03-08 05:00:23,508 INFO spawned: 'ipmievd' with pid 74
2026-03-08 05:00:23,508 INFO success: ipmievd entered RUNNING state, process has stayed up for > than 0 seconds (startsecs)
2026-03-08 05:00:23,638 INFO spawned: 'syseepromd' with pid 75
2026-03-08 05:00:23,696 INFO spawned: 'thermalctld' with pid 76
2026-03-08 05:00:23,794 INFO exited: ipmievd (exit status 0; expected)
2026-03-08 05:00:23,875 INFO spawned: 'i2cstatsd' with pid 84
2026-03-08 05:00:23,908 INFO success: i2cstatsd entered RUNNING state, process has stayed up for > than 0 seconds (startsecs)
2026-03-08 05:00:23,993 INFO spawned: 'pcied' with pid 92
2026-03-08 05:00:24,311 INFO spawned: 'monitpmon' with pid 104
2026-03-08 05:00:24,386 INFO success: monitpmon entered RUNNING state, process has stayed up for > than 0 seconds (startsecs)
2026-03-08 05:00:24,588 INFO spawned: 'ssdhealthd' with pid 105
2026-03-08 05:00:24,588 INFO success: ssdhealthd entered RUNNING state, process has stayed up for > than 0 seconds (startsecs)
2026-03-08 05:00:25,295 INFO spawned: 'ipmievd' with pid 107
2026-03-08 05:00:25,296 INFO success: ipmievd entered RUNNING state, process has stayed up for > than 0 seconds (startsecs)
2026-03-08 05:00:26,195 INFO exited: ipmievd (exit status 1; not expected)
2026-03-08 05:00:27,176 INFO spawned: 'ipmievd' with pid 108
2026-03-08 05:00:27,199 INFO success: ipmievd entered RUNNING state, process has stayed up for > than 0 seconds (startsecs)
2026-03-08 05:00:27,786 INFO exited: ipmievd (exit status 1; not expected)
2026-03-08 05:00:29,077 INFO spawned: 'ipmievd' with pid 109
2026-03-08 05:00:29,105 INFO success: ipmievd entered RUNNING state, process has stayed up for > than 0 seconds (startsecs)
2026-03-08 05:00:29,936 INFO exited: ipmievd (exit status 1; not expected)
2026-03-08 05:00:30,716 INFO spawned: 'ipmievd' with pid 110
2026-03-08 05:00:30,777 INFO success: ipmievd entered RUNNING state, process has stayed up for > than 0 seconds (startsecs)
2026-03-08 05:00:31,391 INFO exited: ipmievd (exit status 1; not expected)
2026-03-08 05:00:32,912 INFO exited: i2cstatsd (exit status 2; expected)
2026-03-08 05:00:33,290 INFO spawned: 'i2cstatsd' with pid 154
2026-03-08 05:00:33,290 INFO success: i2cstatsd entered RUNNING state, process has stayed up for > than 0 seconds (startsecs)
2026-03-08 05:00:33,630 INFO success: syseepromd entered RUNNING state, process has stayed up for > than 10 seconds (startsecs)
2026-03-08 05:00:33,701 INFO success: thermalctld entered RUNNING state, process has stayed up for > than 10 seconds (startsecs)
2026-03-08 05:00:34,000 INFO success: pcied entered RUNNING state, process has stayed up for > than 10 seconds (startsecs)
2026-03-08 05:00:45,132 INFO exited: i2cstatsd (exit status 2; expected)
2026-03-08 05:00:47,560 INFO spawned: 'restart-rsyslogd' with pid 267
2026-03-08 05:00:47,585 INFO success: restart-rsyslogd entered RUNNING state, process has stayed up for > than 0 seconds (startsecs)
2026-03-08 05:00:55,346 INFO exited: dependent-startup (exit status 0; expected)
2026-03-08 05:01:14,163 INFO waiting for rsyslogd to stop
2026-03-08 05:01:14,186 INFO stopped: rsyslogd (exit status 0)
2026-03-08 05:01:14,293 INFO spawned: 'rsyslogd' with pid 580
2026-03-08 05:01:15,317 INFO success: rsyslogd entered RUNNING state, process has stayed up for > than 1 seconds (startsecs)
2026-03-08 05:01:15,588 INFO exited: restart-rsyslogd (exit status 0; expected)
2026-03-08 05:01:21,271 INFO exited: syseepromd (exit status 0; expected)
