/usr/local/lib/python3.9/dist-packages/supervisor/options.py:473: UserWarning: Supervisord is running as root and it is searching for its configuration file in default locations (including its current working directory); you probably want to specify a "-c" argument specifying an absolute path to a configuration file for improved security.
  self.warnings.warn(
2026-01-12 10:24:15,673 INFO Included extra file "/etc/supervisor/conf.d/supervisor-rsyslogd.conf" during parsing
2026-01-12 10:24:15,673 INFO Included extra file "/etc/supervisor/conf.d/supervisord.conf" during parsing
2026-01-12 10:24:15,673 INFO Set uid to user 0 succeeded
2026-01-12 10:24:15,723 INFO RPC interface 'supervisor' initialized
2026-01-12 10:24:15,723 CRIT Server 'unix_http_server' running without any HTTP authentication checking
2026-01-12 10:24:15,723 INFO supervisord started with pid 1
2026-01-12 10:24:16,726 INFO spawned: 'dependent-startup' with pid 30
2026-01-12 10:24:16,729 INFO spawned: 'supervisor-proc-exit-listener' with pid 31
2026-01-12 10:24:17,156 INFO success: dependent-startup entered RUNNING state, process has stayed up for > than 0 seconds (startsecs)
2026-01-12 10:24:17,349 INFO spawned: 'rsyslogd' with pid 140
2026-01-12 10:24:17,350 INFO success: rsyslogd entered RUNNING state, process has stayed up for > than 0 seconds (startsecs)
2026-01-12 10:24:17,675 INFO spawned: 'wait_for_replay_done' with pid 144
2026-01-12 10:24:17,675 INFO success: wait_for_replay_done entered RUNNING state, process has stayed up for > than 0 seconds (startsecs)
2026-01-12 10:24:17,743 INFO success: supervisor-proc-exit-listener entered RUNNING state, process has stayed up for > than 1 seconds (startsecs)
2026-01-12 10:24:50,873 INFO exited: wait_for_replay_done (exit status 0; expected)
2026-01-12 10:24:51,231 INFO spawned: 'zebra' with pid 243
2026-01-12 10:24:51,242 INFO success: zebra entered RUNNING state, process has stayed up for > than 0 seconds (startsecs)
2026-01-12 10:24:51,897 INFO spawned: 'zsocket' with pid 244
2026-01-12 10:24:51,904 INFO success: zsocket entered RUNNING state, process has stayed up for > than 0 seconds (startsecs)
2026-01-12 10:24:52,408 INFO exited: zsocket (exit status 0; expected)
2026-01-12 10:24:52,973 INFO spawned: 'staticd' with pid 260
2026-01-12 10:24:52,973 INFO success: staticd entered RUNNING state, process has stayed up for > than 0 seconds (startsecs)
2026-01-12 10:24:53,019 INFO spawned: 'bfdd' with pid 261
2026-01-12 10:24:53,020 INFO success: bfdd entered RUNNING state, process has stayed up for > than 0 seconds (startsecs)
2026-01-12 10:24:53,138 INFO spawned: 'bgpd' with pid 262
2026-01-12 10:24:53,139 INFO success: bgpd entered RUNNING state, process has stayed up for > than 0 seconds (startsecs)
2026-01-12 10:24:53,201 INFO spawned: 'iptrackd' with pid 263
2026-01-12 10:24:53,202 INFO success: iptrackd entered RUNNING state, process has stayed up for > than 0 seconds (startsecs)
2026-01-12 10:24:53,371 INFO spawned: 'ospf6d' with pid 268
2026-01-12 10:24:53,407 INFO success: ospf6d entered RUNNING state, process has stayed up for > than 0 seconds (startsecs)
2026-01-12 10:24:53,535 INFO spawned: 'ospfd' with pid 270
2026-01-12 10:24:53,536 INFO success: ospfd entered RUNNING state, process has stayed up for > than 0 seconds (startsecs)
2026-01-12 10:24:53,691 INFO spawned: 'pimd' with pid 272
2026-01-12 10:24:53,744 INFO success: pimd entered RUNNING state, process has stayed up for > than 0 seconds (startsecs)
2026-01-12 10:24:53,819 INFO spawned: 'set_docker_up_status' with pid 273
2026-01-12 10:24:53,892 INFO success: set_docker_up_status entered RUNNING state, process has stayed up for > than 0 seconds (startsecs)
2026-01-12 10:24:57,034 INFO spawned: 'frrcfgd' with pid 391
2026-01-12 10:24:57,040 INFO success: frrcfgd entered RUNNING state, process has stayed up for > than 0 seconds (startsecs)
2026-01-12 10:25:02,305 INFO spawned: 'wait_for_frrcfgd_conn' with pid 481
2026-01-12 10:25:02,317 INFO success: wait_for_frrcfgd_conn entered RUNNING state, process has stayed up for > than 0 seconds (startsecs)
2026-01-12 10:25:02,440 INFO exited: wait_for_frrcfgd_conn (exit status 0; expected)
2026-01-12 10:25:03,235 INFO spawned: 'fpmsyncd' with pid 515
2026-01-12 10:25:03,240 INFO success: fpmsyncd entered RUNNING state, process has stayed up for > than 0 seconds (startsecs)
2026-01-12 10:25:03,265 INFO spawned: 'ipmcfpmsyncd' with pid 516
2026-01-12 10:25:03,268 INFO success: ipmcfpmsyncd entered RUNNING state, process has stayed up for > than 0 seconds (startsecs)
2026-01-12 10:25:04,963 INFO exited: set_docker_up_status (exit status 0; expected)
2026-01-12 10:25:05,160 INFO exited: dependent-startup (exit status 0; expected)
2026-01-12 10:25:16,699 INFO spawned: 'restart-rsyslogd' with pid 648
2026-01-12 10:25:16,708 INFO success: restart-rsyslogd entered RUNNING state, process has stayed up for > than 0 seconds (startsecs)
2026-01-12 10:25:22,885 INFO waiting for rsyslogd to stop
2026-01-12 10:25:22,921 INFO stopped: rsyslogd (exit status 0)
2026-01-12 10:25:22,944 INFO spawned: 'rsyslogd' with pid 662
2026-01-12 10:25:22,951 INFO success: rsyslogd entered RUNNING state, process has stayed up for > than 0 seconds (startsecs)
2026-01-12 10:25:24,298 INFO exited: restart-rsyslogd (exit status 0; expected)
2026-03-08 04:37:42,545 INFO waiting for supervisor-proc-exit-listener to stop
2026-03-08 04:37:42,546 INFO stopped: supervisor-proc-exit-listener (terminated by SIGTERM)
2026-03-08 04:37:42,692 INFO exited: frrcfgd (terminated by SIGKILL; not expected)
2026-03-08 04:37:42,822 INFO exited: zebra (terminated by SIGKILL; not expected)
2026-03-08 04:37:42,956 INFO exited: bfdd (terminated by SIGKILL; not expected)
2026-03-08 04:37:43,033 INFO exited: bgpd (terminated by SIGKILL; not expected)
2026-03-08 04:37:43,156 INFO exited: ospfd (terminated by SIGKILL; not expected)
2026-03-08 04:37:43,266 INFO exited: fpmsyncd (terminated by SIGKILL; not expected)
2026-03-08 04:37:43,266 INFO exited: ipmcfpmsyncd (terminated by SIGKILL; not expected)
2026-03-08 04:37:54,280 WARN received SIGTERM indicating exit request
2026-03-08 04:37:54,280 INFO waiting for rsyslogd, staticd, iptrackd, ospf6d, pimd to die
2026-03-08 04:37:57,283 INFO waiting for rsyslogd, staticd, iptrackd, ospf6d, pimd to die
2026-03-08 04:38:00,288 INFO waiting for rsyslogd, staticd, iptrackd, ospf6d, pimd to die
2026-03-08 04:38:00,336 INFO stopped: pimd (terminated by SIGKILL)
2026-03-08 04:38:01,340 INFO stopped: ospf6d (terminated by SIGKILL)
2026-03-08 04:38:01,342 INFO stopped: iptrackd (exit status 0)
2026-03-08 04:38:03,345 INFO waiting for rsyslogd, staticd to die
/usr/local/lib/python3.9/dist-packages/supervisor/options.py:473: UserWarning: Supervisord is running as root and it is searching for its configuration file in default locations (including its current working directory); you probably want to specify a "-c" argument specifying an absolute path to a configuration file for improved security.
  self.warnings.warn(
2026-03-08 04:40:13,182 INFO Included extra file "/etc/supervisor/conf.d/supervisor-rsyslogd.conf" during parsing
2026-03-08 04:40:13,182 INFO Included extra file "/etc/supervisor/conf.d/supervisord.conf" during parsing
2026-03-08 04:40:13,183 INFO Set uid to user 0 succeeded
Unlinking stale socket /var/run/supervisor.sock
2026-03-08 04:40:13,494 INFO RPC interface 'supervisor' initialized
2026-03-08 04:40:13,494 CRIT Server 'unix_http_server' running without any HTTP authentication checking
2026-03-08 04:40:13,495 INFO supervisord started with pid 1
2026-03-08 04:40:14,498 INFO spawned: 'dependent-startup' with pid 30
2026-03-08 04:40:14,501 INFO spawned: 'supervisor-proc-exit-listener' with pid 31
2026-03-08 04:40:15,045 INFO success: dependent-startup entered RUNNING state, process has stayed up for > than 0 seconds (startsecs)
2026-03-08 04:40:15,500 INFO success: supervisor-proc-exit-listener entered RUNNING state, process has stayed up for > than 1 seconds (startsecs)
2026-03-08 04:40:15,550 INFO spawned: 'rsyslogd' with pid 147
2026-03-08 04:40:15,551 INFO success: rsyslogd entered RUNNING state, process has stayed up for > than 0 seconds (startsecs)
2026-03-08 04:40:16,014 INFO spawned: 'wait_for_replay_done' with pid 165
2026-03-08 04:40:16,015 INFO success: wait_for_replay_done entered RUNNING state, process has stayed up for > than 0 seconds (startsecs)
2026-03-08 04:40:50,676 INFO exited: wait_for_replay_done (exit status 0; expected)
2026-03-08 04:40:50,891 INFO spawned: 'zebra' with pid 243
2026-03-08 04:40:50,891 INFO success: zebra entered RUNNING state, process has stayed up for > than 0 seconds (startsecs)
2026-03-08 04:40:51,299 INFO spawned: 'zsocket' with pid 244
2026-03-08 04:40:51,302 INFO success: zsocket entered RUNNING state, process has stayed up for > than 0 seconds (startsecs)
2026-03-08 04:40:51,933 INFO exited: zsocket (exit status 0; expected)
2026-03-08 04:40:52,583 INFO spawned: 'staticd' with pid 319
2026-03-08 04:40:52,591 INFO success: staticd entered RUNNING state, process has stayed up for > than 0 seconds (startsecs)
2026-03-08 04:40:52,625 INFO spawned: 'bfdd' with pid 320
2026-03-08 04:40:52,630 INFO success: bfdd entered RUNNING state, process has stayed up for > than 0 seconds (startsecs)
2026-03-08 04:40:52,680 INFO spawned: 'bgpd' with pid 321
2026-03-08 04:40:52,707 INFO success: bgpd entered RUNNING state, process has stayed up for > than 0 seconds (startsecs)
2026-03-08 04:40:52,788 INFO spawned: 'iptrackd' with pid 323
2026-03-08 04:40:52,804 INFO success: iptrackd entered RUNNING state, process has stayed up for > than 0 seconds (startsecs)
2026-03-08 04:40:52,931 INFO spawned: 'ospf6d' with pid 324
2026-03-08 04:40:52,941 INFO success: ospf6d entered RUNNING state, process has stayed up for > than 0 seconds (startsecs)
2026-03-08 04:40:52,976 INFO spawned: 'ospfd' with pid 329
2026-03-08 04:40:53,000 INFO success: ospfd entered RUNNING state, process has stayed up for > than 0 seconds (startsecs)
2026-03-08 04:40:53,073 INFO spawned: 'pimd' with pid 330
2026-03-08 04:40:53,092 INFO success: pimd entered RUNNING state, process has stayed up for > than 0 seconds (startsecs)
2026-03-08 04:40:53,170 INFO spawned: 'set_docker_up_status' with pid 331
2026-03-08 04:40:53,211 INFO success: set_docker_up_status entered RUNNING state, process has stayed up for > than 0 seconds (startsecs)
2026-03-08 04:40:55,934 INFO spawned: 'frrcfgd' with pid 393
2026-03-08 04:40:55,941 INFO success: frrcfgd entered RUNNING state, process has stayed up for > than 0 seconds (startsecs)
2026-03-08 04:40:59,834 INFO spawned: 'wait_for_frrcfgd_conn' with pid 485
2026-03-08 04:40:59,834 INFO success: wait_for_frrcfgd_conn entered RUNNING state, process has stayed up for > than 0 seconds (startsecs)
2026-03-08 04:40:59,869 INFO exited: wait_for_frrcfgd_conn (exit status 0; expected)
2026-03-08 04:41:00,474 INFO spawned: 'wait_for_frrcfgd_conn' with pid 517
2026-03-08 04:41:00,474 INFO success: wait_for_frrcfgd_conn entered RUNNING state, process has stayed up for > than 0 seconds (startsecs)
2026-03-08 04:41:00,610 INFO exited: wait_for_frrcfgd_conn (exit status 0; expected)
2026-03-08 04:41:01,644 INFO exited: set_docker_up_status (exit status 0; expected)
2026-03-08 04:41:01,802 INFO spawned: 'fpmsyncd' with pid 518
2026-03-08 04:41:01,803 INFO success: fpmsyncd entered RUNNING state, process has stayed up for > than 0 seconds (startsecs)
2026-03-08 04:41:01,869 INFO spawned: 'ipmcfpmsyncd' with pid 519
2026-03-08 04:41:01,882 INFO success: ipmcfpmsyncd entered RUNNING state, process has stayed up for > than 0 seconds (startsecs)
2026-03-08 04:41:05,802 INFO exited: dependent-startup (exit status 0; expected)
2026-03-08 04:41:11,238 INFO spawned: 'restart-rsyslogd' with pid 701
2026-03-08 04:41:11,239 INFO success: restart-rsyslogd entered RUNNING state, process has stayed up for > than 0 seconds (startsecs)
2026-03-08 04:41:15,542 INFO waiting for rsyslogd to stop
2026-03-08 04:41:15,605 INFO stopped: rsyslogd (exit status 0)
2026-03-08 04:41:15,620 INFO spawned: 'rsyslogd' with pid 715
2026-03-08 04:41:15,620 INFO success: rsyslogd entered RUNNING state, process has stayed up for > than 0 seconds (startsecs)
2026-03-08 04:41:15,906 INFO exited: restart-rsyslogd (exit status 0; expected)
/usr/local/lib/python3.9/dist-packages/supervisor/options.py:473: UserWarning: Supervisord is running as root and it is searching for its configuration file in default locations (including its current working directory); you probably want to specify a "-c" argument specifying an absolute path to a configuration file for improved security.
  self.warnings.warn(
2026-03-08 04:59:35,013 INFO Included extra file "/etc/supervisor/conf.d/supervisor-rsyslogd.conf" during parsing
2026-03-08 04:59:35,013 INFO Included extra file "/etc/supervisor/conf.d/supervisord.conf" during parsing
2026-03-08 04:59:35,013 INFO Set uid to user 0 succeeded
Unlinking stale socket /var/run/supervisor.sock
2026-03-08 04:59:35,322 INFO RPC interface 'supervisor' initialized
2026-03-08 04:59:35,322 CRIT Server 'unix_http_server' running without any HTTP authentication checking
2026-03-08 04:59:35,323 INFO supervisord started with pid 1
2026-03-08 04:59:36,325 INFO spawned: 'dependent-startup' with pid 30
2026-03-08 04:59:36,328 INFO spawned: 'supervisor-proc-exit-listener' with pid 31
2026-03-08 04:59:36,926 INFO success: dependent-startup entered RUNNING state, process has stayed up for > than 0 seconds (startsecs)
2026-03-08 04:59:37,330 INFO success: supervisor-proc-exit-listener entered RUNNING state, process has stayed up for > than 1 seconds (startsecs)
2026-03-08 04:59:37,380 INFO spawned: 'rsyslogd' with pid 150
2026-03-08 04:59:37,381 INFO success: rsyslogd entered RUNNING state, process has stayed up for > than 0 seconds (startsecs)
2026-03-08 04:59:37,820 INFO spawned: 'wait_for_replay_done' with pid 165
2026-03-08 04:59:37,821 INFO success: wait_for_replay_done entered RUNNING state, process has stayed up for > than 0 seconds (startsecs)
2026-03-08 05:00:11,500 INFO exited: wait_for_replay_done (exit status 0; expected)
2026-03-08 05:00:11,662 INFO spawned: 'zebra' with pid 243
2026-03-08 05:00:11,662 INFO success: zebra entered RUNNING state, process has stayed up for > than 0 seconds (startsecs)
2026-03-08 05:00:12,324 INFO spawned: 'zsocket' with pid 244
2026-03-08 05:00:12,334 INFO success: zsocket entered RUNNING state, process has stayed up for > than 0 seconds (startsecs)
2026-03-08 05:00:13,103 INFO exited: zsocket (exit status 0; expected)
2026-03-08 05:00:13,812 INFO spawned: 'staticd' with pid 260
2026-03-08 05:00:13,814 INFO success: staticd entered RUNNING state, process has stayed up for > than 0 seconds (startsecs)
2026-03-08 05:00:13,874 INFO spawned: 'bfdd' with pid 261
2026-03-08 05:00:13,881 INFO success: bfdd entered RUNNING state, process has stayed up for > than 0 seconds (startsecs)
2026-03-08 05:00:13,911 INFO spawned: 'bgpd' with pid 262
2026-03-08 05:00:13,921 INFO success: bgpd entered RUNNING state, process has stayed up for > than 0 seconds (startsecs)
2026-03-08 05:00:14,002 INFO spawned: 'iptrackd' with pid 263
2026-03-08 05:00:14,013 INFO success: iptrackd entered RUNNING state, process has stayed up for > than 0 seconds (startsecs)
2026-03-08 05:00:14,088 INFO spawned: 'ospf6d' with pid 264
2026-03-08 05:00:14,088 INFO success: ospf6d entered RUNNING state, process has stayed up for > than 0 seconds (startsecs)
2026-03-08 05:00:14,165 INFO spawned: 'ospfd' with pid 266
2026-03-08 05:00:14,166 INFO success: ospfd entered RUNNING state, process has stayed up for > than 0 seconds (startsecs)
2026-03-08 05:00:14,240 INFO spawned: 'pimd' with pid 271
2026-03-08 05:00:14,240 INFO success: pimd entered RUNNING state, process has stayed up for > than 0 seconds (startsecs)
2026-03-08 05:00:14,266 INFO spawned: 'set_docker_up_status' with pid 272
2026-03-08 05:00:14,266 INFO success: set_docker_up_status entered RUNNING state, process has stayed up for > than 0 seconds (startsecs)
2026-03-08 05:00:17,806 INFO spawned: 'frrcfgd' with pid 397
2026-03-08 05:00:17,812 INFO success: frrcfgd entered RUNNING state, process has stayed up for > than 0 seconds (startsecs)
2026-03-08 05:00:22,728 INFO spawned: 'wait_for_frrcfgd_conn' with pid 489
2026-03-08 05:00:22,738 INFO success: wait_for_frrcfgd_conn entered RUNNING state, process has stayed up for > than 0 seconds (startsecs)
2026-03-08 05:00:22,847 INFO exited: wait_for_frrcfgd_conn (exit status 0; expected)
2026-03-08 05:00:23,288 INFO spawned: 'wait_for_frrcfgd_conn' with pid 521
2026-03-08 05:00:23,297 INFO success: wait_for_frrcfgd_conn entered RUNNING state, process has stayed up for > than 0 seconds (startsecs)
2026-03-08 05:00:23,462 INFO exited: wait_for_frrcfgd_conn (exit status 0; expected)
2026-03-08 05:00:23,717 INFO exited: set_docker_up_status (exit status 0; expected)
2026-03-08 05:00:24,217 INFO spawned: 'fpmsyncd' with pid 541
2026-03-08 05:00:24,220 INFO success: fpmsyncd entered RUNNING state, process has stayed up for > than 0 seconds (startsecs)
2026-03-08 05:00:24,239 INFO spawned: 'ipmcfpmsyncd' with pid 543
2026-03-08 05:00:24,240 INFO success: ipmcfpmsyncd entered RUNNING state, process has stayed up for > than 0 seconds (startsecs)
2026-03-08 05:00:27,494 INFO exited: dependent-startup (exit status 0; expected)
2026-03-08 05:00:38,096 INFO spawned: 'restart-rsyslogd' with pid 705
2026-03-08 05:00:38,102 INFO success: restart-rsyslogd entered RUNNING state, process has stayed up for > than 0 seconds (startsecs)
2026-03-08 05:00:44,652 INFO waiting for rsyslogd to stop
2026-03-08 05:00:44,664 INFO stopped: rsyslogd (exit status 0)
2026-03-08 05:00:44,702 INFO spawned: 'rsyslogd' with pid 719
2026-03-08 05:00:44,702 INFO success: rsyslogd entered RUNNING state, process has stayed up for > than 0 seconds (startsecs)
2026-03-08 05:00:45,042 INFO exited: restart-rsyslogd (exit status 0; expected)
