/usr/local/lib/python3.9/dist-packages/supervisor/options.py:473: UserWarning: Supervisord is running as root and it is searching for its configuration file in default locations (including its current working directory); you probably want to specify a "-c" argument specifying an absolute path to a configuration file for improved security.
  self.warnings.warn(
2026-01-12 10:24:38,802 INFO Included extra file "/etc/supervisor/conf.d/supervisor-rsyslogd.conf" during parsing
2026-01-12 10:24:38,814 INFO Included extra file "/etc/supervisor/conf.d/supervisord.conf" during parsing
2026-01-12 10:24:38,814 INFO Set uid to user 0 succeeded
2026-01-12 10:24:39,127 INFO RPC interface 'supervisor' initialized
2026-01-12 10:24:39,127 CRIT Server 'unix_http_server' running without any HTTP authentication checking
2026-01-12 10:24:39,128 INFO supervisord started with pid 1
2026-01-12 10:24:40,139 INFO spawned: 'dependent-startup' with pid 7
2026-01-12 10:24:40,143 INFO spawned: 'telemetry-proc-exit' with pid 8
2026-01-12 10:24:40,253 INFO success: dependent-startup entered RUNNING state, process has stayed up for > than 0 seconds (startsecs)
2026-01-12 10:24:41,260 INFO success: telemetry-proc-exit entered RUNNING state, process has stayed up for > than 1 seconds (startsecs)
2026-01-12 10:24:41,719 INFO spawned: 'rsyslogd' with pid 10
2026-01-12 10:24:43,160 INFO success: rsyslogd entered RUNNING state, process has stayed up for > than 1 seconds (startsecs)
2026-01-12 10:24:44,212 INFO spawned: 'start' with pid 14
2026-01-12 10:24:44,213 INFO success: start entered RUNNING state, process has stayed up for > than 0 seconds (startsecs)
2026-01-12 10:24:44,305 INFO exited: start (exit status 0; expected)
2026-01-12 10:24:44,704 INFO spawned: 'telemetry' with pid 29
2026-01-12 10:24:45,872 INFO success: telemetry entered RUNNING state, process has stayed up for > than 1 seconds (startsecs)
2026-01-12 10:24:48,246 INFO exited: dependent-startup (exit status 0; expected)
2026-01-12 10:25:14,757 INFO spawned: 'restart-rsyslogd' with pid 66
2026-01-12 10:25:14,758 INFO success: restart-rsyslogd entered RUNNING state, process has stayed up for > than 0 seconds (startsecs)
2026-01-12 10:25:30,539 INFO waiting for rsyslogd to stop
2026-01-12 10:25:30,558 INFO stopped: rsyslogd (exit status 0)
2026-01-12 10:25:30,582 INFO spawned: 'rsyslogd' with pid 77
2026-01-12 10:25:31,794 INFO success: rsyslogd entered RUNNING state, process has stayed up for > than 1 seconds (startsecs)
2026-01-12 10:25:31,976 INFO exited: restart-rsyslogd (exit status 0; expected)
2026-03-08 04:37:55,043 WARN received SIGTERM indicating exit request
2026-03-08 04:37:55,043 INFO waiting for telemetry-proc-exit, rsyslogd, telemetry to die
2026-03-08 04:37:56,050 INFO stopped: telemetry (terminated by SIGTERM)
2026-03-08 04:37:57,054 INFO stopped: rsyslogd (exit status 0)
2026-03-08 04:37:57,055 INFO stopped: telemetry-proc-exit (terminated by SIGTERM)
/usr/local/lib/python3.9/dist-packages/supervisor/options.py:473: UserWarning: Supervisord is running as root and it is searching for its configuration file in default locations (including its current working directory); you probably want to specify a "-c" argument specifying an absolute path to a configuration file for improved security.
  self.warnings.warn(
2026-03-08 04:40:35,057 INFO Included extra file "/etc/supervisor/conf.d/supervisor-rsyslogd.conf" during parsing
2026-03-08 04:40:35,062 INFO Included extra file "/etc/supervisor/conf.d/supervisord.conf" during parsing
2026-03-08 04:40:35,062 INFO Set uid to user 0 succeeded
2026-03-08 04:40:35,162 INFO RPC interface 'supervisor' initialized
2026-03-08 04:40:35,163 CRIT Server 'unix_http_server' running without any HTTP authentication checking
2026-03-08 04:40:35,163 INFO supervisord started with pid 1
2026-03-08 04:40:36,167 INFO spawned: 'dependent-startup' with pid 7
2026-03-08 04:40:36,171 INFO spawned: 'telemetry-proc-exit' with pid 8
2026-03-08 04:40:36,449 INFO success: dependent-startup entered RUNNING state, process has stayed up for > than 0 seconds (startsecs)
2026-03-08 04:40:37,451 INFO success: telemetry-proc-exit entered RUNNING state, process has stayed up for > than 1 seconds (startsecs)
2026-03-08 04:40:38,613 INFO spawned: 'rsyslogd' with pid 10
2026-03-08 04:40:40,349 INFO success: rsyslogd entered RUNNING state, process has stayed up for > than 1 seconds (startsecs)
2026-03-08 04:40:41,411 INFO spawned: 'start' with pid 14
2026-03-08 04:40:41,412 INFO success: start entered RUNNING state, process has stayed up for > than 0 seconds (startsecs)
2026-03-08 04:40:41,526 INFO exited: start (exit status 0; expected)
2026-03-08 04:40:41,911 INFO spawned: 'telemetry' with pid 29
2026-03-08 04:40:43,196 INFO success: telemetry entered RUNNING state, process has stayed up for > than 1 seconds (startsecs)
2026-03-08 04:40:44,731 INFO exited: dependent-startup (exit status 0; expected)
2026-03-08 04:41:13,215 INFO spawned: 'restart-rsyslogd' with pid 66
2026-03-08 04:41:13,238 INFO success: restart-rsyslogd entered RUNNING state, process has stayed up for > than 0 seconds (startsecs)
2026-03-08 04:41:25,224 INFO waiting for rsyslogd to stop
2026-03-08 04:41:25,264 INFO stopped: rsyslogd (exit status 0)
2026-03-08 04:41:25,432 INFO spawned: 'rsyslogd' with pid 86
2026-03-08 04:41:26,516 INFO success: rsyslogd entered RUNNING state, process has stayed up for > than 1 seconds (startsecs)
2026-03-08 04:41:26,895 INFO exited: restart-rsyslogd (exit status 0; expected)
/usr/local/lib/python3.9/dist-packages/supervisor/options.py:473: UserWarning: Supervisord is running as root and it is searching for its configuration file in default locations (including its current working directory); you probably want to specify a "-c" argument specifying an absolute path to a configuration file for improved security.
  self.warnings.warn(
2026-03-08 04:59:56,038 INFO Included extra file "/etc/supervisor/conf.d/supervisor-rsyslogd.conf" during parsing
2026-03-08 04:59:56,040 INFO Included extra file "/etc/supervisor/conf.d/supervisord.conf" during parsing
2026-03-08 04:59:56,040 INFO Set uid to user 0 succeeded
Unlinking stale socket /var/run/supervisor.sock
2026-03-08 04:59:56,377 INFO RPC interface 'supervisor' initialized
2026-03-08 04:59:56,378 CRIT Server 'unix_http_server' running without any HTTP authentication checking
2026-03-08 04:59:56,378 INFO supervisord started with pid 1
2026-03-08 04:59:57,384 INFO spawned: 'dependent-startup' with pid 7
2026-03-08 04:59:57,399 INFO spawned: 'telemetry-proc-exit' with pid 8
2026-03-08 04:59:57,482 INFO success: dependent-startup entered RUNNING state, process has stayed up for > than 0 seconds (startsecs)
2026-03-08 04:59:58,437 INFO success: telemetry-proc-exit entered RUNNING state, process has stayed up for > than 1 seconds (startsecs)
2026-03-08 04:59:58,605 INFO spawned: 'rsyslogd' with pid 10
2026-03-08 05:00:00,330 INFO success: rsyslogd entered RUNNING state, process has stayed up for > than 1 seconds (startsecs)
2026-03-08 05:00:01,383 INFO spawned: 'start' with pid 14
2026-03-08 05:00:01,384 INFO success: start entered RUNNING state, process has stayed up for > than 0 seconds (startsecs)
2026-03-08 05:00:01,452 INFO exited: start (exit status 0; expected)
2026-03-08 05:00:01,717 INFO spawned: 'telemetry' with pid 29
2026-03-08 05:00:03,067 INFO success: telemetry entered RUNNING state, process has stayed up for > than 1 seconds (startsecs)
2026-03-08 05:00:05,447 INFO exited: dependent-startup (exit status 0; expected)
2026-03-08 05:00:41,902 INFO spawned: 'restart-rsyslogd' with pid 67
2026-03-08 05:00:41,903 INFO success: restart-rsyslogd entered RUNNING state, process has stayed up for > than 0 seconds (startsecs)
2026-03-08 05:00:53,449 INFO waiting for rsyslogd to stop
2026-03-08 05:00:53,471 INFO stopped: rsyslogd (exit status 0)
2026-03-08 05:00:53,497 INFO spawned: 'rsyslogd' with pid 78
2026-03-08 05:00:54,615 INFO success: rsyslogd entered RUNNING state, process has stayed up for > than 1 seconds (startsecs)
2026-03-08 05:00:54,863 INFO exited: restart-rsyslogd (exit status 0; expected)
