/usr/local/lib/python3.9/dist-packages/supervisor/options.py:473: UserWarning: Supervisord is running as root and it is searching for its configuration file in default locations (including its current working directory); you probably want to specify a "-c" argument specifying an absolute path to a configuration file for improved security.
  self.warnings.warn(
2026-01-12 10:24:22,170 INFO Included extra file "/etc/supervisor/conf.d/supervisor-rsyslogd.conf" during parsing
2026-01-12 10:24:22,170 INFO Included extra file "/etc/supervisor/conf.d/supervisord.conf" during parsing
2026-01-12 10:24:22,170 INFO Set uid to user 0 succeeded
2026-01-12 10:24:22,228 INFO RPC interface 'supervisor' initialized
2026-01-12 10:24:22,228 CRIT Server 'unix_http_server' running without any HTTP authentication checking
2026-01-12 10:24:22,228 INFO supervisord started with pid 1
2026-01-12 10:24:23,232 INFO spawned: 'dependent-startup' with pid 6
2026-01-12 10:24:23,235 INFO spawned: 'supervisor-proc-exit-listener' with pid 7
2026-01-12 10:24:23,336 INFO success: dependent-startup entered RUNNING state, process has stayed up for > than 0 seconds (startsecs)
2026-01-12 10:24:23,729 INFO spawned: 'rsyslogd' with pid 26
2026-01-12 10:24:24,804 INFO success: supervisor-proc-exit-listener entered RUNNING state, process has stayed up for > than 1 seconds (startsecs)
2026-01-12 10:24:24,804 INFO success: rsyslogd entered RUNNING state, process has stayed up for > than 1 seconds (startsecs)
2026-01-12 10:24:25,924 INFO spawned: 'start' with pid 42
2026-01-12 10:24:25,925 INFO success: start entered RUNNING state, process has stayed up for > than 0 seconds (startsecs)
2026-01-12 10:24:26,074 INFO exited: start (exit status 0; expected)
2026-01-12 10:24:26,212 INFO spawned: 'syncd' with pid 69
2026-01-12 10:24:27,374 INFO success: syncd entered RUNNING state, process has stayed up for > than 1 seconds (startsecs)
2026-01-12 10:24:28,516 INFO spawned: 'ledinit' with pid 78
2026-01-12 10:24:28,517 INFO success: ledinit entered RUNNING state, process has stayed up for > than 0 seconds (startsecs)
2026-01-12 10:24:29,064 INFO exited: dependent-startup (exit status 0; expected)
2026-01-12 10:24:48,261 INFO exited: ledinit (exit status 0; expected)
2026-01-12 10:25:17,941 INFO spawned: 'restart-rsyslogd' with pid 1055
2026-01-12 10:25:17,952 INFO success: restart-rsyslogd entered RUNNING state, process has stayed up for > than 0 seconds (startsecs)
2026-01-12 10:25:28,581 INFO waiting for rsyslogd to stop
2026-01-12 10:25:28,592 INFO stopped: rsyslogd (exit status 0)
2026-01-12 10:25:28,603 INFO spawned: 'rsyslogd' with pid 1066
2026-01-12 10:25:29,631 INFO success: rsyslogd entered RUNNING state, process has stayed up for > than 1 seconds (startsecs)
2026-01-12 10:25:29,940 INFO exited: restart-rsyslogd (exit status 0; expected)
2026-03-08 04:37:43,674 INFO waiting for supervisor-proc-exit-listener to stop
2026-03-08 04:37:43,674 INFO stopped: supervisor-proc-exit-listener (terminated by SIGTERM)
2026-03-08 04:37:49,907 INFO exited: syncd (exit status 0; expected)
2026-03-08 04:38:13,394 WARN received SIGTERM indicating exit request
2026-03-08 04:38:13,394 INFO waiting for rsyslogd to die
2026-03-08 04:38:16,397 INFO waiting for rsyslogd to die
2026-03-08 04:38:17,401 INFO stopped: rsyslogd (exit status 0)
/usr/local/lib/python3.9/dist-packages/supervisor/options.py:473: UserWarning: Supervisord is running as root and it is searching for its configuration file in default locations (including its current working directory); you probably want to specify a "-c" argument specifying an absolute path to a configuration file for improved security.
  self.warnings.warn(
2026-03-08 04:40:20,510 INFO Included extra file "/etc/supervisor/conf.d/supervisor-rsyslogd.conf" during parsing
2026-03-08 04:40:20,510 INFO Included extra file "/etc/supervisor/conf.d/supervisord.conf" during parsing
2026-03-08 04:40:20,510 INFO Set uid to user 0 succeeded
2026-03-08 04:40:20,523 INFO RPC interface 'supervisor' initialized
2026-03-08 04:40:20,523 CRIT Server 'unix_http_server' running without any HTTP authentication checking
2026-03-08 04:40:20,524 INFO supervisord started with pid 1
2026-03-08 04:40:21,527 INFO spawned: 'dependent-startup' with pid 13
2026-03-08 04:40:21,529 INFO spawned: 'supervisor-proc-exit-listener' with pid 14
2026-03-08 04:40:21,621 INFO success: dependent-startup entered RUNNING state, process has stayed up for > than 0 seconds (startsecs)
2026-03-08 04:40:22,204 INFO spawned: 'rsyslogd' with pid 33
2026-03-08 04:40:23,365 INFO success: supervisor-proc-exit-listener entered RUNNING state, process has stayed up for > than 1 seconds (startsecs)
2026-03-08 04:40:23,365 INFO success: rsyslogd entered RUNNING state, process has stayed up for > than 1 seconds (startsecs)
2026-03-08 04:40:24,447 INFO spawned: 'start' with pid 37
2026-03-08 04:40:24,448 INFO success: start entered RUNNING state, process has stayed up for > than 0 seconds (startsecs)
2026-03-08 04:40:24,522 INFO exited: start (exit status 0; expected)
2026-03-08 04:40:25,585 INFO spawned: 'syncd' with pid 48
2026-03-08 04:40:26,682 INFO success: syncd entered RUNNING state, process has stayed up for > than 1 seconds (startsecs)
2026-03-08 04:40:26,994 INFO spawned: 'ledinit' with pid 86
2026-03-08 04:40:26,995 INFO success: ledinit entered RUNNING state, process has stayed up for > than 0 seconds (startsecs)
2026-03-08 04:40:27,289 INFO exited: dependent-startup (exit status 0; expected)
2026-03-08 04:40:46,277 INFO exited: ledinit (exit status 0; expected)
2026-03-08 04:41:12,162 INFO spawned: 'restart-rsyslogd' with pid 1083
2026-03-08 04:41:12,170 INFO success: restart-rsyslogd entered RUNNING state, process has stayed up for > than 0 seconds (startsecs)
2026-03-08 04:41:18,642 INFO waiting for rsyslogd to stop
2026-03-08 04:41:18,646 INFO stopped: rsyslogd (exit status 0)
2026-03-08 04:41:18,658 INFO spawned: 'rsyslogd' with pid 1091
2026-03-08 04:41:19,664 INFO success: rsyslogd entered RUNNING state, process has stayed up for > than 1 seconds (startsecs)
2026-03-08 04:41:19,900 INFO exited: restart-rsyslogd (exit status 0; expected)
/usr/local/lib/python3.9/dist-packages/supervisor/options.py:473: UserWarning: Supervisord is running as root and it is searching for its configuration file in default locations (including its current working directory); you probably want to specify a "-c" argument specifying an absolute path to a configuration file for improved security.
  self.warnings.warn(
2026-03-08 04:59:42,761 INFO Included extra file "/etc/supervisor/conf.d/supervisor-rsyslogd.conf" during parsing
2026-03-08 04:59:42,762 INFO Included extra file "/etc/supervisor/conf.d/supervisord.conf" during parsing
2026-03-08 04:59:42,762 INFO Set uid to user 0 succeeded
Unlinking stale socket /var/run/supervisor.sock
2026-03-08 04:59:43,076 INFO RPC interface 'supervisor' initialized
2026-03-08 04:59:43,076 CRIT Server 'unix_http_server' running without any HTTP authentication checking
2026-03-08 04:59:43,077 INFO supervisord started with pid 1
2026-03-08 04:59:44,084 INFO spawned: 'dependent-startup' with pid 7
2026-03-08 04:59:44,086 INFO spawned: 'supervisor-proc-exit-listener' with pid 8
2026-03-08 04:59:44,132 INFO success: dependent-startup entered RUNNING state, process has stayed up for > than 0 seconds (startsecs)
2026-03-08 04:59:44,521 INFO spawned: 'rsyslogd' with pid 27
2026-03-08 04:59:45,625 INFO success: supervisor-proc-exit-listener entered RUNNING state, process has stayed up for > than 1 seconds (startsecs)
2026-03-08 04:59:45,626 INFO success: rsyslogd entered RUNNING state, process has stayed up for > than 1 seconds (startsecs)
2026-03-08 04:59:46,696 INFO spawned: 'start' with pid 36
2026-03-08 04:59:46,696 INFO success: start entered RUNNING state, process has stayed up for > than 0 seconds (startsecs)
2026-03-08 04:59:46,735 INFO exited: start (exit status 0; expected)
2026-03-08 04:59:46,768 INFO spawned: 'start' with pid 47
2026-03-08 04:59:46,768 INFO success: start entered RUNNING state, process has stayed up for > than 0 seconds (startsecs)
2026-03-08 04:59:46,835 INFO exited: start (exit status 0; expected)
2026-03-08 04:59:46,899 INFO spawned: 'syncd' with pid 68
2026-03-08 04:59:48,185 INFO success: syncd entered RUNNING state, process has stayed up for > than 1 seconds (startsecs)
2026-03-08 04:59:48,536 INFO spawned: 'ledinit' with pid 125
2026-03-08 04:59:48,538 INFO success: ledinit entered RUNNING state, process has stayed up for > than 0 seconds (startsecs)
2026-03-08 04:59:49,098 INFO exited: dependent-startup (exit status 0; expected)
2026-03-08 05:00:08,951 INFO exited: ledinit (exit status 0; expected)
2026-03-08 05:00:39,416 INFO spawned: 'restart-rsyslogd' with pid 1135
2026-03-08 05:00:39,417 INFO success: restart-rsyslogd entered RUNNING state, process has stayed up for > than 0 seconds (startsecs)
2026-03-08 05:00:49,419 INFO waiting for rsyslogd to stop
2026-03-08 05:00:49,432 INFO stopped: rsyslogd (exit status 0)
2026-03-08 05:00:49,439 INFO spawned: 'rsyslogd' with pid 1143
2026-03-08 05:00:50,444 INFO success: rsyslogd entered RUNNING state, process has stayed up for > than 1 seconds (startsecs)
2026-03-08 05:00:50,602 INFO exited: restart-rsyslogd (exit status 0; expected)
