/usr/local/lib/python3.9/dist-packages/supervisor/options.py:473: UserWarning: Supervisord is running as root and it is searching for its configuration file in default locations (including its current working directory); you probably want to specify a "-c" argument specifying an absolute path to a configuration file for improved security.
  self.warnings.warn(
2026-01-12 10:24:16,238 INFO Included extra file "/etc/supervisor/conf.d/supervisor-rsyslogd.conf" during parsing
2026-01-12 10:24:16,238 INFO Included extra file "/etc/supervisor/conf.d/supervisord.conf" during parsing
2026-01-12 10:24:16,239 INFO Set uid to user 0 succeeded
2026-01-12 10:24:16,287 INFO RPC interface 'supervisor' initialized
2026-01-12 10:24:16,287 CRIT Server 'unix_http_server' running without any HTTP authentication checking
2026-01-12 10:24:16,288 INFO supervisord started with pid 1
2026-01-12 10:24:17,291 INFO spawned: 'dependent-startup' with pid 21
2026-01-12 10:24:17,294 INFO spawned: 'supervisor-proc-exit-listener' with pid 22
2026-01-12 10:24:18,105 INFO success: dependent-startup entered RUNNING state, process has stayed up for > than 0 seconds (startsecs)
2026-01-12 10:24:18,312 INFO success: supervisor-proc-exit-listener entered RUNNING state, process has stayed up for > than 1 seconds (startsecs)
2026-01-12 10:24:18,584 INFO spawned: 'rsyslogd' with pid 149
2026-01-12 10:24:20,411 INFO success: rsyslogd entered RUNNING state, process has stayed up for > than 1 seconds (startsecs)
2026-01-12 10:24:21,594 INFO spawned: 'delay-restore' with pid 153
2026-01-12 10:24:21,595 INFO success: delay-restore entered RUNNING state, process has stayed up for > than 0 seconds (startsecs)
2026-01-12 10:24:23,426 INFO exited: delay-restore (exit status 0; expected)
2026-01-12 10:24:24,634 INFO spawned: 'gearsyncd' with pid 178
2026-01-12 10:24:24,635 INFO success: gearsyncd entered RUNNING state, process has stayed up for > than 0 seconds (startsecs)
2026-01-12 10:24:24,667 INFO spawned: 'portsyncd' with pid 179
2026-01-12 10:24:25,677 INFO success: portsyncd entered RUNNING state, process has stayed up for > than 1 seconds (startsecs)
2026-01-12 10:24:25,829 INFO exited: gearsyncd (exit status 0; expected)
2026-01-12 10:24:26,086 INFO spawned: 'orchagent' with pid 184
2026-01-12 10:24:27,073 INFO success: orchagent entered RUNNING state, process has stayed up for > than 1 seconds (startsecs)
2026-01-12 10:24:27,802 INFO spawned: 'swssconfig' with pid 229
2026-01-12 10:24:27,802 INFO success: swssconfig entered RUNNING state, process has stayed up for > than 0 seconds (startsecs)
2026-01-12 10:24:37,062 INFO exited: swssconfig (exit status 0; expected)
2026-01-12 10:24:38,395 INFO spawned: 'restore_neighbors' with pid 300
2026-01-12 10:24:38,412 INFO success: restore_neighbors entered RUNNING state, process has stayed up for > than 0 seconds (startsecs)
2026-01-12 10:24:38,441 INFO spawned: 'coppmgrd' with pid 301
2026-01-12 10:24:38,442 INFO success: coppmgrd entered RUNNING state, process has stayed up for > than 0 seconds (startsecs)
2026-01-12 10:24:38,532 INFO spawned: 'neighsyncd' with pid 302
2026-01-12 10:24:38,596 INFO spawned: 'vlanmgrd' with pid 303
2026-01-12 10:24:38,688 INFO spawned: 'intfmgrd' with pid 305
2026-01-12 10:24:38,794 INFO spawned: 'portmgrd' with pid 306
2026-01-12 10:24:38,899 INFO spawned: 'loopbackmgrd' with pid 310
2026-01-12 10:24:39,005 INFO spawned: 'enable_counters' with pid 313
2026-01-12 10:24:39,111 INFO spawned: 'switchmgrd' with pid 314
2026-01-12 10:24:39,218 INFO spawned: 'buffermgrd' with pid 319
2026-01-12 10:24:39,360 INFO spawned: 'vrfmgrd' with pid 325
2026-01-12 10:24:39,418 INFO spawned: 'arsmgrd' with pid 327
2026-01-12 10:24:39,483 INFO spawned: 'nbrmgrd' with pid 331
2026-01-12 10:24:39,530 INFO success: neighsyncd entered RUNNING state, process has stayed up for > than 1 seconds (startsecs)
2026-01-12 10:24:39,610 INFO spawned: 'evpnmhmgrd' with pid 340
2026-01-12 10:24:39,625 INFO success: vlanmgrd entered RUNNING state, process has stayed up for > than 1 seconds (startsecs)
2026-01-12 10:24:39,701 INFO spawned: 'srv6mgrd' with pid 350
2026-01-12 10:24:39,703 INFO success: intfmgrd entered RUNNING state, process has stayed up for > than 1 seconds (startsecs)
2026-01-12 10:24:39,807 INFO spawned: 'vxlanmgrd' with pid 354
2026-01-12 10:24:39,822 INFO success: portmgrd entered RUNNING state, process has stayed up for > than 1 seconds (startsecs)
2026-01-12 10:24:39,884 INFO spawned: 'fdbsyncd' with pid 358
2026-01-12 10:24:39,977 INFO success: loopbackmgrd entered RUNNING state, process has stayed up for > than 1 seconds (startsecs)
2026-01-12 10:24:40,026 INFO spawned: 'tunnelmgrd' with pid 367
2026-01-12 10:24:40,104 INFO success: enable_counters entered RUNNING state, process has stayed up for > than 1 seconds (startsecs)
2026-01-12 10:24:40,185 INFO spawned: 'acllogd' with pid 375
2026-01-12 10:24:40,187 INFO success: switchmgrd entered RUNNING state, process has stayed up for > than 1 seconds (startsecs)
2026-01-12 10:24:40,252 INFO success: buffermgrd entered RUNNING state, process has stayed up for > than 1 seconds (startsecs)
2026-01-12 10:24:40,307 INFO spawned: 'aclsvcd' with pid 383
2026-01-12 10:24:40,383 INFO spawned: 'iphelpermgrd' with pid 386
2026-01-12 10:24:40,409 INFO success: vrfmgrd entered RUNNING state, process has stayed up for > than 1 seconds (startsecs)
2026-01-12 10:24:40,415 INFO success: arsmgrd entered RUNNING state, process has stayed up for > than 1 seconds (startsecs)
2026-01-12 10:24:40,473 INFO spawned: 'swsswait' with pid 391
2026-01-12 10:24:40,490 INFO success: swsswait entered RUNNING state, process has stayed up for > than 0 seconds (startsecs)
2026-01-12 10:24:40,502 INFO success: nbrmgrd entered RUNNING state, process has stayed up for > than 1 seconds (startsecs)
2026-01-12 10:24:40,580 INFO success: evpnmhmgrd entered RUNNING state, process has stayed up for > than 1 seconds (startsecs)
2026-01-12 10:24:40,684 INFO success: srv6mgrd entered RUNNING state, process has stayed up for > than 1 seconds (startsecs)
2026-01-12 10:24:40,816 INFO success: vxlanmgrd entered RUNNING state, process has stayed up for > than 1 seconds (startsecs)
2026-01-12 10:24:40,884 INFO success: fdbsyncd entered RUNNING state, process has stayed up for > than 1 seconds (startsecs)
2026-01-12 10:24:41,036 INFO success: tunnelmgrd entered RUNNING state, process has stayed up for > than 1 seconds (startsecs)
2026-01-12 10:24:41,220 INFO success: acllogd entered RUNNING state, process has stayed up for > than 1 seconds (startsecs)
2026-01-12 10:24:41,317 INFO success: aclsvcd entered RUNNING state, process has stayed up for > than 1 seconds (startsecs)
2026-01-12 10:24:41,396 INFO success: iphelpermgrd entered RUNNING state, process has stayed up for > than 1 seconds (startsecs)
2026-01-12 10:24:52,377 INFO exited: swsswait (exit status 0; expected)
2026-01-12 10:24:52,799 INFO spawned: 'swsswait' with pid 483
2026-01-12 10:24:52,824 INFO success: swsswait entered RUNNING state, process has stayed up for > than 0 seconds (startsecs)
2026-01-12 10:25:07,015 INFO exited: restore_neighbors (exit status 0; expected)
2026-01-12 10:25:08,416 INFO exited: swsswait (exit status 0; expected)
2026-01-12 10:25:11,244 INFO exited: dependent-startup (exit status 0; expected)
2026-01-12 10:25:15,471 INFO spawned: 'restart-rsyslogd' with pid 662
2026-01-12 10:25:15,472 INFO success: restart-rsyslogd entered RUNNING state, process has stayed up for > than 0 seconds (startsecs)
2026-01-12 10:25:21,510 INFO waiting for rsyslogd to stop
2026-01-12 10:25:21,536 INFO stopped: rsyslogd (exit status 0)
2026-01-12 10:25:21,585 INFO spawned: 'rsyslogd' with pid 669
2026-01-12 10:25:22,611 INFO success: rsyslogd entered RUNNING state, process has stayed up for > than 1 seconds (startsecs)
2026-01-12 10:25:22,824 INFO exited: restart-rsyslogd (exit status 0; expected)
2026-01-12 10:26:11,246 INFO exited: enable_counters (exit status 0; expected)
2026-03-08 04:38:20,281 WARN received SIGTERM indicating exit request
2026-03-08 04:38:20,281 INFO waiting for supervisor-proc-exit-listener, rsyslogd, portsyncd, orchagent, coppmgrd, neighsyncd, vlanmgrd, intfmgrd, portmgrd, loopbackmgrd, switchmgrd, buffermgrd, vrfmgrd, arsmgrd, nbrmgrd, evpnmhmgrd, srv6mgrd, vxlanmgrd, fdbsyncd, tunnelmgrd, acllogd, aclsvcd, iphelpermgrd to die
2026-03-08 04:38:22,286 INFO stopped: iphelpermgrd (terminated by SIGTERM)
2026-03-08 04:38:22,287 INFO stopped: aclsvcd (terminated by SIGTERM)
2026-03-08 04:38:22,288 INFO stopped: acllogd (terminated by SIGTERM)
2026-03-08 04:38:22,290 INFO stopped: tunnelmgrd (terminated by SIGTERM)
2026-03-08 04:38:22,291 INFO stopped: fdbsyncd (terminated by SIGTERM)
2026-03-08 04:38:22,293 INFO stopped: vxlanmgrd (terminated by SIGTERM)
2026-03-08 04:38:22,294 INFO stopped: srv6mgrd (terminated by SIGTERM)
2026-03-08 04:38:22,295 INFO stopped: evpnmhmgrd (terminated by SIGTERM)
2026-03-08 04:38:22,321 INFO stopped: nbrmgrd (terminated by SIGTERM)
2026-03-08 04:38:22,322 INFO stopped: arsmgrd (terminated by SIGTERM)
2026-03-08 04:38:22,324 INFO stopped: vrfmgrd (terminated by SIGTERM)
2026-03-08 04:38:22,326 INFO stopped: buffermgrd (terminated by SIGTERM)
2026-03-08 04:38:22,328 INFO stopped: switchmgrd (terminated by SIGTERM)
2026-03-08 04:38:23,330 INFO waiting for supervisor-proc-exit-listener, rsyslogd, portsyncd, orchagent, coppmgrd, neighsyncd, vlanmgrd, intfmgrd, portmgrd, loopbackmgrd to die
2026-03-08 04:38:23,331 INFO stopped: loopbackmgrd (terminated by SIGTERM)
2026-03-08 04:38:23,333 INFO stopped: portmgrd (terminated by SIGTERM)
2026-03-08 04:38:23,334 INFO stopped: intfmgrd (terminated by SIGTERM)
2026-03-08 04:38:23,336 INFO stopped: vlanmgrd (terminated by SIGTERM)
2026-03-08 04:38:23,337 INFO stopped: neighsyncd (terminated by SIGTERM)
2026-03-08 04:38:23,339 INFO stopped: coppmgrd (terminated by SIGTERM)
2026-03-08 04:38:26,343 INFO stopped: orchagent (terminated by SIGTERM)
2026-03-08 04:38:26,344 INFO waiting for supervisor-proc-exit-listener, rsyslogd, portsyncd to die
2026-03-08 04:38:26,345 INFO stopped: portsyncd (terminated by SIGTERM)
2026-03-08 04:38:28,350 INFO stopped: rsyslogd (exit status 0)
2026-03-08 04:38:28,351 INFO stopped: supervisor-proc-exit-listener (terminated by SIGTERM)
/usr/local/lib/python3.9/dist-packages/supervisor/options.py:473: UserWarning: Supervisord is running as root and it is searching for its configuration file in default locations (including its current working directory); you probably want to specify a "-c" argument specifying an absolute path to a configuration file for improved security.
  self.warnings.warn(
2026-03-08 04:40:13,546 INFO Included extra file "/etc/supervisor/conf.d/supervisor-rsyslogd.conf" during parsing
2026-03-08 04:40:13,546 INFO Included extra file "/etc/supervisor/conf.d/supervisord.conf" during parsing
2026-03-08 04:40:13,546 INFO Set uid to user 0 succeeded
2026-03-08 04:40:13,554 INFO RPC interface 'supervisor' initialized
2026-03-08 04:40:13,554 CRIT Server 'unix_http_server' running without any HTTP authentication checking
2026-03-08 04:40:13,555 INFO supervisord started with pid 1
2026-03-08 04:40:14,559 INFO spawned: 'dependent-startup' with pid 21
2026-03-08 04:40:14,562 INFO spawned: 'supervisor-proc-exit-listener' with pid 22
2026-03-08 04:40:15,161 INFO success: dependent-startup entered RUNNING state, process has stayed up for > than 0 seconds (startsecs)
2026-03-08 04:40:15,562 INFO success: supervisor-proc-exit-listener entered RUNNING state, process has stayed up for > than 1 seconds (startsecs)
2026-03-08 04:40:15,715 INFO spawned: 'rsyslogd' with pid 149
2026-03-08 04:40:17,518 INFO success: rsyslogd entered RUNNING state, process has stayed up for > than 1 seconds (startsecs)
2026-03-08 04:40:18,653 INFO spawned: 'delay-restore' with pid 153
2026-03-08 04:40:18,654 INFO success: delay-restore entered RUNNING state, process has stayed up for > than 0 seconds (startsecs)
2026-03-08 04:40:19,284 INFO exited: delay-restore (exit status 0; expected)
2026-03-08 04:40:20,587 INFO spawned: 'gearsyncd' with pid 178
2026-03-08 04:40:20,588 INFO success: gearsyncd entered RUNNING state, process has stayed up for > than 0 seconds (startsecs)
2026-03-08 04:40:20,604 INFO spawned: 'portsyncd' with pid 179
2026-03-08 04:40:20,650 INFO exited: gearsyncd (exit status 0; expected)
2026-03-08 04:40:20,927 INFO spawned: 'gearsyncd' with pid 184
2026-03-08 04:40:20,928 INFO success: gearsyncd entered RUNNING state, process has stayed up for > than 0 seconds (startsecs)
2026-03-08 04:40:21,066 INFO exited: gearsyncd (exit status 0; expected)
2026-03-08 04:40:21,604 INFO success: portsyncd entered RUNNING state, process has stayed up for > than 1 seconds (startsecs)
2026-03-08 04:40:22,783 INFO spawned: 'orchagent' with pid 272
2026-03-08 04:40:24,438 INFO success: orchagent entered RUNNING state, process has stayed up for > than 1 seconds (startsecs)
2026-03-08 04:40:25,899 INFO spawned: 'swssconfig' with pid 304
2026-03-08 04:40:25,900 INFO success: swssconfig entered RUNNING state, process has stayed up for > than 0 seconds (startsecs)
2026-03-08 04:40:32,942 INFO exited: swssconfig (exit status 0; expected)
2026-03-08 04:40:34,453 INFO spawned: 'restore_neighbors' with pid 345
2026-03-08 04:40:34,469 INFO success: restore_neighbors entered RUNNING state, process has stayed up for > than 0 seconds (startsecs)
2026-03-08 04:40:34,540 INFO spawned: 'coppmgrd' with pid 346
2026-03-08 04:40:34,607 INFO success: coppmgrd entered RUNNING state, process has stayed up for > than 0 seconds (startsecs)
2026-03-08 04:40:34,704 INFO spawned: 'neighsyncd' with pid 348
2026-03-08 04:40:34,813 INFO spawned: 'vlanmgrd' with pid 349
2026-03-08 04:40:34,979 INFO spawned: 'intfmgrd' with pid 351
2026-03-08 04:40:35,153 INFO spawned: 'portmgrd' with pid 354
2026-03-08 04:40:35,253 INFO spawned: 'loopbackmgrd' with pid 356
2026-03-08 04:40:35,403 INFO spawned: 'enable_counters' with pid 358
2026-03-08 04:40:35,480 INFO spawned: 'switchmgrd' with pid 361
2026-03-08 04:40:35,597 INFO spawned: 'buffermgrd' with pid 364
2026-03-08 04:40:35,705 INFO spawned: 'vrfmgrd' with pid 371
2026-03-08 04:40:35,746 INFO success: neighsyncd entered RUNNING state, process has stayed up for > than 1 seconds (startsecs)
2026-03-08 04:40:35,815 INFO success: vlanmgrd entered RUNNING state, process has stayed up for > than 1 seconds (startsecs)
2026-03-08 04:40:35,839 INFO spawned: 'arsmgrd' with pid 374
2026-03-08 04:40:35,949 INFO spawned: 'nbrmgrd' with pid 378
2026-03-08 04:40:35,981 INFO success: intfmgrd entered RUNNING state, process has stayed up for > than 1 seconds (startsecs)
2026-03-08 04:40:36,079 INFO spawned: 'evpnmhmgrd' with pid 385
2026-03-08 04:40:36,132 INFO success: portmgrd entered RUNNING state, process has stayed up for > than 1 seconds (startsecs)
2026-03-08 04:40:36,218 INFO spawned: 'srv6mgrd' with pid 390
2026-03-08 04:40:36,302 INFO success: loopbackmgrd entered RUNNING state, process has stayed up for > than 1 seconds (startsecs)
2026-03-08 04:40:36,382 INFO success: enable_counters entered RUNNING state, process has stayed up for > than 1 seconds (startsecs)
2026-03-08 04:40:36,523 INFO spawned: 'vxlanmgrd' with pid 398
2026-03-08 04:40:36,615 INFO success: switchmgrd entered RUNNING state, process has stayed up for > than 1 seconds (startsecs)
2026-03-08 04:40:36,616 INFO success: buffermgrd entered RUNNING state, process has stayed up for > than 1 seconds (startsecs)
2026-03-08 04:40:36,647 INFO spawned: 'fdbsyncd' with pid 407
2026-03-08 04:40:36,671 INFO success: vrfmgrd entered RUNNING state, process has stayed up for > than 1 seconds (startsecs)
2026-03-08 04:40:36,675 INFO spawned: 'tunnelmgrd' with pid 410
2026-03-08 04:40:36,701 INFO spawned: 'acllogd' with pid 411
2026-03-08 04:40:36,730 INFO spawned: 'aclsvcd' with pid 412
2026-03-08 04:40:36,784 INFO spawned: 'iphelpermgrd' with pid 415
2026-03-08 04:40:36,801 INFO spawned: 'swsswait' with pid 416
2026-03-08 04:40:36,805 INFO success: swsswait entered RUNNING state, process has stayed up for > than 0 seconds (startsecs)
2026-03-08 04:40:36,841 INFO success: arsmgrd entered RUNNING state, process has stayed up for > than 1 seconds (startsecs)
2026-03-08 04:40:36,948 INFO success: nbrmgrd entered RUNNING state, process has stayed up for > than 1 seconds (startsecs)
2026-03-08 04:40:37,082 INFO success: evpnmhmgrd entered RUNNING state, process has stayed up for > than 1 seconds (startsecs)
2026-03-08 04:40:37,245 INFO success: srv6mgrd entered RUNNING state, process has stayed up for > than 1 seconds (startsecs)
2026-03-08 04:40:37,456 INFO success: vxlanmgrd entered RUNNING state, process has stayed up for > than 1 seconds (startsecs)
2026-03-08 04:40:37,653 INFO success: fdbsyncd entered RUNNING state, process has stayed up for > than 1 seconds (startsecs)
2026-03-08 04:40:37,681 INFO success: tunnelmgrd entered RUNNING state, process has stayed up for > than 1 seconds (startsecs)
2026-03-08 04:40:37,709 INFO success: acllogd entered RUNNING state, process has stayed up for > than 1 seconds (startsecs)
2026-03-08 04:40:37,737 INFO success: aclsvcd entered RUNNING state, process has stayed up for > than 1 seconds (startsecs)
2026-03-08 04:40:37,798 INFO success: iphelpermgrd entered RUNNING state, process has stayed up for > than 1 seconds (startsecs)
2026-03-08 04:40:51,914 INFO exited: restore_neighbors (exit status 0; expected)
2026-03-08 04:40:57,239 INFO exited: swsswait (exit status 0; expected)
2026-03-08 04:40:57,735 INFO spawned: 'swsswait' with pid 602
2026-03-08 04:40:57,751 INFO success: swsswait entered RUNNING state, process has stayed up for > than 0 seconds (startsecs)
2026-03-08 04:41:08,260 INFO exited: dependent-startup (exit status 0; expected)
2026-03-08 04:41:08,369 INFO exited: swsswait (exit status 0; expected)
2026-03-08 04:41:12,174 INFO spawned: 'restart-rsyslogd' with pid 710
2026-03-08 04:41:12,176 INFO success: restart-rsyslogd entered RUNNING state, process has stayed up for > than 0 seconds (startsecs)
2026-03-08 04:41:18,443 INFO waiting for rsyslogd to stop
2026-03-08 04:41:18,488 INFO stopped: rsyslogd (exit status 0)
2026-03-08 04:41:18,516 INFO spawned: 'rsyslogd' with pid 737
2026-03-08 04:41:19,546 INFO success: rsyslogd entered RUNNING state, process has stayed up for > than 1 seconds (startsecs)
2026-03-08 04:41:19,769 INFO exited: restart-rsyslogd (exit status 0; expected)
2026-03-08 04:42:02,776 INFO exited: enable_counters (exit status 0; expected)
/usr/local/lib/python3.9/dist-packages/supervisor/options.py:473: UserWarning: Supervisord is running as root and it is searching for its configuration file in default locations (including its current working directory); you probably want to specify a "-c" argument specifying an absolute path to a configuration file for improved security.
  self.warnings.warn(
2026-03-08 04:59:34,450 INFO Included extra file "/etc/supervisor/conf.d/supervisor-rsyslogd.conf" during parsing
2026-03-08 04:59:34,451 INFO Included extra file "/etc/supervisor/conf.d/supervisord.conf" during parsing
2026-03-08 04:59:34,451 INFO Set uid to user 0 succeeded
Unlinking stale socket /var/run/supervisor.sock
2026-03-08 04:59:34,760 INFO RPC interface 'supervisor' initialized
2026-03-08 04:59:34,760 CRIT Server 'unix_http_server' running without any HTTP authentication checking
2026-03-08 04:59:34,761 INFO supervisord started with pid 1
2026-03-08 04:59:35,763 INFO spawned: 'dependent-startup' with pid 20
2026-03-08 04:59:35,767 INFO spawned: 'supervisor-proc-exit-listener' with pid 21
2026-03-08 04:59:36,199 INFO success: dependent-startup entered RUNNING state, process has stayed up for > than 0 seconds (startsecs)
2026-03-08 04:59:36,545 INFO spawned: 'rsyslogd' with pid 148
2026-03-08 04:59:36,779 INFO success: supervisor-proc-exit-listener entered RUNNING state, process has stayed up for > than 1 seconds (startsecs)
2026-03-08 04:59:38,336 INFO success: rsyslogd entered RUNNING state, process has stayed up for > than 1 seconds (startsecs)
2026-03-08 04:59:39,565 INFO spawned: 'delay-restore' with pid 152
2026-03-08 04:59:39,566 INFO success: delay-restore entered RUNNING state, process has stayed up for > than 0 seconds (startsecs)
2026-03-08 04:59:41,483 INFO exited: delay-restore (exit status 0; expected)
2026-03-08 04:59:42,828 INFO spawned: 'gearsyncd' with pid 177
2026-03-08 04:59:42,829 INFO success: gearsyncd entered RUNNING state, process has stayed up for > than 0 seconds (startsecs)
2026-03-08 04:59:42,850 INFO spawned: 'portsyncd' with pid 178
2026-03-08 04:59:42,988 INFO exited: gearsyncd (exit status 0; expected)
2026-03-08 04:59:44,835 INFO success: portsyncd entered RUNNING state, process has stayed up for > than 1 seconds (startsecs)
2026-03-08 04:59:46,056 INFO spawned: 'orchagent' with pid 245
2026-03-08 04:59:47,415 INFO success: orchagent entered RUNNING state, process has stayed up for > than 1 seconds (startsecs)
2026-03-08 04:59:48,844 INFO spawned: 'swssconfig' with pid 258
2026-03-08 04:59:48,844 INFO success: swssconfig entered RUNNING state, process has stayed up for > than 0 seconds (startsecs)
2026-03-08 04:59:56,814 INFO exited: swssconfig (exit status 0; expected)
2026-03-08 04:59:58,240 INFO spawned: 'restore_neighbors' with pid 299
2026-03-08 04:59:58,241 INFO success: restore_neighbors entered RUNNING state, process has stayed up for > than 0 seconds (startsecs)
2026-03-08 04:59:58,310 INFO spawned: 'coppmgrd' with pid 300
2026-03-08 04:59:58,312 INFO success: coppmgrd entered RUNNING state, process has stayed up for > than 0 seconds (startsecs)
2026-03-08 04:59:58,387 INFO spawned: 'neighsyncd' with pid 301
2026-03-08 04:59:58,479 INFO spawned: 'vlanmgrd' with pid 303
2026-03-08 04:59:58,608 INFO spawned: 'intfmgrd' with pid 306
2026-03-08 04:59:58,756 INFO spawned: 'portmgrd' with pid 308
2026-03-08 04:59:58,917 INFO spawned: 'loopbackmgrd' with pid 309
2026-03-08 04:59:59,077 INFO spawned: 'enable_counters' with pid 312
2026-03-08 04:59:59,237 INFO spawned: 'switchmgrd' with pid 314
2026-03-08 04:59:59,315 INFO spawned: 'buffermgrd' with pid 319
2026-03-08 04:59:59,367 INFO success: neighsyncd entered RUNNING state, process has stayed up for > than 1 seconds (startsecs)
2026-03-08 04:59:59,393 INFO spawned: 'vrfmgrd' with pid 326
2026-03-08 04:59:59,446 INFO success: vlanmgrd entered RUNNING state, process has stayed up for > than 1 seconds (startsecs)
2026-03-08 04:59:59,494 INFO spawned: 'arsmgrd' with pid 340
2026-03-08 04:59:59,579 INFO spawned: 'nbrmgrd' with pid 348
2026-03-08 04:59:59,591 INFO success: intfmgrd entered RUNNING state, process has stayed up for > than 1 seconds (startsecs)
2026-03-08 04:59:59,691 INFO spawned: 'evpnmhmgrd' with pid 355
2026-03-08 04:59:59,743 INFO spawned: 'srv6mgrd' with pid 356
2026-03-08 04:59:59,756 INFO success: portmgrd entered RUNNING state, process has stayed up for > than 1 seconds (startsecs)
2026-03-08 04:59:59,814 INFO spawned: 'vxlanmgrd' with pid 360
2026-03-08 04:59:59,887 INFO success: loopbackmgrd entered RUNNING state, process has stayed up for > than 1 seconds (startsecs)
2026-03-08 04:59:59,891 INFO spawned: 'fdbsyncd' with pid 365
2026-03-08 04:59:59,926 INFO spawned: 'tunnelmgrd' with pid 367
2026-03-08 05:00:00,104 INFO spawned: 'acllogd' with pid 378
2026-03-08 05:00:00,134 INFO success: enable_counters entered RUNNING state, process has stayed up for > than 1 seconds (startsecs)
2026-03-08 05:00:00,236 INFO spawned: 'aclsvcd' with pid 387
2026-03-08 05:00:00,259 INFO success: switchmgrd entered RUNNING state, process has stayed up for > than 1 seconds (startsecs)
2026-03-08 05:00:00,326 INFO spawned: 'iphelpermgrd' with pid 390
2026-03-08 05:00:00,339 INFO success: buffermgrd entered RUNNING state, process has stayed up for > than 1 seconds (startsecs)
2026-03-08 05:00:00,392 INFO success: vrfmgrd entered RUNNING state, process has stayed up for > than 1 seconds (startsecs)
2026-03-08 05:00:00,461 INFO spawned: 'swsswait' with pid 397
2026-03-08 05:00:00,472 INFO success: swsswait entered RUNNING state, process has stayed up for > than 0 seconds (startsecs)
2026-03-08 05:00:00,480 INFO success: arsmgrd entered RUNNING state, process has stayed up for > than 1 seconds (startsecs)
2026-03-08 05:00:00,558 INFO success: nbrmgrd entered RUNNING state, process has stayed up for > than 1 seconds (startsecs)
2026-03-08 05:00:00,690 INFO success: evpnmhmgrd entered RUNNING state, process has stayed up for > than 1 seconds (startsecs)
2026-03-08 05:00:00,737 INFO success: srv6mgrd entered RUNNING state, process has stayed up for > than 1 seconds (startsecs)
2026-03-08 05:00:00,802 INFO success: vxlanmgrd entered RUNNING state, process has stayed up for > than 1 seconds (startsecs)
2026-03-08 05:00:00,894 INFO success: fdbsyncd entered RUNNING state, process has stayed up for > than 1 seconds (startsecs)
2026-03-08 05:00:00,942 INFO success: tunnelmgrd entered RUNNING state, process has stayed up for > than 1 seconds (startsecs)
2026-03-08 05:00:01,051 INFO success: acllogd entered RUNNING state, process has stayed up for > than 1 seconds (startsecs)
2026-03-08 05:00:01,247 INFO success: aclsvcd entered RUNNING state, process has stayed up for > than 1 seconds (startsecs)
2026-03-08 05:00:01,322 INFO success: iphelpermgrd entered RUNNING state, process has stayed up for > than 1 seconds (startsecs)
2026-03-08 05:00:16,647 INFO exited: swsswait (exit status 0; expected)
2026-03-08 05:00:17,172 INFO exited: restore_neighbors (exit status 0; expected)
2026-03-08 05:00:17,845 INFO spawned: 'swsswait' with pid 510
2026-03-08 05:00:17,868 INFO success: swsswait entered RUNNING state, process has stayed up for > than 0 seconds (startsecs)
2026-03-08 05:00:30,561 INFO exited: swsswait (exit status 0; expected)
2026-03-08 05:00:32,720 INFO exited: dependent-startup (exit status 0; expected)
2026-03-08 05:00:38,651 INFO spawned: 'restart-rsyslogd' with pid 681
2026-03-08 05:00:38,652 INFO success: restart-rsyslogd entered RUNNING state, process has stayed up for > than 0 seconds (startsecs)
2026-03-08 05:00:45,663 INFO waiting for rsyslogd to stop
2026-03-08 05:00:45,702 INFO stopped: rsyslogd (exit status 0)
2026-03-08 05:00:45,743 INFO spawned: 'rsyslogd' with pid 688
2026-03-08 05:00:46,753 INFO success: rsyslogd entered RUNNING state, process has stayed up for > than 1 seconds (startsecs)
2026-03-08 05:00:46,955 INFO exited: restart-rsyslogd (exit status 0; expected)
2026-03-08 05:01:28,823 INFO exited: enable_counters (exit status 0; expected)
