GLOBAL:
RSTP GLOBAL DATA STRUCTURE
===============================

	sizeof(RSTP_GLOBAL)     = 174 bytes
	sizeof(RSTP_CLASS)      = 298 bytes
	sizeof(RSTP_PORT_CLASS) = 208 bytes
	max_instances           = 510
	active_instances        = 9
	tick_id                 = 5
	rstp_errno              = 0
	class_array             = 0x0x7f604c2a5010
	bpdu                    = 0x0x55a4180c4057
	pt2pt_mask              = 
	edge_port_mask          = 
	bpdu_filter             = 0
	loop_guard              = 0
	loop_guard_enabled_mask_string  = 
	loop_guard_disabled_mask_string = 
	errdisable_enabled     = 0
	errdisable_timeout     = 30
	g_stp_mclag_mask       = 
	g_stp_rem_mclag_en_mask= 
	g_stp_iccp_status      = down
	g_stp_oper_down_reason = 0
	g_stp_mclag_node_role  = none
	g_stp_mclag_virtual_mac= 00-00-00-00-00-00
	g_stp_mclag_system_mac_valid = 0
	g_stp_mclag_system_mac = 00-00-00-00-00-00
	g_stp_mclag_peer_system_mac_valid = 0
	g_stp_mclag_peer_system_mac = 00-00-00-00-00-00
	g_stp_mclag_vmac       = 00-00-00-00-00-00
	g_stp_mclag_peer_link  = -1
	g_stp_mclag_peer_mac   = 00-00-00-00-00-00
	avg_appdb_update_time  = 0
	max_appdb_update_time  = 78
	cumul_appdb_update_time= 33760
	no_of_appdb_updates    = 6946883
	avg_hw_update_time     = 0
	max_hw_update_time     = 30
	cumul_hw_update_time   = 234
	no_of_hw_updates       = 6946885
	avg_mclag_update_time  = 0
	max_mclag_update_time  = 32
	cumul_mclag_update_time= 143
	no_of_mclag_updates    = 6946885
	avg_timer_update_time  = 0
	max_timer_update_time  = 55
	cumul_timer_update_time= 21810
	no_of_timer_updates    = 6946885
	g_hw_update_count      = 101
	g_port_flush_count     = 74
	g_port_flush_req_count = 94
	g_stp_mclag_system_mac = 0
	g_stp_profile_enable   = 1
	g_stp_profile_thresh   = 0
	del_ebtable_rule       = 0
	pkt_not_rcvd_count     = 0
	g_rstp_sync_timer_count= 0
	g_stpd_stats_pkt_sock_get_err= 0

             Counter -         Tx          Rx
         NRPV Update -          0           0
       Root port req -          0           0
       Root port ack -          0           0
           TC update -          0           0
          Master req -          0           0
         Master resp -          0           0
       Bridge ageout -          0           0
      Port info sync -          0           0
       Proposal sync -          0           0
        Proposal ack -          0           0
         Iccp status -          0           0
            NRPV req -          0           0

RSTP CLASS:
RSTP CLASS STRUCTURE - INDEX 0
====================================

	vlan_id               = 2000
	status = 2
	enable_portmask = 80 
	control_mask = 80 
	bridge_info:
		BEGIN 1
		bridgeIdentifier 17d0b4e9b8e7ce02

		bridgePriority
		root_id 0x17d0b4e9b8e7ce02, designated_id 0x17d0b4e9b8e7ce02
		root_path_cost 0, designated_port Pri-8 Num-4095
		bridgeTimes
		max_age 20, forward_delay 15, hello 2, message_age 0

		rootPortId 80 

		rootPriority
		root_id 0x07d0b4e9b8e7cd02, designated_id 0x07d0b4e9b8e7cd02
		root_path_cost 200, designated_port Pri-8 Num-80
		rootTimes
		max_age 20, forward_delay 15, hello 2, message_age 1

		forceVersion 2, migrateTime 3
		txHoldCount 3, ageingTime 300
		rstp_prsState ROLE_SELECTION

	mclag_info
		is_mclag_vlan 0, Seq_No 0, 
		Best nrpv 1, message age 0, tx_on 0 
		Root_req 0, Root_ack 0 Prop_req  0,Prop_ack 0 
		My NRPV
		Root BridgeID- 0000000000000000 Desig BridgeID- 0000000000000000
		NRPV valid:0 RPC:0 DesPort 0:0, PortID 0, PortPC 0
		Timers: Max_Age:0,Msg_Age:0,Hello:0,Fwd_Delay:0
		Peer NRPV
		Root BridgeID- 0000000000000000 Desig BridgeID- 0000000000000000
		NRPV valid:0 RPC:0 DesPort 0:0, PortID 0, PortPC 0,Ifname 
		Timers: Max_Age:0,Msg_Age:0,Hello:0,Fwd_Delay:0
		
RSTP PORT CLASS - VLAN 2000 PORT 80(PortChannel100) 
=======================================

	stp_port_id 80 priority 8
	fdWhile 0, helloWhen 2, mdelayWhile 0, rbWhile 0
	rcvdInfoWhile 5, rrWhile 15, tcWhile 0, tcDetected 0
	portPathCost 200
	agree 1 agreed 0

	designatedPriority
	root_id 0x07d0b4e9b8e7cd02, designated_id 0x17d0b4e9b8e7ce02
	root_path_cost 200, designated_port Pri-8 Num-80
	designatedTimes
	max_age 20, forward_delay 15, hello 2, message_age 1

	forward 1, forwarding 1, infoIs RECEIVED, initPm 0
	learn 1, learning 1, mcheck 0

	msgPriority
	root_id 0x07d0b4e9b8e7cd02, designated_id 0x07d0b4e9b8e7cd02
	root_path_cost 0, designated_port Pri-8 Num-80
	msgTimes
	max_age 20, forward_delay 15, hello 2, message_age 0

	newInfo 0, operEdge 0, portEnabled 1 state FORWARDING
	portId Pri-8 Num-80

	portPriority
	root_id 0x07d0b4e9b8e7cd02, designated_id 0x07d0b4e9b8e7cd02
	root_path_cost 0, designated_port Pri-8 Num-80
	portTimes
	max_age 20, forward_delay 15, hello 2, message_age 0

	proposed 0, proposing 0, rcvdBpdu 0
	rcvdMsg REPEATED_DESIGNATED_MSG, rcvdRSTP 1, rcvdSTP 0
	rcvdTc 0, rcvdTcAck 0, rcvdTcn 0
	reRoot 0, reselect 0, selected 1
	role ROOT, selectedRole ROOT, disputed 0
	sendRSTP 1, sync 0, synced 0, tc 0, tcAck 0
	tcProp 0, tick 0, txCount 0, updtInfo 0 root_protect_timer 0

	PIM-CURRENT, PRT-ROOT_PORT, PST-FORWARDING
	TCM-ACTIVE, PPM-SENDING_RSTP, PTX-IDLE

	operPt2PtMac 1, adminOperPt2PtMac 1, adminOperEdge 0

	rx_bpdu 347341, rx_config_bpdu 0, rx_tcn_bpdu 0
	tx_bpdu 3, tx_config_bpdu 0, tx_tcn_bpdu 0, tx_bpdu_filter_count 0 bpdu_guard_active 0
	loop_guard_active 0 keepalive_down_inc 0 send_ageout_bpdu_on_iccp_up 0 

	mclag_master 0, mclag_peer_down 0,mclag_sm_state Init,mclag_rx_bpdu_non_master 0 root_protect 0 guard_state 0
	mclag_non_master 0, member_port -1, mclag_reason_flag 0
	last_master_req_time 0, last_master_resp_time 0, master_req_seq_no 0, peer_master_req_count 0
RSTP CLASS STRUCTURE - INDEX 1
====================================

	vlan_id               = 809
	status = 2
	enable_portmask = 21 80 
	control_mask = 21 80 
	bridge_info:
		BEGIN 1
		bridgeIdentifier 1329b4e9b8e7ce02

		bridgePriority
		root_id 0x1329b4e9b8e7ce02, designated_id 0x1329b4e9b8e7ce02
		root_path_cost 0, designated_port Pri-8 Num-4095
		bridgeTimes
		max_age 20, forward_delay 15, hello 2, message_age 0

		rootPortId 80 

		rootPriority
		root_id 0x0329b4e9b8e7cd02, designated_id 0x0329b4e9b8e7cd02
		root_path_cost 200, designated_port Pri-8 Num-80
		rootTimes
		max_age 20, forward_delay 15, hello 2, message_age 1

		forceVersion 2, migrateTime 3
		txHoldCount 3, ageingTime 300
		rstp_prsState ROLE_SELECTION

	mclag_info
		is_mclag_vlan 0, Seq_No 0, 
		Best nrpv 1, message age 0, tx_on 0 
		Root_req 0, Root_ack 0 Prop_req  0,Prop_ack 0 
		My NRPV
		Root BridgeID- 0000000000000000 Desig BridgeID- 0000000000000000
		NRPV valid:0 RPC:0 DesPort 0:0, PortID 0, PortPC 0
		Timers: Max_Age:0,Msg_Age:0,Hello:0,Fwd_Delay:0
		Peer NRPV
		Root BridgeID- 0000000000000000 Desig BridgeID- 0000000000000000
		NRPV valid:0 RPC:0 DesPort 0:0, PortID 0, PortPC 0,Ifname 
		Timers: Max_Age:0,Msg_Age:0,Hello:0,Fwd_Delay:0
		
RSTP PORT CLASS - VLAN 809 PORT 21(Ethernet21) 
=======================================

	stp_port_id 21 priority 8
	fdWhile 0, helloWhen 2, mdelayWhile 0, rbWhile 0
	rcvdInfoWhile 0, rrWhile 0, tcWhile 0, tcDetected 0
	portPathCost 20000
	agree 0 agreed 1

	designatedPriority
	root_id 0x0329b4e9b8e7cd02, designated_id 0x1329b4e9b8e7ce02
	root_path_cost 200, designated_port Pri-8 Num-21
	designatedTimes
	max_age 20, forward_delay 15, hello 2, message_age 1

	forward 1, forwarding 1, infoIs MINE, initPm 0
	learn 1, learning 1, mcheck 0

	msgPriority
	root_id 0x0000000000000000, designated_id 0x0000000000000000
	root_path_cost 0, designated_port Pri-0 Num-0
	msgTimes
	max_age 0, forward_delay 0, hello 0, message_age 0

	newInfo 0, operEdge 0, portEnabled 1 state FORWARDING
	portId Pri-8 Num-21

	portPriority
	root_id 0x0329b4e9b8e7cd02, designated_id 0x1329b4e9b8e7ce02
	root_path_cost 200, designated_port Pri-8 Num-21
	portTimes
	max_age 20, forward_delay 15, hello 2, message_age 1

	proposed 0, proposing 1, rcvdBpdu 0
	rcvdMsg OTHER_MSG, rcvdRSTP 0, rcvdSTP 0
	rcvdTc 0, rcvdTcAck 0, rcvdTcn 0
	reRoot 0, reselect 0, selected 1
	role DESIGNATED, selectedRole DESIGNATED, disputed 0
	sendRSTP 1, sync 0, synced 1, tc 0, tcAck 0
	tcProp 0, tick 0, txCount 0, updtInfo 0 root_protect_timer 0

	PIM-CURRENT, PRT-DESIGNATED_PORT, PST-FORWARDING
	TCM-ACTIVE, PPM-SENDING_RSTP, PTX-IDLE

	operPt2PtMac 1, adminOperPt2PtMac 1, adminOperEdge 0

	rx_bpdu 0, rx_config_bpdu 0, rx_tcn_bpdu 0
	tx_bpdu 693912, tx_config_bpdu 0, tx_tcn_bpdu 0, tx_bpdu_filter_count 0 bpdu_guard_active 0
	loop_guard_active 0 keepalive_down_inc 0 send_ageout_bpdu_on_iccp_up 0 

	mclag_master 0, mclag_peer_down 0,mclag_sm_state Init,mclag_rx_bpdu_non_master 0 root_protect 0 guard_state 0
	mclag_non_master 0, member_port -1, mclag_reason_flag 0
	last_master_req_time 0, last_master_resp_time 0, master_req_seq_no 0, peer_master_req_count 0
RSTP PORT CLASS - VLAN 809 PORT 80(PortChannel100) 
=======================================

	stp_port_id 80 priority 8
	fdWhile 0, helloWhen 2, mdelayWhile 0, rbWhile 0
	rcvdInfoWhile 5, rrWhile 15, tcWhile 0, tcDetected 0
	portPathCost 200
	agree 1 agreed 0

	designatedPriority
	root_id 0x0329b4e9b8e7cd02, designated_id 0x1329b4e9b8e7ce02
	root_path_cost 200, designated_port Pri-8 Num-80
	designatedTimes
	max_age 20, forward_delay 15, hello 2, message_age 1

	forward 1, forwarding 1, infoIs RECEIVED, initPm 0
	learn 1, learning 1, mcheck 0

	msgPriority
	root_id 0x0329b4e9b8e7cd02, designated_id 0x0329b4e9b8e7cd02
	root_path_cost 0, designated_port Pri-8 Num-80
	msgTimes
	max_age 20, forward_delay 15, hello 2, message_age 0

	newInfo 0, operEdge 0, portEnabled 1 state FORWARDING
	portId Pri-8 Num-80

	portPriority
	root_id 0x0329b4e9b8e7cd02, designated_id 0x0329b4e9b8e7cd02
	root_path_cost 0, designated_port Pri-8 Num-80
	portTimes
	max_age 20, forward_delay 15, hello 2, message_age 0

	proposed 0, proposing 0, rcvdBpdu 0
	rcvdMsg REPEATED_DESIGNATED_MSG, rcvdRSTP 1, rcvdSTP 0
	rcvdTc 0, rcvdTcAck 0, rcvdTcn 0
	reRoot 0, reselect 0, selected 1
	role ROOT, selectedRole ROOT, disputed 0
	sendRSTP 1, sync 0, synced 0, tc 0, tcAck 0
	tcProp 0, tick 0, txCount 0, updtInfo 0 root_protect_timer 0

	PIM-CURRENT, PRT-ROOT_PORT, PST-FORWARDING
	TCM-ACTIVE, PPM-SENDING_RSTP, PTX-IDLE

	operPt2PtMac 1, adminOperPt2PtMac 1, adminOperEdge 0

	rx_bpdu 347341, rx_config_bpdu 0, rx_tcn_bpdu 0
	tx_bpdu 5, tx_config_bpdu 0, tx_tcn_bpdu 0, tx_bpdu_filter_count 0 bpdu_guard_active 0
	loop_guard_active 0 keepalive_down_inc 0 send_ageout_bpdu_on_iccp_up 0 

	mclag_master 0, mclag_peer_down 0,mclag_sm_state Init,mclag_rx_bpdu_non_master 0 root_protect 0 guard_state 0
	mclag_non_master 0, member_port -1, mclag_reason_flag 0
	last_master_req_time 0, last_master_resp_time 0, master_req_seq_no 0, peer_master_req_count 0
RSTP CLASS STRUCTURE - INDEX 2
====================================

	vlan_id               = 1101
	status = 2
	enable_portmask = 0 2 80 
	control_mask = 0 2 80 
	bridge_info:
		BEGIN 1
		bridgeIdentifier 144db4e9b8e7ce02

		bridgePriority
		root_id 0x144db4e9b8e7ce02, designated_id 0x144db4e9b8e7ce02
		root_path_cost 0, designated_port Pri-8 Num-4095
		bridgeTimes
		max_age 20, forward_delay 15, hello 2, message_age 0

		rootPortId 80 

		rootPriority
		root_id 0x044db4e9b8e7cd02, designated_id 0x044db4e9b8e7cd02
		root_path_cost 200, designated_port Pri-8 Num-80
		rootTimes
		max_age 20, forward_delay 15, hello 2, message_age 1

		forceVersion 2, migrateTime 3
		txHoldCount 3, ageingTime 300
		rstp_prsState ROLE_SELECTION

	mclag_info
		is_mclag_vlan 0, Seq_No 0, 
		Best nrpv 1, message age 0, tx_on 0 
		Root_req 0, Root_ack 0 Prop_req  0,Prop_ack 0 
		My NRPV
		Root BridgeID- 0000000000000000 Desig BridgeID- 0000000000000000
		NRPV valid:0 RPC:0 DesPort 0:0, PortID 0, PortPC 0
		Timers: Max_Age:0,Msg_Age:0,Hello:0,Fwd_Delay:0
		Peer NRPV
		Root BridgeID- 0000000000000000 Desig BridgeID- 0000000000000000
		NRPV valid:0 RPC:0 DesPort 0:0, PortID 0, PortPC 0,Ifname 
		Timers: Max_Age:0,Msg_Age:0,Hello:0,Fwd_Delay:0
		
RSTP PORT CLASS - VLAN 1101 PORT 0(Ethernet0) 
=======================================

	stp_port_id 0 priority 8
	fdWhile 0, helloWhen 2, mdelayWhile 0, rbWhile 0
	rcvdInfoWhile 0, rrWhile 0, tcWhile 0, tcDetected 0
	portPathCost 2000
	agree 0 agreed 1

	designatedPriority
	root_id 0x044db4e9b8e7cd02, designated_id 0x144db4e9b8e7ce02
	root_path_cost 200, designated_port Pri-8 Num-0
	designatedTimes
	max_age 20, forward_delay 15, hello 2, message_age 1

	forward 1, forwarding 1, infoIs MINE, initPm 0
	learn 1, learning 1, mcheck 0

	msgPriority
	root_id 0x0000000000000000, designated_id 0x0000000000000000
	root_path_cost 0, designated_port Pri-0 Num-0
	msgTimes
	max_age 0, forward_delay 0, hello 0, message_age 0

	newInfo 0, operEdge 0, portEnabled 1 state FORWARDING
	portId Pri-8 Num-0

	portPriority
	root_id 0x044db4e9b8e7cd02, designated_id 0x144db4e9b8e7ce02
	root_path_cost 200, designated_port Pri-8 Num-0
	portTimes
	max_age 20, forward_delay 15, hello 2, message_age 1

	proposed 0, proposing 1, rcvdBpdu 0
	rcvdMsg OTHER_MSG, rcvdRSTP 0, rcvdSTP 0
	rcvdTc 0, rcvdTcAck 0, rcvdTcn 0
	reRoot 0, reselect 0, selected 1
	role DESIGNATED, selectedRole DESIGNATED, disputed 0
	sendRSTP 1, sync 0, synced 1, tc 0, tcAck 0
	tcProp 0, tick 0, txCount 0, updtInfo 0 root_protect_timer 0

	PIM-CURRENT, PRT-DESIGNATED_PORT, PST-FORWARDING
	TCM-ACTIVE, PPM-SENDING_RSTP, PTX-IDLE

	operPt2PtMac 1, adminOperPt2PtMac 1, adminOperEdge 0

	rx_bpdu 0, rx_config_bpdu 0, rx_tcn_bpdu 0
	tx_bpdu 347346, tx_config_bpdu 0, tx_tcn_bpdu 0, tx_bpdu_filter_count 0 bpdu_guard_active 0
	loop_guard_active 0 keepalive_down_inc 0 send_ageout_bpdu_on_iccp_up 0 

	mclag_master 0, mclag_peer_down 0,mclag_sm_state Init,mclag_rx_bpdu_non_master 0 root_protect 0 guard_state 0
	mclag_non_master 0, member_port -1, mclag_reason_flag 0
	last_master_req_time 0, last_master_resp_time 0, master_req_seq_no 0, peer_master_req_count 0
RSTP PORT CLASS - VLAN 1101 PORT 2(Ethernet2) 
=======================================

	stp_port_id 2 priority 8
	fdWhile 0, helloWhen 2, mdelayWhile 0, rbWhile 0
	rcvdInfoWhile 0, rrWhile 0, tcWhile 0, tcDetected 0
	portPathCost 2000
	agree 0 agreed 1

	designatedPriority
	root_id 0x044db4e9b8e7cd02, designated_id 0x144db4e9b8e7ce02
	root_path_cost 200, designated_port Pri-8 Num-2
	designatedTimes
	max_age 20, forward_delay 15, hello 2, message_age 1

	forward 1, forwarding 1, infoIs MINE, initPm 0
	learn 1, learning 1, mcheck 0

	msgPriority
	root_id 0x0000000000000000, designated_id 0x0000000000000000
	root_path_cost 0, designated_port Pri-0 Num-0
	msgTimes
	max_age 0, forward_delay 0, hello 0, message_age 0

	newInfo 0, operEdge 0, portEnabled 1 state FORWARDING
	portId Pri-8 Num-2

	portPriority
	root_id 0x044db4e9b8e7cd02, designated_id 0x144db4e9b8e7ce02
	root_path_cost 200, designated_port Pri-8 Num-2
	portTimes
	max_age 20, forward_delay 15, hello 2, message_age 1

	proposed 0, proposing 1, rcvdBpdu 0
	rcvdMsg OTHER_MSG, rcvdRSTP 0, rcvdSTP 0
	rcvdTc 0, rcvdTcAck 0, rcvdTcn 0
	reRoot 0, reselect 0, selected 1
	role DESIGNATED, selectedRole DESIGNATED, disputed 0
	sendRSTP 1, sync 0, synced 1, tc 0, tcAck 0
	tcProp 0, tick 0, txCount 0, updtInfo 0 root_protect_timer 0

	PIM-CURRENT, PRT-DESIGNATED_PORT, PST-FORWARDING
	TCM-ACTIVE, PPM-SENDING_RSTP, PTX-IDLE

	operPt2PtMac 1, adminOperPt2PtMac 1, adminOperEdge 0

	rx_bpdu 0, rx_config_bpdu 0, rx_tcn_bpdu 0
	tx_bpdu 347345, tx_config_bpdu 0, tx_tcn_bpdu 0, tx_bpdu_filter_count 0 bpdu_guard_active 0
	loop_guard_active 0 keepalive_down_inc 0 send_ageout_bpdu_on_iccp_up 0 

	mclag_master 0, mclag_peer_down 0,mclag_sm_state Init,mclag_rx_bpdu_non_master 0 root_protect 0 guard_state 0
	mclag_non_master 0, member_port -1, mclag_reason_flag 0
	last_master_req_time 0, last_master_resp_time 0, master_req_seq_no 0, peer_master_req_count 0
RSTP PORT CLASS - VLAN 1101 PORT 80(PortChannel100) 
=======================================

	stp_port_id 80 priority 8
	fdWhile 0, helloWhen 2, mdelayWhile 0, rbWhile 0
	rcvdInfoWhile 4, rrWhile 15, tcWhile 0, tcDetected 0
	portPathCost 200
	agree 1 agreed 0

	designatedPriority
	root_id 0x044db4e9b8e7cd02, designated_id 0x144db4e9b8e7ce02
	root_path_cost 200, designated_port Pri-8 Num-80
	designatedTimes
	max_age 20, forward_delay 15, hello 2, message_age 1

	forward 1, forwarding 1, infoIs RECEIVED, initPm 0
	learn 1, learning 1, mcheck 0

	msgPriority
	root_id 0x044db4e9b8e7cd02, designated_id 0x044db4e9b8e7cd02
	root_path_cost 0, designated_port Pri-8 Num-80
	msgTimes
	max_age 20, forward_delay 15, hello 2, message_age 0

	newInfo 0, operEdge 0, portEnabled 1 state FORWARDING
	portId Pri-8 Num-80

	portPriority
	root_id 0x044db4e9b8e7cd02, designated_id 0x044db4e9b8e7cd02
	root_path_cost 0, designated_port Pri-8 Num-80
	portTimes
	max_age 20, forward_delay 15, hello 2, message_age 0

	proposed 0, proposing 0, rcvdBpdu 0
	rcvdMsg REPEATED_DESIGNATED_MSG, rcvdRSTP 1, rcvdSTP 0
	rcvdTc 0, rcvdTcAck 0, rcvdTcn 0
	reRoot 0, reselect 0, selected 1
	role ROOT, selectedRole ROOT, disputed 0
	sendRSTP 1, sync 0, synced 0, tc 0, tcAck 0
	tcProp 0, tick 0, txCount 0, updtInfo 0 root_protect_timer 0

	PIM-CURRENT, PRT-ROOT_PORT, PST-FORWARDING
	TCM-ACTIVE, PPM-SENDING_RSTP, PTX-IDLE

	operPt2PtMac 1, adminOperPt2PtMac 1, adminOperEdge 0

	rx_bpdu 347341, rx_config_bpdu 0, rx_tcn_bpdu 0
	tx_bpdu 6, tx_config_bpdu 0, tx_tcn_bpdu 0, tx_bpdu_filter_count 0 bpdu_guard_active 0
	loop_guard_active 0 keepalive_down_inc 0 send_ageout_bpdu_on_iccp_up 0 

	mclag_master 0, mclag_peer_down 0,mclag_sm_state Init,mclag_rx_bpdu_non_master 0 root_protect 0 guard_state 0
	mclag_non_master 0, member_port -1, mclag_reason_flag 0
	last_master_req_time 0, last_master_resp_time 0, master_req_seq_no 0, peer_master_req_count 0
RSTP CLASS STRUCTURE - INDEX 3
====================================

	vlan_id               = 803
	status = 2
	enable_portmask = 22 80 
	control_mask = 22 80 
	bridge_info:
		BEGIN 1
		bridgeIdentifier 1323b4e9b8e7ce02

		bridgePriority
		root_id 0x1323b4e9b8e7ce02, designated_id 0x1323b4e9b8e7ce02
		root_path_cost 0, designated_port Pri-8 Num-4095
		bridgeTimes
		max_age 20, forward_delay 15, hello 2, message_age 0

		rootPortId 80 

		rootPriority
		root_id 0x0323b4e9b8e7cd02, designated_id 0x0323b4e9b8e7cd02
		root_path_cost 200, designated_port Pri-8 Num-80
		rootTimes
		max_age 20, forward_delay 15, hello 2, message_age 1

		forceVersion 2, migrateTime 3
		txHoldCount 3, ageingTime 300
		rstp_prsState ROLE_SELECTION

	mclag_info
		is_mclag_vlan 0, Seq_No 0, 
		Best nrpv 1, message age 0, tx_on 0 
		Root_req 0, Root_ack 0 Prop_req  0,Prop_ack 0 
		My NRPV
		Root BridgeID- 0000000000000000 Desig BridgeID- 0000000000000000
		NRPV valid:0 RPC:0 DesPort 0:0, PortID 0, PortPC 0
		Timers: Max_Age:0,Msg_Age:0,Hello:0,Fwd_Delay:0
		Peer NRPV
		Root BridgeID- 0000000000000000 Desig BridgeID- 0000000000000000
		NRPV valid:0 RPC:0 DesPort 0:0, PortID 0, PortPC 0,Ifname 
		Timers: Max_Age:0,Msg_Age:0,Hello:0,Fwd_Delay:0
		
RSTP PORT CLASS - VLAN 803 PORT 22(Ethernet22) 
=======================================

	stp_port_id 22 priority 8
	fdWhile 0, helloWhen 2, mdelayWhile 0, rbWhile 0
	rcvdInfoWhile 0, rrWhile 0, tcWhile 0, tcDetected 0
	portPathCost 2000
	agree 0 agreed 1

	designatedPriority
	root_id 0x0323b4e9b8e7cd02, designated_id 0x1323b4e9b8e7ce02
	root_path_cost 200, designated_port Pri-8 Num-22
	designatedTimes
	max_age 20, forward_delay 15, hello 2, message_age 1

	forward 1, forwarding 1, infoIs MINE, initPm 0
	learn 1, learning 1, mcheck 0

	msgPriority
	root_id 0x0000000000000000, designated_id 0x0000000000000000
	root_path_cost 0, designated_port Pri-0 Num-0
	msgTimes
	max_age 0, forward_delay 0, hello 0, message_age 0

	newInfo 0, operEdge 0, portEnabled 1 state FORWARDING
	portId Pri-8 Num-22

	portPriority
	root_id 0x0323b4e9b8e7cd02, designated_id 0x1323b4e9b8e7ce02
	root_path_cost 200, designated_port Pri-8 Num-22
	portTimes
	max_age 20, forward_delay 15, hello 2, message_age 1

	proposed 0, proposing 1, rcvdBpdu 0
	rcvdMsg OTHER_MSG, rcvdRSTP 0, rcvdSTP 0
	rcvdTc 0, rcvdTcAck 0, rcvdTcn 0
	reRoot 0, reselect 0, selected 1
	role DESIGNATED, selectedRole DESIGNATED, disputed 0
	sendRSTP 1, sync 0, synced 1, tc 0, tcAck 0
	tcProp 0, tick 0, txCount 0, updtInfo 0 root_protect_timer 0

	PIM-CURRENT, PRT-DESIGNATED_PORT, PST-FORWARDING
	TCM-ACTIVE, PPM-SENDING_RSTP, PTX-IDLE

	operPt2PtMac 1, adminOperPt2PtMac 1, adminOperEdge 0

	rx_bpdu 0, rx_config_bpdu 0, rx_tcn_bpdu 0
	tx_bpdu 694690, tx_config_bpdu 0, tx_tcn_bpdu 0, tx_bpdu_filter_count 0 bpdu_guard_active 0
	loop_guard_active 0 keepalive_down_inc 0 send_ageout_bpdu_on_iccp_up 0 

	mclag_master 0, mclag_peer_down 0,mclag_sm_state Init,mclag_rx_bpdu_non_master 0 root_protect 0 guard_state 0
	mclag_non_master 0, member_port -1, mclag_reason_flag 0
	last_master_req_time 0, last_master_resp_time 0, master_req_seq_no 0, peer_master_req_count 0
RSTP PORT CLASS - VLAN 803 PORT 80(PortChannel100) 
=======================================

	stp_port_id 80 priority 8
	fdWhile 0, helloWhen 2, mdelayWhile 0, rbWhile 0
	rcvdInfoWhile 5, rrWhile 15, tcWhile 0, tcDetected 0
	portPathCost 200
	agree 1 agreed 0

	designatedPriority
	root_id 0x0323b4e9b8e7cd02, designated_id 0x1323b4e9b8e7ce02
	root_path_cost 200, designated_port Pri-8 Num-80
	designatedTimes
	max_age 20, forward_delay 15, hello 2, message_age 1

	forward 1, forwarding 1, infoIs RECEIVED, initPm 0
	learn 1, learning 1, mcheck 0

	msgPriority
	root_id 0x0323b4e9b8e7cd02, designated_id 0x0323b4e9b8e7cd02
	root_path_cost 0, designated_port Pri-8 Num-80
	msgTimes
	max_age 20, forward_delay 15, hello 2, message_age 0

	newInfo 0, operEdge 0, portEnabled 1 state FORWARDING
	portId Pri-8 Num-80

	portPriority
	root_id 0x0323b4e9b8e7cd02, designated_id 0x0323b4e9b8e7cd02
	root_path_cost 0, designated_port Pri-8 Num-80
	portTimes
	max_age 20, forward_delay 15, hello 2, message_age 0

	proposed 0, proposing 0, rcvdBpdu 0
	rcvdMsg REPEATED_DESIGNATED_MSG, rcvdRSTP 1, rcvdSTP 0
	rcvdTc 0, rcvdTcAck 0, rcvdTcn 0
	reRoot 0, reselect 0, selected 1
	role ROOT, selectedRole ROOT, disputed 0
	sendRSTP 1, sync 0, synced 0, tc 0, tcAck 0
	tcProp 0, tick 0, txCount 0, updtInfo 0 root_protect_timer 0

	PIM-CURRENT, PRT-ROOT_PORT, PST-FORWARDING
	TCM-ACTIVE, PPM-SENDING_RSTP, PTX-IDLE

	operPt2PtMac 1, adminOperPt2PtMac 1, adminOperEdge 0

	rx_bpdu 347341, rx_config_bpdu 0, rx_tcn_bpdu 0
	tx_bpdu 6, tx_config_bpdu 0, tx_tcn_bpdu 0, tx_bpdu_filter_count 0 bpdu_guard_active 0
	loop_guard_active 0 keepalive_down_inc 0 send_ageout_bpdu_on_iccp_up 0 

	mclag_master 0, mclag_peer_down 0,mclag_sm_state Init,mclag_rx_bpdu_non_master 0 root_protect 0 guard_state 0
	mclag_non_master 0, member_port -1, mclag_reason_flag 0
	last_master_req_time 0, last_master_resp_time 0, master_req_seq_no 0, peer_master_req_count 0
RSTP CLASS STRUCTURE - INDEX 4
====================================

	vlan_id               = 678
	status = 2
	enable_portmask = 4 5 11 80 
	control_mask = 4 5 11 80 
	bridge_info:
		BEGIN 1
		bridgeIdentifier 12a6b4e9b8e7ce02

		bridgePriority
		root_id 0x12a6b4e9b8e7ce02, designated_id 0x12a6b4e9b8e7ce02
		root_path_cost 0, designated_port Pri-8 Num-4095
		bridgeTimes
		max_age 20, forward_delay 15, hello 2, message_age 0

		rootPortId 80 

		rootPriority
		root_id 0x02a6b4e9b8e7cd02, designated_id 0x02a6b4e9b8e7cd02
		root_path_cost 200, designated_port Pri-8 Num-80
		rootTimes
		max_age 20, forward_delay 15, hello 2, message_age 1

		forceVersion 2, migrateTime 3
		txHoldCount 3, ageingTime 300
		rstp_prsState ROLE_SELECTION

	mclag_info
		is_mclag_vlan 0, Seq_No 0, 
		Best nrpv 1, message age 0, tx_on 0 
		Root_req 0, Root_ack 0 Prop_req  0,Prop_ack 0 
		My NRPV
		Root BridgeID- 0000000000000000 Desig BridgeID- 0000000000000000
		NRPV valid:0 RPC:0 DesPort 0:0, PortID 0, PortPC 0
		Timers: Max_Age:0,Msg_Age:0,Hello:0,Fwd_Delay:0
		Peer NRPV
		Root BridgeID- 0000000000000000 Desig BridgeID- 0000000000000000
		NRPV valid:0 RPC:0 DesPort 0:0, PortID 0, PortPC 0,Ifname 
		Timers: Max_Age:0,Msg_Age:0,Hello:0,Fwd_Delay:0
		
RSTP PORT CLASS - VLAN 678 PORT 4(Ethernet4) 
=======================================

	stp_port_id 4 priority 8
	fdWhile 0, helloWhen 1, mdelayWhile 0, rbWhile 0
	rcvdInfoWhile 0, rrWhile 0, tcWhile 0, tcDetected 0
	portPathCost 2000
	agree 0 agreed 1

	designatedPriority
	root_id 0x02a6b4e9b8e7cd02, designated_id 0x12a6b4e9b8e7ce02
	root_path_cost 200, designated_port Pri-8 Num-4
	designatedTimes
	max_age 20, forward_delay 15, hello 2, message_age 1

	forward 1, forwarding 1, infoIs MINE, initPm 0
	learn 1, learning 1, mcheck 0

	msgPriority
	root_id 0x0000000000000000, designated_id 0x0000000000000000
	root_path_cost 0, designated_port Pri-0 Num-0
	msgTimes
	max_age 0, forward_delay 0, hello 0, message_age 0

	newInfo 0, operEdge 0, portEnabled 1 state FORWARDING
	portId Pri-8 Num-4

	portPriority
	root_id 0x02a6b4e9b8e7cd02, designated_id 0x12a6b4e9b8e7ce02
	root_path_cost 200, designated_port Pri-8 Num-4
	portTimes
	max_age 20, forward_delay 15, hello 2, message_age 1

	proposed 0, proposing 1, rcvdBpdu 0
	rcvdMsg OTHER_MSG, rcvdRSTP 0, rcvdSTP 0
	rcvdTc 0, rcvdTcAck 0, rcvdTcn 0
	reRoot 0, reselect 0, selected 1
	role DESIGNATED, selectedRole DESIGNATED, disputed 0
	sendRSTP 1, sync 0, synced 1, tc 0, tcAck 0
	tcProp 0, tick 0, txCount 0, updtInfo 0 root_protect_timer 0

	PIM-CURRENT, PRT-DESIGNATED_PORT, PST-FORWARDING
	TCM-ACTIVE, PPM-SENDING_RSTP, PTX-IDLE

	operPt2PtMac 1, adminOperPt2PtMac 1, adminOperEdge 0

	rx_bpdu 0, rx_config_bpdu 0, rx_tcn_bpdu 0
	tx_bpdu 0, tx_config_bpdu 0, tx_tcn_bpdu 0, tx_bpdu_filter_count 0 bpdu_guard_active 0
	loop_guard_active 0 keepalive_down_inc 0 send_ageout_bpdu_on_iccp_up 0 

	mclag_master 0, mclag_peer_down 0,mclag_sm_state Init,mclag_rx_bpdu_non_master 0 root_protect 0 guard_state 0
	mclag_non_master 0, member_port -1, mclag_reason_flag 0
	last_master_req_time 0, last_master_resp_time 0, master_req_seq_no 0, peer_master_req_count 0
RSTP PORT CLASS - VLAN 678 PORT 5(Ethernet5) 
=======================================

	stp_port_id 5 priority 8
	fdWhile 0, helloWhen 1, mdelayWhile 0, rbWhile 0
	rcvdInfoWhile 0, rrWhile 0, tcWhile 0, tcDetected 0
	portPathCost 2000
	agree 0 agreed 1

	designatedPriority
	root_id 0x02a6b4e9b8e7cd02, designated_id 0x12a6b4e9b8e7ce02
	root_path_cost 200, designated_port Pri-8 Num-5
	designatedTimes
	max_age 20, forward_delay 15, hello 2, message_age 1

	forward 1, forwarding 1, infoIs MINE, initPm 0
	learn 1, learning 1, mcheck 0

	msgPriority
	root_id 0x0000000000000000, designated_id 0x0000000000000000
	root_path_cost 0, designated_port Pri-0 Num-0
	msgTimes
	max_age 0, forward_delay 0, hello 0, message_age 0

	newInfo 0, operEdge 0, portEnabled 1 state FORWARDING
	portId Pri-8 Num-5

	portPriority
	root_id 0x02a6b4e9b8e7cd02, designated_id 0x12a6b4e9b8e7ce02
	root_path_cost 200, designated_port Pri-8 Num-5
	portTimes
	max_age 20, forward_delay 15, hello 2, message_age 1

	proposed 0, proposing 1, rcvdBpdu 0
	rcvdMsg OTHER_MSG, rcvdRSTP 0, rcvdSTP 0
	rcvdTc 0, rcvdTcAck 0, rcvdTcn 0
	reRoot 0, reselect 0, selected 1
	role DESIGNATED, selectedRole DESIGNATED, disputed 0
	sendRSTP 1, sync 0, synced 1, tc 0, tcAck 0
	tcProp 0, tick 0, txCount 0, updtInfo 0 root_protect_timer 0

	PIM-CURRENT, PRT-DESIGNATED_PORT, PST-FORWARDING
	TCM-ACTIVE, PPM-SENDING_RSTP, PTX-IDLE

	operPt2PtMac 1, adminOperPt2PtMac 1, adminOperEdge 0

	rx_bpdu 0, rx_config_bpdu 0, rx_tcn_bpdu 0
	tx_bpdu 0, tx_config_bpdu 0, tx_tcn_bpdu 0, tx_bpdu_filter_count 0 bpdu_guard_active 0
	loop_guard_active 0 keepalive_down_inc 0 send_ageout_bpdu_on_iccp_up 0 

	mclag_master 0, mclag_peer_down 0,mclag_sm_state Init,mclag_rx_bpdu_non_master 0 root_protect 0 guard_state 0
	mclag_non_master 0, member_port -1, mclag_reason_flag 0
	last_master_req_time 0, last_master_resp_time 0, master_req_seq_no 0, peer_master_req_count 0
RSTP PORT CLASS - VLAN 678 PORT 11(Ethernet11) 
=======================================

	stp_port_id 11 priority 8
	fdWhile 0, helloWhen 2, mdelayWhile 0, rbWhile 0
	rcvdInfoWhile 0, rrWhile 0, tcWhile 0, tcDetected 0
	portPathCost 2000
	agree 0 agreed 1

	designatedPriority
	root_id 0x02a6b4e9b8e7cd02, designated_id 0x12a6b4e9b8e7ce02
	root_path_cost 200, designated_port Pri-8 Num-11
	designatedTimes
	max_age 20, forward_delay 15, hello 2, message_age 1

	forward 1, forwarding 1, infoIs MINE, initPm 0
	learn 1, learning 1, mcheck 0

	msgPriority
	root_id 0x0000000000000000, designated_id 0x0000000000000000
	root_path_cost 0, designated_port Pri-0 Num-0
	msgTimes
	max_age 0, forward_delay 0, hello 0, message_age 0

	newInfo 0, operEdge 0, portEnabled 1 state FORWARDING
	portId Pri-8 Num-11

	portPriority
	root_id 0x02a6b4e9b8e7cd02, designated_id 0x12a6b4e9b8e7ce02
	root_path_cost 200, designated_port Pri-8 Num-11
	portTimes
	max_age 20, forward_delay 15, hello 2, message_age 1

	proposed 0, proposing 1, rcvdBpdu 0
	rcvdMsg OTHER_MSG, rcvdRSTP 0, rcvdSTP 0
	rcvdTc 0, rcvdTcAck 0, rcvdTcn 0
	reRoot 0, reselect 0, selected 1
	role DESIGNATED, selectedRole DESIGNATED, disputed 0
	sendRSTP 1, sync 0, synced 1, tc 0, tcAck 0
	tcProp 0, tick 0, txCount 0, updtInfo 0 root_protect_timer 0

	PIM-CURRENT, PRT-DESIGNATED_PORT, PST-FORWARDING
	TCM-ACTIVE, PPM-SENDING_RSTP, PTX-IDLE

	operPt2PtMac 1, adminOperPt2PtMac 1, adminOperEdge 0

	rx_bpdu 0, rx_config_bpdu 0, rx_tcn_bpdu 0
	tx_bpdu 0, tx_config_bpdu 0, tx_tcn_bpdu 0, tx_bpdu_filter_count 0 bpdu_guard_active 0
	loop_guard_active 0 keepalive_down_inc 0 send_ageout_bpdu_on_iccp_up 0 

	mclag_master 0, mclag_peer_down 0,mclag_sm_state Init,mclag_rx_bpdu_non_master 0 root_protect 0 guard_state 0
	mclag_non_master 0, member_port -1, mclag_reason_flag 0
	last_master_req_time 0, last_master_resp_time 0, master_req_seq_no 0, peer_master_req_count 0
RSTP PORT CLASS - VLAN 678 PORT 80(PortChannel100) 
=======================================

	stp_port_id 80 priority 8
	fdWhile 0, helloWhen 1, mdelayWhile 0, rbWhile 0
	rcvdInfoWhile 4, rrWhile 15, tcWhile 0, tcDetected 0
	portPathCost 200
	agree 1 agreed 0

	designatedPriority
	root_id 0x02a6b4e9b8e7cd02, designated_id 0x12a6b4e9b8e7ce02
	root_path_cost 200, designated_port Pri-8 Num-80
	designatedTimes
	max_age 20, forward_delay 15, hello 2, message_age 1

	forward 1, forwarding 1, infoIs RECEIVED, initPm 0
	learn 1, learning 1, mcheck 0

	msgPriority
	root_id 0x02a6b4e9b8e7cd02, designated_id 0x02a6b4e9b8e7cd02
	root_path_cost 0, designated_port Pri-8 Num-80
	msgTimes
	max_age 20, forward_delay 15, hello 2, message_age 0

	newInfo 0, operEdge 0, portEnabled 1 state FORWARDING
	portId Pri-8 Num-80

	portPriority
	root_id 0x02a6b4e9b8e7cd02, designated_id 0x02a6b4e9b8e7cd02
	root_path_cost 0, designated_port Pri-8 Num-80
	portTimes
	max_age 20, forward_delay 15, hello 2, message_age 0

	proposed 0, proposing 0, rcvdBpdu 0
	rcvdMsg REPEATED_DESIGNATED_MSG, rcvdRSTP 1, rcvdSTP 0
	rcvdTc 0, rcvdTcAck 0, rcvdTcn 0
	reRoot 0, reselect 0, selected 1
	role ROOT, selectedRole ROOT, disputed 0
	sendRSTP 1, sync 0, synced 0, tc 0, tcAck 0
	tcProp 0, tick 0, txCount 0, updtInfo 0 root_protect_timer 0

	PIM-CURRENT, PRT-ROOT_PORT, PST-FORWARDING
	TCM-ACTIVE, PPM-SENDING_RSTP, PTX-IDLE

	operPt2PtMac 1, adminOperPt2PtMac 1, adminOperEdge 0

	rx_bpdu 347341, rx_config_bpdu 0, rx_tcn_bpdu 0
	tx_bpdu 6, tx_config_bpdu 0, tx_tcn_bpdu 0, tx_bpdu_filter_count 0 bpdu_guard_active 0
	loop_guard_active 0 keepalive_down_inc 0 send_ageout_bpdu_on_iccp_up 0 

	mclag_master 0, mclag_peer_down 0,mclag_sm_state Init,mclag_rx_bpdu_non_master 0 root_protect 0 guard_state 0
	mclag_non_master 0, member_port -1, mclag_reason_flag 0
	last_master_req_time 0, last_master_resp_time 0, master_req_seq_no 0, peer_master_req_count 0
RSTP CLASS STRUCTURE - INDEX 5
====================================

	vlan_id               = 677
	status = 2
	enable_portmask = 0 2 4 5 80 
	control_mask = 0 2 4 5 80 
	bridge_info:
		BEGIN 1
		bridgeIdentifier 12a5b4e9b8e7ce02

		bridgePriority
		root_id 0x12a5b4e9b8e7ce02, designated_id 0x12a5b4e9b8e7ce02
		root_path_cost 0, designated_port Pri-8 Num-4095
		bridgeTimes
		max_age 20, forward_delay 15, hello 2, message_age 0

		rootPortId 80 

		rootPriority
		root_id 0x02a5b4e9b8e7cd02, designated_id 0x02a5b4e9b8e7cd02
		root_path_cost 200, designated_port Pri-8 Num-80
		rootTimes
		max_age 20, forward_delay 15, hello 2, message_age 1

		forceVersion 2, migrateTime 3
		txHoldCount 3, ageingTime 300
		rstp_prsState ROLE_SELECTION

	mclag_info
		is_mclag_vlan 0, Seq_No 0, 
		Best nrpv 1, message age 0, tx_on 0 
		Root_req 0, Root_ack 0 Prop_req  0,Prop_ack 0 
		My NRPV
		Root BridgeID- 0000000000000000 Desig BridgeID- 0000000000000000
		NRPV valid:0 RPC:0 DesPort 0:0, PortID 0, PortPC 0
		Timers: Max_Age:0,Msg_Age:0,Hello:0,Fwd_Delay:0
		Peer NRPV
		Root BridgeID- 0000000000000000 Desig BridgeID- 0000000000000000
		NRPV valid:0 RPC:0 DesPort 0:0, PortID 0, PortPC 0,Ifname 
		Timers: Max_Age:0,Msg_Age:0,Hello:0,Fwd_Delay:0
		
RSTP PORT CLASS - VLAN 677 PORT 0(Ethernet0) 
=======================================

	stp_port_id 0 priority 8
	fdWhile 0, helloWhen 1, mdelayWhile 0, rbWhile 0
	rcvdInfoWhile 0, rrWhile 0, tcWhile 0, tcDetected 0
	portPathCost 2000
	agree 0 agreed 1

	designatedPriority
	root_id 0x02a5b4e9b8e7cd02, designated_id 0x12a5b4e9b8e7ce02
	root_path_cost 200, designated_port Pri-8 Num-0
	designatedTimes
	max_age 20, forward_delay 15, hello 2, message_age 1

	forward 1, forwarding 1, infoIs MINE, initPm 0
	learn 1, learning 1, mcheck 0

	msgPriority
	root_id 0x0000000000000000, designated_id 0x0000000000000000
	root_path_cost 0, designated_port Pri-0 Num-0
	msgTimes
	max_age 0, forward_delay 0, hello 0, message_age 0

	newInfo 0, operEdge 0, portEnabled 1 state FORWARDING
	portId Pri-8 Num-0

	portPriority
	root_id 0x02a5b4e9b8e7cd02, designated_id 0x12a5b4e9b8e7ce02
	root_path_cost 200, designated_port Pri-8 Num-0
	portTimes
	max_age 20, forward_delay 15, hello 2, message_age 1

	proposed 0, proposing 1, rcvdBpdu 0
	rcvdMsg OTHER_MSG, rcvdRSTP 0, rcvdSTP 0
	rcvdTc 0, rcvdTcAck 0, rcvdTcn 0
	reRoot 0, reselect 0, selected 1
	role DESIGNATED, selectedRole DESIGNATED, disputed 0
	sendRSTP 1, sync 0, synced 1, tc 0, tcAck 0
	tcProp 0, tick 0, txCount 0, updtInfo 0 root_protect_timer 0

	PIM-CURRENT, PRT-DESIGNATED_PORT, PST-FORWARDING
	TCM-ACTIVE, PPM-SENDING_RSTP, PTX-IDLE

	operPt2PtMac 1, adminOperPt2PtMac 1, adminOperEdge 0

	rx_bpdu 0, rx_config_bpdu 0, rx_tcn_bpdu 0
	tx_bpdu 347345, tx_config_bpdu 0, tx_tcn_bpdu 0, tx_bpdu_filter_count 0 bpdu_guard_active 0
	loop_guard_active 0 keepalive_down_inc 0 send_ageout_bpdu_on_iccp_up 0 

	mclag_master 0, mclag_peer_down 0,mclag_sm_state Init,mclag_rx_bpdu_non_master 0 root_protect 0 guard_state 0
	mclag_non_master 0, member_port -1, mclag_reason_flag 0
	last_master_req_time 0, last_master_resp_time 0, master_req_seq_no 0, peer_master_req_count 0
RSTP PORT CLASS - VLAN 677 PORT 2(Ethernet2) 
=======================================

	stp_port_id 2 priority 8
	fdWhile 0, helloWhen 1, mdelayWhile 0, rbWhile 0
	rcvdInfoWhile 0, rrWhile 0, tcWhile 0, tcDetected 0
	portPathCost 2000
	agree 0 agreed 1

	designatedPriority
	root_id 0x02a5b4e9b8e7cd02, designated_id 0x12a5b4e9b8e7ce02
	root_path_cost 200, designated_port Pri-8 Num-2
	designatedTimes
	max_age 20, forward_delay 15, hello 2, message_age 1

	forward 1, forwarding 1, infoIs MINE, initPm 0
	learn 1, learning 1, mcheck 0

	msgPriority
	root_id 0x0000000000000000, designated_id 0x0000000000000000
	root_path_cost 0, designated_port Pri-0 Num-0
	msgTimes
	max_age 0, forward_delay 0, hello 0, message_age 0

	newInfo 0, operEdge 0, portEnabled 1 state FORWARDING
	portId Pri-8 Num-2

	portPriority
	root_id 0x02a5b4e9b8e7cd02, designated_id 0x12a5b4e9b8e7ce02
	root_path_cost 200, designated_port Pri-8 Num-2
	portTimes
	max_age 20, forward_delay 15, hello 2, message_age 1

	proposed 0, proposing 1, rcvdBpdu 0
	rcvdMsg OTHER_MSG, rcvdRSTP 0, rcvdSTP 0
	rcvdTc 0, rcvdTcAck 0, rcvdTcn 0
	reRoot 0, reselect 0, selected 1
	role DESIGNATED, selectedRole DESIGNATED, disputed 0
	sendRSTP 1, sync 0, synced 1, tc 0, tcAck 0
	tcProp 0, tick 0, txCount 0, updtInfo 0 root_protect_timer 0

	PIM-CURRENT, PRT-DESIGNATED_PORT, PST-FORWARDING
	TCM-ACTIVE, PPM-SENDING_RSTP, PTX-IDLE

	operPt2PtMac 1, adminOperPt2PtMac 1, adminOperEdge 0

	rx_bpdu 0, rx_config_bpdu 0, rx_tcn_bpdu 0
	tx_bpdu 347344, tx_config_bpdu 0, tx_tcn_bpdu 0, tx_bpdu_filter_count 0 bpdu_guard_active 0
	loop_guard_active 0 keepalive_down_inc 0 send_ageout_bpdu_on_iccp_up 0 

	mclag_master 0, mclag_peer_down 0,mclag_sm_state Init,mclag_rx_bpdu_non_master 0 root_protect 0 guard_state 0
	mclag_non_master 0, member_port -1, mclag_reason_flag 0
	last_master_req_time 0, last_master_resp_time 0, master_req_seq_no 0, peer_master_req_count 0
RSTP PORT CLASS - VLAN 677 PORT 4(Ethernet4) 
=======================================

	stp_port_id 4 priority 8
	fdWhile 0, helloWhen 1, mdelayWhile 0, rbWhile 0
	rcvdInfoWhile 0, rrWhile 0, tcWhile 0, tcDetected 0
	portPathCost 2000
	agree 0 agreed 1

	designatedPriority
	root_id 0x02a5b4e9b8e7cd02, designated_id 0x12a5b4e9b8e7ce02
	root_path_cost 200, designated_port Pri-8 Num-4
	designatedTimes
	max_age 20, forward_delay 15, hello 2, message_age 1

	forward 1, forwarding 1, infoIs MINE, initPm 0
	learn 1, learning 1, mcheck 0

	msgPriority
	root_id 0x0000000000000000, designated_id 0x0000000000000000
	root_path_cost 0, designated_port Pri-0 Num-0
	msgTimes
	max_age 0, forward_delay 0, hello 0, message_age 0

	newInfo 0, operEdge 0, portEnabled 1 state FORWARDING
	portId Pri-8 Num-4

	portPriority
	root_id 0x02a5b4e9b8e7cd02, designated_id 0x12a5b4e9b8e7ce02
	root_path_cost 200, designated_port Pri-8 Num-4
	portTimes
	max_age 20, forward_delay 15, hello 2, message_age 1

	proposed 0, proposing 1, rcvdBpdu 0
	rcvdMsg OTHER_MSG, rcvdRSTP 0, rcvdSTP 0
	rcvdTc 0, rcvdTcAck 0, rcvdTcn 0
	reRoot 0, reselect 0, selected 1
	role DESIGNATED, selectedRole DESIGNATED, disputed 0
	sendRSTP 1, sync 0, synced 1, tc 0, tcAck 0
	tcProp 0, tick 0, txCount 0, updtInfo 0 root_protect_timer 0

	PIM-CURRENT, PRT-DESIGNATED_PORT, PST-FORWARDING
	TCM-ACTIVE, PPM-SENDING_RSTP, PTX-IDLE

	operPt2PtMac 1, adminOperPt2PtMac 1, adminOperEdge 0

	rx_bpdu 0, rx_config_bpdu 0, rx_tcn_bpdu 0
	tx_bpdu 0, tx_config_bpdu 0, tx_tcn_bpdu 0, tx_bpdu_filter_count 0 bpdu_guard_active 0
	loop_guard_active 0 keepalive_down_inc 0 send_ageout_bpdu_on_iccp_up 0 

	mclag_master 0, mclag_peer_down 0,mclag_sm_state Init,mclag_rx_bpdu_non_master 0 root_protect 0 guard_state 0
	mclag_non_master 0, member_port -1, mclag_reason_flag 0
	last_master_req_time 0, last_master_resp_time 0, master_req_seq_no 0, peer_master_req_count 0
RSTP PORT CLASS - VLAN 677 PORT 5(Ethernet5) 
=======================================

	stp_port_id 5 priority 8
	fdWhile 0, helloWhen 1, mdelayWhile 0, rbWhile 0
	rcvdInfoWhile 0, rrWhile 0, tcWhile 0, tcDetected 0
	portPathCost 2000
	agree 0 agreed 1

	designatedPriority
	root_id 0x02a5b4e9b8e7cd02, designated_id 0x12a5b4e9b8e7ce02
	root_path_cost 200, designated_port Pri-8 Num-5
	designatedTimes
	max_age 20, forward_delay 15, hello 2, message_age 1

	forward 1, forwarding 1, infoIs MINE, initPm 0
	learn 1, learning 1, mcheck 0

	msgPriority
	root_id 0x0000000000000000, designated_id 0x0000000000000000
	root_path_cost 0, designated_port Pri-0 Num-0
	msgTimes
	max_age 0, forward_delay 0, hello 0, message_age 0

	newInfo 0, operEdge 0, portEnabled 1 state FORWARDING
	portId Pri-8 Num-5

	portPriority
	root_id 0x02a5b4e9b8e7cd02, designated_id 0x12a5b4e9b8e7ce02
	root_path_cost 200, designated_port Pri-8 Num-5
	portTimes
	max_age 20, forward_delay 15, hello 2, message_age 1

	proposed 0, proposing 1, rcvdBpdu 0
	rcvdMsg OTHER_MSG, rcvdRSTP 0, rcvdSTP 0
	rcvdTc 0, rcvdTcAck 0, rcvdTcn 0
	reRoot 0, reselect 0, selected 1
	role DESIGNATED, selectedRole DESIGNATED, disputed 0
	sendRSTP 1, sync 0, synced 1, tc 0, tcAck 0
	tcProp 0, tick 0, txCount 0, updtInfo 0 root_protect_timer 0

	PIM-CURRENT, PRT-DESIGNATED_PORT, PST-FORWARDING
	TCM-ACTIVE, PPM-SENDING_RSTP, PTX-IDLE

	operPt2PtMac 1, adminOperPt2PtMac 1, adminOperEdge 0

	rx_bpdu 0, rx_config_bpdu 0, rx_tcn_bpdu 0
	tx_bpdu 0, tx_config_bpdu 0, tx_tcn_bpdu 0, tx_bpdu_filter_count 0 bpdu_guard_active 0
	loop_guard_active 0 keepalive_down_inc 0 send_ageout_bpdu_on_iccp_up 0 

	mclag_master 0, mclag_peer_down 0,mclag_sm_state Init,mclag_rx_bpdu_non_master 0 root_protect 0 guard_state 0
	mclag_non_master 0, member_port -1, mclag_reason_flag 0
	last_master_req_time 0, last_master_resp_time 0, master_req_seq_no 0, peer_master_req_count 0
RSTP PORT CLASS - VLAN 677 PORT 80(PortChannel100) 
=======================================

	stp_port_id 80 priority 8
	fdWhile 0, helloWhen 1, mdelayWhile 0, rbWhile 0
	rcvdInfoWhile 5, rrWhile 15, tcWhile 0, tcDetected 0
	portPathCost 200
	agree 1 agreed 0

	designatedPriority
	root_id 0x02a5b4e9b8e7cd02, designated_id 0x12a5b4e9b8e7ce02
	root_path_cost 200, designated_port Pri-8 Num-80
	designatedTimes
	max_age 20, forward_delay 15, hello 2, message_age 1

	forward 1, forwarding 1, infoIs RECEIVED, initPm 0
	learn 1, learning 1, mcheck 0

	msgPriority
	root_id 0x02a5b4e9b8e7cd02, designated_id 0x02a5b4e9b8e7cd02
	root_path_cost 0, designated_port Pri-8 Num-80
	msgTimes
	max_age 20, forward_delay 15, hello 2, message_age 0

	newInfo 0, operEdge 0, portEnabled 1 state FORWARDING
	portId Pri-8 Num-80

	portPriority
	root_id 0x02a5b4e9b8e7cd02, designated_id 0x02a5b4e9b8e7cd02
	root_path_cost 0, designated_port Pri-8 Num-80
	portTimes
	max_age 20, forward_delay 15, hello 2, message_age 0

	proposed 0, proposing 0, rcvdBpdu 0
	rcvdMsg REPEATED_DESIGNATED_MSG, rcvdRSTP 1, rcvdSTP 0
	rcvdTc 0, rcvdTcAck 0, rcvdTcn 0
	reRoot 0, reselect 0, selected 1
	role ROOT, selectedRole ROOT, disputed 0
	sendRSTP 1, sync 0, synced 0, tc 0, tcAck 0
	tcProp 0, tick 0, txCount 0, updtInfo 0 root_protect_timer 0

	PIM-CURRENT, PRT-ROOT_PORT, PST-FORWARDING
	TCM-ACTIVE, PPM-SENDING_RSTP, PTX-IDLE

	operPt2PtMac 1, adminOperPt2PtMac 1, adminOperEdge 0

	rx_bpdu 347341, rx_config_bpdu 0, rx_tcn_bpdu 0
	tx_bpdu 6, tx_config_bpdu 0, tx_tcn_bpdu 0, tx_bpdu_filter_count 0 bpdu_guard_active 0
	loop_guard_active 0 keepalive_down_inc 0 send_ageout_bpdu_on_iccp_up 0 

	mclag_master 0, mclag_peer_down 0,mclag_sm_state Init,mclag_rx_bpdu_non_master 0 root_protect 0 guard_state 0
	mclag_non_master 0, member_port -1, mclag_reason_flag 0
	last_master_req_time 0, last_master_resp_time 0, master_req_seq_no 0, peer_master_req_count 0
RSTP CLASS STRUCTURE - INDEX 6
====================================

	vlan_id               = 1120
	status = 2
	enable_portmask = 1 3 
	control_mask = 1 3 
	bridge_info:
		BEGIN 1
		bridgeIdentifier 1460b4e9b8e7ce02

		bridgePriority
		root_id 0x1460b4e9b8e7ce02, designated_id 0x1460b4e9b8e7ce02
		root_path_cost 0, designated_port Pri-8 Num-4095
		bridgeTimes
		max_age 20, forward_delay 15, hello 2, message_age 0

		rootPortId 4095 

		rootPriority
		root_id 0x1460b4e9b8e7ce02, designated_id 0x1460b4e9b8e7ce02
		root_path_cost 0, designated_port Pri-8 Num-4095
		rootTimes
		max_age 20, forward_delay 15, hello 2, message_age 0

		forceVersion 2, migrateTime 3
		txHoldCount 3, ageingTime 300
		rstp_prsState ROLE_SELECTION

	mclag_info
		is_mclag_vlan 0, Seq_No 0, 
		Best nrpv 0, message age 0, tx_on 0 
		Root_req 0, Root_ack 0 Prop_req  0,Prop_ack 0 
		My NRPV
		Root BridgeID- 0000000000000000 Desig BridgeID- 0000000000000000
		NRPV valid:0 RPC:0 DesPort 0:0, PortID 0, PortPC 0
		Timers: Max_Age:0,Msg_Age:0,Hello:0,Fwd_Delay:0
		Peer NRPV
		Root BridgeID- 0000000000000000 Desig BridgeID- 0000000000000000
		NRPV valid:0 RPC:0 DesPort 0:0, PortID 0, PortPC 0,Ifname 
		Timers: Max_Age:0,Msg_Age:0,Hello:0,Fwd_Delay:0
		
RSTP PORT CLASS - VLAN 1120 PORT 1(Ethernet1) 
=======================================

	stp_port_id 1 priority 8
	fdWhile 0, helloWhen 2, mdelayWhile 0, rbWhile 0
	rcvdInfoWhile 0, rrWhile 0, tcWhile 0, tcDetected 0
	portPathCost 2000
	agree 0 agreed 1

	designatedPriority
	root_id 0x1460b4e9b8e7ce02, designated_id 0x1460b4e9b8e7ce02
	root_path_cost 0, designated_port Pri-8 Num-1
	designatedTimes
	max_age 20, forward_delay 15, hello 2, message_age 0

	forward 1, forwarding 1, infoIs MINE, initPm 0
	learn 1, learning 1, mcheck 0

	msgPriority
	root_id 0x0000000000000000, designated_id 0x0000000000000000
	root_path_cost 0, designated_port Pri-0 Num-0
	msgTimes
	max_age 0, forward_delay 0, hello 0, message_age 0

	newInfo 0, operEdge 0, portEnabled 1 state FORWARDING
	portId Pri-8 Num-1

	portPriority
	root_id 0x1460b4e9b8e7ce02, designated_id 0x1460b4e9b8e7ce02
	root_path_cost 0, designated_port Pri-8 Num-1
	portTimes
	max_age 20, forward_delay 15, hello 2, message_age 0

	proposed 0, proposing 1, rcvdBpdu 0
	rcvdMsg OTHER_MSG, rcvdRSTP 0, rcvdSTP 0
	rcvdTc 0, rcvdTcAck 0, rcvdTcn 0
	reRoot 0, reselect 0, selected 1
	role DESIGNATED, selectedRole DESIGNATED, disputed 0
	sendRSTP 1, sync 0, synced 1, tc 0, tcAck 0
	tcProp 0, tick 0, txCount 0, updtInfo 0 root_protect_timer 0

	PIM-CURRENT, PRT-DESIGNATED_PORT, PST-FORWARDING
	TCM-ACTIVE, PPM-SENDING_RSTP, PTX-IDLE

	operPt2PtMac 1, adminOperPt2PtMac 1, adminOperEdge 0

	rx_bpdu 0, rx_config_bpdu 0, rx_tcn_bpdu 0
	tx_bpdu 694688, tx_config_bpdu 0, tx_tcn_bpdu 0, tx_bpdu_filter_count 0 bpdu_guard_active 0
	loop_guard_active 0 keepalive_down_inc 0 send_ageout_bpdu_on_iccp_up 0 

	mclag_master 0, mclag_peer_down 0,mclag_sm_state Init,mclag_rx_bpdu_non_master 0 root_protect 0 guard_state 0
	mclag_non_master 0, member_port -1, mclag_reason_flag 0
	last_master_req_time 0, last_master_resp_time 0, master_req_seq_no 0, peer_master_req_count 0
RSTP PORT CLASS - VLAN 1120 PORT 3(Ethernet3) 
=======================================

	stp_port_id 3 priority 8
	fdWhile 0, helloWhen 1, mdelayWhile 0, rbWhile 0
	rcvdInfoWhile 0, rrWhile 0, tcWhile 0, tcDetected 0
	portPathCost 2000
	agree 0 agreed 1

	designatedPriority
	root_id 0x1460b4e9b8e7ce02, designated_id 0x1460b4e9b8e7ce02
	root_path_cost 0, designated_port Pri-8 Num-3
	designatedTimes
	max_age 20, forward_delay 15, hello 2, message_age 0

	forward 1, forwarding 1, infoIs MINE, initPm 0
	learn 1, learning 1, mcheck 0

	msgPriority
	root_id 0x0000000000000000, designated_id 0x0000000000000000
	root_path_cost 0, designated_port Pri-0 Num-0
	msgTimes
	max_age 0, forward_delay 0, hello 0, message_age 0

	newInfo 0, operEdge 0, portEnabled 1 state FORWARDING
	portId Pri-8 Num-3

	portPriority
	root_id 0x1460b4e9b8e7ce02, designated_id 0x1460b4e9b8e7ce02
	root_path_cost 0, designated_port Pri-8 Num-3
	portTimes
	max_age 20, forward_delay 15, hello 2, message_age 0

	proposed 0, proposing 1, rcvdBpdu 0
	rcvdMsg OTHER_MSG, rcvdRSTP 0, rcvdSTP 0
	rcvdTc 0, rcvdTcAck 0, rcvdTcn 0
	reRoot 0, reselect 0, selected 1
	role DESIGNATED, selectedRole DESIGNATED, disputed 0
	sendRSTP 1, sync 0, synced 1, tc 0, tcAck 0
	tcProp 0, tick 0, txCount 0, updtInfo 0 root_protect_timer 0

	PIM-CURRENT, PRT-DESIGNATED_PORT, PST-FORWARDING
	TCM-ACTIVE, PPM-SENDING_RSTP, PTX-IDLE

	operPt2PtMac 1, adminOperPt2PtMac 1, adminOperEdge 0

	rx_bpdu 0, rx_config_bpdu 0, rx_tcn_bpdu 0
	tx_bpdu 694686, tx_config_bpdu 0, tx_tcn_bpdu 0, tx_bpdu_filter_count 0 bpdu_guard_active 0
	loop_guard_active 0 keepalive_down_inc 0 send_ageout_bpdu_on_iccp_up 0 

	mclag_master 0, mclag_peer_down 0,mclag_sm_state Init,mclag_rx_bpdu_non_master 0 root_protect 0 guard_state 0
	mclag_non_master 0, member_port -1, mclag_reason_flag 0
	last_master_req_time 0, last_master_resp_time 0, master_req_seq_no 0, peer_master_req_count 0
RSTP CLASS STRUCTURE - INDEX 7
====================================

	vlan_id               = 1102
	status = 2
	enable_portmask = 0 2 80 
	control_mask = 0 2 80 
	bridge_info:
		BEGIN 1
		bridgeIdentifier 144eb4e9b8e7ce02

		bridgePriority
		root_id 0x144eb4e9b8e7ce02, designated_id 0x144eb4e9b8e7ce02
		root_path_cost 0, designated_port Pri-8 Num-4095
		bridgeTimes
		max_age 20, forward_delay 15, hello 2, message_age 0

		rootPortId 80 

		rootPriority
		root_id 0x044eb4e9b8e7cd02, designated_id 0x044eb4e9b8e7cd02
		root_path_cost 200, designated_port Pri-8 Num-80
		rootTimes
		max_age 20, forward_delay 15, hello 2, message_age 1

		forceVersion 2, migrateTime 3
		txHoldCount 3, ageingTime 300
		rstp_prsState ROLE_SELECTION

	mclag_info
		is_mclag_vlan 0, Seq_No 0, 
		Best nrpv 1, message age 0, tx_on 0 
		Root_req 0, Root_ack 0 Prop_req  0,Prop_ack 0 
		My NRPV
		Root BridgeID- 0000000000000000 Desig BridgeID- 0000000000000000
		NRPV valid:0 RPC:0 DesPort 0:0, PortID 0, PortPC 0
		Timers: Max_Age:0,Msg_Age:0,Hello:0,Fwd_Delay:0
		Peer NRPV
		Root BridgeID- 0000000000000000 Desig BridgeID- 0000000000000000
		NRPV valid:0 RPC:0 DesPort 0:0, PortID 0, PortPC 0,Ifname 
		Timers: Max_Age:0,Msg_Age:0,Hello:0,Fwd_Delay:0
		
RSTP PORT CLASS - VLAN 1102 PORT 0(Ethernet0) 
=======================================

	stp_port_id 0 priority 8
	fdWhile 0, helloWhen 2, mdelayWhile 0, rbWhile 0
	rcvdInfoWhile 0, rrWhile 0, tcWhile 0, tcDetected 0
	portPathCost 2000
	agree 0 agreed 1

	designatedPriority
	root_id 0x044eb4e9b8e7cd02, designated_id 0x144eb4e9b8e7ce02
	root_path_cost 200, designated_port Pri-8 Num-0
	designatedTimes
	max_age 20, forward_delay 15, hello 2, message_age 1

	forward 1, forwarding 1, infoIs MINE, initPm 0
	learn 1, learning 1, mcheck 0

	msgPriority
	root_id 0x0000000000000000, designated_id 0x0000000000000000
	root_path_cost 0, designated_port Pri-0 Num-0
	msgTimes
	max_age 0, forward_delay 0, hello 0, message_age 0

	newInfo 0, operEdge 0, portEnabled 1 state FORWARDING
	portId Pri-8 Num-0

	portPriority
	root_id 0x044eb4e9b8e7cd02, designated_id 0x144eb4e9b8e7ce02
	root_path_cost 200, designated_port Pri-8 Num-0
	portTimes
	max_age 20, forward_delay 15, hello 2, message_age 1

	proposed 0, proposing 1, rcvdBpdu 0
	rcvdMsg OTHER_MSG, rcvdRSTP 0, rcvdSTP 0
	rcvdTc 0, rcvdTcAck 0, rcvdTcn 0
	reRoot 0, reselect 0, selected 1
	role DESIGNATED, selectedRole DESIGNATED, disputed 0
	sendRSTP 1, sync 0, synced 1, tc 0, tcAck 0
	tcProp 0, tick 0, txCount 0, updtInfo 0 root_protect_timer 0

	PIM-CURRENT, PRT-DESIGNATED_PORT, PST-FORWARDING
	TCM-ACTIVE, PPM-SENDING_RSTP, PTX-IDLE

	operPt2PtMac 1, adminOperPt2PtMac 1, adminOperEdge 0

	rx_bpdu 0, rx_config_bpdu 0, rx_tcn_bpdu 0
	tx_bpdu 347346, tx_config_bpdu 0, tx_tcn_bpdu 0, tx_bpdu_filter_count 0 bpdu_guard_active 0
	loop_guard_active 0 keepalive_down_inc 0 send_ageout_bpdu_on_iccp_up 0 

	mclag_master 0, mclag_peer_down 0,mclag_sm_state Init,mclag_rx_bpdu_non_master 0 root_protect 0 guard_state 0
	mclag_non_master 0, member_port -1, mclag_reason_flag 0
	last_master_req_time 0, last_master_resp_time 0, master_req_seq_no 0, peer_master_req_count 0
RSTP PORT CLASS - VLAN 1102 PORT 2(Ethernet2) 
=======================================

	stp_port_id 2 priority 8
	fdWhile 0, helloWhen 2, mdelayWhile 0, rbWhile 0
	rcvdInfoWhile 0, rrWhile 0, tcWhile 0, tcDetected 0
	portPathCost 2000
	agree 0 agreed 1

	designatedPriority
	root_id 0x044eb4e9b8e7cd02, designated_id 0x144eb4e9b8e7ce02
	root_path_cost 200, designated_port Pri-8 Num-2
	designatedTimes
	max_age 20, forward_delay 15, hello 2, message_age 1

	forward 1, forwarding 1, infoIs MINE, initPm 0
	learn 1, learning 1, mcheck 0

	msgPriority
	root_id 0x0000000000000000, designated_id 0x0000000000000000
	root_path_cost 0, designated_port Pri-0 Num-0
	msgTimes
	max_age 0, forward_delay 0, hello 0, message_age 0

	newInfo 0, operEdge 0, portEnabled 1 state FORWARDING
	portId Pri-8 Num-2

	portPriority
	root_id 0x044eb4e9b8e7cd02, designated_id 0x144eb4e9b8e7ce02
	root_path_cost 200, designated_port Pri-8 Num-2
	portTimes
	max_age 20, forward_delay 15, hello 2, message_age 1

	proposed 0, proposing 1, rcvdBpdu 0
	rcvdMsg OTHER_MSG, rcvdRSTP 0, rcvdSTP 0
	rcvdTc 0, rcvdTcAck 0, rcvdTcn 0
	reRoot 0, reselect 0, selected 1
	role DESIGNATED, selectedRole DESIGNATED, disputed 0
	sendRSTP 1, sync 0, synced 1, tc 0, tcAck 0
	tcProp 0, tick 0, txCount 0, updtInfo 0 root_protect_timer 0

	PIM-CURRENT, PRT-DESIGNATED_PORT, PST-FORWARDING
	TCM-ACTIVE, PPM-SENDING_RSTP, PTX-IDLE

	operPt2PtMac 1, adminOperPt2PtMac 1, adminOperEdge 0

	rx_bpdu 0, rx_config_bpdu 0, rx_tcn_bpdu 0
	tx_bpdu 347345, tx_config_bpdu 0, tx_tcn_bpdu 0, tx_bpdu_filter_count 0 bpdu_guard_active 0
	loop_guard_active 0 keepalive_down_inc 0 send_ageout_bpdu_on_iccp_up 0 

	mclag_master 0, mclag_peer_down 0,mclag_sm_state Init,mclag_rx_bpdu_non_master 0 root_protect 0 guard_state 0
	mclag_non_master 0, member_port -1, mclag_reason_flag 0
	last_master_req_time 0, last_master_resp_time 0, master_req_seq_no 0, peer_master_req_count 0
RSTP PORT CLASS - VLAN 1102 PORT 80(PortChannel100) 
=======================================

	stp_port_id 80 priority 8
	fdWhile 0, helloWhen 2, mdelayWhile 0, rbWhile 0
	rcvdInfoWhile 5, rrWhile 15, tcWhile 0, tcDetected 0
	portPathCost 200
	agree 1 agreed 0

	designatedPriority
	root_id 0x044eb4e9b8e7cd02, designated_id 0x144eb4e9b8e7ce02
	root_path_cost 200, designated_port Pri-8 Num-80
	designatedTimes
	max_age 20, forward_delay 15, hello 2, message_age 1

	forward 1, forwarding 1, infoIs RECEIVED, initPm 0
	learn 1, learning 1, mcheck 0

	msgPriority
	root_id 0x044eb4e9b8e7cd02, designated_id 0x044eb4e9b8e7cd02
	root_path_cost 0, designated_port Pri-8 Num-80
	msgTimes
	max_age 20, forward_delay 15, hello 2, message_age 0

	newInfo 0, operEdge 0, portEnabled 1 state FORWARDING
	portId Pri-8 Num-80

	portPriority
	root_id 0x044eb4e9b8e7cd02, designated_id 0x044eb4e9b8e7cd02
	root_path_cost 0, designated_port Pri-8 Num-80
	portTimes
	max_age 20, forward_delay 15, hello 2, message_age 0

	proposed 0, proposing 0, rcvdBpdu 0
	rcvdMsg REPEATED_DESIGNATED_MSG, rcvdRSTP 1, rcvdSTP 0
	rcvdTc 0, rcvdTcAck 0, rcvdTcn 0
	reRoot 0, reselect 0, selected 1
	role ROOT, selectedRole ROOT, disputed 0
	sendRSTP 1, sync 0, synced 0, tc 0, tcAck 0
	tcProp 0, tick 0, txCount 0, updtInfo 0 root_protect_timer 0

	PIM-CURRENT, PRT-ROOT_PORT, PST-FORWARDING
	TCM-ACTIVE, PPM-SENDING_RSTP, PTX-IDLE

	operPt2PtMac 1, adminOperPt2PtMac 1, adminOperEdge 0

	rx_bpdu 347341, rx_config_bpdu 0, rx_tcn_bpdu 0
	tx_bpdu 5, tx_config_bpdu 0, tx_tcn_bpdu 0, tx_bpdu_filter_count 0 bpdu_guard_active 0
	loop_guard_active 0 keepalive_down_inc 0 send_ageout_bpdu_on_iccp_up 0 

	mclag_master 0, mclag_peer_down 0,mclag_sm_state Init,mclag_rx_bpdu_non_master 0 root_protect 0 guard_state 0
	mclag_non_master 0, member_port -1, mclag_reason_flag 0
	last_master_req_time 0, last_master_resp_time 0, master_req_seq_no 0, peer_master_req_count 0
RSTP CLASS STRUCTURE - INDEX 8
====================================

	vlan_id               = 802
	status = 2
	enable_portmask = 20 80 
	control_mask = 20 80 
	bridge_info:
		BEGIN 1
		bridgeIdentifier 1322b4e9b8e7ce02

		bridgePriority
		root_id 0x1322b4e9b8e7ce02, designated_id 0x1322b4e9b8e7ce02
		root_path_cost 0, designated_port Pri-8 Num-4095
		bridgeTimes
		max_age 20, forward_delay 15, hello 2, message_age 0

		rootPortId 80 

		rootPriority
		root_id 0x0322b4e9b8e7cd02, designated_id 0x0322b4e9b8e7cd02
		root_path_cost 200, designated_port Pri-8 Num-80
		rootTimes
		max_age 20, forward_delay 15, hello 2, message_age 1

		forceVersion 2, migrateTime 3
		txHoldCount 3, ageingTime 300
		rstp_prsState ROLE_SELECTION

	mclag_info
		is_mclag_vlan 0, Seq_No 0, 
		Best nrpv 1, message age 0, tx_on 0 
		Root_req 0, Root_ack 0 Prop_req  0,Prop_ack 0 
		My NRPV
		Root BridgeID- 0000000000000000 Desig BridgeID- 0000000000000000
		NRPV valid:0 RPC:0 DesPort 0:0, PortID 0, PortPC 0
		Timers: Max_Age:0,Msg_Age:0,Hello:0,Fwd_Delay:0
		Peer NRPV
		Root BridgeID- 0000000000000000 Desig BridgeID- 0000000000000000
		NRPV valid:0 RPC:0 DesPort 0:0, PortID 0, PortPC 0,Ifname 
		Timers: Max_Age:0,Msg_Age:0,Hello:0,Fwd_Delay:0
		
RSTP PORT CLASS - VLAN 802 PORT 20(Ethernet20) 
=======================================

	stp_port_id 20 priority 8
	fdWhile 0, helloWhen 2, mdelayWhile 0, rbWhile 0
	rcvdInfoWhile 0, rrWhile 0, tcWhile 0, tcDetected 0
	portPathCost 2000
	agree 0 agreed 1

	designatedPriority
	root_id 0x0322b4e9b8e7cd02, designated_id 0x1322b4e9b8e7ce02
	root_path_cost 200, designated_port Pri-8 Num-20
	designatedTimes
	max_age 20, forward_delay 15, hello 2, message_age 1

	forward 1, forwarding 1, infoIs MINE, initPm 0
	learn 1, learning 1, mcheck 0

	msgPriority
	root_id 0x0000000000000000, designated_id 0x0000000000000000
	root_path_cost 0, designated_port Pri-0 Num-0
	msgTimes
	max_age 0, forward_delay 0, hello 0, message_age 0

	newInfo 0, operEdge 0, portEnabled 1 state FORWARDING
	portId Pri-8 Num-20

	portPriority
	root_id 0x0322b4e9b8e7cd02, designated_id 0x1322b4e9b8e7ce02
	root_path_cost 200, designated_port Pri-8 Num-20
	portTimes
	max_age 20, forward_delay 15, hello 2, message_age 1

	proposed 0, proposing 1, rcvdBpdu 0
	rcvdMsg OTHER_MSG, rcvdRSTP 0, rcvdSTP 0
	rcvdTc 0, rcvdTcAck 0, rcvdTcn 0
	reRoot 0, reselect 0, selected 1
	role DESIGNATED, selectedRole DESIGNATED, disputed 0
	sendRSTP 1, sync 0, synced 1, tc 0, tcAck 0
	tcProp 0, tick 0, txCount 0, updtInfo 0 root_protect_timer 0

	PIM-CURRENT, PRT-DESIGNATED_PORT, PST-FORWARDING
	TCM-ACTIVE, PPM-SENDING_RSTP, PTX-IDLE

	operPt2PtMac 1, adminOperPt2PtMac 1, adminOperEdge 0

	rx_bpdu 0, rx_config_bpdu 0, rx_tcn_bpdu 0
	tx_bpdu 694690, tx_config_bpdu 0, tx_tcn_bpdu 0, tx_bpdu_filter_count 0 bpdu_guard_active 0
	loop_guard_active 0 keepalive_down_inc 0 send_ageout_bpdu_on_iccp_up 0 

	mclag_master 0, mclag_peer_down 0,mclag_sm_state Init,mclag_rx_bpdu_non_master 0 root_protect 0 guard_state 0
	mclag_non_master 0, member_port -1, mclag_reason_flag 0
	last_master_req_time 0, last_master_resp_time 0, master_req_seq_no 0, peer_master_req_count 0
RSTP PORT CLASS - VLAN 802 PORT 80(PortChannel100) 
=======================================

	stp_port_id 80 priority 8
	fdWhile 0, helloWhen 2, mdelayWhile 0, rbWhile 0
	rcvdInfoWhile 4, rrWhile 15, tcWhile 0, tcDetected 0
	portPathCost 200
	agree 1 agreed 0

	designatedPriority
	root_id 0x0322b4e9b8e7cd02, designated_id 0x1322b4e9b8e7ce02
	root_path_cost 200, designated_port Pri-8 Num-80
	designatedTimes
	max_age 20, forward_delay 15, hello 2, message_age 1

	forward 1, forwarding 1, infoIs RECEIVED, initPm 0
	learn 1, learning 1, mcheck 0

	msgPriority
	root_id 0x0322b4e9b8e7cd02, designated_id 0x0322b4e9b8e7cd02
	root_path_cost 0, designated_port Pri-8 Num-80
	msgTimes
	max_age 20, forward_delay 15, hello 2, message_age 0

	newInfo 0, operEdge 0, portEnabled 1 state FORWARDING
	portId Pri-8 Num-80

	portPriority
	root_id 0x0322b4e9b8e7cd02, designated_id 0x0322b4e9b8e7cd02
	root_path_cost 0, designated_port Pri-8 Num-80
	portTimes
	max_age 20, forward_delay 15, hello 2, message_age 0

	proposed 0, proposing 0, rcvdBpdu 0
	rcvdMsg REPEATED_DESIGNATED_MSG, rcvdRSTP 1, rcvdSTP 0
	rcvdTc 0, rcvdTcAck 0, rcvdTcn 0
	reRoot 0, reselect 0, selected 1
	role ROOT, selectedRole ROOT, disputed 0
	sendRSTP 1, sync 0, synced 0, tc 0, tcAck 0
	tcProp 0, tick 0, txCount 0, updtInfo 0 root_protect_timer 0

	PIM-CURRENT, PRT-ROOT_PORT, PST-FORWARDING
	TCM-ACTIVE, PPM-SENDING_RSTP, PTX-IDLE

	operPt2PtMac 1, adminOperPt2PtMac 1, adminOperEdge 0

	rx_bpdu 347341, rx_config_bpdu 0, rx_tcn_bpdu 0
	tx_bpdu 5, tx_config_bpdu 0, tx_tcn_bpdu 0, tx_bpdu_filter_count 0 bpdu_guard_active 0
	loop_guard_active 0 keepalive_down_inc 0 send_ageout_bpdu_on_iccp_up 0 

	mclag_master 0, mclag_peer_down 0,mclag_sm_state Init,mclag_rx_bpdu_non_master 0 root_protect 0 guard_state 0
	mclag_non_master 0, member_port -1, mclag_reason_flag 0
	last_master_req_time 0, last_master_resp_time 0, master_req_seq_no 0, peer_master_req_count 0
Port DB 
=======
Ethernet0 - Vlan  677 1101 to 1102 
Ethernet1 - Vlan  1120 
Untag Vlan - 1120
Ethernet2 - Vlan  677 1101 to 1102 
Ethernet3 - Vlan  1120 
Untag Vlan - 1120
Ethernet4 - Vlan  677 to 678 
Ethernet5 - Vlan  677 to 678 
Ethernet11 - Vlan  678 
Untag Vlan - 678
Ethernet20 - Vlan  802 
Untag Vlan - 802
Ethernet21 - Vlan  809 
Untag Vlan - 809
Ethernet22 - Vlan  803 
Untag Vlan - 803
Ethernet27 - Vlan  1102 
Untag Vlan - 1102
PortChannel100 - Vlan  677 to 678 802 to 803 809 1101 to 1102 2000 

NL_DB:
-------------------------
Name           : Ethernet0
Kernel ifindex : 45
Local  ifindex : 0
OPER State     : UP
SPEED          : 10000
Master ifindex : 0
Member count   : 0
Priority       : 8
Path cost      : 2000
Def path cost  : 1
BPDU filter    : 0
sock           : 50
errdis_time    : 0

-------------------------
Name           : Ethernet1
Kernel ifindex : 46
Local  ifindex : 1
OPER State     : UP
SPEED          : 10000
Master ifindex : 0
Member count   : 0
Priority       : 8
Path cost      : 2000
Def path cost  : 1
BPDU filter    : 0
sock           : 51
errdis_time    : 0

-------------------------
Name           : Ethernet10
Kernel ifindex : 55
Local  ifindex : 10
OPER State     : DOWN
SPEED          : 1000
Master ifindex : 0
Member count   : 0
Priority       : 8
Path cost      : 20000
Def path cost  : 1
BPDU filter    : 0
sock           : 60
errdis_time    : 0

-------------------------
Name           : Ethernet11
Kernel ifindex : 56
Local  ifindex : 11
OPER State     : UP
SPEED          : 10000
Master ifindex : 0
Member count   : 0
Priority       : 8
Path cost      : 2000
Def path cost  : 1
BPDU filter    : 3
sock           : 61
errdis_time    : 0

-------------------------
Name           : Ethernet12
Kernel ifindex : 59
Local  ifindex : 12
OPER State     : DOWN
SPEED          : 1000
Master ifindex : 0
Member count   : 0
Priority       : 8
Path cost      : 20000
Def path cost  : 0
BPDU filter    : 0
sock           : 64
errdis_time    : 0

-------------------------
Name           : Ethernet13
Kernel ifindex : 60
Local  ifindex : 13
OPER State     : DOWN
SPEED          : 10000
Master ifindex : 0
Member count   : 0
Priority       : 8
Path cost      : 2000
Def path cost  : 0
BPDU filter    : 0
sock           : 65
errdis_time    : 0

-------------------------
Name           : Ethernet14
Kernel ifindex : 61
Local  ifindex : 14
OPER State     : DOWN
SPEED          : 1000
Master ifindex : 0
Member count   : 0
Priority       : 8
Path cost      : 20000
Def path cost  : 0
BPDU filter    : 0
sock           : 66
errdis_time    : 0

-------------------------
Name           : Ethernet15
Kernel ifindex : 62
Local  ifindex : 15
OPER State     : DOWN
SPEED          : 10000
Master ifindex : 0
Member count   : 0
Priority       : 8
Path cost      : 2000
Def path cost  : 0
BPDU filter    : 0
sock           : 67
errdis_time    : 0

-------------------------
Name           : Ethernet16
Kernel ifindex : 63
Local  ifindex : 16
OPER State     : DOWN
SPEED          : 10000
Master ifindex : 0
Member count   : 0
Priority       : 8
Path cost      : 2000
Def path cost  : 0
BPDU filter    : 0
sock           : 68
errdis_time    : 0

-------------------------
Name           : Ethernet17
Kernel ifindex : 64
Local  ifindex : 17
OPER State     : DOWN
SPEED          : 10000
Master ifindex : 0
Member count   : 0
Priority       : 8
Path cost      : 2000
Def path cost  : 0
BPDU filter    : 0
sock           : 69
errdis_time    : 0

-------------------------
Name           : Ethernet18
Kernel ifindex : 65
Local  ifindex : 18
OPER State     : DOWN
SPEED          : 10000
Master ifindex : 0
Member count   : 0
Priority       : 8
Path cost      : 2000
Def path cost  : 0
BPDU filter    : 0
sock           : 70
errdis_time    : 0

-------------------------
Name           : Ethernet19
Kernel ifindex : 66
Local  ifindex : 19
OPER State     : DOWN
SPEED          : 1000
Master ifindex : 0
Member count   : 0
Priority       : 8
Path cost      : 20000
Def path cost  : 0
BPDU filter    : 0
sock           : 71
errdis_time    : 0

-------------------------
Name           : Ethernet2
Kernel ifindex : 47
Local  ifindex : 2
OPER State     : UP
SPEED          : 10000
Master ifindex : 0
Member count   : 0
Priority       : 8
Path cost      : 2000
Def path cost  : 1
BPDU filter    : 0
sock           : 52
errdis_time    : 0

-------------------------
Name           : Ethernet20
Kernel ifindex : 67
Local  ifindex : 20
OPER State     : UP
SPEED          : 10000
Master ifindex : 0
Member count   : 0
Priority       : 8
Path cost      : 2000
Def path cost  : 1
BPDU filter    : 0
sock           : 72
errdis_time    : 0

-------------------------
Name           : Ethernet21
Kernel ifindex : 68
Local  ifindex : 21
OPER State     : UP
SPEED          : 10000
Master ifindex : 0
Member count   : 0
Priority       : 8
Path cost      : 2000
Def path cost  : 1
BPDU filter    : 0
sock           : 73
errdis_time    : 0

-------------------------
Name           : Ethernet22
Kernel ifindex : 69
Local  ifindex : 22
OPER State     : UP
SPEED          : 10000
Master ifindex : 0
Member count   : 0
Priority       : 8
Path cost      : 2000
Def path cost  : 1
BPDU filter    : 0
sock           : 74
errdis_time    : 0

-------------------------
Name           : Ethernet23
Kernel ifindex : 70
Local  ifindex : 23
OPER State     : DOWN
SPEED          : 10000
Master ifindex : 0
Member count   : 0
Priority       : 8
Path cost      : 2000
Def path cost  : 0
BPDU filter    : 0
sock           : 75
errdis_time    : 0

-------------------------
Name           : Ethernet24
Kernel ifindex : 30
Local  ifindex : 24
OPER State     : DOWN
SPEED          : 10000
Master ifindex : 0
Member count   : 0
Priority       : 8
Path cost      : 2000
Def path cost  : 0
BPDU filter    : 0
sock           : 36
errdis_time    : 0

-------------------------
Name           : Ethernet25
Kernel ifindex : 31
Local  ifindex : 25
OPER State     : DOWN
SPEED          : 10000
Master ifindex : 0
Member count   : 0
Priority       : 8
Path cost      : 2000
Def path cost  : 0
BPDU filter    : 0
sock           : 37
errdis_time    : 0

-------------------------
Name           : Ethernet26
Kernel ifindex : 33
Local  ifindex : 26
OPER State     : DOWN
SPEED          : 10000
Master ifindex : 0
Member count   : 0
Priority       : 8
Path cost      : 2000
Def path cost  : 0
BPDU filter    : 0
sock           : 38
errdis_time    : 0

-------------------------
Name           : Ethernet27
Kernel ifindex : 34
Local  ifindex : 27
OPER State     : DOWN
SPEED          : 10000
Master ifindex : 0
Member count   : 0
Priority       : 8
Path cost      : 2000
Def path cost  : 1
BPDU filter    : 0
sock           : 39
errdis_time    : 0

-------------------------
Name           : Ethernet28
Kernel ifindex : 35
Local  ifindex : 28
OPER State     : DOWN
SPEED          : 25000
Master ifindex : 0
Member count   : 0
Priority       : 8
Path cost      : 800
Def path cost  : 0
BPDU filter    : 0
sock           : 40
errdis_time    : 0

-------------------------
Name           : Ethernet29
Kernel ifindex : 36
Local  ifindex : 29
OPER State     : DOWN
SPEED          : 25000
Master ifindex : 0
Member count   : 0
Priority       : 8
Path cost      : 800
Def path cost  : 0
BPDU filter    : 0
sock           : 41
errdis_time    : 0

-------------------------
Name           : Ethernet3
Kernel ifindex : 48
Local  ifindex : 3
OPER State     : UP
SPEED          : 10000
Master ifindex : 0
Member count   : 0
Priority       : 8
Path cost      : 2000
Def path cost  : 1
BPDU filter    : 0
sock           : 53
errdis_time    : 0

-------------------------
Name           : Ethernet30
Kernel ifindex : 37
Local  ifindex : 30
OPER State     : DOWN
SPEED          : 25000
Master ifindex : 0
Member count   : 0
Priority       : 8
Path cost      : 800
Def path cost  : 0
BPDU filter    : 0
sock           : 42
errdis_time    : 0

-------------------------
Name           : Ethernet31
Kernel ifindex : 38
Local  ifindex : 31
OPER State     : DOWN
SPEED          : 25000
Master ifindex : 0
Member count   : 0
Priority       : 8
Path cost      : 800
Def path cost  : 0
BPDU filter    : 0
sock           : 43
errdis_time    : 0

-------------------------
Name           : Ethernet32
Kernel ifindex : 39
Local  ifindex : 32
OPER State     : DOWN
SPEED          : 25000
Master ifindex : 0
Member count   : 0
Priority       : 8
Path cost      : 800
Def path cost  : 0
BPDU filter    : 0
sock           : 44
errdis_time    : 0

-------------------------
Name           : Ethernet33
Kernel ifindex : 40
Local  ifindex : 33
OPER State     : DOWN
SPEED          : 25000
Master ifindex : 0
Member count   : 0
Priority       : 8
Path cost      : 800
Def path cost  : 0
BPDU filter    : 0
sock           : 45
errdis_time    : 0

-------------------------
Name           : Ethernet34
Kernel ifindex : 41
Local  ifindex : 34
OPER State     : DOWN
SPEED          : 25000
Master ifindex : 0
Member count   : 0
Priority       : 8
Path cost      : 800
Def path cost  : 0
BPDU filter    : 0
sock           : 46
errdis_time    : 0

-------------------------
Name           : Ethernet35
Kernel ifindex : 42
Local  ifindex : 35
OPER State     : DOWN
SPEED          : 25000
Master ifindex : 0
Member count   : 0
Priority       : 8
Path cost      : 800
Def path cost  : 0
BPDU filter    : 0
sock           : 47
errdis_time    : 0

-------------------------
Name           : Ethernet36
Kernel ifindex : 71
Local  ifindex : 36
OPER State     : DOWN
SPEED          : 10000
Master ifindex : 0
Member count   : 0
Priority       : 8
Path cost      : 2000
Def path cost  : 0
BPDU filter    : 0
sock           : 76
errdis_time    : 0

-------------------------
Name           : Ethernet37
Kernel ifindex : 72
Local  ifindex : 37
OPER State     : DOWN
SPEED          : 10000
Master ifindex : 0
Member count   : 0
Priority       : 8
Path cost      : 2000
Def path cost  : 0
BPDU filter    : 0
sock           : 77
errdis_time    : 0

-------------------------
Name           : Ethernet38
Kernel ifindex : 73
Local  ifindex : 38
OPER State     : DOWN
SPEED          : 10000
Master ifindex : 0
Member count   : 0
Priority       : 8
Path cost      : 2000
Def path cost  : 0
BPDU filter    : 0
sock           : 78
errdis_time    : 0

-------------------------
Name           : Ethernet39
Kernel ifindex : 74
Local  ifindex : 39
OPER State     : DOWN
SPEED          : 10000
Master ifindex : 0
Member count   : 0
Priority       : 8
Path cost      : 2000
Def path cost  : 1
BPDU filter    : 0
sock           : 79
errdis_time    : 0

-------------------------
Name           : Ethernet4
Kernel ifindex : 49
Local  ifindex : 4
OPER State     : UP
SPEED          : 10000
Master ifindex : 0
Member count   : 0
Priority       : 8
Path cost      : 2000
Def path cost  : 1
BPDU filter    : 3
sock           : 54
errdis_time    : 0

-------------------------
Name           : Ethernet40
Kernel ifindex : 75
Local  ifindex : 40
OPER State     : DOWN
SPEED          : 25000
Master ifindex : 0
Member count   : 0
Priority       : 8
Path cost      : 800
Def path cost  : 0
BPDU filter    : 0
sock           : 80
errdis_time    : 0

-------------------------
Name           : Ethernet41
Kernel ifindex : 76
Local  ifindex : 41
OPER State     : DOWN
SPEED          : 25000
Master ifindex : 0
Member count   : 0
Priority       : 8
Path cost      : 800
Def path cost  : 0
BPDU filter    : 0
sock           : 81
errdis_time    : 0

-------------------------
Name           : Ethernet42
Kernel ifindex : 77
Local  ifindex : 42
OPER State     : DOWN
SPEED          : 25000
Master ifindex : 0
Member count   : 0
Priority       : 8
Path cost      : 800
Def path cost  : 0
BPDU filter    : 0
sock           : 82
errdis_time    : 0

-------------------------
Name           : Ethernet43
Kernel ifindex : 78
Local  ifindex : 43
OPER State     : DOWN
SPEED          : 25000
Master ifindex : 0
Member count   : 0
Priority       : 8
Path cost      : 800
Def path cost  : 0
BPDU filter    : 0
sock           : 83
errdis_time    : 0

-------------------------
Name           : Ethernet44
Kernel ifindex : 79
Local  ifindex : 44
OPER State     : DOWN
SPEED          : 25000
Master ifindex : 0
Member count   : 0
Priority       : 8
Path cost      : 800
Def path cost  : 0
BPDU filter    : 0
sock           : 84
errdis_time    : 0

-------------------------
Name           : Ethernet45
Kernel ifindex : 80
Local  ifindex : 45
OPER State     : DOWN
SPEED          : 25000
Master ifindex : 0
Member count   : 0
Priority       : 8
Path cost      : 800
Def path cost  : 0
BPDU filter    : 0
sock           : 85
errdis_time    : 0

-------------------------
Name           : Ethernet46
Kernel ifindex : 81
Local  ifindex : 46
OPER State     : DOWN
SPEED          : 25000
Master ifindex : 0
Member count   : 0
Priority       : 8
Path cost      : 800
Def path cost  : 0
BPDU filter    : 0
sock           : 86
errdis_time    : 0

-------------------------
Name           : Ethernet47
Kernel ifindex : 82
Local  ifindex : 47
OPER State     : DOWN
SPEED          : 25000
Master ifindex : 0
Member count   : 0
Priority       : 8
Path cost      : 800
Def path cost  : 0
BPDU filter    : 0
sock           : 87
errdis_time    : 0

-------------------------
Name           : Ethernet48
Kernel ifindex : 83
Local  ifindex : 48
OPER State     : UP
SPEED          : 100000
Master ifindex : 6
Member count   : 0
Priority       : 8
Path cost      : 200
Def path cost  : 0
BPDU filter    : 0
sock           : 88
errdis_time    : 0

-------------------------
Name           : Ethernet5
Kernel ifindex : 50
Local  ifindex : 5
OPER State     : UP
SPEED          : 10000
Master ifindex : 0
Member count   : 0
Priority       : 8
Path cost      : 2000
Def path cost  : 1
BPDU filter    : 3
sock           : 55
errdis_time    : 0

-------------------------
Name           : Ethernet52
Kernel ifindex : 84
Local  ifindex : 52
OPER State     : DOWN
SPEED          : 100000
Master ifindex : 0
Member count   : 0
Priority       : 8
Path cost      : 200
Def path cost  : 0
BPDU filter    : 0
sock           : 89
errdis_time    : 0

-------------------------
Name           : Ethernet56
Kernel ifindex : 58
Local  ifindex : 56
OPER State     : UP
SPEED          : 100000
Master ifindex : 6
Member count   : 0
Priority       : 8
Path cost      : 200
Def path cost  : 0
BPDU filter    : 0
sock           : 63
errdis_time    : 0

-------------------------
Name           : Ethernet6
Kernel ifindex : 51
Local  ifindex : 6
OPER State     : DOWN
SPEED          : 10000
Master ifindex : 0
Member count   : 0
Priority       : 8
Path cost      : 2000
Def path cost  : 0
BPDU filter    : 0
sock           : 56
errdis_time    : 0

-------------------------
Name           : Ethernet60
Kernel ifindex : 57
Local  ifindex : 60
OPER State     : DOWN
SPEED          : 100000
Master ifindex : 0
Member count   : 0
Priority       : 8
Path cost      : 200
Def path cost  : 0
BPDU filter    : 0
sock           : 62
errdis_time    : 0

-------------------------
Name           : Ethernet64
Kernel ifindex : 28
Local  ifindex : 64
OPER State     : DOWN
SPEED          : 100000
Master ifindex : 0
Member count   : 0
Priority       : 8
Path cost      : 200
Def path cost  : 0
BPDU filter    : 0
sock           : 32
errdis_time    : 0

-------------------------
Name           : Ethernet68
Kernel ifindex : 43
Local  ifindex : 68
OPER State     : DOWN
SPEED          : 100000
Master ifindex : 0
Member count   : 0
Priority       : 8
Path cost      : 200
Def path cost  : 0
BPDU filter    : 0
sock           : 48
errdis_time    : 0

-------------------------
Name           : Ethernet7
Kernel ifindex : 52
Local  ifindex : 7
OPER State     : DOWN
SPEED          : 10000
Master ifindex : 0
Member count   : 0
Priority       : 8
Path cost      : 2000
Def path cost  : 0
BPDU filter    : 0
sock           : 57
errdis_time    : 0

-------------------------
Name           : Ethernet72
Kernel ifindex : 29
Local  ifindex : 72
OPER State     : DOWN
SPEED          : 100000
Master ifindex : 0
Member count   : 0
Priority       : 8
Path cost      : 200
Def path cost  : 0
BPDU filter    : 0
sock           : 35
errdis_time    : 0

-------------------------
Name           : Ethernet76
Kernel ifindex : 44
Local  ifindex : 76
OPER State     : DOWN
SPEED          : 100000
Master ifindex : 0
Member count   : 0
Priority       : 8
Path cost      : 200
Def path cost  : 0
BPDU filter    : 0
sock           : 49
errdis_time    : 0

-------------------------
Name           : Ethernet8
Kernel ifindex : 53
Local  ifindex : 8
OPER State     : DOWN
SPEED          : 10000
Master ifindex : 0
Member count   : 0
Priority       : 8
Path cost      : 2000
Def path cost  : 0
BPDU filter    : 0
sock           : 58
errdis_time    : 0

-------------------------
Name           : Ethernet9
Kernel ifindex : 54
Local  ifindex : 9
OPER State     : DOWN
SPEED          : 10000
Master ifindex : 0
Member count   : 0
Priority       : 8
Path cost      : 2000
Def path cost  : 0
BPDU filter    : 0
sock           : 59
errdis_time    : 0

-------------------------
Name           : PortChannel100
Kernel ifindex : 6
Local  ifindex : 80
OPER State     : UP
SPEED          : 100000
Master ifindex : 0
Member count   : 2
Priority       : 8
Path cost      : 200
Def path cost  : 1
BPDU filter    : 0
sock           : 0
errdis_time    : 0


LSTATS:
STP max port  : 160
Total Sockets : 60
No of Active Q's in Libev : 3
event_count_active        : 0
virtual_event_count       : 0
event_count               : 60
----Stats----
Timer      : 6946905
Pkt-rx     : 2778937
IPC        : 104
Netlink    : 322
Sync Timer : 6946903

-------------------------------------------------------------------
 Port |   Rx   |   Tx   | Rx-Err | Tx-Err | Rx-Drop | Sock-Rx-Drop 
-------------------------------------------------------------------
   0  |      0 | 1042037 |      0 |      0 |       0 |            0 
   1  |      0 | 347344 |      0 |      0 |       0 |            0 
   2  |      0 | 1042034 |      0 |      0 |       0 |            0 
   3  |      0 | 347343 |      0 |      0 |       0 |            0 
   6  |      0 |      0 |      1 |      0 |       0 |            0 
   7  |      0 |      0 |      1 |      0 |       0 |            0 
   8  |      0 |      0 |     18 |      0 |       0 |            0 
   9  |      0 |      0 |      1 |      0 |       0 |            0 
  10  |      0 |      0 |     16 |      0 |       0 |            0 
  11  |      0 |      0 |      1 |      0 |       0 |            0 
  12  |      0 |      0 |      6 |      0 |       0 |            0 
  13  |      0 |      0 |      6 |      0 |       0 |            0 
  14  |      0 |      0 |     11 |      0 |       0 |            0 
  15  |      0 |      0 |      5 |      0 |       0 |            0 
  16  |      0 |      0 |      2 |      0 |       0 |            0 
  17  |      0 |      0 |      1 |      0 |       0 |            0 
  18  |      0 |      0 |      1 |      0 |       0 |            0 
  19  |      0 |      0 |      1 |      0 |       0 |            0 
  20  |      0 | 347345 |      0 |      0 |       0 |            0 
  21  |      0 | 346956 |      0 |      0 |       0 |            0 
  22  |      0 | 347345 |      0 |      0 |       0 |            0 
  23  |      0 |      0 |      1 |      0 |       0 |            0 
  24  |      0 |      0 |      1 |      0 |       0 |            0 
  25  |      0 |      0 |      1 |      0 |       0 |            0 
  26  |      0 |      0 |      1 |      0 |       0 |            0 
  27  |      0 |      0 |      1 |      0 |       0 |            0 
  28  |      0 |      0 |      1 |      0 |       0 |            0 
  29  |      0 |      0 |      1 |      0 |       0 |            0 
  30  |      0 |      0 |      1 |      0 |       0 |            0 
  31  |      0 |      0 |      1 |      0 |       0 |            0 
  32  |      0 |      0 |      1 |      0 |       0 |            0 
  33  |      0 |      0 |      1 |      0 |       0 |            0 
  34  |      0 |      0 |      1 |      0 |       0 |            0 
  35  |      0 |      0 |      1 |      0 |       0 |            0 
  36  |      0 |      0 |      1 |      0 |       0 |            0 
  37  |      0 |      0 |      1 |      0 |       0 |            0 
  38  |      0 |      0 |      1 |      0 |       0 |            0 
  39  |      0 |      0 |      1 |      0 |       0 |            0 
  40  |      0 |      0 |      1 |      0 |       0 |            0 
  41  |      0 |      0 |      1 |      0 |       0 |            0 
  42  |      0 |      0 |      1 |      0 |       0 |            0 
  43  |      0 |      0 |      1 |      0 |       0 |            0 
  44  |      0 |      0 |      1 |      0 |       0 |            0 
  45  |      0 |      0 |      1 |      0 |       0 |            0 
  46  |      0 |      0 |      1 |      0 |       0 |            0 
  47  |      0 |      0 |      1 |      0 |       0 |            0 
  52  |      0 |      0 |      1 |      0 |       0 |            0 
  60  |      0 |      0 |      1 |      0 |       0 |            0 
  64  |      0 |      0 |      1 |      0 |       0 |            0 
  68  |      0 |      0 |      1 |      0 |       0 |            0 
  72  |      0 |      0 |      1 |      0 |       0 |            0 
  76  |      0 |      0 |      1 |      0 |       0 |            0 
  80  | 2778736 |     42 |      0 |      0 |       0 |            0 
