****************************************************************************
portsorch techsupport dump begin at Mon 16 Mar 2026 06:07:47 AM GMT
****************************************************************************


--------------------------------------------------------------------
debugsh -p -b 16384 -c ORCHAGENT -e show system internal portsorch stack
--------------------------------------------------------------------
*************** Profiling data ***************
End to End Execution time: 103.42 ms
Backend execution time: 0 ms
**********************************************


real	0m0.476s
user	0m0.290s
sys	0m0.059s



--------------------------------------------------------------------
debugsh -p -b 16384 -c ORCHAGENT -e show system internal portsorch translation
--------------------------------------------------------------------
*************** Profiling data ***************
End to End Execution time: 102.28 ms
Backend execution time: 0 ms
**********************************************


real	0m0.456s
user	0m0.281s
sys	0m0.060s





****************************************************************************
portsorch techsupport dump ended at Mon 16 Mar 2026 06:07:48 AM GMT
****************************************************************************
