****************************************************************************
sai_rififpdrop_counters1 techsupport dump begin at Thu 26 Mar 2026 04:44:40 PM +04
****************************************************************************


--------------------------------------------------------------------
debugsh -p -b 16384 -c SYNCD -e show system internal sai vlan ifp drop counters
--------------------------------------------------------------------

|              Drop entry                    |   Counters  |
------------------------------------------------------------
|  DA = SystemMAC, Vlan = SAG-VSI            | 0 |
|  DA = SystemMAC, Vlan = MclagGW-VSI        | 0 |
|  MyStationHit, Vlan = L2-VSI               | 0 |
|  DA = MclagGW-MAC, Vlan = Non-MclagGw-VSI  | 0 |
*************** Profiling data ***************
End to End Execution time: 102.06 ms
Backend execution time: 0 ms
**********************************************


real	0m0.498s
user	0m0.317s
sys	0m0.069s





****************************************************************************
sai_rififpdrop_counters1 techsupport dump ended at Thu 26 Mar 2026 04:44:41 PM +04
****************************************************************************
